------Start of DE processing------ = [25/05/18 10:32:52:905 CEST]
Exception = java.lang.NullPointerException
Source = com.ibm.ws.jpa.management.JPAPUnitInfo.createEMFactory
probeid = 773
Stack Dump = java.lang.NullPointerException
	at org.eclipse.persistence.internal.jpa.EntityManagerSetupImpl.predeploy(EntityManagerSetupImpl.java:2062)
	at org.eclipse.persistence.jpa.PersistenceProvider.createContainerEntityManagerFactoryImpl(PersistenceProvider.java:334)
	at org.eclipse.persistence.jpa.PersistenceProvider.createContainerEntityManagerFactory(PersistenceProvider.java:305)
	at com.ibm.ws.jpa.management.JPAPUnitInfo.createEMFactory(JPAPUnitInfo.java:910)
	at com.ibm.ws.jpa.management.JPAPUnitInfo.initialize(JPAPUnitInfo.java:762)
	at com.ibm.ws.jpa.management.JPAPxmlInfo.extractPersistenceUnits(JPAPxmlInfo.java:190)
	at com.ibm.ws.jpa.management.JPAScopeInfo.processPersistenceUnit(JPAScopeInfo.java:90)
	at com.ibm.ws.jpa.management.JPAApplInfo.addPersistenceUnits(JPAApplInfo.java:118)
	at com.ibm.ws.jpa.container.osgi.internal.JPAComponentImpl.processEJBModulePersistenceXml(JPAComponentImpl.java:527)
	at com.ibm.ws.jpa.container.osgi.internal.JPAComponentImpl.applicationStarting(JPAComponentImpl.java:264)
	at com.ibm.ws.container.service.state.internal.ApplicationStateManager.fireStarting(ApplicationStateManager.java:28)
	at com.ibm.ws.container.service.state.internal.StateChangeServiceImpl.fireApplicationStarting(StateChangeServiceImpl.java:50)
	at com.ibm.ws.app.manager.module.internal.DeployedAppInfoBase.preDeployApp(DeployedAppInfoBase.java:383)
	at com.ibm.ws.app.manager.module.internal.DeployedAppInfoBase.deployApp(DeployedAppInfoBase.java:412)
	at com.ibm.ws.app.manager.ear.internal.EARApplicationHandlerImpl.install(EARApplicationHandlerImpl.java:76)
	at com.ibm.ws.app.manager.internal.statemachine.StartAction.execute(StartAction.java:140)
	at com.ibm.ws.app.manager.internal.statemachine.ApplicationStateMachineImpl.enterState(ApplicationStateMachineImpl.java:1258)
	at com.ibm.ws.app.manager.internal.statemachine.ApplicationStateMachineImpl.run(ApplicationStateMachineImpl.java:873)
	at java.base/java.util.concurrent.ThreadPoolExecutor.runWorker(ThreadPoolExecutor.java:1135)
	at java.base/java.util.concurrent.ThreadPoolExecutor$Worker.run(ThreadPoolExecutor.java:635)
	at java.base/java.lang.Thread.run(Thread.java:844)

Dump of callerThis
Object type = com.ibm.ws.jpa.container.osgi.internal.OSGiJPAPUnitInfo
  tc = class com.ibm.websphere.ras.TraceComponent@7f480df2
    strings[0] = "TraceComponent[com.ibm.ws.jpa.container.osgi.internal.OSGiJPAPUnitInfo,class com.ibm.ws.jpa.container.osgi.internal.OSGiJPAPUnitInfo,[JPA],com.ibm.ws.jpa.jpa,null]"
  disableWsJpaUrlProcessing = false
  ECLIPSELINK_TARGET_SERVER = "WebSphere_Liberty"
  scopeInfo = class com.ibm.ws.jpa.management.JPAScopeInfo@14bd888f
    tc = class com.ibm.websphere.ras.TraceComponent@7dbd5f32
      strings[0] = "TraceComponent[com.ibm.ws.jpa.management.JPAScopeInfo,class com.ibm.ws.jpa.management.JPAScopeInfo,[JPA],com.ibm.ws.jpa.jpa,null]"
    scopeName = "daytrader-ee7-ejb.jar"
    scope = class com.ibm.ws.jpa.management.JPAPuScope@24fca6bb
      EJB_Scope = class com.ibm.ws.jpa.management.JPAPuScope@24fca6bb
      Web_Scope = class com.ibm.ws.jpa.management.JPAPuScope@7e72fc42
      EAR_Scope = class com.ibm.ws.jpa.management.JPAPuScope@50729c7d
      Client_Scope = class com.ibm.ws.jpa.management.JPAPuScope@19702a1e
      $VALUES = class com.ibm.ws.jpa.management.JPAPuScope[4]
      name = "EJB_Scope"
      ordinal = 0
    pxmlsInfo = class java.util.HashMap@5ed6d4f
      serialVersionUID = 362498820763181265
      DEFAULT_INITIAL_CAPACITY = 16
      MAXIMUM_CAPACITY = 1073741824
      DEFAULT_LOAD_FACTOR = 0.75
      TREEIFY_THRESHOLD = 8
      UNTREEIFY_THRESHOLD = 6
      MIN_TREEIFY_CAPACITY = 64
      table = class java.util.HashMap$Node[16]
      entrySet = null
      size = 1
      modCount = 1
      threshold = 12
      loadFactor = 0.75
      keySet = null
      values = null
  serialVersionUID = -898488667409903028
  CLASS_NAME = "com.ibm.ws.jpa.management.JPAPUnitInfo"
  tc = class com.ibm.websphere.ras.TraceComponent@7e0d56bc
    strings[0] = "TraceComponent[com.ibm.ws.jpa.management.JPAPUnitInfo,class com.ibm.ws.jpa.management.JPAPUnitInfo,[JPA],com.ibm.ws.jpa.jpa,null]"
  tcTransformer = class com.ibm.websphere.ras.TraceComponent@23d9a5eb
    strings[0] = "TraceComponent[com.ibm.ws.jpa.management.JPAPUnitInfo_Transformer,class com.ibm.ws.jpa.management.JPAPUnitInfo,[JPA.Transformer],com.ibm.ws.jpa.jpa,null]"
  svThreadContextAccessor = class com.ibm.ws.util.ThreadContextAccessor$ThreadContextAccessorImpl@72fcd888
    tc = class com.ibm.ejs.ras.TraceComponent@57ddd9ba
      strings[0] = "TraceComponent[com.ibm.ws.util.ThreadContextAccessor,class com.ibm.ws.util.ThreadContextAccessor,[Runtime],null,null]"
    PRINT_STACK_ON_SET_CTX_CLASSLOADER = false
    PRIVILEGED_ACTION = class com.ibm.ws.util.ThreadContextAccessor$1@68c7dc82
    UNCHANGED = class com.ibm.ws.util.ThreadContextAccessor$Unchanged@5b3b10
    threadContextAccessor = class com.ibm.ws.util.ThreadContextAccessor$ThreadContextAccessorImpl@72fcd888
  ivApplInfo = class com.ibm.ws.jpa.container.osgi.internal.OSGiJPAApplInfo@afddfa8
    appInfo = class com.ibm.ws.container.service.app.deploy.internal.EARApplicationInfoImpl@4af30824
      libDirContainer = null
      appClassLoaderFactory = class com.ibm.ws.app.manager.ear.internal.EARDeployedAppInfo@37e2fc5
      appClassLoader = class com.ibm.ws.classloading.internal.AppClassLoader@22459969
      serialVersionUID = -7525304702689458111
      $$$tc$$$ = class com.ibm.websphere.ras.TraceComponent@23644118
      appName = "daytrader-ee7"
      appMetaData = class com.ibm.ws.container.service.app.deploy.internal.ApplicationMetaDataImpl@1bc6d56e
      appContainer = class com.ibm.ws.adaptable.module.internal.InterpretedContainerImpl@20750d98
      configHelper = class com.ibm.ws.app.manager.module.ApplicationNestedConfigHelper@39562925
      serialVersionUID = 7091777744534637201
      $$$tc$$$ = class com.ibm.websphere.ras.TraceComponent@3a4cb98f
    serialVersionUID = 5461051190698959560
    $$$tc$$$ = class com.ibm.websphere.ras.TraceComponent@1f6e60ae
      strings[0] = "TraceComponent[com.ibm.ws.jpa.container.osgi.internal.OSGiJPAApplInfo,class com.ibm.ws.jpa.container.osgi.internal.OSGiJPAApplInfo,[JPA],com.ibm.ws.jpa.jpa,null]"
    tc = class com.ibm.websphere.ras.TraceComponent@4145c1f6
      strings[0] = "TraceComponent[com.ibm.ws.jpa.management.JPAApplInfo,class com.ibm.ws.jpa.management.JPAApplInfo,[JPA],com.ibm.ws.jpa.jpa,null]"
    ivJPAComponent = class com.ibm.ws.jpa.container.osgi.internal.JPAComponentImpl@676dacb2
      tc = class com.ibm.websphere.ras.TraceComponent@2e28d83c
      REFERENCE_JPA_RUNTIME = "jpaRuntime"
      REFERENCE_TRANSACTION_MANAGER = "transactionManager"
      REFERENCE_CONTEXT_ACCESSOR = "contextAccessor"
      REFERENCE_RESOURCE_BINDING_LISTENERS = "resourceBindingListeners"
      REFERENCE_JPA_PROVIDER = "jpaProvider"
      REFERENCE_JPA_PROPS_PROVIDER = "jpaPropsProvider"
      REFERENCE_APP_COORD = "appCoord"
      context = class org.apache.felix.scr.impl.manager.ComponentContextImpl@6ef530eb
      props = class org.apache.felix.scr.impl.helper.ReadOnlyDictionary@66e22311
      server = true
      stuckApps = class java.util.concurrent.ConcurrentSkipListSet@ce21451
      jpaRuntime = class com.ibm.wsspi.kernel.service.utils.AtomicServiceReference@4d84dad7
      ivTransactionManagerSR = class com.ibm.wsspi.kernel.service.utils.AtomicServiceReference@a31d9e4
      ivContextAccessorSR = class com.ibm.wsspi.kernel.service.utils.AtomicServiceReference@7dbc8918
      resourceBindingListeners = class com.ibm.wsspi.kernel.service.utils.ConcurrentServiceReferenceSet@61e05a62
      providerIntegrationSR = class com.ibm.wsspi.kernel.service.utils.AtomicServiceReference@a5966eb
      propProviderSRs = class com.ibm.wsspi.kernel.service.utils.ConcurrentServiceReferenceSet@e2370bd
      serialVersionUID = -3226899747348775356
      tc = class com.ibm.websphere.ras.TraceComponent@3d95c1e1
      applList = class java.util.Collections$SynchronizedMap@174ecc28
      ivCallBackHandler = class com.ibm.ws.jpa.management.JPAUserTxCallBackHandler@741ea7e9
      ivTxCallbackRegistered = false
    applName = "daytrader7"
    puScopes = class java.util.HashMap@31185f11
      serialVersionUID = 362498820763181265
      DEFAULT_INITIAL_CAPACITY = 16
      MAXIMUM_CAPACITY = 1073741824
      DEFAULT_LOAD_FACTOR = 0.75
      TREEIFY_THRESHOLD = 8
      UNTREEIFY_THRESHOLD = 6
      MIN_TREEIFY_CAPACITY = 64
      table = class java.util.HashMap$Node[16]
      entrySet = null
      size = 1
      modCount = 1
      threshold = 12
      loadFactor = 0.75
      keySet = null
      values = null
  ivArchivePuId = class com.ibm.ws.jpa.JPAPuId@7c467889
    serialVersionUID = 662612505904938066
    ivAppName = "daytrader7"
    ivModJarName = "daytrader-ee7-ejb.jar"
    ivPuName = "daytrader"
    ivCurHashCode = -2134213848
  ivTxType = class javax.persistence.spi.PersistenceUnitTransactionType@16b6f891
    JTA = class javax.persistence.spi.PersistenceUnitTransactionType@16b6f891
    RESOURCE_LOCAL = class javax.persistence.spi.PersistenceUnitTransactionType@690ffc0
      JTA = class javax.persistence.spi.PersistenceUnitTransactionType@16b6f891
      RESOURCE_LOCAL = class javax.persistence.spi.PersistenceUnitTransactionType@690ffc0
      ENUM$VALUES = class javax.persistence.spi.PersistenceUnitTransactionType[2]
      name = "RESOURCE_LOCAL"
      ordinal = 1
    ENUM$VALUES = class javax.persistence.spi.PersistenceUnitTransactionType[2]
      PersistenceUnitTransactionType[0] = class javax.persistence.spi.PersistenceUnitTransactionType@16b6f891
      PersistenceUnitTransactionType[1] = class javax.persistence.spi.PersistenceUnitTransactionType@690ffc0
    name = "JTA"
    ordinal = 0
  ivDesc = ""
  ivProviderClassName = "org.eclipse.persistence.jpa.PersistenceProvider"
  ivJtaDataSource = class com.ibm.ws.rsadapter.jdbc.WSJdbcDataSource@21a5a57
    strings[0] = "_______________________________________________________________________"
    strings[1] = ""
    strings[2] = "    First Failure Data Capture information for"
    strings[3] = "          com.ibm.ws.rsadapter.jdbc.WSJdbcDataSource@21a5a57"
    strings[4] = "_______________________________________________________________________"
    strings[5] = ""
    strings[6] = "ResourceRefInfo:"
    strings[7] = "  
[Resource-ref CMConfigData key items]

	res-sharing-scope:        0 (SHAREABLE)
	res-isolation-level:      0 (TRANSACTION_NONE)
	res-auth:                 1 (APPLICATION)
	commitPriority            0
	branchCoupling            -1
	loginConfigurationName:   null
	loginConfigProperties:    null
	Resource ref name:        not set
	Queue manager id:        not set

"
    strings[8] = "Connection Manager:"
    strings[9] = "  [ConnectionManager]@35814b8a
JNDI Name <jdbc/TradeDataSource>
shareable <true>

"
    strings[10] = "_______________________________________________________________________"
    strings[11] = ""
    strings[12] = "    First Failure Data Capture information for"
    strings[13] = "          com.ibm.ws.rsadapter.impl.WSManagedConnectionFactoryImpl@116210c6"
    strings[14] = "_______________________________________________________________________"
    strings[15] = ""
    strings[16] = "com.ibm.ws.rsadapter.DSConfig@474ccf84"
    strings[17] = "[beginTranForResultSetScrollingAPIs, true, beginTranForVendorAPIs, true, commitOrRollbackOnCleanup, null, connectionSharing, MatchOriginalRequest, isolationLevel, 2, jndiName, jdbc/TradeDataSource, enableConnectionCasting, false, queryTimeout, null, statementCacheSize, 60, supplementalJDBCTrace, null, syncQueryTimeoutWithTransactionTimeout, false, transactional, true]"
    strings[18] = "{createDatabase=create, password=******, databaseName=C:/Users/glenn/Documents/Kubernetes/Development/sample.daytrader7-master/daytrader-ee7-wlpcfg/shared/resources//data/tradedb, user=db_username}"
    strings[19] = "DataSource Implementation Class:"
    strings[20] = "  class org.apache.derby.jdbc.EmbeddedXADataSource40
"
    strings[21] = "DataSource interface:"
    strings[22] = "  interface javax.sql.XADataSource
"
    strings[23] = "Underlying DataSource Object: org.apache.derby.jdbc.EmbeddedXADataSource40@1afbb320"
    strings[24] = "  org.apache.derby.jdbc.EmbeddedXADataSource40@1afbb320
"
    strings[25] = "Instance id:"
    strings[26] = "  1
"
    strings[27] = "Log Writer:"
    strings[28] = "  null
"
    strings[29] = "Counter of fatal connection errors on ManagedConnections created by this MCF:"
    strings[30] = "  0
"
  ivNonJtaDataSource = null
  ivMappingFileNames = class java.util.ArrayList@667ed523
    serialVersionUID = 8683452581122892189
    DEFAULT_CAPACITY = 10
    EMPTY_ELEMENTDATA = class java.lang.Object[0]
    DEFAULTCAPACITY_EMPTY_ELEMENTDATA = class java.lang.Object[0]
    elementData = class java.lang.Object[0]
    size = 0
    MAX_ARRAY_SIZE = 2147483639
    modCount = 1
    MAX_ARRAY_SIZE = 2147483639
  ivJarFileURLs = class java.util.ArrayList@29b37b55
    serialVersionUID = 8683452581122892189
    DEFAULT_CAPACITY = 10
    EMPTY_ELEMENTDATA = class java.lang.Object[0]
    DEFAULTCAPACITY_EMPTY_ELEMENTDATA = class java.lang.Object[0]
    elementData = class java.lang.Object[0]
    size = 0
    MAX_ARRAY_SIZE = 2147483639
    modCount = 1
    MAX_ARRAY_SIZE = 2147483639
  ivManagedClassNames = class java.util.ArrayList@8606c82
    serialVersionUID = 8683452581122892189
    DEFAULT_CAPACITY = 10
    EMPTY_ELEMENTDATA = class java.lang.Object[0]
    DEFAULTCAPACITY_EMPTY_ELEMENTDATA = class java.lang.Object[0]
    elementData = class java.lang.Object[10]
      Object[0] = "com.ibm.websphere.samples.daytrader.entities.AccountDataBean"
      Object[1] = "com.ibm.websphere.samples.daytrader.entities.AccountProfileDataBean"
      Object[2] = "com.ibm.websphere.samples.daytrader.entities.HoldingDataBean"
      Object[3] = "com.ibm.websphere.samples.daytrader.entities.OrderDataBean"
      Object[4] = "com.ibm.websphere.samples.daytrader.entities.QuoteDataBean"
      Object[5] = null
      Object[6] = null
      Object[7] = null
      Object[8] = null
      Object[9] = null
    size = 5
    MAX_ARRAY_SIZE = 2147483639
    modCount = 6
    MAX_ARRAY_SIZE = 2147483639
  ivExcludeUnlistedClasses = true
  ivProperties = class java.util.Properties@58f8473b
    serialVersionUID = 4112578634029874840
    defaults = null
    map = class java.util.concurrent.ConcurrentHashMap@44876a26
      serialVersionUID = 7249069246763182397
      MAXIMUM_CAPACITY = 1073741824
      DEFAULT_CAPACITY = 16
      MAX_ARRAY_SIZE = 2147483639
      DEFAULT_CONCURRENCY_LEVEL = 16
      LOAD_FACTOR = 0.75
      TREEIFY_THRESHOLD = 8
      UNTREEIFY_THRESHOLD = 6
      MIN_TREEIFY_CAPACITY = 64
      MIN_TRANSFER_STRIDE = 16
      RESIZE_STAMP_BITS = 16
      MAX_RESIZERS = 65535
      RESIZE_STAMP_SHIFT = 16
      MOVED = -1
      TREEBIN = -2
      RESERVED = -3
      HASH_BITS = 2147483647
      NCPU = 4
      serialPersistentFields = class java.io.ObjectStreamField[3]
      table = null
      nextTable = null
      baseCount = 0
      sizeCtl = 16
      transferIndex = 0
      cellsBusy = 0
      counterCells = null
      keySet = null
      values = null
      entrySet = null
      U = class jdk.internal.misc.Unsafe@1dccf63
      SIZECTL = 20
      TRANSFERINDEX = 32
      BASECOUNT = 24
      CELLSBUSY = 36
      CELLVALUE = 144
      ABASE = 16
      ASHIFT = 2
      keySet = null
      values = null
    hexDigit = {0123456789ABCDEF} /* array length = 16 */
    table = null
    count = 0
    threshold = 0
    loadFactor = 0.0
    modCount = 0
    serialVersionUID = 1421746759512286392
    MAX_ARRAY_SIZE = 2147483639
    keySet = null
    entrySet = null
    values = null
    KEYS = 0
    VALUES = 1
    ENTRIES = 2
  ivJtaDataSourceJNDIName = "jdbc/TradeDataSource"
  ivNonJtaDataSourceJNDIName = null
  ivPUnitRootURL = class java.net.URL@483f56ca
    BUILTIN_HANDLERS_PREFIX = "sun.net.www.protocol"
    serialVersionUID = -7627629688361524110
    protocolPathProp = "java.protocol.handler.pkgs"
    protocol = "wsjpa"
    host = ""
    port = -1
    file = "wsjar:file:/C:/Users/glenn/Documents/Kubernetes/Development/sample.daytrader7-master/daytrader-ee7-wlpcfg/servers/daytrader7Sample/workarea/org.eclipse.osgi/58/data/cache/com.ibm.ws.app.manager_46/.cache/daytrader-ee7-ejb.jar%21/"
    query = null
    authority = null
    path = "wsjar:file:/C:/Users/glenn/Documents/Kubernetes/Development/sample.daytrader7-master/daytrader-ee7-wlpcfg/servers/daytrader7Sample/workarea/org.eclipse.osgi/58/data/cache/com.ibm.ws.app.manager_46/.cache/daytrader-ee7-ejb.jar%21/"
    userInfo = null
    ref = null
    hostAddress = null
    handler = class org.eclipse.osgi.internal.url.URLStreamHandlerProxy@3020d547
      realHandlerService = class com.ibm.ws.jpa.container.osgi.internal.url.JPAURLStreamHandler@2082c13c
      urlSetter = class org.eclipse.osgi.internal.url.URLStreamHandlerSetter@414c7688
      urlStreamHandlerServiceTracker = class org.osgi.util.tracker.ServiceTracker@406cb0a7
      context = class org.eclipse.osgi.internal.framework.BundleContextImpl@2c177f9e
      urlStreamServiceReference = class org.eclipse.osgi.internal.serviceregistry.ServiceReferenceImpl@7a2ad504
      protocol = "wsjpa"
      ranking = 0
    hashCode = -1
    tempState = null
    factory = class org.eclipse.osgi.internal.url.URLStreamHandlerFactoryImpl@43b3f485
      URLSTREAMHANDLERCLASS = "org.osgi.service.url.URLStreamHandlerService"
      PROTOCOL_HANDLER_PKGS = "java.protocol.handler.pkgs"
      PROTOCOL_REFERENCE = "reference"
      secureAction = class org.eclipse.osgi.framework.util.SecureAction@3faddab7
      handlerTracker = class org.osgi.util.tracker.ServiceTracker@5de4f47c
      ignoredClasses = class java.util.Arrays$ArrayList@4a6b8130
      proxies = class java.util.Hashtable@722b0d38
      parentFactory = null
      creatingProtocols = class java.lang.ThreadLocal@238219a8
      setAccessible = class java.net.SetAccessible/910123336@593f5eb0
      container = class org.eclipse.osgi.internal.framework.EquinoxContainer@4f4b36a6
      context = class org.eclipse.osgi.internal.framework.BundleContextImpl@2c177f9e
      factories = null
      internalSecurityManager = class org.eclipse.osgi.internal.url.MultiplexingFactory$InternalSecurityManager@6523b0ba
    defaultFactory = class java.net.URL$DefaultFactory@38069bd3
      PREFIX = "sun.net.www.protocol"
    gate = class java.lang.ThreadLocal@15bd1440
      threadLocalHashCode = 1640531527
      nextHashCode = class java.util.concurrent.atomic.AtomicInteger@56205b6a
      HASH_INCREMENT = 1640531527
    handlers = class java.util.Hashtable@2381615d
      table = class java.util.Hashtable$Entry[11]
      count = 8
      threshold = 8
      loadFactor = 0.75
      modCount = 12
      serialVersionUID = 1421746759512286392
      MAX_ARRAY_SIZE = 2147483639
      keySet = null
      entrySet = null
      values = null
      KEYS = 0
      VALUES = 1
      ENTRIES = 2
    streamHandlerLock = class java.lang.Object@7fcaae74
    serialPersistentFields = class java.io.ObjectStreamField[7]
      ObjectStreamField[0] = class java.io.ObjectStreamField@56dfaaef
      ObjectStreamField[1] = class java.io.ObjectStreamField@75b6a45a
      ObjectStreamField[2] = class java.io.ObjectStreamField@635e524c
      ObjectStreamField[3] = class java.io.ObjectStreamField@1b8098fd
      ObjectStreamField[4] = class java.io.ObjectStreamField@3023c1b0
      ObjectStreamField[5] = class java.io.ObjectStreamField@7077279a
      ObjectStreamField[6] = class java.io.ObjectStreamField@612ac7ea
  ivClassLoader = class com.ibm.ws.classloading.internal.AppClassLoader@22459969
    tc = class com.ibm.websphere.ras.TraceComponent@ae82870
      strings[0] = "TraceComponent[com.ibm.ws.classloading.internal.AppClassLoader,class com.ibm.ws.classloading.internal.AppClassLoader,[ClassLoadingService],com.ibm.ws.classloading.internal.resources.ClassLoadingServiceMessages,null]"
    PARENT_FIRST_SEARCH_ORDER = class java.util.Collections$UnmodifiableRandomAccessList@18e0a1cc
      serialVersionUID = -2542308836966382001
      serialVersionUID = -283967356065247728
      list = class java.util.Arrays$ArrayList@62dd6999
      serialVersionUID = 1820017752578914078
      c = class java.util.Arrays$ArrayList@62dd6999
    CLASS_LOADING_TRACE_PREFIX = "com.ibm.ws.class.load."
    DEFAULT_PACKAGE = "default.package"
    perPackageClassLoadingTraceComponents = class java.util.concurrent.ConcurrentHashMap@149acb33
      serialVersionUID = 7249069246763182397
      MAXIMUM_CAPACITY = 1073741824
      DEFAULT_CAPACITY = 16
      MAX_ARRAY_SIZE = 2147483639
      DEFAULT_CONCURRENCY_LEVEL = 16
      LOAD_FACTOR = 0.75
      TREEIFY_THRESHOLD = 8
      UNTREEIFY_THRESHOLD = 6
      MIN_TREEIFY_CAPACITY = 64
      MIN_TRANSFER_STRIDE = 16
      RESIZE_STAMP_BITS = 16
      MAX_RESIZERS = 65535
      RESIZE_STAMP_SHIFT = 16
      MOVED = -1
      TREEBIN = -2
      RESERVED = -3
      HASH_BITS = 2147483647
      NCPU = 4
      serialPersistentFields = class java.io.ObjectStreamField[3]
      table = null
      nextTable = null
      baseCount = 0
      sizeCtl = 0
      transferIndex = 0
      cellsBusy = 0
      counterCells = null
      keySet = null
      values = null
      entrySet = null
      U = class jdk.internal.misc.Unsafe@1dccf63
      SIZECTL = 20
      TRANSFERINDEX = 32
      BASECOUNT = 24
      CELLSBUSY = 36
      CELLVALUE = 144
      ABASE = 16
      ASHIFT = 2
      keySet = null
      values = null
    config = class com.ibm.ws.classloading.internal.ClassLoaderConfigurationImpl@15f5489f
      DEFAULT_PROTECTION_DOMAIN = class java.security.ProtectionDomain@4c17705c
      delegateLast = false
      includeAppExtensions = false
      id = class com.ibm.ws.classloading.serializable.ClassLoaderIdentityImpl@6ecda760
      parentId = null
      sharedLibraries = class java.util.ArrayList@4b01db96
      commonLibraries = class java.util.Collections$EmptyList@5fd1b547
      providers = class java.util.Collections$EmptyList@5fd1b547
      nativeLibraryContainers = class java.util.ArrayList@67afb507
      protectionDomain = class java.security.ProtectionDomain@104dac3e
      serialVersionUID = 9091690180200375339
      $$$tc$$$ = class com.ibm.websphere.ras.TraceComponent@1c002815
    privateLibraries = null
    delegateLoaders = class com.ibm.ws.classloading.internal.util.CompositeIterable@3b986081
      iterables = class java.util.Arrays$ArrayList@531b8ac9
      serialVersionUID = -1227195994638150837
      $$$tc$$$ = class com.ibm.websphere.ras.TraceComponent@95427c4
    nativeLibraryFiles = class java.util.ArrayList@26eb48ff
      serialVersionUID = 8683452581122892189
      DEFAULT_CAPACITY = 10
      EMPTY_ELEMENTDATA = class java.lang.Object[0]
      DEFAULTCAPACITY_EMPTY_ELEMENTDATA = class java.lang.Object[0]
      elementData = class java.lang.Object[0]
      size = 0
      MAX_ARRAY_SIZE = 2147483639
      modCount = 0
      MAX_ARRAY_SIZE = 2147483639
    transformers = class java.util.ArrayList@646acc42
      serialVersionUID = 8683452581122892189
      DEFAULT_CAPACITY = 10
      EMPTY_ELEMENTDATA = class java.lang.Object[0]
      DEFAULTCAPACITY_EMPTY_ELEMENTDATA = class java.lang.Object[0]
      elementData = class java.lang.Object[10]
      size = 1
      MAX_ARRAY_SIZE = 2147483639
      modCount = 1
      MAX_ARRAY_SIZE = 2147483639
    apiAccess = class com.ibm.ws.classloading.internal.GatewayClassLoader@174dba52
      config = class com.ibm.ws.classloading.internal.GatewayConfigurationImpl@98c5191
      wiringMonitor = class com.ibm.ws.classloading.internal.GatewayClassLoader$1@4922d0be
      bundle = class org.eclipse.osgi.internal.framework.EquinoxBundle@22682c85
      wiring = class org.eclipse.osgi.container.ModuleWiring@7be77d22
      bundleLoader = class org.eclipse.osgi.internal.loader.EquinoxClassLoader@289f20b9
      resourceProviders = class com.ibm.ws.classloading.internal.CompositeResourceProvider@4374ece2
      serialVersionUID = -4256474098847905153
      $$$tc$$$ = class com.ibm.websphere.ras.TraceComponent@55178021
      parent = class jdk.internal.loader.ClassLoaders$AppClassLoader@7591083d
      name = null
      unnamedModule = class java.lang.Module@1c0c6312
      parallelLockMap = null
      package2certs = class java.util.Hashtable@5c4213dc
      nocerts = class java.security.cert.Certificate[0]
      classes = class java.util.Vector@d897a05
      defaultDomain = class java.security.ProtectionDomain@697e84aa
      packages = class java.util.concurrent.ConcurrentHashMap@16956e64
      scl = class jdk.internal.loader.ClassLoaders$AppClassLoader@7591083d
      usr_paths = class java.lang.String[35]
      sys_paths = class java.lang.String[1]
      loadedLibraryNames = class java.util.HashSet@3ddca9cb
      systemNativeLibraries = class java.util.concurrent.ConcurrentHashMap@53eff349
      nativeLibraries = null
      assertionLock = class com.ibm.ws.classloading.internal.GatewayClassLoader@174dba52
      defaultAssertionStatus = false
      packageAssertionStatus = null
      classAssertionStatus = null
      classLoaderValueMap = null
      $assertionsDisabled = true
    generator = class com.ibm.ws.classloading.internal.ClassGeneratorManager@5be4d1e0
      tc = class com.ibm.websphere.ras.TraceComponent@53d1fc98
      generatorRefs = class com.ibm.wsspi.kernel.service.utils.ConcurrentServiceReferenceSet@cccdfc0
      serialVersionUID = 4152663586056483310
    protectionDomains = class java.util.concurrent.ConcurrentHashMap@23803e75
      serialVersionUID = 7249069246763182397
      MAXIMUM_CAPACITY = 1073741824
      DEFAULT_CAPACITY = 16
      MAX_ARRAY_SIZE = 2147483639
      DEFAULT_CONCURRENCY_LEVEL = 16
      LOAD_FACTOR = 0.75
      TREEIFY_THRESHOLD = 8
      UNTREEIFY_THRESHOLD = 6
      MIN_TREEIFY_CAPACITY = 64
      MIN_TRANSFER_STRIDE = 16
      RESIZE_STAMP_BITS = 16
      MAX_RESIZERS = 65535
      RESIZE_STAMP_SHIFT = 16
      MOVED = -1
      TREEBIN = -2
      RESERVED = -3
      HASH_BITS = 2147483647
      NCPU = 4
      serialPersistentFields = class java.io.ObjectStreamField[3]
      table = null
      nextTable = null
      baseCount = 0
      sizeCtl = 0
      transferIndex = 0
      cellsBusy = 0
      counterCells = null
      keySet = null
      values = null
      entrySet = null
      U = class jdk.internal.misc.Unsafe@1dccf63
      SIZECTL = 20
      TRANSFERINDEX = 32
      BASECOUNT = 24
      CELLSBUSY = 36
      CELLVALUE = 144
      ABASE = 16
      ASHIFT = 2
      keySet = null
      values = null
    parent = class com.ibm.ws.classloading.internal.GatewayClassLoader@174dba52
    serialVersionUID = 952643806680066297
    tc = class com.ibm.websphere.ras.TraceComponent@27bc2a94
      strings[0] = "TraceComponent[com.ibm.ws.classloading.internal.ContainerClassLoader,class com.ibm.ws.classloading.internal.ContainerClassLoader,[ClassLoadingService],com.ibm.ws.classloading.internal.resources.ClassLoadingServiceMessages,null]"
    EMPTY_URL_ARRAY = class java.net.URL[0]
    smartClassPath = class com.ibm.ws.classloading.internal.ContainerClassLoader$SmartClassPathImpl@5fd0264a
      rwLock = class java.util.concurrent.locks.ReentrantReadWriteLock@1de0f24a
      outstandingContainers = class java.util.concurrent.atomic.AtomicInteger@2bd2f8af
      usePackageMap = true
      maxLastNotFound = 250
      maxLastFound = 900
      maxLastReallyNotFound = 900
      propsInUse = false
      classPath = class java.util.concurrent.CopyOnWriteArrayList@1924f6db
      MAX_LASTNOTFOUND = 250
      lastNotFound = class java.util.concurrent.CopyOnWriteArrayList@16e67af4
      MAX_LASTFOUND = 900
      lastFoundURL = class java.util.Collections$SynchronizedMap@c0eb8c0
      MAX_LASTREALLYNOTFOUND = 900
      lastReallyNotFoundURL = class java.util.Collections$SynchronizedMap@30252e6e
      packageMap = class java.util.HashMap@e89949f
      containers = class java.util.Collections$SetFromMap@2b1d7e60
      serialVersionUID = -1017399707774944722
      $$$tc$$$ = class com.ibm.websphere.ras.TraceComponent@66d4c5b3
    nativeLibraryContainers = class java.util.ArrayList@6d6ae92e
      serialVersionUID = 8683452581122892189
      DEFAULT_CAPACITY = 10
      EMPTY_ELEMENTDATA = class java.lang.Object[0]
      DEFAULTCAPACITY_EMPTY_ELEMENTDATA = class java.lang.Object[0]
      elementData = class java.lang.Object[0]
      size = 0
      MAX_ARRAY_SIZE = 2147483639
      modCount = 0
      MAX_ARRAY_SIZE = 2147483639
    redefiner = class com.ibm.ws.classloading.internal.util.ClassRedefiner@10fc5eb2
      tc = class com.ibm.websphere.ras.TraceComponent@226795d7
      LS = "
"
      inst = class com.ibm.ws.kernel.launch.internal.TraceInstrumentation@472bd229
      serialVersionUID = 2420101865139508526
    mapCreationQueue = class java.util.concurrent.Executors$FinalizableDelegatedExecutorService@32ada94e
      e = class java.util.concurrent.ThreadPoolExecutor@3531e9bf
      $assertionsDisabled = true
    serialVersionUID = 7249739282446266343
    serialVersionUID = -7411549862368381758
    $$$tc$$$ = class com.ibm.websphere.ras.TraceComponent@5497be80
      strings[0] = "TraceComponent[com.ibm.ws.classloading.internal.IdentifiedLoader,class com.ibm.ws.classloading.internal.IdentifiedLoader,[ClassLoadingService],com.ibm.ws.classloading.internal.resources.ClassLoadingServiceMessages,null]"
    serialVersionUID = -4868702105808481416
    $$$tc$$$ = class com.ibm.websphere.ras.TraceComponent@547a4e1b
      strings[0] = "TraceComponent[com.ibm.ws.classloading.internal.LibertyLoader,class com.ibm.ws.classloading.internal.LibertyLoader,[ClassLoadingService],com.ibm.ws.classloading.internal.resources.ClassLoadingServiceMessages,null]"
    serialVersionUID = 2596921220292114344
    $$$tc$$$ = class com.ibm.websphere.ras.TraceComponent@18474f79
      strings[0] = "TraceComponent[com.ibm.ws.classloading.LibertyClassLoader,class com.ibm.ws.classloading.LibertyClassLoader,[ClassLoadingService],com.ibm.ws.classloading.internal.resources.ClassLoadingServiceMessages,null]"
    initialized = true
    pdcache = class java.util.concurrent.ConcurrentHashMap@6c112b27
      serialVersionUID = 7249069246763182397
      MAXIMUM_CAPACITY = 1073741824
      DEFAULT_CAPACITY = 16
      MAX_ARRAY_SIZE = 2147483639
      DEFAULT_CONCURRENCY_LEVEL = 16
      LOAD_FACTOR = 0.75
      TREEIFY_THRESHOLD = 8
      UNTREEIFY_THRESHOLD = 6
      MIN_TREEIFY_CAPACITY = 64
      MIN_TRANSFER_STRIDE = 16
      RESIZE_STAMP_BITS = 16
      MAX_RESIZERS = 65535
      RESIZE_STAMP_SHIFT = 16
      MOVED = -1
      TREEBIN = -2
      RESERVED = -3
      HASH_BITS = 2147483647
      NCPU = 4
      serialPersistentFields = class java.io.ObjectStreamField[3]
      table = null
      nextTable = null
      baseCount = 0
      sizeCtl = 32
      transferIndex = 0
      cellsBusy = 0
      counterCells = null
      keySet = null
      values = null
      entrySet = null
      U = class jdk.internal.misc.Unsafe@1dccf63
      SIZECTL = 20
      TRANSFERINDEX = 32
      BASECOUNT = 24
      CELLSBUSY = 36
      CELLVALUE = 144
      ABASE = 16
      ASHIFT = 2
      keySet = null
      values = null
    parent = class com.ibm.ws.classloading.internal.GatewayClassLoader@174dba52
    name = null
    unnamedModule = class java.lang.Module@56088c12
      layer = null
      name = null
      loader = class com.ibm.ws.classloading.internal.AppClassLoader@22459969
      descriptor = null
      ALL_UNNAMED_MODULE = class java.lang.Module@7382f612
      ALL_UNNAMED_MODULE_SET = class java.util.ImmutableCollections$Set1@52ac1b7b
      EVERYONE_MODULE = class java.lang.Module@b1a58a3
      EVERYONE_SET = class java.util.ImmutableCollections$Set1@4be3091e
      reads = null
      openPackages = null
      exportedPackages = null
      moduleInfoClass = null
      $assertionsDisabled = true
    parallelLockMap = null
    package2certs = class java.util.Hashtable@247351af
      table = class java.util.Hashtable$Entry[11]
      count = 0
      threshold = 8
      loadFactor = 0.75
      modCount = 0
      serialVersionUID = 1421746759512286392
      MAX_ARRAY_SIZE = 2147483639
      keySet = null
      entrySet = null
      values = null
      KEYS = 0
      VALUES = 1
      ENTRIES = 2
    nocerts = class java.security.cert.Certificate[0]
    classes = class java.util.Vector@7b4b7bb6
      elementData = class java.lang.Object[10]
      elementCount = 0
      capacityIncrement = 0
      serialVersionUID = -2767605614048989439
      MAX_ARRAY_SIZE = 2147483639
      modCount = 0
      MAX_ARRAY_SIZE = 2147483639
    defaultDomain = class java.security.ProtectionDomain@1e662feb
      filePermCompatInPD = false
      codesource = class java.security.CodeSource@dc87fa7
      classloader = class com.ibm.ws.classloading.internal.AppClassLoader@22459969
      principals = interface java.security.Principal[0]
      permissions = null
      hasAllPerm = false
      staticPermissions = false
      key = class java.security.ProtectionDomain$Key@47ee3d44
    packages = class java.util.concurrent.ConcurrentHashMap@c9c5829
      serialVersionUID = 7249069246763182397
      MAXIMUM_CAPACITY = 1073741824
      DEFAULT_CAPACITY = 16
      MAX_ARRAY_SIZE = 2147483639
      DEFAULT_CONCURRENCY_LEVEL = 16
      LOAD_FACTOR = 0.75
      TREEIFY_THRESHOLD = 8
      UNTREEIFY_THRESHOLD = 6
      MIN_TREEIFY_CAPACITY = 64
      MIN_TRANSFER_STRIDE = 16
      RESIZE_STAMP_BITS = 16
      MAX_RESIZERS = 65535
      RESIZE_STAMP_SHIFT = 16
      MOVED = -1
      TREEBIN = -2
      RESERVED = -3
      HASH_BITS = 2147483647
      NCPU = 4
      serialPersistentFields = class java.io.ObjectStreamField[3]
      table = null
      nextTable = null
      baseCount = 0
      sizeCtl = 0
      transferIndex = 0
      cellsBusy = 0
      counterCells = null
      keySet = null
      values = null
      entrySet = null
      U = class jdk.internal.misc.Unsafe@1dccf63
      SIZECTL = 20
      TRANSFERINDEX = 32
      BASECOUNT = 24
      CELLSBUSY = 36
      CELLVALUE = 144
      ABASE = 16
      ASHIFT = 2
      keySet = null
      values = null
    scl = class jdk.internal.loader.ClassLoaders$AppClassLoader@7591083d
      Failed to resolve fields for jdk.internal.loader.ClassLoaders$AppClassLoader = "java.lang.reflect.InaccessibleObjectException: Unable to make field final jdk.internal.loader.URLClassPath jdk.internal.loader.ClassLoaders$AppClassLoader.ucp accessible: module java.base does not "opens jdk.internal.loader" to unnamed module @482cd91f
	at java.base/java.lang.reflect.AccessibleObject.checkCanSetAccessible(AccessibleObject.java:337)
	at java.base/java.lang.reflect.AccessibleObject.checkCanSetAccessible(AccessibleObject.java:281)
	at java.base/java.lang.reflect.Field.checkCanSetAccessible(Field.java:176)
	at java.base/java.lang.reflect.AccessibleObject.setAccessible(AccessibleObject.java:124)
	at com.ibm.ws.logging.internal.impl.IntrospectionLevelMember$2.run(IntrospectionLevelMember.java:316)
	at com.ibm.ws.logging.internal.impl.IntrospectionLevelMember$2.run(IntrospectionLevelMember.java:310)
	at java.base/java.security.AccessController.doPrivileged(Native Method)
	at com.ibm.ws.logging.internal.impl.IntrospectionLevelMember.getFields(IntrospectionLevelMember.java:310)
	at com.ibm.ws.logging.internal.impl.IntrospectionLevelMember.introspectViaReflection(IntrospectionLevelMember.java:199)
	at com.ibm.ws.logging.internal.impl.IntrospectionLevelMember.getChildren(IntrospectionLevelMember.java:163)
	at com.ibm.ws.logging.internal.impl.IntrospectionLevel.getNextLevel(IntrospectionLevel.java:100)
	at com.ibm.ws.logging.internal.impl.IncidentStreamImpl.introspect(IncidentStreamImpl.java:437)
	at com.ibm.ws.logging.internal.impl.IncidentStreamImpl.introspectAndWrite(IncidentStreamImpl.java:129)
	at com.ibm.ws.logging.internal.impl.IncidentStreamImpl.introspectAndWriteLine(IncidentStreamImpl.java:164)
	at com.ibm.ws.logging.internal.impl.IncidentLogger.logIncident(IncidentLogger.java:97)
	at com.ibm.ws.logging.internal.impl.IncidentLogger.logIncident(IncidentLogger.java:35)
	at com.ibm.ws.logging.internal.impl.IncidentImpl.log(IncidentImpl.java:249)
	at com.ibm.ws.logging.internal.impl.BaseFFDCService.log(BaseFFDCService.java:239)
	at com.ibm.ws.logging.internal.impl.BaseFFDCService.processException(BaseFFDCService.java:180)
	at com.ibm.ws.ffdc.FFDCFilter.processException(FFDCFilter.java:60)
	at com.ibm.ws.jpa.management.JPAPUnitInfo.createEMFactory(JPAPUnitInfo.java:932)
	at com.ibm.ws.jpa.management.JPAPUnitInfo.initialize(JPAPUnitInfo.java:762)
	at com.ibm.ws.jpa.management.JPAPxmlInfo.extractPersistenceUnits(JPAPxmlInfo.java:190)
	at com.ibm.ws.jpa.management.JPAScopeInfo.processPersistenceUnit(JPAScopeInfo.java:90)
	at com.ibm.ws.jpa.management.JPAApplInfo.addPersistenceUnits(JPAApplInfo.java:118)
	at com.ibm.ws.jpa.container.osgi.internal.JPAComponentImpl.processEJBModulePersistenceXml(JPAComponentImpl.java:527)
	at com.ibm.ws.jpa.container.osgi.internal.JPAComponentImpl.applicationStarting(JPAComponentImpl.java:264)
	at com.ibm.ws.container.service.state.internal.ApplicationStateManager.fireStarting(ApplicationStateManager.java:28)
	at com.ibm.ws.container.service.state.internal.StateChangeServiceImpl.fireApplicationStarting(StateChangeServiceImpl.java:50)
	at com.ibm.ws.app.manager.module.internal.DeployedAppInfoBase.preDeployApp(DeployedAppInfoBase.java:383)
	at com.ibm.ws.app.manager.module.internal.DeployedAppInfoBase.deployApp(DeployedAppInfoBase.java:412)
	at com.ibm.ws.app.manager.ear.internal.EARApplicationHandlerImpl.install(EARApplicationHandlerImpl.java:76)
	at com.ibm.ws.app.manager.internal.statemachine.StartAction.execute(StartAction.java:140)
	at com.ibm.ws.app.manager.internal.statemachine.ApplicationStateMachineImpl.enterState(ApplicationStateMachineImpl.java:1258)
	at com.ibm.ws.app.manager.internal.statemachine.ApplicationStateMachineImpl.run(ApplicationStateMachineImpl.java:873)
	at java.base/java.util.concurrent.ThreadPoolExecutor.runWorker(ThreadPoolExecutor.java:1135)
	at java.base/java.util.concurrent.ThreadPoolExecutor$Worker.run(ThreadPoolExecutor.java:635)
	at java.base/java.lang.Thread.run(Thread.java:844)
"
      Failed to resolve fields for jdk.internal.loader.BuiltinClassLoader = "java.lang.reflect.InaccessibleObjectException: Unable to make field private final jdk.internal.loader.BuiltinClassLoader jdk.internal.loader.BuiltinClassLoader.parent accessible: module java.base does not "opens jdk.internal.loader" to unnamed module @482cd91f
	at java.base/java.lang.reflect.AccessibleObject.checkCanSetAccessible(AccessibleObject.java:337)
	at java.base/java.lang.reflect.AccessibleObject.checkCanSetAccessible(AccessibleObject.java:281)
	at java.base/java.lang.reflect.Field.checkCanSetAccessible(Field.java:176)
	at java.base/java.lang.reflect.AccessibleObject.setAccessible(AccessibleObject.java:124)
	at com.ibm.ws.logging.internal.impl.IntrospectionLevelMember$2.run(IntrospectionLevelMember.java:316)
	at com.ibm.ws.logging.internal.impl.IntrospectionLevelMember$2.run(IntrospectionLevelMember.java:310)
	at java.base/java.security.AccessController.doPrivileged(Native Method)
	at com.ibm.ws.logging.internal.impl.IntrospectionLevelMember.getFields(IntrospectionLevelMember.java:310)
	at com.ibm.ws.logging.internal.impl.IntrospectionLevelMember.introspectViaReflection(IntrospectionLevelMember.java:199)
	at com.ibm.ws.logging.internal.impl.IntrospectionLevelMember.getChildren(IntrospectionLevelMember.java:163)
	at com.ibm.ws.logging.internal.impl.IntrospectionLevel.getNextLevel(IntrospectionLevel.java:100)
	at com.ibm.ws.logging.internal.impl.IncidentStreamImpl.introspect(IncidentStreamImpl.java:437)
	at com.ibm.ws.logging.internal.impl.IncidentStreamImpl.introspectAndWrite(IncidentStreamImpl.java:129)
	at com.ibm.ws.logging.internal.impl.IncidentStreamImpl.introspectAndWriteLine(IncidentStreamImpl.java:164)
	at com.ibm.ws.logging.internal.impl.IncidentLogger.logIncident(IncidentLogger.java:97)
	at com.ibm.ws.logging.internal.impl.IncidentLogger.logIncident(IncidentLogger.java:35)
	at com.ibm.ws.logging.internal.impl.IncidentImpl.log(IncidentImpl.java:249)
	at com.ibm.ws.logging.internal.impl.BaseFFDCService.log(BaseFFDCService.java:239)
	at com.ibm.ws.logging.internal.impl.BaseFFDCService.processException(BaseFFDCService.java:180)
	at com.ibm.ws.ffdc.FFDCFilter.processException(FFDCFilter.java:60)
	at com.ibm.ws.jpa.management.JPAPUnitInfo.createEMFactory(JPAPUnitInfo.java:932)
	at com.ibm.ws.jpa.management.JPAPUnitInfo.initialize(JPAPUnitInfo.java:762)
	at com.ibm.ws.jpa.management.JPAPxmlInfo.extractPersistenceUnits(JPAPxmlInfo.java:190)
	at com.ibm.ws.jpa.management.JPAScopeInfo.processPersistenceUnit(JPAScopeInfo.java:90)
	at com.ibm.ws.jpa.management.JPAApplInfo.addPersistenceUnits(JPAApplInfo.java:118)
	at com.ibm.ws.jpa.container.osgi.internal.JPAComponentImpl.processEJBModulePersistenceXml(JPAComponentImpl.java:527)
	at com.ibm.ws.jpa.container.osgi.internal.JPAComponentImpl.applicationStarting(JPAComponentImpl.java:264)
	at com.ibm.ws.container.service.state.internal.ApplicationStateManager.fireStarting(ApplicationStateManager.java:28)
	at com.ibm.ws.container.service.state.internal.StateChangeServiceImpl.fireApplicationStarting(StateChangeServiceImpl.java:50)
	at com.ibm.ws.app.manager.module.internal.DeployedAppInfoBase.preDeployApp(DeployedAppInfoBase.java:383)
	at com.ibm.ws.app.manager.module.internal.DeployedAppInfoBase.deployApp(DeployedAppInfoBase.java:412)
	at com.ibm.ws.app.manager.ear.internal.EARApplicationHandlerImpl.install(EARApplicationHandlerImpl.java:76)
	at com.ibm.ws.app.manager.internal.statemachine.StartAction.execute(StartAction.java:140)
	at com.ibm.ws.app.manager.internal.statemachine.ApplicationStateMachineImpl.enterState(ApplicationStateMachineImpl.java:1258)
	at com.ibm.ws.app.manager.internal.statemachine.ApplicationStateMachineImpl.run(ApplicationStateMachineImpl.java:873)
	at java.base/java.util.concurrent.ThreadPoolExecutor.runWorker(ThreadPoolExecutor.java:1135)
	at java.base/java.util.concurrent.ThreadPoolExecutor$Worker.run(ThreadPoolExecutor.java:635)
	at java.base/java.lang.Thread.run(Thread.java:844)
"
      initialized = true
      pdcache = class java.util.concurrent.ConcurrentHashMap@3dbcdf5c
      parent = class jdk.internal.loader.ClassLoaders$PlatformClassLoader@3424e8d3
      name = "app"
      unnamedModule = class java.lang.Module@520a3426
      parallelLockMap = class java.util.concurrent.ConcurrentHashMap@16ebede9
      package2certs = class java.util.concurrent.ConcurrentHashMap@fde8de
      nocerts = class java.security.cert.Certificate[0]
      classes = class java.util.Vector@5b6091a2
      defaultDomain = class java.security.ProtectionDomain@4811986d
      packages = class java.util.concurrent.ConcurrentHashMap@1dca023
      scl = class jdk.internal.loader.ClassLoaders$AppClassLoader@7591083d
      usr_paths = class java.lang.String[35]
      sys_paths = class java.lang.String[1]
      loadedLibraryNames = class java.util.HashSet@3ddca9cb
      systemNativeLibraries = class java.util.concurrent.ConcurrentHashMap@53eff349
      nativeLibraries = null
      assertionLock = class java.lang.Object@6e8813de
      defaultAssertionStatus = false
      packageAssertionStatus = null
      classAssertionStatus = null
      classLoaderValueMap = class java.util.concurrent.ConcurrentHashMap@31ba722c
      $assertionsDisabled = true
    usr_paths = class java.lang.String[35]
      String[0] = "C:\Program Files\Java\jdk-10.0.1\bin"
      String[1] = "C:\WINDOWS\Sun\Java\bin"
      String[2] = "C:\WINDOWS\system32"
      String[3] = "C:\WINDOWS"
      String[4] = "C:\Program Files (x86)\Common Files\Oracle\Java\javapath"
      String[5] = "C:\ProgramData\Oracle\Java\javapath"
      String[6] = "C:\oraclexe\app\oracle\product\11.2.0\server\bin"
      String[7] = "C:\WINDOWS\system32"
      String[8] = "C:\WINDOWS"
      String[9] = "C:\WINDOWS\System32\Wbem"
      String[10] = "C:\WINDOWS\System32\WindowsPowerShell\v1.0\"
      String[11] = "C:\WINDOWS\system32\config\systemprofile\.dnx\bin"
      String[12] = "C:\Program Files\Microsoft DNX\Dnvm\"
      String[13] = "C:\Program Files\Microsoft SQL Server\130\Tools\Binn\"
      String[14] = "C:\Program Files (x86)\IBM\Personal Communications\"
      String[15] = "C:\Program Files (x86)\IBM\Trace Facility\"
      String[16] = "C:\Program Files (x86)\Skype\Phone\"
      String[17] = "C:\Program Files\Git\cmd"
      String[18] = "C:\Program Files\PuTTY\"
      String[19] = "C:\Program Files (x86)\Microsoft SQL Server\130\Tools\Binn\"
      String[20] = "C:\Program Files (x86)\Microsoft SQL Server\130\DTS\Binn\"
      String[21] = "C:\Program Files\Microsoft SQL Server\130\DTS\Binn\"
      String[22] = "C:\Program Files\Microsoft SQL Server\Client SDK\ODBC\130\Tools\Binn\"
      String[23] = "C:\Program Files (x86)\Microsoft SQL Server\Client SDK\ODBC\130\Tools\Binn\"
      String[24] = "C:\Program Files (x86)\Microsoft SQL Server\140\Tools\Binn\"
      String[25] = "C:\Program Files (x86)\Microsoft SQL Server\140\DTS\Binn\"
      String[26] = "C:\Program Files (x86)\Microsoft SQL Server\140\Tools\Binn\ManagementStudio\"
      String[27] = "C:\Program Files (x86)\AOMEI Backupper"
      String[28] = "C:\WINDOWS\System32\OpenSSH\"
      String[29] = "C:\Users\glenn\AppData\Local\Microsoft\WindowsApps"
      String[30] = "C:\Program Files (x86)\Terraform\"
      String[31] = "M:\Program Files\Microsoft VS Code\bin"
      String[32] = "C:\apache-maven-3.5.3\bin"
      String[33] = "."
      String[34] = "."
    sys_paths = class java.lang.String[1]
      String[0] = "C:\Program Files\Java\jdk-10.0.1\bin"
    loadedLibraryNames = class java.util.HashSet@3ddca9cb
      serialVersionUID = -5024744406713321676
      map = class java.util.HashMap@44fed751
      PRESENT = class java.lang.Object@54eda1fd
      MAX_ARRAY_SIZE = 2147483639
    systemNativeLibraries = class java.util.concurrent.ConcurrentHashMap@53eff349
      serialVersionUID = 7249069246763182397
      MAXIMUM_CAPACITY = 1073741824
      DEFAULT_CAPACITY = 16
      MAX_ARRAY_SIZE = 2147483639
      DEFAULT_CONCURRENCY_LEVEL = 16
      LOAD_FACTOR = 0.75
      TREEIFY_THRESHOLD = 8
      UNTREEIFY_THRESHOLD = 6
      MIN_TREEIFY_CAPACITY = 64
      MIN_TRANSFER_STRIDE = 16
      RESIZE_STAMP_BITS = 16
      MAX_RESIZERS = 65535
      RESIZE_STAMP_SHIFT = 16
      MOVED = -1
      TREEBIN = -2
      RESERVED = -3
      HASH_BITS = 2147483647
      NCPU = 4
      serialPersistentFields = class java.io.ObjectStreamField[3]
      table = class java.util.concurrent.ConcurrentHashMap$Node[16]
      nextTable = null
      baseCount = 7
      sizeCtl = 12
      transferIndex = 0
      cellsBusy = 0
      counterCells = null
      keySet = null
      values = class java.util.concurrent.ConcurrentHashMap$ValuesView@2a6ce40
      entrySet = null
      U = class jdk.internal.misc.Unsafe@1dccf63
      SIZECTL = 20
      TRANSFERINDEX = 32
      BASECOUNT = 24
      CELLSBUSY = 36
      CELLVALUE = 144
      ABASE = 16
      ASHIFT = 2
      keySet = null
      values = null
    nativeLibraries = null
    assertionLock = class com.ibm.ws.classloading.internal.AppClassLoader@22459969
    defaultAssertionStatus = false
    packageAssertionStatus = null
    classAssertionStatus = null
    classLoaderValueMap = null
    $assertionsDisabled = true
  tempClassLoader = null
  ivTransformers = class java.util.concurrent.CopyOnWriteArrayList@7a64e54b
    serialVersionUID = 8673264195747942595
    lock = class java.lang.Object@259966ee
    array = class java.lang.Object[0]
  xmlSchemaVersion = "2.1"
  ivCaching = class javax.persistence.SharedCacheMode@716b92f9
    ALL = class javax.persistence.SharedCacheMode@42c8ac61
      ALL = class javax.persistence.SharedCacheMode@42c8ac61
      NONE = class javax.persistence.SharedCacheMode@716b92f9
      ENABLE_SELECTIVE = class javax.persistence.SharedCacheMode@2c880cc0
      DISABLE_SELECTIVE = class javax.persistence.SharedCacheMode@6d00be94
      UNSPECIFIED = class javax.persistence.SharedCacheMode@369216e
      ENUM$VALUES = class javax.persistence.SharedCacheMode[5]
      name = "ALL"
      ordinal = 0
    NONE = class javax.persistence.SharedCacheMode@716b92f9
    ENABLE_SELECTIVE = class javax.persistence.SharedCacheMode@2c880cc0
      ALL = class javax.persistence.SharedCacheMode@42c8ac61
      NONE = class javax.persistence.SharedCacheMode@716b92f9
      ENABLE_SELECTIVE = class javax.persistence.SharedCacheMode@2c880cc0
      DISABLE_SELECTIVE = class javax.persistence.SharedCacheMode@6d00be94
      UNSPECIFIED = class javax.persistence.SharedCacheMode@369216e
      ENUM$VALUES = class javax.persistence.SharedCacheMode[5]
      name = "ENABLE_SELECTIVE"
      ordinal = 2
    DISABLE_SELECTIVE = class javax.persistence.SharedCacheMode@6d00be94
      ALL = class javax.persistence.SharedCacheMode@42c8ac61
      NONE = class javax.persistence.SharedCacheMode@716b92f9
      ENABLE_SELECTIVE = class javax.persistence.SharedCacheMode@2c880cc0
      DISABLE_SELECTIVE = class javax.persistence.SharedCacheMode@6d00be94
      UNSPECIFIED = class javax.persistence.SharedCacheMode@369216e
      ENUM$VALUES = class javax.persistence.SharedCacheMode[5]
      name = "DISABLE_SELECTIVE"
      ordinal = 3
    UNSPECIFIED = class javax.persistence.SharedCacheMode@369216e
      ALL = class javax.persistence.SharedCacheMode@42c8ac61
      NONE = class javax.persistence.SharedCacheMode@716b92f9
      ENABLE_SELECTIVE = class javax.persistence.SharedCacheMode@2c880cc0
      DISABLE_SELECTIVE = class javax.persistence.SharedCacheMode@6d00be94
      UNSPECIFIED = class javax.persistence.SharedCacheMode@369216e
      ENUM$VALUES = class javax.persistence.SharedCacheMode[5]
      name = "UNSPECIFIED"
      ordinal = 4
    ENUM$VALUES = class javax.persistence.SharedCacheMode[5]
      SharedCacheMode[0] = class javax.persistence.SharedCacheMode@42c8ac61
      SharedCacheMode[1] = class javax.persistence.SharedCacheMode@716b92f9
      SharedCacheMode[2] = class javax.persistence.SharedCacheMode@2c880cc0
      SharedCacheMode[3] = class javax.persistence.SharedCacheMode@6d00be94
      SharedCacheMode[4] = class javax.persistence.SharedCacheMode@369216e
    name = "NONE"
    ordinal = 1
  ivValidationMode = null
  ivEMFactory = null
  ivEMFactoryException = null
  ivCreateEMFAllowed = true
  ivEMFMap = null
  ivEMPoolMap = class java.util.HashMap@6b30c270
    serialVersionUID = 362498820763181265
    DEFAULT_INITIAL_CAPACITY = 16
    MAXIMUM_CAPACITY = 1073741824
    DEFAULT_LOAD_FACTOR = 0.75
    TREEIFY_THRESHOLD = 8
    UNTREEIFY_THRESHOLD = 6
    MIN_TREEIFY_CAPACITY = 64
    table = null
    entrySet = null
    size = 0
    modCount = 0
    threshold = 0
    loadFactor = 0.75
    keySet = null
    values = null
  ivEMPoolCapacity = -1
  transformExclusionRegEx = class java.lang.String[2]
    String[0] = ".*_(Stub|Tie)$"
    String[1] = ".*_(\p{XDigit}){8}$"
  transformExclusionPatterns = class java.util.regex.Pattern[2]
    Pattern[0] = class java.util.regex.Pattern@efc6f7a
      UNIX_LINES = 1
      CASE_INSENSITIVE = 2
      COMMENTS = 4
      MULTILINE = 8
      LITERAL = 16
      DOTALL = 32
      UNICODE_CASE = 64
      CANON_EQ = 128
      UNICODE_CHARACTER_CLASS = 256
      ALL_FLAGS = 511
      serialVersionUID = 5073258162644648461
      pattern = ".*_(Stub|Tie)$"
      flags = 0
      compiled = true
      normalizedPattern = ".*_(Stub|Tie)$"
      root = class java.util.regex.Pattern$Start@c801096
      matchRoot = class java.util.regex.Pattern$CharPropertyGreedy@616a39c3
      buffer = null
      predicate = null
      namedGroups = null
      groupNodes = null
      topClosureNodes = null
      localTCNCount = 0
      hasGroupRef = false
      temp = null
      capturingGroupCount = 2
      localCount = 1
      cursor = 14
      patternLength = 0
      hasSupplementary = false
      MAX_REPS = 2147483647
      lookbehindEnd = class java.util.regex.Pattern$1@3c8b6d6b
      accept = class java.util.regex.Pattern$Node@565397e5
      lastAccept = class java.util.regex.Pattern$LastNode@5adb3919
      $assertionsDisabled = true
    Pattern[1] = class java.util.regex.Pattern@265f7c71
      UNIX_LINES = 1
      CASE_INSENSITIVE = 2
      COMMENTS = 4
      MULTILINE = 8
      LITERAL = 16
      DOTALL = 32
      UNICODE_CASE = 64
      CANON_EQ = 128
      UNICODE_CHARACTER_CLASS = 256
      ALL_FLAGS = 511
      serialVersionUID = 5073258162644648461
      pattern = ".*_(\p{XDigit}){8}$"
      flags = 0
      compiled = true
      normalizedPattern = ".*_(\p{XDigit}){8}$"
      root = class java.util.regex.Pattern$Start@752c4686
      matchRoot = class java.util.regex.Pattern$CharPropertyGreedy@11953db8
      buffer = null
      predicate = null
      namedGroups = null
      groupNodes = null
      topClosureNodes = null
      localTCNCount = 0
      hasGroupRef = false
      temp = null
      capturingGroupCount = 2
      localCount = 1
      cursor = 19
      patternLength = 0
      hasSupplementary = false
      MAX_REPS = 2147483647
      lookbehindEnd = class java.util.regex.Pattern$1@3c8b6d6b
      accept = class java.util.regex.Pattern$Node@565397e5
      lastAccept = class java.util.regex.Pattern$LastNode@5adb3919
      $assertionsDisabled = true

