------Start of DE processing------ = [25/05/18 11:14:40:928 CEST]
Exception = javax.ejb.NoSuchEJBException
Source = com.ibm.ejs.container.LocalExceptionMappingStrategy.setUncheckedException
probeid = 178
Stack Dump = javax.ejb.NoSuchEJBException: An error occurred during a previous attempt to initialize the singleton session bean daytrader7#daytrader-ee7-ejb.jar#MarketSummarySingleton.
	at com.ibm.ejs.container.util.ExceptionUtil.NoSuchEJBException(ExceptionUtil.java:491)
	at com.ibm.ejs.container.EJSHome.createSingletonBeanO(EJSHome.java:3665)
	at com.ibm.ejs.container.EJSHome.createBeanO(EJSHome.java:936)
	at com.ibm.ejs.container.EJSHome.createBeanO(EJSHome.java:1077)
	at com.ibm.ejs.container.activator.UncachedActivationStrategy.atActivate(UncachedActivationStrategy.java:62)
	at com.ibm.ejs.container.activator.Activator.preInvokeActivateBean(Activator.java:263)
	at com.ibm.ejs.container.EJSContainer.preInvokeActivate(EJSContainer.java:3234)
	at com.ibm.ejs.container.EJSContainer.EjbPreInvoke(EJSContainer.java:2571)
	at com.ibm.ejs.container.TimedObjectWrapper.invokeCallback(TimedObjectWrapper.java:83)
	at com.ibm.ejs.container.TimerNpRunnable.doWork(TimerNpRunnable.java:195)
	at com.ibm.ejs.container.TimerNpRunnable.run(TimerNpRunnable.java:102)
	at com.ibm.ejs.container.TimerNpRunnable.run(TimerNpRunnable.java:142)
	at java.base/java.util.concurrent.Executors$RunnableAdapter.call(Executors.java:514)
	at java.base/java.util.concurrent.FutureTask.run(FutureTask.java:264)
	at java.base/java.util.concurrent.ThreadPoolExecutor.runWorker(ThreadPoolExecutor.java:1135)
	at java.base/java.util.concurrent.ThreadPoolExecutor$Worker.run(ThreadPoolExecutor.java:635)
	at java.base/java.lang.Thread.run(Thread.java:844)

Dump of callerThis
Object type = com.ibm.ejs.container.LocalExceptionMappingStrategy
  CLASS_NAME = "com.ibm.ejs.container.LocalExceptionMappingStrategy"
  tc = class com.ibm.websphere.ras.TraceComponent@4b2fec41
    strings[0] = "TraceComponent[com.ibm.ejs.container.LocalExceptionMappingStrategy,class com.ibm.ejs.container.LocalExceptionMappingStrategy,[EJBContainer],com.ibm.ejs.container.container,null]"
  INSTANCE = class com.ibm.ejs.container.LocalExceptionMappingStrategy@23cef2c0
  tc = class com.ibm.websphere.ras.TraceComponent@32f6eba1
    strings[0] = "TraceComponent[com.ibm.ejs.container.ExceptionMappingStrategy,class com.ibm.ejs.container.ExceptionMappingStrategy,[EJBContainer],com.ibm.ejs.container.container,null]"

