------Start of DE processing------ = [25/05/18 11:17:50:004 CEST]
Exception = java.lang.IllegalStateException
Source = com.ibm.ws.webcontainer.filter.WebAppFilterManager.invokeFilters
probeid = 1105
Stack Dump = java.lang.IllegalStateException: Response already committed.
	at com.ibm.ws.webcontainer.webapp.WebAppDispatcherContext.sendError(WebAppDispatcherContext.java:594)
	at com.ibm.ws.webcontainer.webapp.WebAppDispatcherContext.sendError(WebAppDispatcherContext.java:639)
	at com.ibm.ws.webcontainer.srt.SRTServletResponse.sendError(SRTServletResponse.java:1317)
	at com.ibm.websphere.samples.daytrader.web.TradeConfigServlet.service(TradeConfigServlet.java:342)
	at javax.servlet.http.HttpServlet.service(HttpServlet.java:790)
	at com.ibm.ws.webcontainer.servlet.ServletWrapper.service(ServletWrapper.java:1255)
	at com.ibm.ws.webcontainer.servlet.ServletWrapper.handleRequest(ServletWrapper.java:743)
	at com.ibm.ws.webcontainer.servlet.ServletWrapper.handleRequest(ServletWrapper.java:440)
	at com.ibm.ws.webcontainer.filter.WebAppFilterChain.invokeTarget(WebAppFilterChain.java:143)
	at com.ibm.ws.webcontainer.filter.WebAppFilterChain.doFilter(WebAppFilterChain.java:74)
	at com.ibm.ws.webcontainer.filter.WebAppFilterManager.doFilter(WebAppFilterManager.java:995)
	at com.ibm.ws.webcontainer.filter.WebAppFilterManager.invokeFilters(WebAppFilterManager.java:1124)
	at com.ibm.ws.webcontainer.webapp.WebApp.handleRequest(WebApp.java:4962)
	at com.ibm.ws.webcontainer.osgi.DynamicVirtualHost$2.handleRequest(DynamicVirtualHost.java:314)
	at com.ibm.ws.webcontainer.WebContainer.handleRequest(WebContainer.java:995)
	at com.ibm.ws.webcontainer.osgi.DynamicVirtualHost$2.run(DynamicVirtualHost.java:279)
	at com.ibm.ws.http.dispatcher.internal.channel.HttpDispatcherLink$TaskWrapper.run(HttpDispatcherLink.java:1009)
	at com.ibm.ws.http.dispatcher.internal.channel.HttpDispatcherLink.wrapHandlerAndExecute(HttpDispatcherLink.java:412)
	at com.ibm.ws.http.dispatcher.internal.channel.HttpDispatcherLink.ready(HttpDispatcherLink.java:371)
	at com.ibm.ws.http.channel.internal.inbound.HttpInboundLink.handleDiscrimination(HttpInboundLink.java:530)
	at com.ibm.ws.http.channel.internal.inbound.HttpInboundLink.handleNewRequest(HttpInboundLink.java:464)
	at com.ibm.ws.http.channel.internal.inbound.HttpInboundLink.processRequest(HttpInboundLink.java:329)
	at com.ibm.ws.http.channel.internal.inbound.HttpInboundLink.ready(HttpInboundLink.java:300)
	at com.ibm.ws.tcpchannel.internal.NewConnectionInitialReadCallback.sendToDiscriminators(NewConnectionInitialReadCallback.java:165)
	at com.ibm.ws.tcpchannel.internal.NewConnectionInitialReadCallback.complete(NewConnectionInitialReadCallback.java:74)
	at com.ibm.ws.tcpchannel.internal.WorkQueueManager.requestComplete(WorkQueueManager.java:501)
	at com.ibm.ws.tcpchannel.internal.WorkQueueManager.attemptIO(WorkQueueManager.java:571)
	at com.ibm.ws.tcpchannel.internal.WorkQueueManager.workerRun(WorkQueueManager.java:926)
	at com.ibm.ws.tcpchannel.internal.WorkQueueManager$Worker.run(WorkQueueManager.java:1015)
	at java.base/java.util.concurrent.ThreadPoolExecutor.runWorker(ThreadPoolExecutor.java:1135)
	at java.base/java.util.concurrent.ThreadPoolExecutor$Worker.run(ThreadPoolExecutor.java:635)
	at java.base/java.lang.Thread.run(Thread.java:844)

Dump of callerThis
Object type = com.ibm.ws.webcontainer.osgi.filter.WebAppFilterManagerImpl
  _filterWrappers = class java.util.Hashtable@3389e19f
    table = class java.util.Hashtable$Entry[11]
      Entry[0] = null
      Entry[1] = null
      Entry[2] = null
      Entry[3] = null
      Entry[4] = class java.util.Hashtable$Entry@599e1beb
      Entry[5] = null
      Entry[6] = null
      Entry[7] = null
      Entry[8] = null
      Entry[9] = null
      Entry[10] = null
    count = 2
    threshold = 8
    loadFactor = 0.75
    modCount = 2
    serialVersionUID = 1421746759512286392
    MAX_ARRAY_SIZE = 2147483639
    keySet = null
    entrySet = null
    values = null
    KEYS = 0
    VALUES = 1
    ENTRIES = 2
  chainCache = class java.util.Collections$SynchronizedMap@1940800f
    serialVersionUID = 1978198479659022715
    m = class com.ibm.ws.webcontainer.filter.WebAppFilterManager$1@56170368
      this$0 = class com.ibm.ws.webcontainer.osgi.filter.WebAppFilterManagerImpl@f1fdaa0
      serialVersionUID = 3801124242820219131
      head = class java.util.LinkedHashMap$Entry@18b830bf
      tail = class java.util.LinkedHashMap$Entry@a279e89
      accessOrder = true
      serialVersionUID = 362498820763181265
      DEFAULT_INITIAL_CAPACITY = 16
      MAXIMUM_CAPACITY = 1073741824
      DEFAULT_LOAD_FACTOR = 0.75
      TREEIFY_THRESHOLD = 8
      UNTREEIFY_THRESHOLD = 6
      MIN_TREEIFY_CAPACITY = 64
      table = class java.util.HashMap$Node[32]
      entrySet = null
      size = 15
      modCount = 18
      threshold = 24
      loadFactor = 0.75
      keySet = null
      values = null
    mutex = class java.util.Collections$SynchronizedMap@1940800f
    keySet = null
    entrySet = null
    values = null
  forwardChainCache = class java.util.Collections$SynchronizedMap@7c9e7a53
    serialVersionUID = 1978198479659022715
    m = class com.ibm.ws.webcontainer.filter.WebAppFilterManager$2@4fd3e6b2
      this$0 = class com.ibm.ws.webcontainer.osgi.filter.WebAppFilterManagerImpl@f1fdaa0
      serialVersionUID = 3801124242820219131
      head = null
      tail = null
      accessOrder = true
      serialVersionUID = 362498820763181265
      DEFAULT_INITIAL_CAPACITY = 16
      MAXIMUM_CAPACITY = 1073741824
      DEFAULT_LOAD_FACTOR = 0.75
      TREEIFY_THRESHOLD = 8
      UNTREEIFY_THRESHOLD = 6
      MIN_TREEIFY_CAPACITY = 64
      table = null
      entrySet = null
      size = 0
      modCount = 0
      threshold = 16
      loadFactor = 0.75
      keySet = null
      values = null
    mutex = class java.util.Collections$SynchronizedMap@7c9e7a53
    keySet = null
    entrySet = null
    values = null
  includeChainCache = class java.util.Collections$SynchronizedMap@da565ba
    serialVersionUID = 1978198479659022715
    m = class com.ibm.ws.webcontainer.filter.WebAppFilterManager$3@2627ce38
      this$0 = class com.ibm.ws.webcontainer.osgi.filter.WebAppFilterManagerImpl@f1fdaa0
      serialVersionUID = 3801124242820219131
      head = class java.util.LinkedHashMap$Entry@6488daad
      tail = class java.util.LinkedHashMap$Entry@6488daad
      accessOrder = true
      serialVersionUID = 362498820763181265
      DEFAULT_INITIAL_CAPACITY = 16
      MAXIMUM_CAPACITY = 1073741824
      DEFAULT_LOAD_FACTOR = 0.75
      TREEIFY_THRESHOLD = 8
      UNTREEIFY_THRESHOLD = 6
      MIN_TREEIFY_CAPACITY = 64
      table = class java.util.HashMap$Node[8]
      entrySet = null
      size = 1
      modCount = 1
      threshold = 6
      loadFactor = 0.75
      keySet = null
      values = null
    mutex = class java.util.Collections$SynchronizedMap@da565ba
    keySet = null
    entrySet = null
    values = null
  errorChainCache = class java.util.Collections$SynchronizedMap@715ce888
    serialVersionUID = 1978198479659022715
    m = class com.ibm.ws.webcontainer.filter.WebAppFilterManager$4@44198187
      this$0 = class com.ibm.ws.webcontainer.osgi.filter.WebAppFilterManagerImpl@f1fdaa0
      serialVersionUID = 3801124242820219131
      head = null
      tail = null
      accessOrder = true
      serialVersionUID = 362498820763181265
      DEFAULT_INITIAL_CAPACITY = 16
      MAXIMUM_CAPACITY = 1073741824
      DEFAULT_LOAD_FACTOR = 0.75
      TREEIFY_THRESHOLD = 8
      UNTREEIFY_THRESHOLD = 6
      MIN_TREEIFY_CAPACITY = 64
      table = null
      entrySet = null
      size = 0
      modCount = 0
      threshold = 2
      loadFactor = 0.75
      keySet = null
      values = null
    mutex = class java.util.Collections$SynchronizedMap@715ce888
    keySet = null
    entrySet = null
    values = null
  _filtersDefined = true
  FMI_MAPPING_SINGLE_SLASH = 0
  FMI_MAPPING_PATH_MATCH = 1
  FMI_MAPPING_EXTENSION_MATCH = 2
  FMI_MAPPING_EXACT_MATCH = 3
  logger = class com.ibm.ws.logging.internal.WsLogger@6c014e54
    tc = class com.ibm.websphere.ras.TraceComponent@425f948d
      strings[0] = "TraceComponent[com.ibm.ws.logging.internal.WsLogger,class com.ibm.ws.logging.internal.WsLogger,[logging],com.ibm.ws.logging.internal.resources.LoggingMessages,null]"
    ivCachedResourceBundleName = null
    ivCachedResourceBundle = null
    ivComponent = null
    ivOrganization = null
    ivProduct = null
    ivMinimumLocalizationLevelIntValue = 625
    ivTC = class com.ibm.websphere.ras.TraceComponent@50c21b4a
      strings[0] = "TraceComponent[com.ibm.ws.webcontainer.filter,class com.ibm.wsspi.webcontainer.logging.LoggerFactory$1,[com.ibm.ws.webcontainer.filter],null,null]"
    loggerRegistrationComponent = class java.lang.ThreadLocal@52b7dcbb
      threadLocalHashCode = -1366260430
      nextHashCode = class java.util.concurrent.atomic.AtomicInteger@7ec6a346
      HASH_INCREMENT = 1640531527
    emptyHandlers = class java.util.logging.Handler[0]
    offValue = 2147483647
    SYSTEM_LOGGER_RB_NAME = "sun.util.logging.resources.logging"
    SYSTEM_BUNDLE = class java.util.logging.Logger$LoggerBundle@7c8fd286
      resourceBundleName = "sun.util.logging.resources.logging"
      userBundle = null
    NO_RESOURCE_BUNDLE = class java.util.logging.Logger$LoggerBundle@12ed923c
      resourceBundleName = null
      userBundle = null
    config = class java.util.logging.Logger$ConfigurationData@1af03c5f
      delegate = class java.util.logging.Logger$ConfigurationData@1af03c5f
      useParentHandlers = true
      filter = null
      levelObject = class java.util.logging.Level@3714fb0c
      levelValue = 800
      handlers = class java.util.concurrent.CopyOnWriteArrayList@2b3c1318
    manager = class com.ibm.ws.kernel.boot.logging.WsLogManager@76ce69be
      CLASS_NAME = "com.ibm.ws.kernel.boot.logging.WsLogManager"
      CONFIGURE_BY_SERVER_PROPERTY_NAME = "java.util.logging.configureByServer"
      CONFIGURE_BY_LOGGING_PROPERTIES_FILE = "java.util.logging.configureByLoggingPropertiesFile"
      configureByServer = true
      configureByLoggingProperties = false
      wsLogger = class java.lang.reflect.Constructor@2a2200b6
      resetEnabled = true
      manager = class com.ibm.ws.kernel.boot.logging.WsLogManager@76ce69be
      props = class java.util.Properties@2599573c
      defaultLevel = class java.util.logging.Level@3714fb0c
      systemContext = class java.util.logging.LogManager$SystemLoggerContext@52b6d82e
      userContext = class java.util.logging.LogManager$LoggerContext@68ab457e
      rootLogger = class java.util.logging.LogManager$RootLogger@78527914
      readPrimordialConfiguration = true
      STATE_INITIALIZED = 0
      STATE_INITIALIZING = 1
      STATE_READING_CONFIG = 2
      STATE_UNINITIALIZED = 3
      STATE_SHUTDOWN = 4
      globalHandlersState = 0
      configurationLock = class java.util.concurrent.locks.ReentrantLock@7e4dfe0
      closeOnResetLoggers = class java.util.concurrent.CopyOnWriteArrayList@17b8888b
      listeners = class java.util.Collections$SynchronizedMap@732b45fa
      initializedCalled = true
      initializationDone = true
      contextsMap = null
      loggerRefQueue = class java.lang.ref.ReferenceQueue@41997e54
      MAX_ITERATIONS = 400
      controlPermission = class java.util.logging.LoggingPermission@60a3b258
      LOGGING_MXBEAN_NAME = "java.util.logging:type=Logging"
      $assertionsDisabled = true
    name = "com.ibm.ws.webcontainer.filter"
    loggerBundle = class java.util.logging.Logger$LoggerBundle@74d79e03
      resourceBundleName = "com.ibm.ws.webcontainer.resources.Messages"
      userBundle = null
    anonymous = false
    catalog = class com.ibm.ws.webcontainer.resources.Messages@ad59ed7
      resources = class [Ljava.lang.Object;[332]
      lookup = null
      INITIAL_CACHE_SIZE = 32
      NONEXISTENT_BUNDLE = class java.util.ResourceBundle$2@74a15fd3
      cacheList = class java.util.concurrent.ConcurrentHashMap@64f4109a
      referenceQueue = class java.lang.ref.ReferenceQueue@2bf3aad
      parent = null
      locale = class java.util.Locale@39db9629
      name = "com.ibm.ws.webcontainer.resources.Messages"
      expired = false
      cacheKey = class java.util.ResourceBundle$CacheKey@47fa0906
      keySet = null
      UNKNOWN_FORMAT = ""
      TRACE_ON = false
      $assertionsDisabled = true
    catalogName = "com.ibm.ws.webcontainer.resources.Messages"
    catalogLocale = class java.util.Locale@115c4916
      LOCALECACHE = class java.util.Locale$Cache@6ae7161d
      ENGLISH = class java.util.Locale@430f09e9
      FRENCH = class java.util.Locale@1937414e
      GERMAN = class java.util.Locale@5a7fac1d
      ITALIAN = class java.util.Locale@8fa0eb1
      JAPANESE = class java.util.Locale@33811e06
      KOREAN = class java.util.Locale@109f0409
      CHINESE = class java.util.Locale@37274d43
      SIMPLIFIED_CHINESE = class java.util.Locale@6ff04290
      TRADITIONAL_CHINESE = class java.util.Locale@543a1046
      FRANCE = class java.util.Locale@3cedf984
      GERMANY = class java.util.Locale@31adf60f
      ITALY = class java.util.Locale@5ca4c668
      JAPAN = class java.util.Locale@5818559a
      KOREA = class java.util.Locale@beaa6c4
      CHINA = class java.util.Locale@6ff04290
      PRC = class java.util.Locale@6ff04290
      TAIWAN = class java.util.Locale@543a1046
      UK = class java.util.Locale@55292438
      US = class java.util.Locale@2fc43f73
      CANADA = class java.util.Locale@35ea0b94
      CANADA_FRENCH = class java.util.Locale@6be8476b
      ROOT = class java.util.Locale@39db9629
      PRIVATE_USE_EXTENSION = x
      UNICODE_LOCALE_EXTENSION = u
      serialVersionUID = 9149081749638150636
      DISPLAY_LANGUAGE = 0
      DISPLAY_COUNTRY = 1
      DISPLAY_VARIANT = 2
      DISPLAY_SCRIPT = 3
      DISPLAY_UEXT_KEY = 4
      DISPLAY_UEXT_TYPE = 5
      baseLocale = class sun.util.locale.BaseLocale@77fca6ca
      localeExtensions = null
      hashCodeValue = 104870303
      defaultLocale = class java.util.Locale@115c4916
      defaultDisplayLocale = null
      defaultFormatLocale = class java.util.Locale@115c4916
      languageTag = "nl-BE"
      serialPersistentFields = class java.io.ObjectStreamField[6]
      isoLanguages = null
      isoCountries = null
      $assertionsDisabled = true
    treeLock = class java.lang.Object@14da411a
    parent = class com.ibm.ws.logging.internal.WsLogger@5c35f204
      tc = class com.ibm.websphere.ras.TraceComponent@425f948d
      ivCachedResourceBundleName = "com.ibm.ws.webcontainer.resources.Messages"
      ivCachedResourceBundle = class com.ibm.ws.webcontainer.resources.Messages@614df2ac
      ivComponent = null
      ivOrganization = null
      ivProduct = null
      ivMinimumLocalizationLevelIntValue = 625
      ivTC = class com.ibm.websphere.ras.TraceComponent@416a708a
      loggerRegistrationComponent = class java.lang.ThreadLocal@52b7dcbb
      emptyHandlers = class java.util.logging.Handler[0]
      offValue = 2147483647
      SYSTEM_LOGGER_RB_NAME = "sun.util.logging.resources.logging"
      SYSTEM_BUNDLE = class java.util.logging.Logger$LoggerBundle@7c8fd286
      NO_RESOURCE_BUNDLE = class java.util.logging.Logger$LoggerBundle@12ed923c
      config = class java.util.logging.Logger$ConfigurationData@281a579b
      manager = class com.ibm.ws.kernel.boot.logging.WsLogManager@76ce69be
      name = "com.ibm.ws.webcontainer"
      loggerBundle = class java.util.logging.Logger$LoggerBundle@1b72824e
      anonymous = false
      catalog = class com.ibm.ws.webcontainer.resources.Messages@614df2ac
      catalogName = "com.ibm.ws.webcontainer.resources.Messages"
      catalogLocale = class java.util.Locale@115c4916
      treeLock = class java.lang.Object@14da411a
      parent = class java.util.logging.LogManager$RootLogger@78527914
      kids = class java.util.ArrayList@2d94791b
      callerModuleRef = class java.lang.ref.WeakReference@23423697
      isSystemLogger = false
      GLOBAL_LOGGER_NAME = "global"
      global = class java.util.logging.Logger@9d70eca
    kids = null
    callerModuleRef = class java.lang.ref.WeakReference@7ab0fc73
      referent = class java.lang.Module@f04c3bf
      queue = class java.lang.ref.ReferenceQueue$Null@9fed232
      next = null
      discovered = null
      processPendingLock = class java.lang.Object@1b643ac1
      processPendingActive = false
    isSystemLogger = false
    GLOBAL_LOGGER_NAME = "global"
    global = class java.util.logging.Logger@9d70eca
      emptyHandlers = class java.util.logging.Handler[0]
      offValue = 2147483647
      SYSTEM_LOGGER_RB_NAME = "sun.util.logging.resources.logging"
      SYSTEM_BUNDLE = class java.util.logging.Logger$LoggerBundle@7c8fd286
      NO_RESOURCE_BUNDLE = class java.util.logging.Logger$LoggerBundle@12ed923c
      config = class java.util.logging.Logger$ConfigurationData@7c404118
      manager = class com.ibm.ws.kernel.boot.logging.WsLogManager@76ce69be
      name = "global"
      loggerBundle = class java.util.logging.Logger$LoggerBundle@12ed923c
      anonymous = false
      catalog = null
      catalogName = null
      catalogLocale = null
      treeLock = class java.lang.Object@14da411a
      parent = class java.util.logging.LogManager$RootLogger@78527914
      kids = null
      callerModuleRef = null
      isSystemLogger = true
      GLOBAL_LOGGER_NAME = "global"
      global = class java.util.logging.Logger@9d70eca
  CLASS_NAME = "com.ibm.ws.webcontainer.filter.WebAppFilterManager"
  nls = class com.ibm.ejs.ras.TraceNLS@63c2fd65
    resolver = class com.ibm.ws.logging.internal.TraceNLSResolver@6a923a18
      tc = class com.ibm.websphere.ras.TraceComponent@433d61fb
      DEBUG_TRACE_NLS_PROPERTY = "com.ibm.ejs.ras.debugTraceNLSResolver"
      debugTraceNLSResolver = false
      makeNoise = false
      nullKey = "null"
      svNullBundleName = "Resource Bundle name is null, key = {0}"
      svBundleNotLoaded = "Unable to load ResourceBundle {0}"
      svNullKeyMessage = "Null key passed while using ResourceBundle {0}"
      svMalformedMessage = "No message text associated with key {0} in bundle {1}"
    finder = class com.ibm.ws.logging.internal.StackFinder@57226134
      initialized = true
      rootGroup = class java.lang.ThreadGroup@5d1e5de9
      packageAccessValid = false
      packageAccess = null
      packageAccessLock = class java.lang.Object@3234ca4c
      packageDefinitionValid = false
      packageDefinition = null
      packageDefinitionLock = class java.lang.Object@7a2fbf7a
      nonExportedPkgs = class java.util.concurrent.ConcurrentHashMap@502c5d87
    ivBundleName = "com.ibm.ws.webcontainer.resources.Messages"
    caller = class java.lang.Class@239d6e04
      ANNOTATION = 8192
      ENUM = 16384
      SYNTHETIC = 4096
      cachedConstructor = null
      newInstanceCallerCache = null
      name = "com.ibm.ws.webcontainer.filter.WebAppFilterManager"
      module = class java.lang.Module@f04c3bf
      packageName = "com.ibm.ws.webcontainer.filter"
      componentType = null
      allPermDomain = class java.security.ProtectionDomain@7f72b37e
      reflectionData = class java.lang.ref.SoftReference@2fef4e8f
      classRedefinedCount = 0
      genericInfo = null
      EMPTY_CLASS_ARRAY = class java.lang.Class[0]
      serialVersionUID = 3206093459760846163
      serialPersistentFields = class java.io.ObjectStreamField[0]
      reflectionFactory = class jdk.internal.reflect.ReflectionFactory@6cd3d613
      enumConstants = null
      enumConstantDirectory = null
      annotationData = class java.lang.Class$AnnotationData@74cf2479
      annotationType = null
      classValueMap = null
  webAppConfig = class com.ibm.ws.webcontainer.osgi.webapp.WebAppConfiguration@45eccc12
    webModuleMetaData = class com.ibm.ws.webcontainer.osgi.metadata.WebModuleMetaDataImpl@391591a7
    webComponentMetaData = class com.ibm.ws.webcontainer.osgi.metadata.WebComponentMetaDataImpl@220307ef
    dVirtualHost = class com.ibm.ws.webcontainer.osgi.DynamicVirtualHost@12e96714
      tc = class com.ibm.websphere.ras.TraceComponent@7cada142
      CLASS_NAME = "com.ibm.ws.webcontainer.osgi.DynamicVirtualHost"
      webContainerParent = class com.ibm.ws.webcontainer.osgi.WebContainer@2916491c
      dhostConfig = class com.ibm.ws.webcontainer.osgi.DynamicVirtualHostConfiguration@40d90354
      predefinedMatcher = null
      normalizeRequestURI = false
      logger = class com.ibm.ws.logging.internal.WsLogger@5c35f204
      CLASS_NAME = "com.ibm.ws.webcontainer.VirtualHost"
      vHostConfig = class com.ibm.ws.webcontainer.osgi.DynamicVirtualHostConfiguration@40d90354
      commands = class java.util.ArrayList@1eea825d
      requestMapper = class com.ibm.wsspi.webcontainer.util.URIMapper@70468908
      parent = class com.ibm.ws.webcontainer.osgi.WebContainer@2916491c
      name = "default_host"
      isAlive = true
      subElements = class java.util.HashMap@6b8370b5
      attributes = null
      config = null
      serialVersionUID = -8271459000149267764
      $$$tc$$$ = class com.ibm.websphere.ras.TraceComponent@665b92b8
    orderedLibPaths = class java.util.Collections$UnmodifiableRandomAccessList@5526a253
      serialVersionUID = -2542308836966382001
      serialVersionUID = -283967356065247728
      list = class java.util.ArrayList@330c9217
      serialVersionUID = 1820017752578914078
      c = class java.util.ArrayList@330c9217
    bundleHeaders = null
    cdiEnabled = true
    CLASS_NAME = "com.ibm.ws.webcontainer.webapp.WebAppConfiguration"
    logger = class com.ibm.ws.logging.internal.WsLogger@70bf9a4
      tc = class com.ibm.websphere.ras.TraceComponent@425f948d
      ivCachedResourceBundleName = null
      ivCachedResourceBundle = null
      ivComponent = null
      ivOrganization = null
      ivProduct = null
      ivMinimumLocalizationLevelIntValue = 625
      ivTC = class com.ibm.websphere.ras.TraceComponent@13651c85
      loggerRegistrationComponent = class java.lang.ThreadLocal@52b7dcbb
      emptyHandlers = class java.util.logging.Handler[0]
      offValue = 2147483647
      SYSTEM_LOGGER_RB_NAME = "sun.util.logging.resources.logging"
      SYSTEM_BUNDLE = class java.util.logging.Logger$LoggerBundle@7c8fd286
      NO_RESOURCE_BUNDLE = class java.util.logging.Logger$LoggerBundle@12ed923c
      config = class java.util.logging.Logger$ConfigurationData@1eb6b8cc
      manager = class com.ibm.ws.kernel.boot.logging.WsLogManager@76ce69be
      name = "com.ibm.ws.webcontainer.webapp"
      loggerBundle = class java.util.logging.Logger$LoggerBundle@6f618fde
      anonymous = false
      catalog = class com.ibm.ws.webcontainer.resources.Messages@614df2ac
      catalogName = "com.ibm.ws.webcontainer.resources.Messages"
      catalogLocale = class java.util.Locale@115c4916
      treeLock = class java.lang.Object@14da411a
      parent = class com.ibm.ws.logging.internal.WsLogger@5c35f204
      kids = null
      callerModuleRef = class java.lang.ref.WeakReference@653cb1e0
      isSystemLogger = false
      GLOBAL_LOGGER_NAME = "global"
      global = class java.util.logging.Logger@9d70eca
    tc = class com.ibm.websphere.ras.TraceComponent@4935c033
      strings[0] = "TraceComponent[com.ibm.ws.webcontainer.webapp.WebAppConfiguration,class com.ibm.ws.webcontainer.webapp.WebAppConfiguration,[webcontainer],com.ibm.ws.webcontainer.resources.LShimMessages,null]"
    nls = class com.ibm.ejs.ras.TraceNLS@69e4a7ac
      resolver = class com.ibm.ws.logging.internal.TraceNLSResolver@6a923a18
      finder = class com.ibm.ws.logging.internal.StackFinder@57226134
      ivBundleName = "com.ibm.ws.webcontainer.resources.Messages"
      caller = class java.lang.Class@447e8090
    version = 31
    contextRoot = "/daytrader"
    isDefaultContextRootUsed = false
    sessionTimeout = 30
    moduleSessionTimeoutSet = true
    moduleSessionTrackingModeSet = false
    sessionCookieConfig = class com.ibm.ws.session.SessionCookieConfigImpl@57b1ee28
      comment = ""
      domain = ""
      maxAge = -1
      maxAgeSet = false
      name = "JSESSIONID"
      path = "/"
      httpOnly = true
      httpOnlySet = false
      secure = false
      secureSet = false
      contextInitialized = true
      externalCall = true
      programmaticChange = false
      nls = class com.ibm.ejs.ras.TraceNLS@26f49385
    hasProgrammaticCookieConfig = false
    sessionDefaultTrackingModeSet = class java.util.RegularEnumSet@3765fab7
      serialVersionUID = 3411599620347842686
      elements = 1
      elementType = class java.lang.Class@7c667210
      universe = class javax.servlet.SessionTrackingMode[3]
      MAX_ARRAY_SIZE = 2147483639
    sessionManagerConfig = class com.ibm.ws.session.SessionManagerConfig@6f7be326
      usingWebContainerSM = true
      useContextRootForSessionCookiePath = false
      usingMemory = true
      usingDatabase = false
      usingMemToMem = false
      enableUrlProtocolSwitchRewriting = false
      dcookieName = "SSLJSESSION"
      sipSessionCookieName = "ibmappid"
      inMemorySize = 1000
      enableOverflow = true
      sessionInvalidationTime = 1800
      integrateSec = true
      throwSecurityExceptionOnGetSessionFalse = true
      invalidateOnUnauthorizedSessionRequestException = false
      allowSerializedSessionAccess = false
      serializedSessionAccessMaxWaitTime = 0
      accessSessionOnTimeout = true
      JNDIDataSourceName = "jdbc/sample"
      sessionDBID = null
      sessionDBPWD = null
      rowSize = 4
      tableSpaceName = null
      usingMultirow = false
      drsSettings = null
      enableEOSWrite = true
      enableManualWrite = false
      enableTimeBasedWrite = false
      mPropertyWriterInterval = 120
      writeAllProperties = false
      scheduledInvalidation = false
      firstHour = 0
      secondHour = 0
      is_zOS = false
      serverId = "1a84605b-93b0-4c7d-b8dc-daffe82a83a5"
      cloneId = "1a84605b-93b0-4c7d-b8dc-daffe82a83a5"
      sacKey = "DEFAULT_SAC_KEY"
      cloneSeparator = :
      debugSessionCrossover = false
      cloneIdPropertySet = false
      expectedCloneIdsPropertySet = false
      expectedCloneIds = null
      idReuse = false
      reaperPollInterval = 170
      turnOffCacheId = false
      turnOffCloneId = false
      noAffinitySwitchBack = false
      maxSessionIdentifierLength = 1024
      sessUrlRewritePrefix = ";jsessionid="
      tableNameValue = null
      checkRecentlyInvalidList = true
      modifyActiveCountOnInvalidatedSession = false
      useOracleBlob = false
      usingCustomSchemaName = false
      trackGCCount = false
      hideSessionValues = true
      hideSessionValuesPropertySet = false
      doRemoteInvalidations = true
      zosBaseServerReplication = false
      servlet21SessionCompat = false
      cacheIdLength = 0
      sessionIDLength = 23
      trackingModes = class java.util.RegularEnumSet@233066fa
      privateSessionCookieName = "JSESSIONID"
      privateSessionCookieComment = ""
      privateSessionCookieDomain = ""
      privateSessionCookieMaxAge = -1
      privateSessionCookiePath = "/"
      privateSessionCookieSecure = false
      privateSessionCookieHttpOnly = true
      cookieConfig = class com.ibm.ws.session.SessionCookieConfigImpl@57b1ee28
      SIPConvergedHttpPort = 80
      SIPConvergedHttpsPort = 443
      SIPConvergedHostName = "localhost"
      optimizeCacheIdIncrements = false
      alwaysEncodeURL = false
      checkSessionCookieNameOnEncodeURL = false
      onlyCheckInCacheDuringPreInvoke = false
      enableHotFailover = true
      forceSessionInvalidationMultiple = 3
      persistSessionAfterPassivation = false
      usingApplicationSessionsAndInvalidateAll = false
      usingApplicationSessionsAlwaysRetrieve = false
      forceSessionIdLengthCheck = false
      securityUserIgnoreCase = false
      sessionTableSkipIndexCreation = false
      checkSessionNewOnIsValidRequest = true
      delayInvalidationAlarmDuringServerStartup = 0
      useSeparateSessionInvalidatorThreadPool = true
      connectionRetryCount = 2
    displayName = "DayTrader Web"
    description = null
    reloadInterval = 0
    distributable = false
    denyUncoveredHttpMethods = false
    reloadingEnabled = false
    serveServletsByClassnameEnabled = false
    defaultErrorPage = null
    additionalClassPath = null
    fileServingEnabled = null
    directoryBrowsingEnabled = false
    autoRequestEncoding = false
    autoResponseEncoding = false
    autoLoadFilters = false
    requestListeners = null
    requestAttributeListeners = null
    sessionListeners = null
    localeMap = null
    moduleName = "daytrader-ee7-web"
    j2eeModuleName = "daytrader-ee7-web.war"
    moduleId = null
    isSyncToThreadEnabled = false
    encodeDispatchedRequestURI = false
    isSystemApp = false
    ardEnabled = false
    ardDispatchType = null
    listeners = class java.util.ArrayList@236ee0a2
      serialVersionUID = 8683452581122892189
      DEFAULT_CAPACITY = 10
      EMPTY_ELEMENTDATA = class java.lang.Object[0]
      DEFAULTCAPACITY_EMPTY_ELEMENTDATA = class java.lang.Object[0]
      elementData = class java.lang.Object[10]
      size = 1
      MAX_ARRAY_SIZE = 2147483639
      modCount = 1
      MAX_ARRAY_SIZE = 2147483639
    welcomeFileList = class java.util.ArrayList@7bf68a49
      serialVersionUID = 8683452581122892189
      DEFAULT_CAPACITY = 10
      EMPTY_ELEMENTDATA = class java.lang.Object[0]
      DEFAULTCAPACITY_EMPTY_ELEMENTDATA = class java.lang.Object[0]
      elementData = class java.lang.Object[10]
      size = 3
      MAX_ARRAY_SIZE = 2147483639
      modCount = 3
      MAX_ARRAY_SIZE = 2147483639
    servletMappings = class java.util.HashMap@635e77c2
      serialVersionUID = 362498820763181265
      DEFAULT_INITIAL_CAPACITY = 16
      MAXIMUM_CAPACITY = 1073741824
      DEFAULT_LOAD_FACTOR = 0.75
      TREEIFY_THRESHOLD = 8
      UNTREEIFY_THRESHOLD = 6
      MIN_TREEIFY_CAPACITY = 64
      table = class java.util.HashMap$Node[64]
      entrySet = null
      size = 45
      modCount = 45
      threshold = 48
      loadFactor = 0.75
      keySet = null
      values = null
    lastIndexBeforeDeclaredFilters = 0
    filterMappings = class java.util.ArrayList@530cca5c
      serialVersionUID = 8683452581122892189
      DEFAULT_CAPACITY = 10
      EMPTY_ELEMENTDATA = class java.lang.Object[0]
      DEFAULTCAPACITY_EMPTY_ELEMENTDATA = class java.lang.Object[0]
      elementData = class java.lang.Object[10]
      size = 2
      MAX_ARRAY_SIZE = 2147483639
      modCount = 2
      MAX_ARRAY_SIZE = 2147483639
    servletInfo = class java.util.concurrent.ConcurrentHashMap@7335b6f
      serialVersionUID = 7249069246763182397
      MAXIMUM_CAPACITY = 1073741824
      DEFAULT_CAPACITY = 16
      MAX_ARRAY_SIZE = 2147483639
      DEFAULT_CONCURRENCY_LEVEL = 16
      LOAD_FACTOR = 0.75
      TREEIFY_THRESHOLD = 8
      UNTREEIFY_THRESHOLD = 6
      MIN_TREEIFY_CAPACITY = 64
      MIN_TRANSFER_STRIDE = 16
      RESIZE_STAMP_BITS = 16
      MAX_RESIZERS = 65535
      RESIZE_STAMP_SHIFT = 16
      MOVED = -1
      TREEBIN = -2
      RESERVED = -3
      HASH_BITS = 2147483647
      NCPU = 4
      serialPersistentFields = class java.io.ObjectStreamField[3]
      table = class java.util.concurrent.ConcurrentHashMap$Node[64]
      nextTable = null
      baseCount = 46
      sizeCtl = 48
      transferIndex = 0
      cellsBusy = 0
      counterCells = null
      keySet = class java.util.concurrent.ConcurrentHashMap$KeySetView@40d8d187
      values = class java.util.concurrent.ConcurrentHashMap$ValuesView@6a1eeb50
      entrySet = class java.util.concurrent.ConcurrentHashMap$EntrySetView@f208d65
      U = class jdk.internal.misc.Unsafe@4c9d1355
      SIZECTL = 20
      TRANSFERINDEX = 32
      BASECOUNT = 24
      CELLSBUSY = 36
      CELLVALUE = 144
      ABASE = 16
      ASHIFT = 2
      keySet = null
      values = null
    filterInfo = class java.util.HashMap@48583d02
      serialVersionUID = 362498820763181265
      DEFAULT_INITIAL_CAPACITY = 16
      MAXIMUM_CAPACITY = 1073741824
      DEFAULT_LOAD_FACTOR = 0.75
      TREEIFY_THRESHOLD = 8
      UNTREEIFY_THRESHOLD = 6
      MIN_TREEIFY_CAPACITY = 64
      table = class java.util.HashMap$Node[16]
      entrySet = null
      size = 2
      modCount = 2
      threshold = 12
      loadFactor = 0.75
      keySet = null
      values = class java.util.HashMap$Values@489c4e12
    mimeMappings = class java.util.HashMap@5828a3ac
      serialVersionUID = 362498820763181265
      DEFAULT_INITIAL_CAPACITY = 16
      MAXIMUM_CAPACITY = 1073741824
      DEFAULT_LOAD_FACTOR = 0.75
      TREEIFY_THRESHOLD = 8
      UNTREEIFY_THRESHOLD = 6
      MIN_TREEIFY_CAPACITY = 64
      table = null
      entrySet = null
      size = 0
      modCount = 0
      threshold = 0
      loadFactor = 0.75
      keySet = null
      values = null
    mimeFilters = null
    isMimeFilteringEnabled = false
    theWebGroup = null
    jspAttributes = class java.util.HashMap@6d43dcdf
      serialVersionUID = 362498820763181265
      DEFAULT_INITIAL_CAPACITY = 16
      MAXIMUM_CAPACITY = 1073741824
      DEFAULT_LOAD_FACTOR = 0.75
      TREEIFY_THRESHOLD = 8
      UNTREEIFY_THRESHOLD = 6
      MIN_TREEIFY_CAPACITY = 64
      table = class java.util.HashMap$Node[16]
      entrySet = null
      size = 2
      modCount = 2
      threshold = 12
      loadFactor = 0.75
      keySet = class java.util.HashMap$KeySet@3c8f0455
      values = null
    fileServingAttributes = class java.util.HashMap@70361a3b
      serialVersionUID = 362498820763181265
      DEFAULT_INITIAL_CAPACITY = 16
      MAXIMUM_CAPACITY = 1073741824
      DEFAULT_LOAD_FACTOR = 0.75
      TREEIFY_THRESHOLD = 8
      UNTREEIFY_THRESHOLD = 6
      MIN_TREEIFY_CAPACITY = 64
      table = null
      entrySet = null
      size = 0
      modCount = 0
      threshold = 0
      loadFactor = 0.75
      keySet = null
      values = null
    invokerAttributes = class java.util.HashMap@798f9912
      serialVersionUID = 362498820763181265
      DEFAULT_INITIAL_CAPACITY = 16
      MAXIMUM_CAPACITY = 1073741824
      DEFAULT_LOAD_FACTOR = 0.75
      TREEIFY_THRESHOLD = 8
      UNTREEIFY_THRESHOLD = 6
      MIN_TREEIFY_CAPACITY = 64
      table = null
      entrySet = null
      size = 0
      modCount = 0
      threshold = 0
      loadFactor = 0.75
      keySet = null
      values = null
    contextParams = class java.util.HashMap@64a7704c
      serialVersionUID = 362498820763181265
      DEFAULT_INITIAL_CAPACITY = 16
      MAXIMUM_CAPACITY = 1073741824
      DEFAULT_LOAD_FACTOR = 0.75
      TREEIFY_THRESHOLD = 8
      UNTREEIFY_THRESHOLD = 6
      MIN_TREEIFY_CAPACITY = 64
      table = class java.util.HashMap$Node[16]
      entrySet = null
      size = 4
      modCount = 4
      threshold = 12
      loadFactor = 0.75
      keySet = null
      values = null
    virtualHost = "default_host"
    exceptionErrorPages = class java.util.HashMap@1771ed23
      serialVersionUID = 362498820763181265
      DEFAULT_INITIAL_CAPACITY = 16
      MAXIMUM_CAPACITY = 1073741824
      DEFAULT_LOAD_FACTOR = 0.75
      TREEIFY_THRESHOLD = 8
      UNTREEIFY_THRESHOLD = 6
      MIN_TREEIFY_CAPACITY = 64
      table = class java.util.HashMap$Node[16]
      entrySet = null
      size = 1
      modCount = 1
      threshold = 12
      loadFactor = 0.75
      keySet = null
      values = null
    codeErrorPages = class java.util.HashMap@57d6da34
      serialVersionUID = 362498820763181265
      DEFAULT_INITIAL_CAPACITY = 16
      MAXIMUM_CAPACITY = 1073741824
      DEFAULT_LOAD_FACTOR = 0.75
      TREEIFY_THRESHOLD = 8
      UNTREEIFY_THRESHOLD = 6
      MIN_TREEIFY_CAPACITY = 64
      table = class java.util.HashMap$Node[16]
      entrySet = null
      size = 1
      modCount = 1
      threshold = 12
      loadFactor = 0.75
      keySet = null
      values = null
    tagLibList = null
    precompileJsps = false
    webApp = class com.ibm.ws.webcontainer31.osgi.webapp.WebApp31@77ee31b0
    virtualHostList = class java.util.Collections$EmptyList@2241fd
      serialVersionUID = 8842843931221139166
      modCount = 0
      MAX_ARRAY_SIZE = 2147483639
    appStartupWeight = 0
    moduleStartupWeight = 0
    metaDataComplete = false
    classesToScan = class java.util.ArrayList@52148ed5
      serialVersionUID = 8683452581122892189
      DEFAULT_CAPACITY = 10
      EMPTY_ELEMENTDATA = class java.lang.Object[0]
      DEFAULTCAPACITY_EMPTY_ELEMENTDATA = class java.lang.Object[0]
      elementData = class java.lang.Object[0]
      size = 0
      MAX_ARRAY_SIZE = 2147483639
      modCount = 0
      MAX_ARRAY_SIZE = 2147483639
    uriFilterMappingInfos = class java.util.ArrayList@deeb1cb
      serialVersionUID = 8683452581122892189
      DEFAULT_CAPACITY = 10
      EMPTY_ELEMENTDATA = class java.lang.Object[0]
      DEFAULTCAPACITY_EMPTY_ELEMENTDATA = class java.lang.Object[0]
      elementData = class java.lang.Object[10]
      size = 2
      MAX_ARRAY_SIZE = 2147483639
      modCount = 2
      MAX_ARRAY_SIZE = 2147483639
    servletFilterMappingInfos = null
    dynamicServletRegistrationMap = null
    applicationName = "daytrader7"
    libBinPathList = class java.util.ArrayList@15ee4da0
      serialVersionUID = 8683452581122892189
      DEFAULT_CAPACITY = 10
      EMPTY_ELEMENTDATA = class java.lang.Object[0]
      DEFAULTCAPACITY_EMPTY_ELEMENTDATA = class java.lang.Object[0]
      elementData = class java.lang.Object[10]
      size = 4
      MAX_ARRAY_SIZE = 2147483639
      modCount = 4
      MAX_ARRAY_SIZE = 2147483639
    webXmlDefinedListeners = class java.util.HashSet@74882253
      serialVersionUID = -5024744406713321676
      map = class java.util.HashMap@30154d73
      PRESENT = class java.lang.Object@70a02936
      MAX_ARRAY_SIZE = 2147483639
    allRefs = class java.util.EnumMap@21c7831
      keyType = class java.lang.Class@110849bd
      keyUniverse = class com.ibm.wsspi.injectionengine.JNDIEnvironmentRefType[14]
      vals = class java.lang.Object[14]
      size = 3
      NULL = class java.util.EnumMap$1@1354a083
      entrySet = null
      serialVersionUID = 458661240069192865
      keySet = null
      values = null
    allRefBindings = class java.util.EnumMap@7a84f150
      keyType = class java.lang.Class@110849bd
      keyUniverse = class com.ibm.wsspi.injectionengine.JNDIEnvironmentRefType[14]
      vals = class java.lang.Object[14]
      size = 6
      NULL = class java.util.EnumMap$1@1354a083
      entrySet = null
      serialVersionUID = 458661240069192865
      keySet = null
      values = null
    envEntryValues = class java.util.HashMap@1de020ed
      serialVersionUID = 362498820763181265
      DEFAULT_INITIAL_CAPACITY = 16
      MAXIMUM_CAPACITY = 1073741824
      DEFAULT_LOAD_FACTOR = 0.75
      TREEIFY_THRESHOLD = 8
      UNTREEIFY_THRESHOLD = 6
      MIN_TREEIFY_CAPACITY = 64
      table = null
      entrySet = class java.util.HashMap$EntrySet@78df8925
      size = 0
      modCount = 0
      threshold = 0
      loadFactor = 0.75
      keySet = null
      values = null
    resourceRefConfigList = class com.ibm.ws.resource.internal.ResourceRefConfigListImpl@28cf03b8
      ivList = class java.util.ArrayList@7808ab90
      ivMap = class java.util.HashMap@7b68235a
      serialVersionUID = 5502773099641523293
      $$$tc$$$ = class com.ibm.websphere.ras.TraceComponent@325e992a
    disallowAllFileServingProp = "false"
    disallowServeServletsByClassnameProp = "true"
    disableStaticMappingCache = false
    jspCachedLocations = class java.util.HashMap@49f33b60
      serialVersionUID = 362498820763181265
      DEFAULT_INITIAL_CAPACITY = 16
      MAXIMUM_CAPACITY = 1073741824
      DEFAULT_LOAD_FACTOR = 0.75
      TREEIFY_THRESHOLD = 8
      UNTREEIFY_THRESHOLD = 6
      MIN_TREEIFY_CAPACITY = 64
      table = class java.util.HashMap$Node[32]
      entrySet = class java.util.HashMap$EntrySet@7dc7ea29
      size = 15
      modCount = 15
      threshold = 24
      loadFactor = 0.75
      keySet = null
      values = null
    primedSTSHeader = "NoValue"
    enablemultireadofpostdata = false
    requestEncoding = null
    responseEncoding = null
    NULLSERVLETNAME = "com.ibm.ws.webcontainer.NullServletName"
    _id = "WebAppGeneratedId1"
    _attributes = null
    serialVersionUID = 7511545662945734886
    $$$tc$$$ = class com.ibm.websphere.ras.TraceComponent@4af5d177
      strings[0] = "TraceComponent[com.ibm.ws.container.BaseConfiguration,class com.ibm.ws.container.BaseConfiguration,[],null,null]"
  webApp = class com.ibm.ws.webcontainer31.osgi.webapp.WebApp31@77ee31b0
    tc = class com.ibm.websphere.ras.TraceComponent@1c5a65a5
      strings[0] = "TraceComponent[com.ibm.ws.webcontainer31.osgi.webapp.WebApp31,class com.ibm.ws.webcontainer31.osgi.webapp.WebApp31,[webcontainer],com.ibm.ws.webcontainer31.resources.Messages,null]"
    CLASS_NAME = "com.ibm.ws.webcontainer31.osgi.webapp.WebApp31"
    servlet31NLS = class com.ibm.ejs.ras.TraceNLS@14204d7f
      resolver = class com.ibm.ws.logging.internal.TraceNLSResolver@6a923a18
      finder = class com.ibm.ws.logging.internal.StackFinder@57226134
      ivBundleName = "com.ibm.ws.webcontainer31.resources.Messages"
      caller = class java.lang.Class@2121373a
    validListenerClasses = class java.lang.Class[7]
      Class[0] = class java.lang.Class@5fc1a627
      Class[1] = class java.lang.Class@103814f8
      Class[2] = class java.lang.Class@6a4081ae
      Class[3] = class java.lang.Class@42d7e33b
      Class[4] = class java.lang.Class@70f733f6
      Class[5] = class java.lang.Class@43db396d
      Class[6] = class java.lang.Class@4ac13444
    wsocServHandler = class com.ibm.ws.wsoc.external.WsocHandlerImpl@58d9f03e
      tc = class com.ibm.websphere.ras.TraceComponent@4ccbe8d4
      noMoreAddsCalled = true
      serialVersionUID = -2067291126638824067
    tc = class com.ibm.websphere.ras.TraceComponent@7d0acec5
      strings[0] = "TraceComponent[com.ibm.ws.webcontainer.osgi.webapp.WebApp,class com.ibm.ws.webcontainer.osgi.webapp.WebApp,[webcontainer],com.ibm.ws.webcontainer.resources.LShimMessages,null]"
    CLASS_NAME = "com.ibm.ws.webcontainer.osgi.webapp.WebApp"
    metaDataService = class com.ibm.ws.container.service.metadata.internal.MetaDataServiceImpl@253e2b8e
      applicationMetaDataManager = class com.ibm.ws.container.service.metadata.internal.ApplicationMetaDataManager@3268ffdd
      moduleMetaDataManager = class com.ibm.ws.container.service.metadata.internal.ModuleMetaDataManager@4773d836
      componentMetaDataManager = class com.ibm.ws.container.service.metadata.internal.ComponentMetaDataManager@5a9fe08d
      methodMetaDataManager = class com.ibm.ws.container.service.metadata.internal.MethodMetaDataManager@286603ca
      appModuleNameToModuleContainer = class java.util.concurrent.ConcurrentHashMap@5d85970c
      jeeNameToComponentMetaData = class java.util.concurrent.ConcurrentHashMap@46e56e2
      deferredMetaDataFactories = class com.ibm.wsspi.kernel.service.utils.ConcurrentServiceReferenceSet@2150556a
      deferredMetaDataInitializers = class com.ibm.wsspi.kernel.service.utils.ConcurrentServiceReferenceMap@39b07ad9
      serialVersionUID = -2494605732980966097
      $$$tc$$$ = class com.ibm.websphere.ras.TraceComponent@7ba25f11
    namespacePopulated = false
    referenceContext = class com.ibm.ws.injectionengine.osgi.internal.OSGiReferenceContextImpl@5eac6631
      scopeData = class com.ibm.ws.injectionengine.osgi.internal.OSGiInjectionScopeData@6c6898
      serialVersionUID = 521511923892134915
      $$$tc$$$ = class com.ibm.websphere.ras.TraceComponent@67bc083b
      CLASS_NAME = "com.ibm.ws.injectionengine.ReferenceContextImpl"
      tc = class com.ibm.websphere.ras.TraceComponent@38a04646
      ivInjectionEngine = class com.ibm.ws.injectionengine.osgi.internal.OSGiInjectionEngineImpl@1826680c
      ivProviders = class java.util.ArrayList@3ee5d0fa
      ivComponentJavaContext = null
      ivComponentNameSpace = null
      ivJavaColonCompEnvMap = class java.util.LinkedHashMap@5fba5ac5
      ivEjbContext10 = class java.util.Properties@1e8252b5
      ivResourceRefConfigList = class com.ibm.ws.resource.internal.ResourceRefConfigListImpl@5a6b409c
      isAlreadyProcessed = true
      ivProcessFailure = null
      ivInjectionTargetMap = class java.util.concurrent.ConcurrentHashMap@4a19392b
      svInjTarMapCacheSize = 256
      ivDeclaredInjectionTargets = class java.util.HashMap@47783edf
      ivProcessedInjectionClasses = class java.util.HashSet@4be3cb7f
      ivProcessedInjectionBindings = class java.util.LinkedHashSet@4b0c0d3f
      ivAnyProcessDynamic = true
      ivCheckAppConfig = false
    j2eeNameFactory = class com.ibm.ws.container.service.metadata.internal.J2EENameFactoryImpl@6224f769
      serialVersionUID = 3486344295038028821
      $$$tc$$$ = class com.ibm.websphere.ras.TraceComponent@636024b3
    moduleLoader = class com.ibm.ws.classloading.internal.AppClassLoader@28be5a78
      tc = class com.ibm.websphere.ras.TraceComponent@687eaeba
      PARENT_FIRST_SEARCH_ORDER = class java.util.Collections$UnmodifiableRandomAccessList@19da90f5
      CLASS_LOADING_TRACE_PREFIX = "com.ibm.ws.class.load."
      DEFAULT_PACKAGE = "default.package"
      perPackageClassLoadingTraceComponents = class java.util.concurrent.ConcurrentHashMap@100467d8
      config = class com.ibm.ws.classloading.internal.ClassLoaderConfigurationImpl@568c3c9d
      privateLibraries = null
      delegateLoaders = class com.ibm.ws.classloading.internal.util.CompositeIterable@85b4ef0
      nativeLibraryFiles = class java.util.ArrayList@5f3d5e78
      transformers = class java.util.ArrayList@6cb4c8e0
      apiAccess = class com.ibm.ws.classloading.internal.AppClassLoader@2c497c6e
      generator = class com.ibm.ws.classloading.internal.ClassGeneratorManager@484985f0
      protectionDomains = class java.util.concurrent.ConcurrentHashMap@5beb693f
      parent = class com.ibm.ws.classloading.internal.AppClassLoader@2c497c6e
      serialVersionUID = 952643806680066297
      tc = class com.ibm.websphere.ras.TraceComponent@6c2bc348
      EMPTY_URL_ARRAY = class java.net.URL[0]
      smartClassPath = class com.ibm.ws.classloading.internal.ContainerClassLoader$SmartClassPathImpl@995907c
      nativeLibraryContainers = class java.util.ArrayList@3ceed1a8
      redefiner = class com.ibm.ws.classloading.internal.util.ClassRedefiner@2d9585e
      mapCreationQueue = class java.util.concurrent.Executors$FinalizableDelegatedExecutorService@7467a24e
      serialVersionUID = 7249739282446266343
      serialVersionUID = -7411549862368381758
      $$$tc$$$ = class com.ibm.websphere.ras.TraceComponent@386ab16d
      serialVersionUID = -4868702105808481416
      $$$tc$$$ = class com.ibm.websphere.ras.TraceComponent@28c3cb8f
      serialVersionUID = 2596921220292114344
      $$$tc$$$ = class com.ibm.websphere.ras.TraceComponent@11c62bca
      initialized = true
      pdcache = class java.util.concurrent.ConcurrentHashMap@7657ed1d
      parent = class com.ibm.ws.classloading.internal.AppClassLoader@2c497c6e
      name = null
      unnamedModule = class java.lang.Module@7675d079
      parallelLockMap = null
      package2certs = class java.util.Hashtable@5346a8bb
      nocerts = class java.security.cert.Certificate[0]
      classes = class java.util.Vector@196f40ea
      defaultDomain = class java.security.ProtectionDomain@509969df
      packages = class java.util.concurrent.ConcurrentHashMap@8378dad
      scl = class jdk.internal.loader.ClassLoaders$AppClassLoader@7591083d
      usr_paths = class java.lang.String[35]
      sys_paths = class java.lang.String[1]
      loadedLibraryNames = class java.util.HashSet@13b76365
      systemNativeLibraries = class java.util.concurrent.ConcurrentHashMap@6178256d
      nativeLibraries = null
      assertionLock = class com.ibm.ws.classloading.internal.AppClassLoader@28be5a78
      defaultAssertionStatus = false
      packageAssertionStatus = null
      classAssertionStatus = null
      classLoaderValueMap = class java.util.concurrent.ConcurrentHashMap@6ed2ff60
      $assertionsDisabled = true
    webAppConfig = class com.ibm.ws.webcontainer.osgi.webapp.WebAppConfiguration@45eccc12
    extensionProcessingDisabled = false
    managedObjectService = class com.ibm.ws.cdi.impl.managedobject.CDIManagedObjectService@821e87e
      cdiServiceRef = class com.ibm.wsspi.kernel.service.utils.AtomicServiceReference@3ee95da7
      defaultMOSRef = class com.ibm.wsspi.kernel.service.utils.AtomicServiceReference@3529b4ba
      cdiRuntime = class com.ibm.ws.cdi.liberty.CDIRuntimeImpl@6ffcafdd
      serialVersionUID = 315221146154657842
      $$$tc$$$ = class com.ibm.websphere.ras.TraceComponent@1b33e0d9
    GenPluginCfgMB = null
    internalServletMetaData = interface com.ibm.wsspi.webcontainer.metadata.WebComponentMetaData[2]
      WebComponentMetaData[0] = null
      WebComponentMetaData[1] = null
    loginProcessor = null
    logoutProcessor = null
    collabHelper = class com.ibm.ws.webcontainer.osgi.collaborator.CollaboratorHelperImpl@53e2648f
    envObject = class com.ibm.ws.util.WSThreadLocal@7c27fa84
      tc = class com.ibm.ejs.ras.TraceComponent@3fe5cbd7
      count = 11
      index = 4
      SUSPECTED_MISUSAGE_THRESHOLD = 200
      threadLocalHashCode = 1080597282
      nextHashCode = class java.util.concurrent.atomic.AtomicInteger@7ec6a346
      HASH_INCREMENT = 1640531527
    orderedLibPaths = class java.util.Collections$UnmodifiableRandomAccessList@5526a253
    perm = class com.ibm.websphere.security.WebSphereRuntimePermission@4a4d2db5
      serialVersionUID = -3306242789188168337
      $$$tc$$$ = class com.ibm.websphere.ras.TraceComponent@1c1fb5d4
      serialVersionUID = 6279438298436773498
      wildcard = false
      path = "accessServletContext"
      exitVM = false
      serialVersionUID = -5636570222231596674
      name = "accessServletContext"
    WELCOME_FILE_LIST = "com.ibm.ws.webcontainer.config.WelcomeFileList"
    DIR_BROWSING_MAPPING = "__dirBrowsing__1527239659545"
    FILTER_PROXY_MAPPING = "/__filterProxy__1527239659545"
    logger = class com.ibm.ws.logging.internal.WsLogger@70bf9a4
    CLASS_NAME = "com.ibm.ws.webcontainer.webapp.WebApp"
    loader = class com.ibm.ws.classloading.internal.ThreadContextClassLoader@5239134c
      tc = class com.ibm.websphere.ras.TraceComponent@496ff7b
      bundle = class java.util.concurrent.atomic.AtomicReference@1a210519
      key = "WebModule:daytrader7#daytrader-ee7-web.war"
      refCount = class java.util.concurrent.atomic.AtomicInteger@10c0b3d7
      appLoader = class com.ibm.ws.classloading.internal.AppClassLoader@28be5a78
      clSvc = class com.ibm.ws.classloading.internal.ClassLoadingServiceImpl@53857bf6
      serialVersionUID = 846416563800781557
      followOnClassLoaders = class java.util.ArrayList@6d8ce2e5
      serialVersionUID = -5107316606107305512
      $$$tc$$$ = class com.ibm.websphere.ras.TraceComponent@4e6e36ef
      serialVersionUID = -4868702105808481416
      $$$tc$$$ = class com.ibm.websphere.ras.TraceComponent@28c3cb8f
      serialVersionUID = 2596921220292114344
      $$$tc$$$ = class com.ibm.websphere.ras.TraceComponent@11c62bca
      initialized = true
      pdcache = class java.util.concurrent.ConcurrentHashMap@3a474969
      parent = class com.ibm.ws.classloading.internal.GatewayClassLoader@1a79e50e
      name = null
      unnamedModule = class java.lang.Module@6f7e39a0
      parallelLockMap = null
      package2certs = class java.util.Hashtable@285c9af5
      nocerts = class java.security.cert.Certificate[0]
      classes = class java.util.Vector@3d97da22
      defaultDomain = class java.security.ProtectionDomain@37868cbf
      packages = class java.util.concurrent.ConcurrentHashMap@370a9727
      scl = class jdk.internal.loader.ClassLoaders$AppClassLoader@7591083d
      usr_paths = class java.lang.String[35]
      sys_paths = class java.lang.String[1]
      loadedLibraryNames = class java.util.HashSet@13b76365
      systemNativeLibraries = class java.util.concurrent.ConcurrentHashMap@6178256d
      nativeLibraries = null
      assertionLock = class com.ibm.ws.classloading.internal.ThreadContextClassLoader@5239134c
      defaultAssertionStatus = false
      packageAssertionStatus = null
      classAssertionStatus = null
      classLoaderValueMap = class java.util.concurrent.ConcurrentHashMap@7bcd2801
      $assertionsDisabled = true
    facade = class com.ibm.ws.webcontainer31.facade.ServletContextFacade31@50637d81
      context = class com.ibm.ws.webcontainer31.osgi.webapp.WebApp31@77ee31b0
    features = class java.util.ArrayList@4e1e44d1
      serialVersionUID = 8683452581122892189
      DEFAULT_CAPACITY = 10
      EMPTY_ELEMENTDATA = class java.lang.Object[0]
      DEFAULTCAPACITY_EMPTY_ELEMENTDATA = class java.lang.Object[0]
      elementData = class java.lang.Object[0]
      size = 0
      MAX_ARRAY_SIZE = 2147483639
      modCount = 0
      MAX_ARRAY_SIZE = 2147483639
    applicationName = "daytrader7"
    config = class com.ibm.ws.webcontainer.osgi.webapp.WebAppConfiguration@45eccc12
    securityEnabledForApp = false
    webExtensionProcessor = class com.ibm.ws.webcontainer.osgi.extension.WebExtensionProcessor@dae644c
      webApp = class com.ibm.ws.webcontainer31.osgi.webapp.WebApp31@77ee31b0
      extensionContext = class com.ibm.ws.webcontainer31.osgi.webapp.WebApp31@77ee31b0
    production = true
    isServlet23 = true
    contextPath = "/daytrader"
    internalServletList = class [Ljava.lang.String;[2]
      String[][0] = class java.lang.String[2]
      String[][1] = class java.lang.String[2]
    BY_NAME_ONLY = "/_1527239659545_/"
    filterManager = class com.ibm.ws.webcontainer.osgi.filter.WebAppFilterManagerImpl@f1fdaa0
    documentRoot = null
    SERVLET_API_VERSION = "Servlet 2.5"
    disableServletAuditLogging = -1
    serverInfo = "IBM WebSphere Liberty/${liberty.service.version}"
    sessionCtx = class com.ibm.ws.webcontainer31.session.impl.HttpSessionContext31Impl@65e93fe8
      methodClassName = "HttpSessionContextImpl"
      _smc = class com.ibm.ws.session.SessionManagerConfig@6f7be326
      sessionStoreService = null
      _sap = class com.ibm.ws.session.SessionApplicationParameters@5bf84142
      _coreHttpSessionManager = class com.ibm.ws.session.SessionManager@4336120b
      _coreHttpAppSessionManager = null
      _sam = class com.ibm.ws.webcontainer.session.impl.SessionAffinityManagerImpl@78a3486f
      isSIPApplication = false
      sessionAttributeListener = true
      sessionListener = true
      mHttpSessionAttributeListeners = class java.util.ArrayList@279f774
      mHttpSessionListeners = class java.util.ArrayList@1b124428
      mHttpSessionIdListeners = class java.util.ArrayList@68c7ab0b
      mHttpSessionAttributeListenersJ2eeNames = class java.util.ArrayList@a45764c
      mHttpSessionListenersJ2eeNames = class java.util.ArrayList@47cae227
      mHttpSessionIdListenersJ2eeNames = class java.util.ArrayList@4e70ddf2
      mLocalHost = null
      _refCount = 1
      currentThreadSacHashtable = null
      methodClassName = "SessionContext"
      ANONYMOUS_USER = "anonymous"
      wasHttpSessionObserver = class com.ibm.ws.session.WasHttpSessionObserver@1bbaa8c4
      wasHttpSessionAttributeObserver = null
      _invalidator = class com.ibm.ws.session.SessionInvalidatorWithThreadPool@3a6c5ae9
      _storer = class com.ibm.ws.session.EOSSessionStorer@2aa74c59
      wasHttpAppSessionObserver = null
      mHttpAppSessionListeners = null
      cmvcInfo = "CMVC Version 1.9 6/24/07 11:12:24"
      _loggedVersion = true
      CREATE_CORE_SESSION_MANAGER = 0
      GET_REQUESTED_SESSION_ID = 1
      GET_IHTTP_SESSION = 2
      SESSION_PRE_INVOKE = 3
      SESSION_POST_INVOKE = 4
      STOP = 5
      STOP_LISTENERS = 6
      IS_VALID = 7
      ENCODE_URL = 8
      SHOULD_ENCODE_URL = 9
      IS_PROTOCOL_SWITCH = 10
      GET_LOCAL_HOST = 11
      ADD_HTTP_SESSION_ATTRIBUTE_LISTENER = 12
      ADD_HTTP_SESSION_LISTENER = 13
      GET_SESSION_AFFINITY_CONTEXT = 14
      CHECK_SECURITY = 15
      INVALIDATE = 16
      CHECK_SESSSIONID_IS_RIGHT_LENGTH = 17
      LOCK_SESSION = 18
      UNLOCK_SESSION = 19
      ADD_HTTP_SESSION_ID_LISTENER = 20
      methodNames = class java.lang.String[21]
    eventSource = class com.ibm.ws.webcontainer.webapp.WebAppEventSource@6205c13c
    nls = class com.ibm.ejs.ras.TraceNLS@596dd748
      resolver = class com.ibm.ws.logging.internal.TraceNLSResolver@6a923a18
      finder = class com.ibm.ws.logging.internal.StackFinder@57226134
      ivBundleName = "com.ibm.ws.webcontainer.resources.Messages"
      caller = class java.lang.Class@179f35c6
    liberty_nls = class com.ibm.ejs.ras.TraceNLS@279f542d
      resolver = class com.ibm.ws.logging.internal.TraceNLSResolver@6a923a18
      finder = class com.ibm.ws.logging.internal.StackFinder@57226134
      ivBundleName = "com.ibm.ws.webcontainer.resources.LShimMessages"
      caller = class java.lang.Class@179f35c6
    error_nls = class com.ibm.ejs.ras.TraceNLS@6774739f
      resolver = class com.ibm.ws.logging.internal.TraceNLSResolver@6a923a18
      finder = class com.ibm.ws.logging.internal.StackFinder@57226134
      ivBundleName = "com.ibm.ws.webcontainer.resources.ErrorPage"
      caller = class java.lang.Class@179f35c6
    sessionListeners = class java.util.ArrayList@4bce16e6
      serialVersionUID = 8683452581122892189
      DEFAULT_CAPACITY = 10
      EMPTY_ELEMENTDATA = class java.lang.Object[0]
      DEFAULTCAPACITY_EMPTY_ELEMENTDATA = class java.lang.Object[0]
      elementData = class java.lang.Object[10]
      size = 4
      MAX_ARRAY_SIZE = 2147483639
      modCount = 5
      MAX_ARRAY_SIZE = 2147483639
    sessionIdListeners = class java.util.ArrayList@7c2e4f40
      serialVersionUID = 8683452581122892189
      DEFAULT_CAPACITY = 10
      EMPTY_ELEMENTDATA = class java.lang.Object[0]
      DEFAULTCAPACITY_EMPTY_ELEMENTDATA = class java.lang.Object[0]
      elementData = class java.lang.Object[0]
      size = 0
      MAX_ARRAY_SIZE = 2147483639
      modCount = 0
      MAX_ARRAY_SIZE = 2147483639
    sessionAttrListeners = class java.util.ArrayList@21cd52d4
      serialVersionUID = 8683452581122892189
      DEFAULT_CAPACITY = 10
      EMPTY_ELEMENTDATA = class java.lang.Object[0]
      DEFAULTCAPACITY_EMPTY_ELEMENTDATA = class java.lang.Object[0]
      elementData = class java.lang.Object[10]
      size = 1
      MAX_ARRAY_SIZE = 2147483639
      modCount = 2
      MAX_ARRAY_SIZE = 2147483639
    addedSessionListeners = class java.util.ArrayList@65e135f9
      serialVersionUID = 8683452581122892189
      DEFAULT_CAPACITY = 10
      EMPTY_ELEMENTDATA = class java.lang.Object[0]
      DEFAULTCAPACITY_EMPTY_ELEMENTDATA = class java.lang.Object[0]
      elementData = class java.lang.Object[10]
      size = 1
      MAX_ARRAY_SIZE = 2147483639
      modCount = 1
      MAX_ARRAY_SIZE = 2147483639
    addedSessionAttrListeners = class java.util.ArrayList@5e237685
      serialVersionUID = 8683452581122892189
      DEFAULT_CAPACITY = 10
      EMPTY_ELEMENTDATA = class java.lang.Object[0]
      DEFAULTCAPACITY_EMPTY_ELEMENTDATA = class java.lang.Object[0]
      elementData = class java.lang.Object[10]
      size = 1
      MAX_ARRAY_SIZE = 2147483639
      modCount = 1
      MAX_ARRAY_SIZE = 2147483639
    servletContextListeners = class java.util.ArrayList@50f9664e
      serialVersionUID = 8683452581122892189
      DEFAULT_CAPACITY = 10
      EMPTY_ELEMENTDATA = class java.lang.Object[0]
      DEFAULTCAPACITY_EMPTY_ELEMENTDATA = class java.lang.Object[0]
      elementData = class java.lang.Object[10]
      size = 5
      MAX_ARRAY_SIZE = 2147483639
      modCount = 6
      MAX_ARRAY_SIZE = 2147483639
    servletContextLAttrListeners = class java.util.ArrayList@1be9d577
      serialVersionUID = 8683452581122892189
      DEFAULT_CAPACITY = 10
      EMPTY_ELEMENTDATA = class java.lang.Object[0]
      DEFAULTCAPACITY_EMPTY_ELEMENTDATA = class java.lang.Object[0]
      elementData = class java.lang.Object[10]
      size = 1
      MAX_ARRAY_SIZE = 2147483639
      modCount = 2
      MAX_ARRAY_SIZE = 2147483639
    servletRequestListeners = class java.util.ArrayList@774b750e
      serialVersionUID = 8683452581122892189
      DEFAULT_CAPACITY = 10
      EMPTY_ELEMENTDATA = class java.lang.Object[0]
      DEFAULTCAPACITY_EMPTY_ELEMENTDATA = class java.lang.Object[0]
      elementData = class java.lang.Object[10]
      size = 3
      MAX_ARRAY_SIZE = 2147483639
      modCount = 4
      MAX_ARRAY_SIZE = 2147483639
    servletRequestLAttrListeners = class java.util.ArrayList@3299b23c
      serialVersionUID = 8683452581122892189
      DEFAULT_CAPACITY = 10
      EMPTY_ELEMENTDATA = class java.lang.Object[0]
      DEFAULTCAPACITY_EMPTY_ELEMENTDATA = class java.lang.Object[0]
      elementData = class java.lang.Object[10]
      size = 1
      MAX_ARRAY_SIZE = 2147483639
      modCount = 2
      MAX_ARRAY_SIZE = 2147483639
    prependSlashToResource = false
    destroyed = true
    webAppNameSpaceCollab = class com.ibm.ws.webcontainer.osgi.collaborator.WebAppNameSpaceCollaboratorImpl@3577e349
    txCollab = class com.ibm.ws.transaction.services.WebAppTransactionCollaboratorImpl@5c79cca9
    sessionActivationListeners = class java.util.ArrayList@29496937
      serialVersionUID = 8683452581122892189
      DEFAULT_CAPACITY = 10
      EMPTY_ELEMENTDATA = class java.lang.Object[0]
      DEFAULTCAPACITY_EMPTY_ELEMENTDATA = class java.lang.Object[0]
      elementData = class java.lang.Object[0]
      size = 0
      MAX_ARRAY_SIZE = 2147483639
      modCount = 1
      MAX_ARRAY_SIZE = 2147483639
    sessionBindingListeners = class java.util.ArrayList@7cde4304
      serialVersionUID = 8683452581122892189
      DEFAULT_CAPACITY = 10
      EMPTY_ELEMENTDATA = class java.lang.Object[0]
      DEFAULTCAPACITY_EMPTY_ELEMENTDATA = class java.lang.Object[0]
      elementData = class java.lang.Object[0]
      size = 0
      MAX_ARRAY_SIZE = 2147483639
      modCount = 1
      MAX_ARRAY_SIZE = 2147483639
    scratchdir = null
    jspClassLoaderLimit = 0
    jspClassLoaderExclusionList = null
    jspClassLoadersMap = null
    jspClassLoaderLimitTrackIF = false
    defaultExtProc = null
    directoryBrowsingServlet = null
    cdiContexts = class java.util.concurrent.ConcurrentHashMap@5011ba94
      serialVersionUID = 7249069246763182397
      MAXIMUM_CAPACITY = 1073741824
      DEFAULT_CAPACITY = 16
      MAX_ARRAY_SIZE = 2147483639
      DEFAULT_CONCURRENCY_LEVEL = 16
      LOAD_FACTOR = 0.75
      TREEIFY_THRESHOLD = 8
      UNTREEIFY_THRESHOLD = 6
      MIN_TREEIFY_CAPACITY = 64
      MIN_TRANSFER_STRIDE = 16
      RESIZE_STAMP_BITS = 16
      MAX_RESIZERS = 65535
      RESIZE_STAMP_SHIFT = 16
      MOVED = -1
      TREEBIN = -2
      RESERVED = -3
      HASH_BITS = 2147483647
      NCPU = 4
      serialPersistentFields = class java.io.ObjectStreamField[3]
      table = class java.util.concurrent.ConcurrentHashMap$Node[16]
      nextTable = null
      baseCount = 1
      sizeCtl = 12
      transferIndex = 0
      cellsBusy = 0
      counterCells = null
      keySet = null
      values = null
      entrySet = null
      U = class jdk.internal.misc.Unsafe@4c9d1355
      SIZECTL = 20
      TRANSFERINDEX = 32
      BASECOUNT = 24
      CELLSBUSY = 36
      CELLVALUE = 144
      ABASE = 16
      ASHIFT = 2
      keySet = null
      values = null
    moduleConfig = class com.ibm.ws.webcontainer.osgi.container.DeployedModule@2fe6faf8
      tc = class com.ibm.websphere.ras.TraceComponent@448b5081
      loader = class com.ibm.ws.classloading.internal.ThreadContextClassLoader@5239134c
      webApp = class com.ibm.ws.webcontainer31.osgi.webapp.WebApp31@77ee31b0
      webAppConfig = class com.ibm.ws.webcontainer.osgi.webapp.WebAppConfiguration@45eccc12
      contextRootAdded = null
      properContextRoot = "/daytrader"
      mappingContextRoot = "/daytrader/*"
      serialVersionUID = -2104814060051592457
      $$$tc$$$ = class com.ibm.websphere.ras.TraceComponent@5a73bb16
    extensionFactories = class java.util.ArrayList@4d842ee2
      serialVersionUID = 8683452581122892189
      DEFAULT_CAPACITY = 10
      EMPTY_ELEMENTDATA = class java.lang.Object[0]
      DEFAULTCAPACITY_EMPTY_ELEMENTDATA = class java.lang.Object[0]
      elementData = class java.lang.Object[10]
      size = 3
      MAX_ARRAY_SIZE = 2147483639
      modCount = 7
      MAX_ARRAY_SIZE = 2147483639
    initialized = true
    lock = class com.ibm.ws.webcontainer.webapp.WebApp$1@434c8235
      this$0 = class com.ibm.ws.webcontainer31.osgi.webapp.WebApp31@77ee31b0
    afterServletContextCreated = false
    redirectContextRoot = false
    errorExceptionTypeFirst = false
    initFilterBeforeServletInit = false
    sortedServletConfigs = class java.util.ArrayList@1ed455d2
      serialVersionUID = 8683452581122892189
      DEFAULT_CAPACITY = 10
      EMPTY_ELEMENTDATA = class java.lang.Object[0]
      DEFAULTCAPACITY_EMPTY_ELEMENTDATA = class java.lang.Object[0]
      elementData = class java.lang.Object[49]
      size = 45
      MAX_ARRAY_SIZE = 2147483639
      modCount = 45
      MAX_ARRAY_SIZE = 2147483639
    effectiveMajorVersion = 3
    effectiveMinorVersion = 1
    canAddServletContextListener = true
    withinContextInitOfProgAddListener = false
    lastProgAddListenerInitialized = "com.ibm.ws.wsoc.WsocServletContextListener"
    webInfLibClassloader = null
    metaInfCache = class com.ibm.ws.webcontainer.webapp.WebApp$2@6fd5dca
      this$0 = class com.ibm.ws.webcontainer31.osgi.webapp.WebApp31@77ee31b0
      serialVersionUID = 3801124242820219131
      head = null
      tail = null
      accessOrder = true
      serialVersionUID = 362498820763181265
      DEFAULT_INITIAL_CAPACITY = 16
      MAXIMUM_CAPACITY = 1073741824
      DEFAULT_LOAD_FACTOR = 0.75
      TREEIFY_THRESHOLD = 8
      UNTREEIFY_THRESHOLD = 6
      MIN_TREEIFY_CAPACITY = 64
      table = null
      entrySet = null
      size = 0
      modCount = 0
      threshold = 32
      loadFactor = 1.0
      keySet = null
      values = null
    useMetaInfCache = true
    SUN_CONFIGURE_LISTENER_CLASSNAME = "com.sun.faces.config.ConfigureListener"
    MYFACES_LIFECYCLE_LISTENER_CLASSNAME = "org.apache.myfaces.webapp.StartupServletContextListener"
    JSF_IMPL_ENABLED_PARAM = "com.ibm.ws.jsf.JSF_IMPL_ENABLED"
    JSF_IMPL_ENABLED_CUSTOM = "Custom"
    JSF_IMPL_ENABLED_NONE = "None"
    staticDocRoot = class com.ibm.ws.webcontainer.util.DocumentRootUtils@6a6290c9
      logger = class com.ibm.ws.logging.internal.WsLogger@3564fd00
      CLASS_NAME = "com.ibm.ws.webcontainer.util.DocumentRootUtils"
      useContentLength = false
      matchedFile = null
      matchedZipFile = null
      matchedEntry = null
      matchedURL = null
      edrRoot = null
      pfedrRoot = null
      ctxt = class com.ibm.ws.webcontainer31.osgi.webapp.WebApp31@77ee31b0
      baseDir = null
      edr = null
      pfedr = null
      metaInfRes = null
      searchpfEDR = false
      searchEDR = false
      searchMetaInfRes = true
      matchFromEDR = false
      matchFromMetaInfRes = false
      matchIsADirectory = false
      appConfig = class com.ibm.ws.webcontainer.osgi.webapp.WebAppConfiguration@45eccc12
      attributeType = "staticFile"
      STATIC_FILE = "staticFile"
      JSP = "jsp"
      PFEDR = "preFragmentExtendedDocumentRoot"
      EDR = "extendedDocumentRoot"
    jspDocRoot = class com.ibm.ws.webcontainer.util.DocumentRootUtils@4d18ea9a
      logger = class com.ibm.ws.logging.internal.WsLogger@3564fd00
      CLASS_NAME = "com.ibm.ws.webcontainer.util.DocumentRootUtils"
      useContentLength = false
      matchedFile = null
      matchedZipFile = null
      matchedEntry = null
      matchedURL = null
      edrRoot = null
      pfedrRoot = null
      ctxt = class com.ibm.ws.webcontainer31.osgi.webapp.WebApp31@77ee31b0
      baseDir = null
      edr = null
      pfedr = null
      metaInfRes = null
      searchpfEDR = false
      searchEDR = false
      searchMetaInfRes = true
      matchFromEDR = false
      matchFromMetaInfRes = false
      matchIsADirectory = false
      appConfig = class com.ibm.ws.webcontainer.osgi.webapp.WebAppConfiguration@45eccc12
      attributeType = "jsp"
      STATIC_FILE = "staticFile"
      JSP = "jsp"
      PFEDR = "preFragmentExtendedDocumentRoot"
      EDR = "extendedDocumentRoot"
    container = class com.ibm.ws.adaptable.module.internal.InterpretedContainerImpl@f0607d
      structureHelper = class com.ibm.ws.app.manager.ear.internal.EARStructureHelper@1d22f424
      structureHelperSaysWeAreRoot = false
      structureHelperLocalRootDelegate = null
      serialVersionUID = -4533432718946765504
      $$$tc$$$ = class com.ibm.websphere.ras.TraceComponent@2d66c0a
      root = class com.ibm.ws.adaptable.module.internal.InterpretedContainerImpl@f0607d
      rootOverlay = class com.ibm.ws.artifact.overlay.internal.DirectoryBasedOverlayContainerImpl@53b0294f
      factoryHolder = class com.ibm.ws.adaptable.module.internal.AdaptableModuleFactoryImpl@184e3cd4
      delegate = class com.ibm.ws.artifact.overlay.internal.DirectoryBasedOverlayContainerImpl@53b0294f
      notifier = class com.ibm.ws.adaptable.module.internal.InterpretedNotifier@241ffc8f
      serialVersionUID = -5621513278641113667
      $$$tc$$$ = class com.ibm.websphere.ras.TraceComponent@1a2b634b
    metaInfResourceFinder = class com.ibm.ws.webcontainer.util.MetaInfResourceFinder@71de5c2e
      jarResourceContainers = class java.util.ArrayList@1aae7103
      container = class com.ibm.ws.adaptable.module.internal.InterpretedContainerImpl@f0607d
    postConstructMethods = class com.ibm.ws.webcontainer.webapp.WebApp$AnnotatedMethods@1d215cd2
      annotationClass = class java.lang.Class@e8f1075
      noOpClassNames = class java.util.HashSet@84ac4e6
      annotatedMethodNames = class java.util.concurrent.ConcurrentHashMap@4814cad2
      EMPTY_METHODS = class java.lang.reflect.Method[0]
    preDestroyMethods = class com.ibm.ws.webcontainer.webapp.WebApp$AnnotatedMethods@63bb6367
      annotationClass = class java.lang.Class@6129e37d
      noOpClassNames = class java.util.HashSet@1bfb8bd1
      annotatedMethodNames = class java.util.concurrent.ConcurrentHashMap@7986b6e5
      EMPTY_METHODS = class java.lang.reflect.Method[0]
    upgraded = false
    OBJ_EMPTY = class java.lang.Object[0]
    CLASS_EMPTY = class java.lang.Class[0]
    DEFAULT_JSP_EXTENSIONS = class java.util.ArrayList@697d19b0
      serialVersionUID = 8683452581122892189
      DEFAULT_CAPACITY = 10
      EMPTY_ELEMENTDATA = class java.lang.Object[0]
      DEFAULTCAPACITY_EMPTY_ELEMENTDATA = class java.lang.Object[0]
      elementData = class java.lang.Object[10]
      size = 4
      MAX_ARRAY_SIZE = 2147483639
      modCount = 4
      MAX_ARRAY_SIZE = 2147483639
    DEFER_SERVLET_REQUEST_LISTENER_DESTROY_ON_ERROR = false
    DO_ACCEPT_PARTIAL = true
    DO_NOT_ACCEPT_PARTIAL = false
    DO_ACCEPT_EXCLUDED = true
    DO_NOT_ACCEPT_EXCLUDED = false
    commands = class java.util.ArrayList@6a41179d
      serialVersionUID = 8683452581122892189
      DEFAULT_CAPACITY = 10
      EMPTY_ELEMENTDATA = class java.lang.Object[0]
      DEFAULTCAPACITY_EMPTY_ELEMENTDATA = class java.lang.Object[0]
      elementData = class java.lang.Object[3]
      size = 0
      MAX_ARRAY_SIZE = 2147483639
      modCount = 0
      MAX_ARRAY_SIZE = 2147483639
    requestMapper = class com.ibm.wsspi.webcontainer.util.URIMapper@7d9101cb
      matcher = class com.ibm.wsspi.webcontainer.util.URIMatcher@9dd80c6
    parent = class com.ibm.ws.webcontainer.osgi.webapp.WebGroup@4589e545
      tc = class com.ibm.websphere.ras.TraceComponent@4c8d9b20
      logger = class com.ibm.ws.logging.internal.WsLogger@70bf9a4
      CLASS_NAME = "com.ibm.ws.webcontainer.webapp.WebGroup"
      sessUrlRewritePrefix = ";jsessionid="
      qMark = "?"
      config = class com.ibm.ws.webcontainer.osgi.webapp.WebGroupConfiguration@1615dda5
      webApp = class com.ibm.ws.webcontainer31.osgi.webapp.WebApp31@77ee31b0
      commands = class java.util.ArrayList@22fb702f
      requestMapper = null
      parent = class com.ibm.ws.webcontainer.osgi.DynamicVirtualHost@12e96714
      name = "/daytrader/*"
      isAlive = true
      subElements = class java.util.HashMap@5baba2ef
      attributes = null
      config = null
      serialVersionUID = -8271459000149267764
      $$$tc$$$ = class com.ibm.websphere.ras.TraceComponent@665b92b8
    name = "daytrader-ee7-web"
    isAlive = true
    subElements = null
    attributes = class java.util.concurrent.ConcurrentHashMap@4438c4dd
      serialVersionUID = 7249069246763182397
      MAXIMUM_CAPACITY = 1073741824
      DEFAULT_CAPACITY = 16
      MAX_ARRAY_SIZE = 2147483639
      DEFAULT_CONCURRENCY_LEVEL = 16
      LOAD_FACTOR = 0.75
      TREEIFY_THRESHOLD = 8
      UNTREEIFY_THRESHOLD = 6
      MIN_TREEIFY_CAPACITY = 64
      MIN_TRANSFER_STRIDE = 16
      RESIZE_STAMP_BITS = 16
      MAX_RESIZERS = 65535
      RESIZE_STAMP_SHIFT = 16
      MOVED = -1
      TREEBIN = -2
      RESERVED = -3
      HASH_BITS = 2147483647
      NCPU = 4
      serialPersistentFields = class java.io.ObjectStreamField[3]
      table = class java.util.concurrent.ConcurrentHashMap$Node[64]
      nextTable = null
      baseCount = 47
      sizeCtl = 48
      transferIndex = 0
      cellsBusy = 0
      counterCells = null
      keySet = null
      values = null
      entrySet = null
      U = class jdk.internal.misc.Unsafe@4c9d1355
      SIZECTL = 20
      TRANSFERINDEX = 32
      BASECOUNT = 24
      CELLSBUSY = 36
      CELLVALUE = 144
      ABASE = 16
      ASHIFT = 2
      keySet = null
      values = null
    config = null
    serialVersionUID = -8271459000149267764
    $$$tc$$$ = class com.ibm.websphere.ras.TraceComponent@665b92b8
      strings[0] = "TraceComponent[com.ibm.ws.container.AbstractContainer,class com.ibm.ws.container.AbstractContainer,[],null,null]"
  collabHelper = class com.ibm.ws.webcontainer.osgi.collaborator.CollaboratorHelperImpl@53e2648f
    webAppInvCollabs = class java.util.Collections$UnmodifiableSet@41938ca8
      serialVersionUID = -9215047833775013803
      serialVersionUID = 1820017752578914078
      c = class java.util.concurrent.CopyOnWriteArraySet@56f18264
    securityDomainForApp = null
    logger = class com.ibm.ws.logging.internal.WsLogger@541ea594
      tc = class com.ibm.websphere.ras.TraceComponent@425f948d
      ivCachedResourceBundleName = null
      ivCachedResourceBundle = null
      ivComponent = null
      ivOrganization = null
      ivProduct = null
      ivMinimumLocalizationLevelIntValue = 625
      ivTC = class com.ibm.websphere.ras.TraceComponent@2169bc2d
      loggerRegistrationComponent = class java.lang.ThreadLocal@52b7dcbb
      emptyHandlers = class java.util.logging.Handler[0]
      offValue = 2147483647
      SYSTEM_LOGGER_RB_NAME = "sun.util.logging.resources.logging"
      SYSTEM_BUNDLE = class java.util.logging.Logger$LoggerBundle@7c8fd286
      NO_RESOURCE_BUNDLE = class java.util.logging.Logger$LoggerBundle@12ed923c
      config = class java.util.logging.Logger$ConfigurationData@5ba58fb1
      manager = class com.ibm.ws.kernel.boot.logging.WsLogManager@76ce69be
      name = "com.ibm.ws.webcontainer.collaborator"
      loggerBundle = class java.util.logging.Logger$LoggerBundle@2a737ebf
      anonymous = false
      catalog = class com.ibm.ws.webcontainer.resources.Messages@ad59ed7
      catalogName = "com.ibm.ws.webcontainer.resources.Messages"
      catalogLocale = class java.util.Locale@115c4916
      treeLock = class java.lang.Object@14da411a
      parent = class com.ibm.ws.logging.internal.WsLogger@5c35f204
      kids = null
      callerModuleRef = class java.lang.ref.WeakReference@3fbaf7be
      isSystemLogger = false
      GLOBAL_LOGGER_NAME = "global"
      global = class java.util.logging.Logger@9d70eca
    staticDefaultSecurityCollaborator = class com.ibm.ws.webcontainer.collaborator.WebAppSecurityCollaborator@412a1957
    logger = class com.ibm.ws.logging.internal.WsLogger@c4f5de4
      tc = class com.ibm.websphere.ras.TraceComponent@425f948d
      ivCachedResourceBundleName = null
      ivCachedResourceBundle = null
      ivComponent = null
      ivOrganization = null
      ivProduct = null
      ivMinimumLocalizationLevelIntValue = 625
      ivTC = class com.ibm.websphere.ras.TraceComponent@6ecaabb6
      loggerRegistrationComponent = class java.lang.ThreadLocal@52b7dcbb
      emptyHandlers = class java.util.logging.Handler[0]
      offValue = 2147483647
      SYSTEM_LOGGER_RB_NAME = "sun.util.logging.resources.logging"
      SYSTEM_BUNDLE = class java.util.logging.Logger$LoggerBundle@7c8fd286
      NO_RESOURCE_BUNDLE = class java.util.logging.Logger$LoggerBundle@12ed923c
      config = class java.util.logging.Logger$ConfigurationData@3074e52d
      manager = class com.ibm.ws.kernel.boot.logging.WsLogManager@76ce69be
      name = "com.ibm.wsspi.webcontainer.collaborator"
      loggerBundle = class java.util.logging.Logger$LoggerBundle@5b61132
      anonymous = false
      catalog = class com.ibm.ws.webcontainer.resources.Messages@ad59ed7
      catalogName = "com.ibm.ws.webcontainer.resources.Messages"
      catalogLocale = class java.util.Locale@115c4916
      treeLock = class java.lang.Object@14da411a
      parent = class com.ibm.ws.logging.internal.WsLogger@7430a2d6
      kids = null
      callerModuleRef = class java.lang.ref.WeakReference@3cf6c426
      isSystemLogger = false
      GLOBAL_LOGGER_NAME = "global"
      global = class java.util.logging.Logger@9d70eca
    CLASS_NAME = "com.ibm.wsspi.webcontainer.collaborator.CollaboratorHelper"
    webApp = class com.ibm.ws.webcontainer31.osgi.webapp.WebApp31@77ee31b0
    securityCollaborator = class com.ibm.ws.webcontainer.collaborator.WebAppSecurityCollaborator@412a1957
    nameSpaceCollaborator = class com.ibm.ws.webcontainer.osgi.collaborator.WebAppNameSpaceCollaboratorImpl@3577e349
    transactionCollaborator = class com.ibm.ws.transaction.services.WebAppTransactionCollaboratorImpl@5c79cca9
      tc = class com.ibm.websphere.ras.TraceComponent@5baefbf6
      ltCurrentRef = class com.ibm.wsspi.kernel.service.utils.AtomicServiceReference@2221a64c
      tranMgrRef = class com.ibm.wsspi.kernel.service.utils.AtomicServiceReference@5ba2c02f
      userTranRef = class com.ibm.wsspi.kernel.service.utils.AtomicServiceReference@5d18ad6e
      uowCallbackRef = class com.ibm.wsspi.kernel.service.utils.AtomicServiceReference@4aac3d35
      serialVersionUID = -8319003162899973281
    connectionCollaborator = class com.ibm.ws.webcontainer.collaborator.ConnectionCollaborator@1d2ed42
    allCollabEnum = class java.util.RegularEnumSet@20c1cae9
      serialVersionUID = 3411599620347842686
      elements = 511
      elementType = class java.lang.Class@1a4523c8
      universe = class com.ibm.wsspi.webcontainer.collaborator.CollaboratorInvocationEnum[9]
      MAX_ARRAY_SIZE = 2147483639
    servlet_23_or_greater = true
    DEFER_SERVLET_REQUEST_LISTENER_DESTROY_ON_ERROR = false
  webAppNameSpaceCollab = class com.ibm.ws.webcontainer.osgi.collaborator.WebAppNameSpaceCollaboratorImpl@3577e349
    cmdai = class com.ibm.ws.threadContext.ComponentMetaDataAccessorImpl@3c0b08ea
      tc = class com.ibm.websphere.ras.TraceComponent@4f021954
      cmdai = class com.ibm.ws.threadContext.ComponentMetaDataAccessorImpl@3c0b08ea
      threadContext = class com.ibm.ws.threadContext.ThreadContextImpl@35d070c5
      defaultCMD = null
  secCollab = class com.ibm.ws.webcontainer.collaborator.WebAppSecurityCollaborator@412a1957
  sessionSecurityIntegrationEnabled = true
  assumeFilterSuccessOnSecurityError = false
  useOriginalRequestState = false
  _evtSource = class com.ibm.ws.webcontainer.webapp.WebAppEventSource@6205c13c
    _invocationListeners = class com.ibm.ws.webcontainer.util.EventListeners@3c153245
      EMPTY_LISTENERS = interface java.util.EventListener[0]
      logger = class com.ibm.ws.logging.internal.WsLogger@3564fd00
      CLASS_NAME = "com.ibm.ws.webcontainer.util.EventListeners"
      listeners = interface java.util.EventListener[0]
    _servletListeners = class com.ibm.ws.webcontainer.util.EventListeners@413b02d0
      EMPTY_LISTENERS = interface java.util.EventListener[0]
      logger = class com.ibm.ws.logging.internal.WsLogger@3564fd00
      CLASS_NAME = "com.ibm.ws.webcontainer.util.EventListeners"
      listeners = interface java.util.EventListener[0]
    _errorListeners = class com.ibm.ws.webcontainer.util.EventListeners@70abf563
      EMPTY_LISTENERS = interface java.util.EventListener[0]
      logger = class com.ibm.ws.logging.internal.WsLogger@3564fd00
      CLASS_NAME = "com.ibm.ws.webcontainer.util.EventListeners"
      listeners = interface java.util.EventListener[0]
    _applicationListeners = class com.ibm.ws.webcontainer.util.EventListeners@25dedf89
      EMPTY_LISTENERS = interface java.util.EventListener[0]
      logger = class com.ibm.ws.logging.internal.WsLogger@3564fd00
      CLASS_NAME = "com.ibm.ws.webcontainer.util.EventListeners"
      listeners = interface java.util.EventListener[0]
    _filterInvocationListeners = class com.ibm.ws.webcontainer.util.EventListeners@30cc566d
      EMPTY_LISTENERS = interface java.util.EventListener[0]
      logger = class com.ibm.ws.logging.internal.WsLogger@3564fd00
      CLASS_NAME = "com.ibm.ws.webcontainer.util.EventListeners"
      listeners = interface java.util.EventListener[0]
    _filterListeners = class com.ibm.ws.webcontainer.util.EventListeners@2978ff26
      EMPTY_LISTENERS = interface java.util.EventListener[0]
      logger = class com.ibm.ws.logging.internal.WsLogger@3564fd00
      CLASS_NAME = "com.ibm.ws.webcontainer.util.EventListeners"
      listeners = interface java.util.EventListener[0]
    _filterErrorListeners = class com.ibm.ws.webcontainer.util.EventListeners@6570787
      EMPTY_LISTENERS = interface java.util.EventListener[0]
      logger = class com.ibm.ws.logging.internal.WsLogger@3564fd00
      CLASS_NAME = "com.ibm.ws.webcontainer.util.EventListeners"
      listeners = interface java.util.EventListener[0]
  defaultComponentMetaData = class com.ibm.ws.webcontainer.osgi.metadata.WebComponentMetaDataImpl@220307ef
    j2eeName = class com.ibm.ws.container.service.metadata.internal.J2EENameImpl@28e4c54d
      serialVersionUID = 7488184044073147667
      application = "daytrader7"
      module = "daytrader-ee7-web.war"
      component = null
      string = "daytrader7#daytrader-ee7-web.war"
      j2eeNameBytes = null
      $$$tc$$$ = class com.ibm.websphere.ras.TraceComponent@21d93a89
    webModuleMetaData = class com.ibm.ws.webcontainer.osgi.metadata.WebModuleMetaDataImpl@391591a7
      applicationMetaData = class com.ibm.ws.container.service.app.deploy.internal.ApplicationMetaDataImpl@7da199da
      j2eeName = class com.ibm.ws.container.service.metadata.internal.J2EENameImpl@28e4c54d
      wccmd = class com.ibm.ws.webcontainer.osgi.metadata.WebCollaboratorComponentMetaDataImpl@5d68d120
      securityMetaData = null
      annotatedSecurityMetaData = null
      webAppConfig = class com.ibm.ws.webcontainer.osgi.webapp.WebAppConfiguration@45eccc12
      _isServlet23OrHigher = false
      jspComponentMetaData = class com.ibm.ws.jsp.runtime.metadata.JspComponentMetaData@2ed3ca8c
      sessionCookieNameInUse = null
      mBeanServiceReg = null
      tc = class com.ibm.websphere.ras.TraceComponent@28b28e76
      NUM_STATIC_SLOTS = 4
      ID_UNINITIALIZED = -1
      id = 1
      metaDataInterface = class java.lang.Class@b4f3357
      staticSlots = class java.lang.Object[4]
      dynamicSlots = class java.lang.Object[4]
    mBeanServiceReg = null
    tc = class com.ibm.websphere.ras.TraceComponent@28b28e76
      strings[0] = "TraceComponent[com.ibm.ws.runtime.metadata.MetaDataImpl,class com.ibm.ws.runtime.metadata.MetaDataImpl,[Runtime],null,null]"
    NUM_STATIC_SLOTS = 4
    ID_UNINITIALIZED = -1
    id = 3
    metaDataInterface = class java.lang.Class@6142fd6d
      ANNOTATION = 8192
      ENUM = 16384
      SYNTHETIC = 4096
      cachedConstructor = null
      newInstanceCallerCache = null
      name = "com.ibm.ws.runtime.metadata.ComponentMetaData"
      module = class java.lang.Module@2904c8d2
      packageName = "com.ibm.ws.runtime.metadata"
      componentType = {} /* array length = 0 */
      allPermDomain = class java.security.ProtectionDomain@7f72b37e
      reflectionData = null
      classRedefinedCount = 0
      genericInfo = null
      EMPTY_CLASS_ARRAY = class java.lang.Class[0]
      serialVersionUID = 3206093459760846163
      serialPersistentFields = class java.io.ObjectStreamField[0]
      reflectionFactory = class jdk.internal.reflect.ReflectionFactory@6cd3d613
      enumConstants = null
      enumConstantDirectory = null
      annotationData = null
      annotationType = null
      classValueMap = null
    staticSlots = class java.lang.Object[4]
      Object[0] = null
      Object[1] = null
      Object[2] = null
      Object[3] = null
    dynamicSlots = null
  DEFER_SERVLET_REQUEST_LISTENER_DESTROY_ON_ERROR = false

