------Start of DE processing------ = [25/05/18 10:42:33:779 CEST]
Exception = javax.servlet.ServletException
Source = com.ibm.ws.webcontainer.filter.FilterInstanceWrapper.doFilter
probeid = 144
Stack Dump = javax.servlet.ServletException: TradeServletAction.doRegister(...) exception user =uid=0
	at com.ibm.websphere.samples.daytrader.web.TradeServletAction.doRegister(TradeServletAction.java:567)
	at com.ibm.websphere.samples.daytrader.web.TradeAppServlet.performTask(TradeAppServlet.java:141)
	at com.ibm.websphere.samples.daytrader.web.TradeAppServlet.doGet(TradeAppServlet.java:85)
	at javax.servlet.http.HttpServlet.service(HttpServlet.java:687)
	at javax.servlet.http.HttpServlet.service(HttpServlet.java:790)
	at com.ibm.ws.webcontainer.servlet.ServletWrapper.service(ServletWrapper.java:1255)
	at com.ibm.ws.webcontainer.servlet.ServletWrapper.handleRequest(ServletWrapper.java:743)
	at com.ibm.ws.webcontainer.servlet.ServletWrapper.handleRequest(ServletWrapper.java:440)
	at com.ibm.ws.webcontainer.filter.WebAppFilterChain.invokeTarget(WebAppFilterChain.java:143)
	at com.ibm.ws.webcontainer.filter.WebAppFilterChain.doFilter(WebAppFilterChain.java:89)
	at com.ibm.websphere.samples.daytrader.web.OrdersAlertFilter.doFilter(OrdersAlertFilter.java:96)
	at com.ibm.ws.webcontainer.filter.FilterInstanceWrapper.doFilter(FilterInstanceWrapper.java:201)
	at com.ibm.ws.webcontainer.filter.WebAppFilterChain.doFilter(WebAppFilterChain.java:86)
	at com.ibm.ws.webcontainer.filter.WebAppFilterManager.doFilter(WebAppFilterManager.java:995)
	at com.ibm.ws.webcontainer.filter.WebAppFilterManager.invokeFilters(WebAppFilterManager.java:1124)
	at com.ibm.ws.webcontainer.filter.WebAppFilterManager.invokeFilters(WebAppFilterManager.java:1004)
	at com.ibm.ws.webcontainer.servlet.CacheServletWrapper.handleRequest(CacheServletWrapper.java:76)
	at com.ibm.ws.webcontainer.WebContainer.handleRequest(WebContainer.java:926)
	at com.ibm.ws.webcontainer.osgi.DynamicVirtualHost$2.run(DynamicVirtualHost.java:279)
	at com.ibm.ws.http.dispatcher.internal.channel.HttpDispatcherLink$TaskWrapper.run(HttpDispatcherLink.java:1009)
	at com.ibm.ws.http.dispatcher.internal.channel.HttpDispatcherLink.wrapHandlerAndExecute(HttpDispatcherLink.java:412)
	at com.ibm.ws.http.dispatcher.internal.channel.HttpDispatcherLink.ready(HttpDispatcherLink.java:371)
	at com.ibm.ws.http.channel.internal.inbound.HttpInboundLink.handleDiscrimination(HttpInboundLink.java:530)
	at com.ibm.ws.http.channel.internal.inbound.HttpInboundLink.handleNewRequest(HttpInboundLink.java:464)
	at com.ibm.ws.http.channel.internal.inbound.HttpInboundLink.processRequest(HttpInboundLink.java:329)
	at com.ibm.ws.http.channel.internal.inbound.HttpInboundLink.ready(HttpInboundLink.java:300)
	at com.ibm.ws.tcpchannel.internal.NewConnectionInitialReadCallback.sendToDiscriminators(NewConnectionInitialReadCallback.java:165)
	at com.ibm.ws.tcpchannel.internal.NewConnectionInitialReadCallback.complete(NewConnectionInitialReadCallback.java:74)
	at com.ibm.ws.tcpchannel.internal.WorkQueueManager.requestComplete(WorkQueueManager.java:501)
	at com.ibm.ws.tcpchannel.internal.WorkQueueManager.attemptIO(WorkQueueManager.java:571)
	at com.ibm.ws.tcpchannel.internal.WorkQueueManager.workerRun(WorkQueueManager.java:926)
	at com.ibm.ws.tcpchannel.internal.WorkQueueManager$Worker.run(WorkQueueManager.java:1015)
	at java.base/java.util.concurrent.ThreadPoolExecutor.runWorker(ThreadPoolExecutor.java:1135)
	at java.base/java.util.concurrent.ThreadPoolExecutor$Worker.run(ThreadPoolExecutor.java:635)
	at java.base/java.lang.Thread.run(Thread.java:844)
Caused by: javax.ejb.EJBException: CWNEN0030E: The server was unable to obtain an object instance for the java:comp/env/com.ibm.websphere.samples.daytrader.ejb3.TradeSLSBBean/entityManager reference.  The exception message was: java.lang.NullPointerException; nested exception is: java.lang.RuntimeException: java.lang.NullPointerException
	at com.ibm.ejs.container.util.ExceptionUtil.EJBException(ExceptionUtil.java:460)
	at com.ibm.ejs.container.ManagedBeanOBase.injectInstance(ManagedBeanOBase.java:153)
	at com.ibm.ejs.container.StatelessBeanO.injectInstance(StatelessBeanO.java:294)
	at com.ibm.ejs.container.StatelessBeanO.initialize(StatelessBeanO.java:168)
	at com.ibm.ejs.container.BeanOFactory.create(BeanOFactory.java:103)
	at com.ibm.ejs.container.EJSHome.createBeanO(EJSHome.java:975)
	at com.ibm.ejs.container.EJSHome.createBeanO(EJSHome.java:1077)
	at com.ibm.ejs.container.activator.UncachedActivationStrategy.atActivate(UncachedActivationStrategy.java:62)
	at com.ibm.ejs.container.activator.Activator.preInvokeActivateBean(Activator.java:263)
	at com.ibm.ejs.container.EJSContainer.preInvokeActivate(EJSContainer.java:3234)
	at com.ibm.ejs.container.EJSContainer.EjbPreInvoke(EJSContainer.java:2571)
	at com.ibm.websphere.samples.daytrader.ejb3.EJSLocal0SLTradeSLSBBean_78e9c356.register(EJSLocal0SLTradeSLSBBean_78e9c356.java)
	at com.ibm.websphere.samples.daytrader.TradeAction.register(TradeAction.java:642)
	at com.ibm.websphere.samples.daytrader.web.TradeServletAction.doRegister(TradeServletAction.java:545)
	... 34 more
Caused by: java.lang.RuntimeException: java.lang.NullPointerException
	at com.ibm.ws.jpa.management.JPAPUnitInfo.getEntityManagerFactory(JPAPUnitInfo.java:804)
	at com.ibm.ws.jpa.management.JPAPUnitInfo.getEntityManagerPool(JPAPUnitInfo.java:994)
	at com.ibm.ws.jpa.management.JPATxEntityManager.<init>(JPATxEntityManager.java:147)
	at com.ibm.ws.jpa.container.v21.JPATxEntityManagerV21.<init>(JPATxEntityManagerV21.java:45)
	at com.ibm.ws.jpa.container.v21.internal.JPA21Runtime.createJPATxEntityManager(JPA21Runtime.java:71)
	at com.ibm.ws.jpa.management.AbstractJPAComponent.getEntityManager(AbstractJPAComponent.java:255)
	at com.ibm.ws.jpa.container.osgi.jndi.JPAJndiLookupObjectFactory.getObjectInstance(JPAJndiLookupObjectFactory.java:149)
	at com.ibm.wsspi.injectionengine.InjectionBinding.getInjectionObjectInstance(InjectionBinding.java:1552)
	at com.ibm.wsspi.injectionengine.InjectionBinding.getInjectionObject(InjectionBinding.java:1428)
	at com.ibm.wsspi.injectionengine.InjectionBinding.getInjectableObject(InjectionBinding.java:1368)
	at com.ibm.wsspi.injectionengine.InjectionTarget.inject(InjectionTarget.java:104)
	at com.ibm.ws.injectionengine.AbstractInjectionEngine.inject(AbstractInjectionEngine.java:851)
	at com.ibm.ejs.container.ManagedBeanOBase.injectInstance(ManagedBeanOBase.java:147)
	... 46 more
Caused by: java.lang.NullPointerException
	at org.eclipse.persistence.internal.jpa.EntityManagerSetupImpl.predeploy(EntityManagerSetupImpl.java:2062)
	at org.eclipse.persistence.jpa.PersistenceProvider.createContainerEntityManagerFactoryImpl(PersistenceProvider.java:334)
	at org.eclipse.persistence.jpa.PersistenceProvider.createContainerEntityManagerFactory(PersistenceProvider.java:305)
	at com.ibm.ws.jpa.management.JPAPUnitInfo.createEMFactory(JPAPUnitInfo.java:910)
	at com.ibm.ws.jpa.management.JPAPUnitInfo.initialize(JPAPUnitInfo.java:762)
	at com.ibm.ws.jpa.management.JPAPxmlInfo.extractPersistenceUnits(JPAPxmlInfo.java:190)
	at com.ibm.ws.jpa.management.JPAScopeInfo.processPersistenceUnit(JPAScopeInfo.java:90)
	at com.ibm.ws.jpa.management.JPAApplInfo.addPersistenceUnits(JPAApplInfo.java:118)
	at com.ibm.ws.jpa.container.osgi.internal.JPAComponentImpl.processEJBModulePersistenceXml(JPAComponentImpl.java:527)
	at com.ibm.ws.jpa.container.osgi.internal.JPAComponentImpl.applicationStarting(JPAComponentImpl.java:264)
	at com.ibm.ws.container.service.state.internal.ApplicationStateManager.fireStarting(ApplicationStateManager.java:28)
	at com.ibm.ws.container.service.state.internal.StateChangeServiceImpl.fireApplicationStarting(StateChangeServiceImpl.java:50)
	at com.ibm.ws.app.manager.module.internal.DeployedAppInfoBase.preDeployApp(DeployedAppInfoBase.java:383)
	at com.ibm.ws.app.manager.module.internal.DeployedAppInfoBase.deployApp(DeployedAppInfoBase.java:412)
	at com.ibm.ws.app.manager.ear.internal.EARApplicationHandlerImpl.install(EARApplicationHandlerImpl.java:76)
	at com.ibm.ws.app.manager.internal.statemachine.StartAction.execute(StartAction.java:140)
	at com.ibm.ws.app.manager.internal.statemachine.ApplicationStateMachineImpl.enterState(ApplicationStateMachineImpl.java:1258)
	at com.ibm.ws.app.manager.internal.statemachine.ApplicationStateMachineImpl.run(ApplicationStateMachineImpl.java:873)
	... 3 more

Dump of callerThis
Object type = com.ibm.ws.webcontainer.filter.FilterInstanceWrapper
  FILTER_STATE_UNINITIALIZED = 0
  FILTER_STATE_INITIALIZING = 1
  FILTER_STATE_AVAILABLE = 2
  FILTER_STATE_DESTROYING = 3
  FILTER_STATE_DESTROYED = 4
  FILTER_STATE_UNAVAILABLE = 5
  _filterName = "OrdersAlertFilter"
  _filterInstance = class com.ibm.websphere.samples.daytrader.web.OrdersAlertFilter@171de147
    filterConfig = class com.ibm.ws.webcontainer.filter.FilterConfig@50ffac84
  _filterState = 2
  nServicing = class java.util.concurrent.atomic.AtomicInteger@72bd0767
    serialVersionUID = 6214790243416807050
    U = class jdk.internal.misc.Unsafe@1176d4f4
      Failed to resolve fields for jdk.internal.misc.Unsafe = "java.lang.reflect.InaccessibleObjectException: Unable to make field private static final jdk.internal.misc.Unsafe jdk.internal.misc.Unsafe.theUnsafe accessible: module java.base does not "opens jdk.internal.misc" to unnamed module @482cd91f
	at java.base/java.lang.reflect.AccessibleObject.checkCanSetAccessible(AccessibleObject.java:337)
	at java.base/java.lang.reflect.AccessibleObject.checkCanSetAccessible(AccessibleObject.java:281)
	at java.base/java.lang.reflect.Field.checkCanSetAccessible(Field.java:176)
	at java.base/java.lang.reflect.AccessibleObject.setAccessible(AccessibleObject.java:124)
	at com.ibm.ws.logging.internal.impl.IntrospectionLevelMember$2.run(IntrospectionLevelMember.java:316)
	at com.ibm.ws.logging.internal.impl.IntrospectionLevelMember$2.run(IntrospectionLevelMember.java:310)
	at java.base/java.security.AccessController.doPrivileged(Native Method)
	at com.ibm.ws.logging.internal.impl.IntrospectionLevelMember.getFields(IntrospectionLevelMember.java:310)
	at com.ibm.ws.logging.internal.impl.IntrospectionLevelMember.introspectViaReflection(IntrospectionLevelMember.java:199)
	at com.ibm.ws.logging.internal.impl.IntrospectionLevelMember.getChildren(IntrospectionLevelMember.java:163)
	at com.ibm.ws.logging.internal.impl.IntrospectionLevel.getNextLevel(IntrospectionLevel.java:100)
	at com.ibm.ws.logging.internal.impl.IncidentStreamImpl.introspect(IncidentStreamImpl.java:437)
	at com.ibm.ws.logging.internal.impl.IncidentStreamImpl.introspectAndWrite(IncidentStreamImpl.java:129)
	at com.ibm.ws.logging.internal.impl.IncidentStreamImpl.introspectAndWriteLine(IncidentStreamImpl.java:164)
	at com.ibm.ws.logging.internal.impl.IncidentLogger.logIncident(IncidentLogger.java:97)
	at com.ibm.ws.logging.internal.impl.IncidentLogger.logIncident(IncidentLogger.java:35)
	at com.ibm.ws.logging.internal.impl.IncidentImpl.log(IncidentImpl.java:249)
	at com.ibm.ws.logging.internal.impl.BaseFFDCService.log(BaseFFDCService.java:239)
	at com.ibm.ws.logging.internal.impl.BaseFFDCService.processException(BaseFFDCService.java:180)
	at com.ibm.ws.ffdc.FFDCFilter.processException(FFDCFilter.java:60)
	at com.ibm.wsspi.webcontainer.util.FFDCWrapper.processException(FFDCWrapper.java:16)
	at com.ibm.ws.webcontainer.filter.FilterInstanceWrapper.doFilter(FilterInstanceWrapper.java:236)
	at com.ibm.ws.webcontainer.filter.WebAppFilterChain.doFilter(WebAppFilterChain.java:86)
	at com.ibm.ws.webcontainer.filter.WebAppFilterManager.doFilter(WebAppFilterManager.java:995)
	at com.ibm.ws.webcontainer.filter.WebAppFilterManager.invokeFilters(WebAppFilterManager.java:1124)
	at com.ibm.ws.webcontainer.filter.WebAppFilterManager.invokeFilters(WebAppFilterManager.java:1004)
	at com.ibm.ws.webcontainer.servlet.CacheServletWrapper.handleRequest(CacheServletWrapper.java:76)
	at com.ibm.ws.webcontainer.WebContainer.handleRequest(WebContainer.java:926)
	at com.ibm.ws.webcontainer.osgi.DynamicVirtualHost$2.run(DynamicVirtualHost.java:279)
	at com.ibm.ws.http.dispatcher.internal.channel.HttpDispatcherLink$TaskWrapper.run(HttpDispatcherLink.java:1009)
	at com.ibm.ws.http.dispatcher.internal.channel.HttpDispatcherLink.wrapHandlerAndExecute(HttpDispatcherLink.java:412)
	at com.ibm.ws.http.dispatcher.internal.channel.HttpDispatcherLink.ready(HttpDispatcherLink.java:371)
	at com.ibm.ws.http.channel.internal.inbound.HttpInboundLink.handleDiscrimination(HttpInboundLink.java:530)
	at com.ibm.ws.http.channel.internal.inbound.HttpInboundLink.handleNewRequest(HttpInboundLink.java:464)
	at com.ibm.ws.http.channel.internal.inbound.HttpInboundLink.processRequest(HttpInboundLink.java:329)
	at com.ibm.ws.http.channel.internal.inbound.HttpInboundLink.ready(HttpInboundLink.java:300)
	at com.ibm.ws.tcpchannel.internal.NewConnectionInitialReadCallback.sendToDiscriminators(NewConnectionInitialReadCallback.java:165)
	at com.ibm.ws.tcpchannel.internal.NewConnectionInitialReadCallback.complete(NewConnectionInitialReadCallback.java:74)
	at com.ibm.ws.tcpchannel.internal.WorkQueueManager.requestComplete(WorkQueueManager.java:501)
	at com.ibm.ws.tcpchannel.internal.WorkQueueManager.attemptIO(WorkQueueManager.java:571)
	at com.ibm.ws.tcpchannel.internal.WorkQueueManager.workerRun(WorkQueueManager.java:926)
	at com.ibm.ws.tcpchannel.internal.WorkQueueManager$Worker.run(WorkQueueManager.java:1015)
	at java.base/java.util.concurrent.ThreadPoolExecutor.runWorker(ThreadPoolExecutor.java:1135)
	at java.base/java.util.concurrent.ThreadPoolExecutor$Worker.run(ThreadPoolExecutor.java:635)
	at java.base/java.lang.Thread.run(Thread.java:844)
"
    VALUE = 12
    value = 0
    serialVersionUID = -8742448824652078965
  logger = class com.ibm.ws.logging.internal.WsLogger@19e3ec57
    tc = class com.ibm.websphere.ras.TraceComponent@f1274f0
      strings[0] = "TraceComponent[com.ibm.ws.logging.internal.WsLogger,class com.ibm.ws.logging.internal.WsLogger,[logging],com.ibm.ws.logging.internal.resources.LoggingMessages,null]"
    ivCachedResourceBundleName = null
    ivCachedResourceBundle = null
    ivComponent = null
    ivOrganization = null
    ivProduct = null
    ivMinimumLocalizationLevelIntValue = 625
    ivTC = class com.ibm.websphere.ras.TraceComponent@257dcb70
      strings[0] = "TraceComponent[com.ibm.ws.webcontainer.filter,class com.ibm.wsspi.webcontainer.logging.LoggerFactory$1,[com.ibm.ws.webcontainer.filter],null,null]"
    loggerRegistrationComponent = class java.lang.ThreadLocal@7340826f
      threadLocalHashCode = 1914802624
      nextHashCode = class java.util.concurrent.atomic.AtomicInteger@15b2b8fb
      HASH_INCREMENT = 1640531527
    emptyHandlers = class java.util.logging.Handler[0]
    offValue = 2147483647
    SYSTEM_LOGGER_RB_NAME = "sun.util.logging.resources.logging"
    SYSTEM_BUNDLE = class java.util.logging.Logger$LoggerBundle@6128f598
      resourceBundleName = "sun.util.logging.resources.logging"
      userBundle = null
    NO_RESOURCE_BUNDLE = class java.util.logging.Logger$LoggerBundle@585f2476
      resourceBundleName = null
      userBundle = null
    config = class java.util.logging.Logger$ConfigurationData@5e58ea7e
      delegate = class java.util.logging.Logger$ConfigurationData@5e58ea7e
      useParentHandlers = true
      filter = null
      levelObject = class java.util.logging.Level@526e3ff0
      levelValue = 800
      handlers = class java.util.concurrent.CopyOnWriteArrayList@7aba927
    manager = class com.ibm.ws.kernel.boot.logging.WsLogManager@29fc4820
      CLASS_NAME = "com.ibm.ws.kernel.boot.logging.WsLogManager"
      CONFIGURE_BY_SERVER_PROPERTY_NAME = "java.util.logging.configureByServer"
      CONFIGURE_BY_LOGGING_PROPERTIES_FILE = "java.util.logging.configureByLoggingPropertiesFile"
      configureByServer = true
      configureByLoggingProperties = false
      wsLogger = class java.lang.reflect.Constructor@3ce5d09f
      resetEnabled = true
      manager = class com.ibm.ws.kernel.boot.logging.WsLogManager@29fc4820
      props = class java.util.Properties@6bd41d47
      defaultLevel = class java.util.logging.Level@526e3ff0
      systemContext = class java.util.logging.LogManager$SystemLoggerContext@4be9a928
      userContext = class java.util.logging.LogManager$LoggerContext@11941c4c
      rootLogger = class java.util.logging.LogManager$RootLogger@465d6533
      readPrimordialConfiguration = true
      STATE_INITIALIZED = 0
      STATE_INITIALIZING = 1
      STATE_READING_CONFIG = 2
      STATE_UNINITIALIZED = 3
      STATE_SHUTDOWN = 4
      globalHandlersState = 0
      configurationLock = class java.util.concurrent.locks.ReentrantLock@3e747c9
      closeOnResetLoggers = class java.util.concurrent.CopyOnWriteArrayList@48124cd7
      listeners = class java.util.Collections$SynchronizedMap@4eb40c14
      initializedCalled = true
      initializationDone = true
      contextsMap = null
      loggerRefQueue = class java.lang.ref.ReferenceQueue@7ff30ff2
      MAX_ITERATIONS = 400
      controlPermission = class java.util.logging.LoggingPermission@4693d6ca
      LOGGING_MXBEAN_NAME = "java.util.logging:type=Logging"
      $assertionsDisabled = true
    name = "com.ibm.ws.webcontainer.filter"
    loggerBundle = class java.util.logging.Logger$LoggerBundle@fdeecb2
      resourceBundleName = "com.ibm.ws.webcontainer.resources.Messages"
      userBundle = null
    anonymous = false
    catalog = class com.ibm.ws.webcontainer.resources.Messages@2e8305ab
      resources = class [Ljava.lang.Object;[332]
      lookup = null
      INITIAL_CACHE_SIZE = 32
      NONEXISTENT_BUNDLE = class java.util.ResourceBundle$2@1e0e84ac
      cacheList = class java.util.concurrent.ConcurrentHashMap@661d9d0e
      referenceQueue = class java.lang.ref.ReferenceQueue@35ac7ba2
      parent = null
      locale = class java.util.Locale@466ce972
      name = "com.ibm.ws.webcontainer.resources.Messages"
      expired = false
      cacheKey = class java.util.ResourceBundle$CacheKey@24277de8
      keySet = null
      UNKNOWN_FORMAT = ""
      TRACE_ON = false
      $assertionsDisabled = true
    catalogName = "com.ibm.ws.webcontainer.resources.Messages"
    catalogLocale = class java.util.Locale@3711111f
      LOCALECACHE = class java.util.Locale$Cache@6616bbfc
      ENGLISH = class java.util.Locale@57b4eb93
      FRENCH = class java.util.Locale@5391c82c
      GERMAN = class java.util.Locale@5f8ea590
      ITALIAN = class java.util.Locale@c942cc6
      JAPANESE = class java.util.Locale@7c0cb6b4
      KOREAN = class java.util.Locale@2181c1b1
      CHINESE = class java.util.Locale@b894234
      SIMPLIFIED_CHINESE = class java.util.Locale@26d6bd9f
      TRADITIONAL_CHINESE = class java.util.Locale@3f7616e7
      FRANCE = class java.util.Locale@10d5d4f1
      GERMANY = class java.util.Locale@518cac3d
      ITALY = class java.util.Locale@4225c9d6
      JAPAN = class java.util.Locale@4d6b2e5b
      KOREA = class java.util.Locale@73a7195b
      CHINA = class java.util.Locale@26d6bd9f
      PRC = class java.util.Locale@26d6bd9f
      TAIWAN = class java.util.Locale@3f7616e7
      UK = class java.util.Locale@47febe56
      US = class java.util.Locale@2bf9b406
      CANADA = class java.util.Locale@3f744ed4
      CANADA_FRENCH = class java.util.Locale@7452e5a0
      ROOT = class java.util.Locale@466ce972
      PRIVATE_USE_EXTENSION = x
      UNICODE_LOCALE_EXTENSION = u
      serialVersionUID = 9149081749638150636
      DISPLAY_LANGUAGE = 0
      DISPLAY_COUNTRY = 1
      DISPLAY_VARIANT = 2
      DISPLAY_SCRIPT = 3
      DISPLAY_UEXT_KEY = 4
      DISPLAY_UEXT_TYPE = 5
      baseLocale = class sun.util.locale.BaseLocale@3dccd40d
      localeExtensions = null
      hashCodeValue = 104870303
      defaultLocale = class java.util.Locale@3711111f
      defaultDisplayLocale = null
      defaultFormatLocale = class java.util.Locale@3711111f
      languageTag = "nl-BE"
      serialPersistentFields = class java.io.ObjectStreamField[6]
      isoLanguages = null
      isoCountries = null
      $assertionsDisabled = true
    treeLock = class java.lang.Object@7ce7f295
    parent = class com.ibm.ws.logging.internal.WsLogger@4a42ac7
      tc = class com.ibm.websphere.ras.TraceComponent@f1274f0
      ivCachedResourceBundleName = "com.ibm.ws.webcontainer.resources.Messages"
      ivCachedResourceBundle = class com.ibm.ws.webcontainer.resources.Messages@6c545627
      ivComponent = null
      ivOrganization = null
      ivProduct = null
      ivMinimumLocalizationLevelIntValue = 625
      ivTC = class com.ibm.websphere.ras.TraceComponent@61cec5a3
      loggerRegistrationComponent = class java.lang.ThreadLocal@7340826f
      emptyHandlers = class java.util.logging.Handler[0]
      offValue = 2147483647
      SYSTEM_LOGGER_RB_NAME = "sun.util.logging.resources.logging"
      SYSTEM_BUNDLE = class java.util.logging.Logger$LoggerBundle@6128f598
      NO_RESOURCE_BUNDLE = class java.util.logging.Logger$LoggerBundle@585f2476
      config = class java.util.logging.Logger$ConfigurationData@24c38a2b
      manager = class com.ibm.ws.kernel.boot.logging.WsLogManager@29fc4820
      name = "com.ibm.ws.webcontainer"
      loggerBundle = class java.util.logging.Logger$LoggerBundle@2deef7bb
      anonymous = false
      catalog = class com.ibm.ws.webcontainer.resources.Messages@6c545627
      catalogName = "com.ibm.ws.webcontainer.resources.Messages"
      catalogLocale = class java.util.Locale@3711111f
      treeLock = class java.lang.Object@7ce7f295
      parent = class java.util.logging.LogManager$RootLogger@465d6533
      kids = class java.util.ArrayList@20cc6380
      callerModuleRef = class java.lang.ref.WeakReference@51ccbd6c
      isSystemLogger = false
      GLOBAL_LOGGER_NAME = "global"
      global = class java.util.logging.Logger@d9aaf14
    kids = null
    callerModuleRef = class java.lang.ref.WeakReference@323cd9a5
      referent = class java.lang.Module@a28c887
      queue = class java.lang.ref.ReferenceQueue$Null@3a8fda21
      next = null
      discovered = null
      processPendingLock = class java.lang.Object@2d3ddbc0
      processPendingActive = false
    isSystemLogger = false
    GLOBAL_LOGGER_NAME = "global"
    global = class java.util.logging.Logger@d9aaf14
      emptyHandlers = class java.util.logging.Handler[0]
      offValue = 2147483647
      SYSTEM_LOGGER_RB_NAME = "sun.util.logging.resources.logging"
      SYSTEM_BUNDLE = class java.util.logging.Logger$LoggerBundle@6128f598
      NO_RESOURCE_BUNDLE = class java.util.logging.Logger$LoggerBundle@585f2476
      config = class java.util.logging.Logger$ConfigurationData@7f560c30
      manager = class com.ibm.ws.kernel.boot.logging.WsLogManager@29fc4820
      name = "global"
      loggerBundle = class java.util.logging.Logger$LoggerBundle@585f2476
      anonymous = false
      catalog = null
      catalogName = null
      catalogLocale = null
      treeLock = class java.lang.Object@7ce7f295
      parent = class java.util.logging.LogManager$RootLogger@465d6533
      kids = null
      callerModuleRef = null
      isSystemLogger = true
      GLOBAL_LOGGER_NAME = "global"
      global = class java.util.logging.Logger@d9aaf14
  CLASS_NAME = "com.ibm.ws.webcontainer.filter.FilterInstanceWrapper"
  _filterEvent = null
  _filterConfig = class com.ibm.ws.webcontainer.filter.FilterConfig@50ffac84
    tc = class com.ibm.websphere.ras.TraceComponent@3fa51032
      strings[0] = "TraceComponent[com.ibm.ws.webcontainer.filter.FilterConfig,class com.ibm.ws.webcontainer.filter.FilterConfig,[webcontainer],com.ibm.ws.webcontainer.resources.LShimMessages,null]"
    dispatchMode = null
    filterClassLoader = null
    isInternal = false
    webAppConfig = class com.ibm.ws.webcontainer.osgi.webapp.WebAppConfiguration@75c9fecc
      webModuleMetaData = class com.ibm.ws.webcontainer.osgi.metadata.WebModuleMetaDataImpl@443e910b
      webComponentMetaData = class com.ibm.ws.webcontainer.osgi.metadata.WebComponentMetaDataImpl@3d084319
      dVirtualHost = class com.ibm.ws.webcontainer.osgi.DynamicVirtualHost@591a27a8
      orderedLibPaths = class java.util.Collections$UnmodifiableRandomAccessList@40fab48b
      bundleHeaders = null
      cdiEnabled = true
      CLASS_NAME = "com.ibm.ws.webcontainer.webapp.WebAppConfiguration"
      logger = class com.ibm.ws.logging.internal.WsLogger@7f7674ef
      tc = class com.ibm.websphere.ras.TraceComponent@42afdd76
      nls = class com.ibm.ejs.ras.TraceNLS@2d9c7937
      version = 31
      contextRoot = "/daytrader"
      isDefaultContextRootUsed = false
      sessionTimeout = 30
      moduleSessionTimeoutSet = true
      moduleSessionTrackingModeSet = false
      sessionCookieConfig = class com.ibm.ws.session.SessionCookieConfigImpl@26a18412
      hasProgrammaticCookieConfig = false
      sessionDefaultTrackingModeSet = class java.util.RegularEnumSet@16a7ef04
      sessionManagerConfig = class com.ibm.ws.session.SessionManagerConfig@69487642
      displayName = "DayTrader Web"
      description = null
      reloadInterval = 0
      distributable = false
      denyUncoveredHttpMethods = false
      reloadingEnabled = false
      serveServletsByClassnameEnabled = false
      defaultErrorPage = null
      additionalClassPath = null
      fileServingEnabled = null
      directoryBrowsingEnabled = false
      autoRequestEncoding = false
      autoResponseEncoding = false
      autoLoadFilters = false
      requestListeners = null
      requestAttributeListeners = null
      sessionListeners = null
      localeMap = null
      moduleName = "daytrader-ee7-web"
      j2eeModuleName = "daytrader-ee7-web.war"
      moduleId = null
      isSyncToThreadEnabled = false
      encodeDispatchedRequestURI = false
      isSystemApp = false
      ardEnabled = false
      ardDispatchType = null
      listeners = class java.util.ArrayList@2753ff9d
      welcomeFileList = class java.util.ArrayList@d787e71
      servletMappings = class java.util.HashMap@248e6f15
      lastIndexBeforeDeclaredFilters = 0
      filterMappings = class java.util.ArrayList@edef7a0
      servletInfo = class java.util.concurrent.ConcurrentHashMap@36495ef1
      filterInfo = class java.util.HashMap@780c35bf
      mimeMappings = class java.util.HashMap@2fad0b6c
      mimeFilters = null
      isMimeFilteringEnabled = false
      theWebGroup = null
      jspAttributes = class java.util.HashMap@56b79ace
      fileServingAttributes = class java.util.HashMap@2af5f83f
      invokerAttributes = class java.util.HashMap@334d8113
      contextParams = class java.util.HashMap@74fc0a7d
      virtualHost = "default_host"
      exceptionErrorPages = class java.util.HashMap@1e779fc6
      codeErrorPages = class java.util.HashMap@1b46a837
      tagLibList = null
      precompileJsps = false
      webApp = class com.ibm.ws.webcontainer31.osgi.webapp.WebApp31@f04130b
      virtualHostList = class java.util.Collections$EmptyList@51d53bb0
      appStartupWeight = 0
      moduleStartupWeight = 0
      metaDataComplete = false
      classesToScan = class java.util.ArrayList@44dcf755
      uriFilterMappingInfos = class java.util.ArrayList@5067a251
      servletFilterMappingInfos = null
      dynamicServletRegistrationMap = null
      applicationName = "daytrader7"
      libBinPathList = class java.util.ArrayList@724c9e34
      webXmlDefinedListeners = class java.util.HashSet@5c65875a
      allRefs = class java.util.EnumMap@7f20b5dc
      allRefBindings = class java.util.EnumMap@12b8e543
      envEntryValues = class java.util.HashMap@413741e
      resourceRefConfigList = class com.ibm.ws.resource.internal.ResourceRefConfigListImpl@743c6c91
      disallowAllFileServingProp = "false"
      disallowServeServletsByClassnameProp = "true"
      disableStaticMappingCache = false
      jspCachedLocations = class java.util.HashMap@ec8a99f
      primedSTSHeader = "NoValue"
      enablemultireadofpostdata = false
      requestEncoding = null
      responseEncoding = null
      NULLSERVLETNAME = "com.ibm.ws.webcontainer.NullServletName"
      _id = "WebAppGeneratedId1"
      _attributes = null
      serialVersionUID = 7511545662945734886
      $$$tc$$$ = class com.ibm.websphere.ras.TraceComponent@3b53060c
    filter = null
    filterClass = null
    urlPatternMappings = class java.util.ArrayList@10d3070f
      serialVersionUID = 8683452581122892189
      DEFAULT_CAPACITY = 10
      EMPTY_ELEMENTDATA = class java.lang.Object[0]
      DEFAULTCAPACITY_EMPTY_ELEMENTDATA = class java.lang.Object[0]
      elementData = class java.lang.Object[10]
      size = 1
      MAX_ARRAY_SIZE = 2147483639
      modCount = 1
      MAX_ARRAY_SIZE = 2147483639
    servletNameMappings = null
    nls = class com.ibm.ejs.ras.TraceNLS@1a46d5f8
      resolver = class com.ibm.ws.logging.internal.TraceNLSResolver@7d792a98
      finder = class com.ibm.ws.logging.internal.StackFinder@2099cd0c
      ivBundleName = "com.ibm.ws.webcontainer.resources.Messages"
      caller = class java.lang.Class@441c999a
    logger = class com.ibm.ws.logging.internal.WsLogger@72056406
      tc = class com.ibm.websphere.ras.TraceComponent@f1274f0
      ivCachedResourceBundleName = "com.ibm.ws.webcontainer.resources.Messages"
      ivCachedResourceBundle = class com.ibm.ws.webcontainer.resources.Messages@6c545627
      ivComponent = null
      ivOrganization = null
      ivProduct = null
      ivMinimumLocalizationLevelIntValue = 625
      ivTC = class com.ibm.websphere.ras.TraceComponent@4f23fd50
      loggerRegistrationComponent = class java.lang.ThreadLocal@7340826f
      emptyHandlers = class java.util.logging.Handler[0]
      offValue = 2147483647
      SYSTEM_LOGGER_RB_NAME = "sun.util.logging.resources.logging"
      SYSTEM_BUNDLE = class java.util.logging.Logger$LoggerBundle@6128f598
      NO_RESOURCE_BUNDLE = class java.util.logging.Logger$LoggerBundle@585f2476
      config = class java.util.logging.Logger$ConfigurationData@6eee6ba9
      manager = class com.ibm.ws.kernel.boot.logging.WsLogManager@29fc4820
      name = "com.ibm.ws.webcontainer.servlet"
      loggerBundle = class java.util.logging.Logger$LoggerBundle@80b7a35
      anonymous = false
      catalog = class com.ibm.ws.webcontainer.resources.Messages@6c545627
      catalogName = "com.ibm.ws.webcontainer.resources.Messages"
      catalogLocale = class java.util.Locale@3711111f
      treeLock = class java.lang.Object@7ce7f295
      parent = class com.ibm.ws.logging.internal.WsLogger@4a42ac7
      kids = null
      callerModuleRef = class java.lang.ref.WeakReference@2f489b20
      isSystemLogger = false
      GLOBAL_LOGGER_NAME = "global"
      global = class java.util.logging.Logger@d9aaf14
    CLASS_NAME = "com.ibm.ws.webcontainer.servlet.TargetConfig"
    initParams = null
    fileName = null
    displayName = "FilterGeneratedId46"
    name = "OrdersAlertFilter"
    description = null
    smallIcon = null
    largeIcon = null
    context = class com.ibm.ws.webcontainer31.facade.ServletContextFacade31@29d1f7b7
      context = class com.ibm.ws.webcontainer31.osgi.webapp.WebApp31@f04130b
    className = "com.ibm.websphere.samples.daytrader.web.OrdersAlertFilter"
    asyncSupported = false
    _id = "FilterGeneratedId46"
    _attributes = null
    serialVersionUID = 7511545662945734886
    $$$tc$$$ = class com.ibm.websphere.ras.TraceComponent@3b53060c
      strings[0] = "TraceComponent[com.ibm.ws.container.BaseConfiguration,class com.ibm.ws.container.BaseConfiguration,[],null,null]"
  _eventSource = class com.ibm.ws.webcontainer.webapp.WebAppEventSource@11bbb7e5
    _invocationListeners = class com.ibm.ws.webcontainer.util.EventListeners@14472d
      EMPTY_LISTENERS = interface java.util.EventListener[0]
      logger = class com.ibm.ws.logging.internal.WsLogger@5ae50fc
      CLASS_NAME = "com.ibm.ws.webcontainer.util.EventListeners"
      listeners = interface java.util.EventListener[0]
    _servletListeners = class com.ibm.ws.webcontainer.util.EventListeners@7e1b5170
      EMPTY_LISTENERS = interface java.util.EventListener[0]
      logger = class com.ibm.ws.logging.internal.WsLogger@5ae50fc
      CLASS_NAME = "com.ibm.ws.webcontainer.util.EventListeners"
      listeners = interface java.util.EventListener[0]
    _errorListeners = class com.ibm.ws.webcontainer.util.EventListeners@31d234d8
      EMPTY_LISTENERS = interface java.util.EventListener[0]
      logger = class com.ibm.ws.logging.internal.WsLogger@5ae50fc
      CLASS_NAME = "com.ibm.ws.webcontainer.util.EventListeners"
      listeners = interface java.util.EventListener[0]
    _applicationListeners = class com.ibm.ws.webcontainer.util.EventListeners@58b1a227
      EMPTY_LISTENERS = interface java.util.EventListener[0]
      logger = class com.ibm.ws.logging.internal.WsLogger@5ae50fc
      CLASS_NAME = "com.ibm.ws.webcontainer.util.EventListeners"
      listeners = interface java.util.EventListener[0]
    _filterInvocationListeners = class com.ibm.ws.webcontainer.util.EventListeners@7abeab33
      EMPTY_LISTENERS = interface java.util.EventListener[0]
      logger = class com.ibm.ws.logging.internal.WsLogger@5ae50fc
      CLASS_NAME = "com.ibm.ws.webcontainer.util.EventListeners"
      listeners = interface java.util.EventListener[0]
    _filterListeners = class com.ibm.ws.webcontainer.util.EventListeners@5e8ae5c5
      EMPTY_LISTENERS = interface java.util.EventListener[0]
      logger = class com.ibm.ws.logging.internal.WsLogger@5ae50fc
      CLASS_NAME = "com.ibm.ws.webcontainer.util.EventListeners"
      listeners = interface java.util.EventListener[0]
    _filterErrorListeners = class com.ibm.ws.webcontainer.util.EventListeners@7ede7e38
      EMPTY_LISTENERS = interface java.util.EventListener[0]
      logger = class com.ibm.ws.logging.internal.WsLogger@5ae50fc
      CLASS_NAME = "com.ibm.ws.webcontainer.util.EventListeners"
      listeners = interface java.util.EventListener[0]
  _managedObject = class com.ibm.ws.cdi.impl.managedobject.CDIManagedObject@7d6cd6b
    tc = class com.ibm.websphere.ras.TraceComponent@502193d2
      strings[0] = "TraceComponent[com.ibm.ws.cdi.impl.managedobject.CDIManagedObject,class com.ibm.ws.cdi.impl.managedobject.CDIManagedObject,[JCDI],com.ibm.ws.cdi.impl.resources.CDI,null]"
    managedObject = class com.ibm.websphere.samples.daytrader.web.OrdersAlertFilter@171de147
    creationalContext = class org.jboss.weld.context.CreationalContextImpl@6bc1033c
      serialVersionUID = 7375854583908262422
      SERIALIZATION_PROXY = class org.jboss.weld.context.CreationalContextImpl$SerializationProxy@38ee68b3
      incompleteInstances = null
      contextual = class org.jboss.weld.bean.ManagedBean@72fad166
      dependentInstances = class java.util.Collections$SynchronizedRandomAccessList@47311c8d
      parentDependentInstances = class java.util.Collections$SynchronizedRandomAccessList@48da8672
      parentCreationalContext = null
      resourceReferences = null
      constructorInterceptionSuppressed = false
      aroundConstructCallbacks = null
      aroundConstructInterceptionContext = null
    injectionTarget = class org.jboss.weld.injection.producer.BeanInjectionTarget@75ee7a06
      bean = null
      beanManager = class org.jboss.weld.manager.BeanManagerImpl@106c2b94
      type = class org.jboss.weld.annotated.slim.backed.BackedAnnotatedType@32733271
      injectionPoints = class java.util.Collections$UnmodifiableSet@344b4073
      instantiator = class org.jboss.weld.injection.producer.DefaultInstantiator@26527589
      injector = class org.jboss.weld.injection.producer.ResourceInjector@37970e6f
      invoker = class org.jboss.weld.injection.producer.DefaultLifecycleCallbackInvoker@1cdc4256
    lifecycleManaged = true
    beanScope = "javax.enterprise.context.Dependent"
    identity = "com.ibm.websphere.samples.daytrader.web.OrdersAlertFilter@171de147"
    serialVersionUID = -9126917678523682896

