------Start of DE processing------ = [25/05/18 11:18:20:162 CEST]
Exception = javax.ejb.EJBException
Source = com.ibm.ejs.container.EJSHome.createBeanO
probeid = 1047
Stack Dump = javax.ejb.EJBException: CWNEN0030E: The server was unable to obtain an object instance for the java:comp/env/com.ibm.websphere.samples.daytrader.ejb3.MarketSummarySingleton/entityManager reference.  The exception message was: java.lang.NullPointerException; nested exception is: java.lang.RuntimeException: java.lang.NullPointerException
	at com.ibm.ejs.container.util.ExceptionUtil.EJBException(ExceptionUtil.java:460)
	at com.ibm.ejs.container.ManagedBeanOBase.injectInstance(ManagedBeanOBase.java:153)
	at com.ibm.ejs.container.SingletonBeanO.initialize(SingletonBeanO.java:301)
	at com.ibm.ejs.container.BeanOFactory.create(BeanOFactory.java:103)
	at com.ibm.ejs.container.EJSHome.createSingletonBeanO(EJSHome.java:3740)
	at com.ibm.ejs.container.EJSHome.createBeanO(EJSHome.java:936)
	at com.ibm.ejs.container.EJSHome.createBeanO(EJSHome.java:1077)
	at com.ibm.ejs.container.activator.UncachedActivationStrategy.atActivate(UncachedActivationStrategy.java:62)
	at com.ibm.ejs.container.activator.Activator.preInvokeActivateBean(Activator.java:263)
	at com.ibm.ejs.container.EJSContainer.preInvokeActivate(EJSContainer.java:3234)
	at com.ibm.ejs.container.EJSContainer.EjbPreInvoke(EJSContainer.java:2571)
	at com.ibm.ejs.container.TimedObjectWrapper.invokeCallback(TimedObjectWrapper.java:83)
	at com.ibm.ejs.container.TimerNpRunnable.doWork(TimerNpRunnable.java:195)
	at com.ibm.ejs.container.TimerNpRunnable.run(TimerNpRunnable.java:102)
	at java.base/java.util.concurrent.Executors$RunnableAdapter.call(Executors.java:514)
	at java.base/java.util.concurrent.FutureTask.run(FutureTask.java:264)
	at java.base/java.util.concurrent.ThreadPoolExecutor.runWorker(ThreadPoolExecutor.java:1135)
	at java.base/java.util.concurrent.ThreadPoolExecutor$Worker.run(ThreadPoolExecutor.java:635)
	at java.base/java.lang.Thread.run(Thread.java:844)
Caused by: java.lang.RuntimeException: java.lang.NullPointerException
	at com.ibm.ws.jpa.management.JPAPUnitInfo.getEntityManagerFactory(JPAPUnitInfo.java:804)
	at com.ibm.ws.jpa.management.JPAPUnitInfo.getEntityManagerPool(JPAPUnitInfo.java:994)
	at com.ibm.ws.jpa.management.JPATxEntityManager.<init>(JPATxEntityManager.java:147)
	at com.ibm.ws.jpa.container.v21.JPATxEntityManagerV21.<init>(JPATxEntityManagerV21.java:45)
	at com.ibm.ws.jpa.container.v21.internal.JPA21Runtime.createJPATxEntityManager(JPA21Runtime.java:71)
	at com.ibm.ws.jpa.management.AbstractJPAComponent.getEntityManager(AbstractJPAComponent.java:255)
	at com.ibm.ws.jpa.container.osgi.jndi.JPAJndiLookupObjectFactory.getObjectInstance(JPAJndiLookupObjectFactory.java:149)
	at com.ibm.wsspi.injectionengine.InjectionBinding.getInjectionObjectInstance(InjectionBinding.java:1552)
	at com.ibm.wsspi.injectionengine.InjectionBinding.getInjectionObject(InjectionBinding.java:1428)
	at com.ibm.wsspi.injectionengine.InjectionBinding.getInjectableObject(InjectionBinding.java:1368)
	at com.ibm.wsspi.injectionengine.InjectionTarget.inject(InjectionTarget.java:104)
	at com.ibm.ws.injectionengine.AbstractInjectionEngine.inject(AbstractInjectionEngine.java:851)
	at com.ibm.ejs.container.ManagedBeanOBase.injectInstance(ManagedBeanOBase.java:147)
	... 17 more
Caused by: java.lang.NullPointerException
	at org.eclipse.persistence.internal.jpa.EntityManagerSetupImpl.predeploy(EntityManagerSetupImpl.java:2062)
	at org.eclipse.persistence.jpa.PersistenceProvider.createContainerEntityManagerFactoryImpl(PersistenceProvider.java:334)
	at org.eclipse.persistence.jpa.PersistenceProvider.createContainerEntityManagerFactory(PersistenceProvider.java:305)
	at com.ibm.ws.jpa.management.JPAPUnitInfo.createEMFactory(JPAPUnitInfo.java:910)
	at com.ibm.ws.jpa.management.JPAPUnitInfo.initialize(JPAPUnitInfo.java:762)
	at com.ibm.ws.jpa.management.JPAPxmlInfo.extractPersistenceUnits(JPAPxmlInfo.java:190)
	at com.ibm.ws.jpa.management.JPAScopeInfo.processPersistenceUnit(JPAScopeInfo.java:90)
	at com.ibm.ws.jpa.management.JPAApplInfo.addPersistenceUnits(JPAApplInfo.java:118)
	at com.ibm.ws.jpa.container.osgi.internal.JPAComponentImpl.processEJBModulePersistenceXml(JPAComponentImpl.java:527)
	at com.ibm.ws.jpa.container.osgi.internal.JPAComponentImpl.applicationStarting(JPAComponentImpl.java:264)
	at com.ibm.ws.container.service.state.internal.ApplicationStateManager.fireStarting(ApplicationStateManager.java:28)
	at com.ibm.ws.container.service.state.internal.StateChangeServiceImpl.fireApplicationStarting(StateChangeServiceImpl.java:50)
	at com.ibm.ws.app.manager.module.internal.DeployedAppInfoBase.preDeployApp(DeployedAppInfoBase.java:383)
	at com.ibm.ws.app.manager.module.internal.DeployedAppInfoBase.deployApp(DeployedAppInfoBase.java:412)
	at com.ibm.ws.app.manager.ear.internal.EARApplicationHandlerImpl.install(EARApplicationHandlerImpl.java:76)
	at com.ibm.ws.app.manager.internal.statemachine.StartAction.execute(StartAction.java:140)
	at com.ibm.ws.app.manager.internal.statemachine.ApplicationStateMachineImpl.enterState(ApplicationStateMachineImpl.java:1258)
	at com.ibm.ws.app.manager.internal.statemachine.ApplicationStateMachineImpl.run(ApplicationStateMachineImpl.java:873)
	... 3 more

Dump of callerThis
Object type = com.ibm.ejs.container.SessionHome
  serialVersionUID = -5599958674558718699
  tc = class com.ibm.websphere.ras.TraceComponent@190f583a
    strings[0] = "TraceComponent[com.ibm.ejs.container.EJSHome,class com.ibm.ejs.container.EJSHome,[EJBContainer],com.ibm.ejs.container.container,null]"
  CLASS_NAME = "com.ibm.ejs.container.EJSHome"
  ivCMDAccessor = class com.ibm.ws.threadContext.ComponentMetaDataAccessorImpl@44983c8
    tc = class com.ibm.websphere.ras.TraceComponent@6de7fe88
      strings[0] = "TraceComponent[com.ibm.ws.threadContext.ComponentMetaDataAccessorImpl,class com.ibm.ws.threadContext.ComponentMetaDataAccessorImpl,[Runtime],com.ibm.ws.runtime.runtime,null]"
    cmdai = class com.ibm.ws.threadContext.ComponentMetaDataAccessorImpl@44983c8
    threadContext = class com.ibm.ws.threadContext.ThreadContextImpl@136f5e83
      ivInitialStackEntry = null
      tc = class com.ibm.ejs.ras.TraceComponent@16cfd03
      count = 8
      index = 0
      SUSPECTED_MISUSAGE_THRESHOLD = 200
      threadLocalHashCode = 1349773324
      nextHashCode = class java.util.concurrent.atomic.AtomicInteger@6bb16e01
      HASH_INCREMENT = 1640531527
    defaultCMD = null
  beanOFactory = class com.ibm.ejs.container.SingletonBeanOFactory@17dfbe5a
    tc = class com.ibm.websphere.ras.TraceComponent@5ec1c0b4
      strings[0] = "TraceComponent[com.ibm.ejs.container.BeanOFactory,class com.ibm.ejs.container.BeanOFactory,[EJBContainer],com.ibm.ejs.container.container,null]"
  container = class com.ibm.ejs.container.EJSContainer@508b3c2f
  ivEntityHelper = null
  noLocalCopies = false
  allowPrimaryKeyMutation = false
  noPrimaryKeyMutation = false
  jndiName = null
  j2eeName = class com.ibm.ws.container.service.metadata.internal.J2EENameImpl@7ffee5e5
    serialVersionUID = 7488184044073147667
    application = "daytrader7"
    module = "daytrader-ee7-ejb.jar"
    component = "MarketSummarySingleton"
    string = "daytrader7#daytrader-ee7-ejb.jar#MarketSummarySingleton"
    j2eeNameBytes = {100,97,121,116,114,97,100,101,114,55,35,100,97,121,116,114,97,100,101,114,45,101,101,55,45,101,106,98,46,106,97,114,35,77,97,114,107,101,116,83,117,109,109,97,114,121,83,105,110,103,108,101,116,111,110} /* array length = 55 */
    $$$tc$$$ = class com.ibm.websphere.ras.TraceComponent@7296241a
      strings[0] = "TraceComponent[com.ibm.ws.container.service.metadata.internal.J2EENameImpl,class com.ibm.ws.container.service.metadata.internal.J2EENameImpl,[Runtime],,null]"
  statelessSessionHome = false
  statefulSessionHome = false
  messageDrivenHome = false
  ivSingletonSessionHome = true
  hashValue = -524745719
  ivHomeId = class com.ibm.ejs.container.BeanId@231ed7ea
    tc = class com.ibm.websphere.ras.TraceComponent@48750668
    CLASS_NAME = "com.ibm.ejs.container.BeanId"
    _isHome = true
    pkey = class com.ibm.ws.container.service.metadata.internal.J2EENameImpl@7ffee5e5
    j2eeName = class com.ibm.ws.container.service.metadata.internal.J2EENameImpl@eef9dbb
      serialVersionUID = 7488184044073147667
      application = "__homeOfHomes"
      module = "__homeOfHomes"
      component = "__homeOfHomes"
      string = "__homeOfHomes#__homeOfHomes#__homeOfHomes"
      j2eeNameBytes = null
      $$$tc$$$ = class com.ibm.websphere.ras.TraceComponent@7296241a
    byteArray = null
    home = class com.ibm.ejs.container.HomeOfHomes@2c9a7e07
    activationStrategy = null
    hashValue = 13467550
    ivFailoverKey = null
    HOME_BEAN = 0
    STATELESS_BEAN = 1
    STATEFUL_BEAN = 2
    ENTITY_BEAN = 3
    MESSAGEDRIVEN_BEAN = 4
    SINGLETON_BEAN = 5
    USES_BEAN_MANAGED_TX = 16
    MODULE_VERSION_CAPABLE = 32
    TYPE_TO_TYPE_ID_MAP = {0,0,5,1,2,3,3,4} /* array length = 8 */
    SERIALIZED_PKEY = 0
    INTEGER_PKEY = 1
    STRING_PKEY = 3
    LONG_PKEY = 4
    BYTE_ARRAY_PKEY = 8
    BEAN_TYPE_LEN = 1
    J2EE_NAME_LEN = 4
    PKEY_TYPE_LEN = 1
    header = {-84,-84,0,2,0,1} /* array length = 6 */
    HEADER_LEN = 6
    svBAOSs = class java.io.ByteArrayOutputStream[50]
    svBAOSsSize = 1
  ivHomeWrappers = null
  ivStatelessId = class com.ibm.ejs.container.BeanId@5886822d
    tc = class com.ibm.websphere.ras.TraceComponent@48750668
      strings[0] = "TraceComponent[com.ibm.ejs.container.BeanId,class com.ibm.ejs.container.BeanId,[EJBContainer],com.ibm.ejs.container.container,null]"
    CLASS_NAME = "com.ibm.ejs.container.BeanId"
    _isHome = false
    pkey = null
    j2eeName = class com.ibm.ws.container.service.metadata.internal.J2EENameImpl@7ffee5e5
    byteArray = null
    home = class com.ibm.ejs.container.SessionHome@3f02252c
    activationStrategy = null
    hashValue = -524745719
    ivFailoverKey = null
    HOME_BEAN = 0
    STATELESS_BEAN = 1
    STATEFUL_BEAN = 2
    ENTITY_BEAN = 3
    MESSAGEDRIVEN_BEAN = 4
    SINGLETON_BEAN = 5
    USES_BEAN_MANAGED_TX = 16
    MODULE_VERSION_CAPABLE = 32
    TYPE_TO_TYPE_ID_MAP = {0,0,5,1,2,3,3,4} /* array length = 8 */
    SERIALIZED_PKEY = 0
    INTEGER_PKEY = 1
    STRING_PKEY = 3
    LONG_PKEY = 4
    BYTE_ARRAY_PKEY = 8
    BEAN_TYPE_LEN = 1
    J2EE_NAME_LEN = 4
    PKEY_TYPE_LEN = 1
    header = {-84,-84,0,2,0,1} /* array length = 6 */
    HEADER_LEN = 6
    svBAOSs = class java.io.ByteArrayOutputStream[50]
      ByteArrayOutputStream[0] = class java.io.ByteArrayOutputStream@4fd90f0d
      ByteArrayOutputStream[1] = null
      ByteArrayOutputStream[2] = null
      ByteArrayOutputStream[3] = null
      ByteArrayOutputStream[4] = null
      ByteArrayOutputStream[5] = null
      ByteArrayOutputStream[6] = null
      ByteArrayOutputStream[7] = null
      ByteArrayOutputStream[8] = null
      ByteArrayOutputStream[9] = null
      ByteArrayOutputStream[10] = null
      ByteArrayOutputStream[11] = null
      ByteArrayOutputStream[12] = null
      ByteArrayOutputStream[13] = null
      ByteArrayOutputStream[14] = null
      ByteArrayOutputStream[15] = null
      ByteArrayOutputStream[16] = null
      ByteArrayOutputStream[17] = null
      ByteArrayOutputStream[18] = null
      ByteArrayOutputStream[19] = null
      ByteArrayOutputStream[20] = null
      ByteArrayOutputStream[21] = null
      ByteArrayOutputStream[22] = null
      ByteArrayOutputStream[23] = null
      ByteArrayOutputStream[24] = null
      ByteArrayOutputStream[25] = null
      ByteArrayOutputStream[26] = null
      ByteArrayOutputStream[27] = null
      ByteArrayOutputStream[28] = null
      ByteArrayOutputStream[29] = null
      ByteArrayOutputStream[30] = null
      ByteArrayOutputStream[31] = null
      ByteArrayOutputStream[32] = null
      ByteArrayOutputStream[33] = null
      ByteArrayOutputStream[34] = null
      ByteArrayOutputStream[35] = null
      ByteArrayOutputStream[36] = null
      ByteArrayOutputStream[37] = null
      ByteArrayOutputStream[38] = null
      ByteArrayOutputStream[39] = null
      ByteArrayOutputStream[40] = null
      ByteArrayOutputStream[41] = null
      ByteArrayOutputStream[42] = null
      ByteArrayOutputStream[43] = null
      ByteArrayOutputStream[44] = null
      ByteArrayOutputStream[45] = null
      ByteArrayOutputStream[46] = null
      ByteArrayOutputStream[47] = null
      ByteArrayOutputStream[48] = null
      ByteArrayOutputStream[49] = null
    svBAOSsSize = 1
  ivStatelessWrappers = null
  ivStatefulBusinessHomeWrapper = null
  enterpriseBeanClass = class java.lang.Class@7e8c9084
    ANNOTATION = 8192
    ENUM = 16384
    SYNTHETIC = 4096
    cachedConstructor = null
    newInstanceCallerCache = null
    name = "com.ibm.websphere.samples.daytrader.ejb3.MarketSummarySingleton"
    module = class java.lang.Module@6388ed49
      layer = null
      name = null
      loader = class com.ibm.ws.classloading.internal.AppClassLoader@2c81a1fe
      descriptor = null
      ALL_UNNAMED_MODULE = class java.lang.Module@7382f612
      ALL_UNNAMED_MODULE_SET = class java.util.ImmutableCollections$Set1@66ba673e
      EVERYONE_MODULE = class java.lang.Module@2957fcb0
      EVERYONE_SET = class java.util.ImmutableCollections$Set1@8391ac
      reads = null
      openPackages = null
      exportedPackages = null
      moduleInfoClass = null
      $assertionsDisabled = true
    packageName = "com.ibm.websphere.samples.daytrader.ejb3"
    componentType = null
    allPermDomain = class java.security.ProtectionDomain@6ca3d2e3
      filePermCompatInPD = false
      codesource = null
      classloader = null
      principals = interface java.security.Principal[0]
      permissions = class java.security.Permissions@df35808
      hasAllPerm = true
      staticPermissions = true
      key = class java.security.ProtectionDomain$Key@73a6d901
    reflectionData = class java.lang.ref.SoftReference@b6499bf
      clock = 585706
      timestamp = 585706
      referent = class java.lang.Class$ReflectionData@4122361a
      queue = class java.lang.ref.ReferenceQueue$Null@14eadbd6
      next = null
      discovered = null
      processPendingLock = class java.lang.Object@48e4a134
      processPendingActive = false
    classRedefinedCount = 0
    genericInfo = class sun.reflect.generics.repository.ClassRepository@261e56ee
      NONE = class sun.reflect.generics.repository.ClassRepository@261e56ee
      superclass = null
      superInterfaces = null
      typeParameters = null
      factory = null
      tree = class sun.reflect.generics.tree.ClassSignature@30dc08e3
    EMPTY_CLASS_ARRAY = class java.lang.Class[0]
    serialVersionUID = 3206093459760846163
    serialPersistentFields = class java.io.ObjectStreamField[0]
    reflectionFactory = class jdk.internal.reflect.ReflectionFactory@10d22762
      Failed to resolve fields for jdk.internal.reflect.ReflectionFactory = "java.lang.reflect.InaccessibleObjectException: Unable to make field private static boolean jdk.internal.reflect.ReflectionFactory.initted accessible: module java.base does not "opens jdk.internal.reflect" to unnamed module @482cd91f
	at java.base/java.lang.reflect.AccessibleObject.checkCanSetAccessible(AccessibleObject.java:337)
	at java.base/java.lang.reflect.AccessibleObject.checkCanSetAccessible(AccessibleObject.java:281)
	at java.base/java.lang.reflect.Field.checkCanSetAccessible(Field.java:176)
	at java.base/java.lang.reflect.AccessibleObject.setAccessible(AccessibleObject.java:124)
	at com.ibm.ws.logging.internal.impl.IntrospectionLevelMember$2.run(IntrospectionLevelMember.java:316)
	at com.ibm.ws.logging.internal.impl.IntrospectionLevelMember$2.run(IntrospectionLevelMember.java:310)
	at java.base/java.security.AccessController.doPrivileged(Native Method)
	at com.ibm.ws.logging.internal.impl.IntrospectionLevelMember.getFields(IntrospectionLevelMember.java:310)
	at com.ibm.ws.logging.internal.impl.IntrospectionLevelMember.introspectViaReflection(IntrospectionLevelMember.java:199)
	at com.ibm.ws.logging.internal.impl.IntrospectionLevelMember.getChildren(IntrospectionLevelMember.java:163)
	at com.ibm.ws.logging.internal.impl.IntrospectionLevel.getNextLevel(IntrospectionLevel.java:100)
	at com.ibm.ws.logging.internal.impl.IncidentStreamImpl.introspect(IncidentStreamImpl.java:437)
	at com.ibm.ws.logging.internal.impl.IncidentStreamImpl.introspectAndWrite(IncidentStreamImpl.java:129)
	at com.ibm.ws.logging.internal.impl.IncidentStreamImpl.introspectAndWriteLine(IncidentStreamImpl.java:164)
	at com.ibm.ws.logging.internal.impl.IncidentLogger.logIncident(IncidentLogger.java:97)
	at com.ibm.ws.logging.internal.impl.IncidentLogger.logIncident(IncidentLogger.java:35)
	at com.ibm.ws.logging.internal.impl.IncidentImpl.log(IncidentImpl.java:249)
	at com.ibm.ws.logging.internal.impl.BaseFFDCService.log(BaseFFDCService.java:239)
	at com.ibm.ws.logging.internal.impl.BaseFFDCService.processException(BaseFFDCService.java:180)
	at com.ibm.ws.ffdc.FFDCFilter.processException(FFDCFilter.java:60)
	at com.ibm.ejs.container.EJSHome.createSingletonBeanO(EJSHome.java:3744)
	at com.ibm.ejs.container.EJSHome.createBeanO(EJSHome.java:936)
	at com.ibm.ejs.container.EJSHome.createBeanO(EJSHome.java:1077)
	at com.ibm.ejs.container.activator.UncachedActivationStrategy.atActivate(UncachedActivationStrategy.java:62)
	at com.ibm.ejs.container.activator.Activator.preInvokeActivateBean(Activator.java:263)
	at com.ibm.ejs.container.EJSContainer.preInvokeActivate(EJSContainer.java:3234)
	at com.ibm.ejs.container.EJSContainer.EjbPreInvoke(EJSContainer.java:2571)
	at com.ibm.ejs.container.TimedObjectWrapper.invokeCallback(TimedObjectWrapper.java:83)
	at com.ibm.ejs.container.TimerNpRunnable.doWork(TimerNpRunnable.java:195)
	at com.ibm.ejs.container.TimerNpRunnable.run(TimerNpRunnable.java:102)
	at java.base/java.util.concurrent.Executors$RunnableAdapter.call(Executors.java:514)
	at java.base/java.util.concurrent.FutureTask.run(FutureTask.java:264)
	at java.base/java.util.concurrent.ThreadPoolExecutor.runWorker(ThreadPoolExecutor.java:1135)
	at java.base/java.util.concurrent.ThreadPoolExecutor$Worker.run(ThreadPoolExecutor.java:635)
	at java.base/java.lang.Thread.run(Thread.java:844)
"
    enumConstants = null
    enumConstantDirectory = null
    annotationData = class java.lang.Class$AnnotationData@700db794
      annotations = class java.util.LinkedHashMap@567526bb
      declaredAnnotations = class java.util.LinkedHashMap@567526bb
      redefinedCount = 0
    annotationType = null
    classValueMap = null
  remoteEJBObjectClass = null
  localEJBObjectClass = null
  beanMetaData = class com.ibm.ws.ejbcontainer.osgi.internal.metadata.OSGiBeanMetaData@3c595c6f
    tc = class com.ibm.websphere.ras.TraceComponent@5a60a67d
      strings[0] = "TraceComponent[com.ibm.ws.ejbcontainer.osgi.internal.metadata.OSGiBeanMetaData,class com.ibm.ws.ejbcontainer.osgi.internal.metadata.OSGiBeanMetaData,[EJBContainer],com.ibm.ws.ejbcontainer.osgi.internal.resources.EJBContainerMessages,null]"
    beanRuntime = class com.ibm.ws.ejbcontainer.session.internal.SessionBeanRuntimeImpl@6565a530
      serialVersionUID = -47239889424563615
      $$$tc$$$ = class com.ibm.websphere.ras.TraceComponent@6ac1ed99
    systemHomeBindingName = null
    mbeanServiceReg = null
    serialVersionUID = 4571786972187397809
    tc = class com.ibm.websphere.ras.TraceComponent@194a656c
      strings[0] = "TraceComponent[com.ibm.ejs.container.BeanMetaData,class com.ibm.ejs.container.BeanMetaData,[EJBContainer],com.ibm.ejs.container.container,null]"
    svTimedObjectClass = class java.lang.Class@24cee59f
      ANNOTATION = 8192
      ENUM = 16384
      SYNTHETIC = 4096
      cachedConstructor = null
      newInstanceCallerCache = null
      name = "javax.ejb.TimedObject"
      module = class java.lang.Module@1a81f212
      packageName = "javax.ejb"
      componentType = {} /* array length = 0 */
      allPermDomain = class java.security.ProtectionDomain@6ca3d2e3
      reflectionData = class java.lang.ref.SoftReference@64589821
      classRedefinedCount = 0
      genericInfo = null
      EMPTY_CLASS_ARRAY = class java.lang.Class[0]
      serialVersionUID = 3206093459760846163
      serialPersistentFields = class java.io.ObjectStreamField[0]
      reflectionFactory = class jdk.internal.reflect.ReflectionFactory@10d22762
      enumConstants = null
      enumConstantDirectory = null
      annotationData = null
      annotationType = null
      classValueMap = null
    svTimedObjectMethod = class java.lang.reflect.Method@64e13eec
      clazz = class java.lang.Class@24cee59f
      slot = 0
      name = "ejbTimeout"
      returnType = class java.lang.Class@123a439b
      parameterTypes = class java.lang.Class[1]
      exceptionTypes = class java.lang.Class[0]
      modifiers = 1025
      signature = null
      genericInfo = null
      annotations = null
      parameterAnnotations = null
      annotationDefault = null
      methodAccessor = null
      root = class java.lang.reflect.Method@7c0c6819
      hasRealParameterData = false
      parameters = null
      declaredAnnotations = null
      ACCESS_PERMISSION = class java.lang.reflect.ReflectPermission@282fa759
      override = false
      reflectionFactory = class jdk.internal.reflect.ReflectionFactory@10d22762
      securityCheckCache = null
      printStackWhenAccessFails = false
      printStackPropertiesSet = true
    ACCESS_INTENT_READ = 0
    ACCESS_INTENT_UPDATE = 1
    ACTIVATION_POLICY_ONCE = 0
    ACTIVATION_POLICY_ACTIVITY_SESSION = 1
    ACTIVATION_POLICY_TRANSACTION = 2
    CONCURRENCY_CONTROL_PESSIMISTIC = 0
    CONCURRENCY_CONTROL_OPTIMISTIC = 1
    J2EE_EJB_VERSION_UNKNOWN = 0
    J2EE_EJB_VERSION_1_0 = 10
    J2EE_EJB_VERSION_1_1 = 11
    J2EE_EJB_VERSION_2_0 = 20
    J2EE_EJB_VERSION_2_1 = 21
    J2EE_EJB_VERSION_3_0 = 30
    J2EE_EJB_VERSION_3_1 = 31
    J2EE_EJB_VERSION_3_2 = 32
    JAVAEE_VERSION_5 = 50
    LOAD_POLICY_ACTIVATION = 0
    LOAD_POLICY_TRANSACTION = 1
    LOAD_POLICY_INTERVAL = 2
    LOAD_POLICY_DAILY = 3
    LOAD_POLICY_WEEKLY = 4
    LOCAL_TX_UNRESOLVED_ACTION_ROLLBACK = 0
    LOCAL_TX_UNRESOLVED_ACTION_COMMIT = 1
    METHOD_TYPE_UNSPECIFIED = 0
    METHOD_TYPE_REMOTE = 1
    METHOD_TYPE_REMOTE_HOME = 2
    METHOD_TYPE_LOCAL = 3
    METHOD_TYPE_LOCAL_HOME = 4
    METHOD_TYPE_SERVICE_ENDPOINT = 5
    PERSISTENCE_BEAN_MANAGED = 0
    PERSISTENCE_CONTAINER_MANAGED = 1
    PIN_POLICY_ACTIVATION_PERIOD = 0
    PIN_POLICY_ACTIVITY_SESSION = 1
    PIN_POLICY_TRANSACTION = 2
    PIN_POLICY_BUSINESS_METHOD = 3
    TX_ATTRIBUTE_TYPE_NOT_SUPPORTED = 0
    TX_ATTRIBUTE_TYPE_SUPPORTS = 1
    TX_ATTRIBUTE_TYPE_REQUIRED = 2
    TX_ATTRIBUTE_TYPE_REQUIRES_NEW = 3
    TX_ATTRIBUTE_TYPE_MANDATORY = 4
    TX_ATTRIBUTE_TYPE_NEVER = 5
    TX_ATTRIBUTE_TYPE_BEAN_MANAGED = 6
    TX_BEAN_MANAGED = 0
    TX_CONTAINER_MANAGED = 1
    TX_ISOLATION_LEVEL_REPEATABLE_READ = 0
    TX_ISOLATION_LEVEL_READ_COMMITTED = 1
    TX_ISOLATION_LEVEL_READ_UNCOMMITTED = 2
    TX_ISOLATION_LEVEL_SERIALIZABLE = 3
    ivInitData = null
    _javaNameSpaceContext = null
    _moduleMetaData = class com.ibm.ws.ejbcontainer.osgi.internal.metadata.OSGiEJBModuleMetaDataImpl@26bad8d4
    _resourceRefList = class com.ibm.ws.resource.internal.ResourceRefConfigListImpl@2c655b65
      ivList = class java.util.ArrayList@344c0776
      ivMap = class java.util.HashMap@ad91aff
      serialVersionUID = 5502773099641523293
      $$$tc$$$ = class com.ibm.websphere.ras.TraceComponent@736fde68
    _localTran = class com.ibm.ws.ejbcontainer.osgi.internal.metadata.LocalTranConfigDataImpl@d62acb2
      tc = class com.ibm.websphere.ras.TraceComponent@4ce7e14d
      serialVersionUID = 23556146111571409
      tc = class com.ibm.websphere.ras.TraceComponent@56152a57
      boundary = 0
      resolver = 0
      unresolvedAction = 0
      isShareable = false
    _globalTran = class com.ibm.ws.ejbcontainer.osgi.internal.metadata.GlobalTranConfigDataImpl@613e6dba
      tc = class com.ibm.websphere.ras.TraceComponent@7dc2dde6
      serialVersionUID = -269778837180775034
      tc = class com.ibm.websphere.ras.TraceComponent@631b1496
      timeout = 0
      isSendWSAT = false
    j2eeName = class com.ibm.ws.container.service.metadata.internal.J2EENameImpl@7ffee5e5
    ivUnversionedJ2eeName = null
    type = 2
    ivDependsOn = null
    entityRemoteNoTxAttrMethods = class java.lang.String[4]
      String[0] = "getEJBHome"
      String[1] = "getHandle"
      String[2] = "getPrimaryKey"
      String[3] = "isIdentical"
    entityRemoteNoTxAttrMethodSignatures = class java.lang.String[4]
      String[0] = ""
      String[1] = ""
      String[2] = ""
      String[3] = "javax.ejb.EJBObject"
    entityLocalNoTxAttrMethods = class java.lang.String[3]
      String[0] = "getEJBHome"
      String[1] = "getPrimaryKey"
      String[2] = "isIdentical"
    entityLocalNoTxAttrMethodSignatures = class java.lang.String[3]
      String[0] = ""
      String[1] = ""
      String[2] = "javax.ejb.EJBObject"
    entityRemoteHomeNoTxAttrMethods = class java.lang.String[2]
      String[0] = "getEJBMetaData"
      String[1] = "getHomeHandle"
    entityRemoteHomeNoTxAttrMethodSignatures = class java.lang.String[2]
      String[0] = ""
      String[1] = ""
    entityLocalHomeNoTxAttrMethods = class java.lang.String[1]
      String[0] = ""
    entityLocalHomeNoTxAttrMethodSignatures = class java.lang.String[1]
      String[0] = ""
    sessionLocalHomeNoTxAttrMethods = class java.lang.String[1]
      String[0] = "*"
    sessionLocalHomeNoTxAttrMethodSignatures = class java.lang.String[1]
      String[0] = ""
    sessionRemoteHomeNoTxAttrMethods = class java.lang.String[1]
      String[0] = "*"
    sessionRemoteHomeNoTxAttrMethodSignatures = class java.lang.String[1]
      String[0] = ""
    ivModuleVersion = 32
    enterpriseBeanClassName = "com.ibm.websphere.samples.daytrader.ejb3.MarketSummarySingleton"
    enterpriseBeanClass = class java.lang.Class@7e8c9084
    enterpriseBeanAbstractClass = class java.lang.Class@7e8c9084
    homeBeanClass = class java.lang.Class@172c3d50
      ANNOTATION = 8192
      ENUM = 16384
      SYNTHETIC = 4096
      cachedConstructor = class java.lang.reflect.Constructor@383502a1
      newInstanceCallerCache = class java.lang.Class@45627782
      name = "com.ibm.ejs.container.SessionHome"
      module = class java.lang.Module@59267c87
      packageName = "com.ibm.ejs.container"
      componentType = null
      allPermDomain = class java.security.ProtectionDomain@6ca3d2e3
      reflectionData = class java.lang.ref.SoftReference@20a3e2be
      classRedefinedCount = 0
      genericInfo = null
      EMPTY_CLASS_ARRAY = class java.lang.Class[0]
      serialVersionUID = 3206093459760846163
      serialPersistentFields = class java.io.ObjectStreamField[0]
      reflectionFactory = class jdk.internal.reflect.ReflectionFactory@10d22762
      enumConstants = null
      enumConstantDirectory = null
      annotationData = class java.lang.Class$AnnotationData@28e3bc84
      annotationType = null
      classValueMap = null
    ivEnterpriseBeanFactory = class com.ibm.ws.cdi.impl.managedobject.CDIEJBManagedObjectFactoryImpl@630d2166
      tc = class com.ibm.websphere.ras.TraceComponent@76d8c16c
      _ejbName = "MarketSummarySingleton"
      defaultEJBManagedObjectFactory = class com.ibm.ws.managedobject.internal.ManagedObjectFactoryImpl@59703634
      _ejbDescriptor = class org.jboss.weld.ejb.InternalEjbDescriptor@4c744e6a
      serialVersionUID = 5272593107795190813
      tc = class com.ibm.websphere.ras.TraceComponent@23bdb061
      cdiRuntime = class com.ibm.ws.cdi.liberty.CDIRuntimeImpl@6c4d4e55
      _managedClass = class java.lang.Class@7e8c9084
      _bean = class org.jboss.weld.bean.SessionBean@2edc885d
      _beanLookupComplete = true
      _beanManager = class org.jboss.weld.manager.BeanManagerImpl@4a5f029b
      _bda = class com.ibm.ws.cdi.impl.weld.BeanDeploymentArchiveImpl@570371fa
      _requestManagingInjectionAndInterceptors = false
      referenceContext = null
      serialVersionUID = 4347171954654192899
    ivEnterpriseBeanClassConstructor = null
    managedObjectManagesInjectionAndInterceptors = false
    fullyInitialized = true
    pKeyClass = null
    m_syncToOSThreadValue = false
    ivPersistenceRefNames = null
    ivJpaPuIdSTUnsyncSet = null
    ivExPcPuIds = class com.ibm.ws.jpa.JPAPuId[0]
    homeInterfaceClassName = null
    homeInterfaceClass = null
    remoteInterfaceClass = null
    remoteImplClass = null
    remoteTieClass = null
    homeRemoteImplClass = null
    homeRemoteTieClass = null
    localHomeInterfaceClassName = null
    localHomeInterfaceClass = null
    localInterfaceClass = null
    localImplClass = null
    localImplProxyConstructor = null
    homeLocalImplClass = null
    homeLocalImplProxyConstructor = null
    ivHasWebServiceEndpoint = false
    webserviceEndpointInterfaceClass = null
    ivWebServiceEndpointProxyName = null
    ivWebServiceEndpointProxyClass = null
    ivWebServiceEndpointCreated = false
    ivBusinessLocalInterfaceClassNames = null
    ivBusinessLocalInterfaceClasses = class java.lang.Class[1]
      Class[0] = class java.lang.Class@7e8c9084
    ivBusinessRemoteInterfaceClassNames = null
    ivBusinessRemoteInterfaceClasses = null
    ivBusinessLocalImplClasses = class java.lang.Class[1]
      Class[0] = class java.lang.Class@4d523311
    ivBusinessLocalImplProxyConstructors = null
    ivBusinessRemoteImplClasses = null
    ivBusinessRemoteTieClasses = null
    ivAggregateLocalImplClass = null
    ivLocalBean = true
    ivLocalBeanWrapperField = class java.lang.reflect.Field@18c14545
      clazz = class java.lang.Class@4d523311
      slot = 0
      name = "ivWrapperBase"
      type = class java.lang.Class@777be0b1
      modifiers = 2
      signature = null
      genericInfo = null
      annotations = null
      fieldAccessor = null
      overrideFieldAccessor = null
      root = class java.lang.reflect.Field@2fb6715a
      declaredAnnotations = null
      ACCESS_PERMISSION = class java.lang.reflect.ReflectPermission@282fa759
      override = true
      reflectionFactory = class jdk.internal.reflect.ReflectionFactory@10d22762
      securityCheckCache = null
      printStackWhenAccessFails = false
      printStackPropertiesSet = true
    ivMessageEndpointBaseField = null
    ivManagedBeanBeanOField = null
    ivIndirectLocalProxies = false
    cmpResetFields = null
    connFactoryName = null
    envProps = class java.util.Properties@7446cfef
    simpleJndiBindingName = null
    localHomeJndiBindingName = null
    remoteHomeJndiBindingName = null
    ivRemoteHomeJndiName = null
    ivLocalHomeJndiName = null
    businessInterfaceJndiBindingNames = null
    enterpriseBeanName = "MarketSummarySingleton"
    reentrant = false
    passivationCapable = true
    sessionTimeout = 0
    ivSFSBFailover = false
    ivSfFailoverClient = null
    sessionActivateTran = false
    sessionActivateSession = false
    optionACommitOption = false
    optionBCommitOption = false
    optionCCommitOption = false
    ivReadOnlyCommitOption = false
    entitySessionalTranOption = false
    optimisticConcurrencyControl = false
    CACHE_RELOAD_NONE = 0
    CACHE_RELOAD_INTERVAL = 1
    CACHE_RELOAD_DAILY = 2
    CACHE_RELOAD_WEEKLY = 3
    ivCacheReloadType = 0
    ivCacheReloadInterval = -1
    activationPolicy = 0
    methodNames = null
    localMethodNames = class java.lang.String[2]
      String[0] = "getMarketSummaryDataBean"
      String[1] = "setMarketSummaryDataBean"
    timedMethodNames = class java.lang.String[1]
      String[0] = "updateMarketSummary"
    wsEndpointMethodNames = null
    lifecycleInterceptorMethodNames = class java.lang.String[4]
      String[0] = "setup"
      String[1] = "PreDestroy lifecycle interceptor"
      String[2] = "PrePassivate lifecycle interceptor"
      String[3] = "PostActivate lifecycle interceptor"
    methodInfos = null
    localMethodInfos = class com.ibm.ejs.container.EJBMethodInfoImpl[2]
      EJBMethodInfoImpl[0] = class com.ibm.ws.ejbcontainer.osgi.internal.metadata.OSGiEJBMethodMetaDataImpl@1ed96880
      EJBMethodInfoImpl[1] = class com.ibm.ws.ejbcontainer.osgi.internal.metadata.OSGiEJBMethodMetaDataImpl@5cc01245
    timedMethodInfos = class com.ibm.ejs.container.EJBMethodInfoImpl[1]
      EJBMethodInfoImpl[0] = class com.ibm.ws.ejbcontainer.osgi.internal.metadata.OSGiEJBMethodMetaDataImpl@7d0b089f
    wsEndpointMethodInfos = null
    lifecycleInterceptorMethodInfos = class com.ibm.ejs.container.EJBMethodInfoImpl[4]
      EJBMethodInfoImpl[0] = class com.ibm.ws.ejbcontainer.osgi.internal.metadata.OSGiEJBMethodMetaDataImpl@22e6fedc
      EJBMethodInfoImpl[1] = class com.ibm.ws.ejbcontainer.osgi.internal.metadata.OSGiEJBMethodMetaDataImpl@50072afd
      EJBMethodInfoImpl[2] = class com.ibm.ws.ejbcontainer.osgi.internal.metadata.OSGiEJBMethodMetaDataImpl@6b92a6ad
      EJBMethodInfoImpl[3] = class com.ibm.ws.ejbcontainer.osgi.internal.metadata.OSGiEJBMethodMetaDataImpl@66bd6c4f
    isolationAttrs = null
    readOnlyAttrs = null
    homeMethodNames = null
    localHomeMethodNames = null
    homeMethodInfos = null
    localHomeMethodInfos = null
    homeIsolationAttrs = null
    homeReadOnlyAttrs = null
    commitDanglingWork = false
    ivHasInheritance = false
    ivHasAppManagedPersistenceContext = false
    ivHasCMExtendedPersistenceContext = false
    usesBeanManagedTx = false
    usesBeanManagedAS = false
    cmpVersion = 0
    persister = null
    classLoader = class com.ibm.ws.classloading.internal.AppClassLoader@2c81a1fe
    ivContextClassLoader = class com.ibm.ws.classloading.internal.ThreadContextClassLoader@17cc2150
      tc = class com.ibm.websphere.ras.TraceComponent@41f1f28
      bundle = class java.util.concurrent.atomic.AtomicReference@6e137779
      key = "EARApplication:daytrader7"
      refCount = class java.util.concurrent.atomic.AtomicInteger@4e2394d3
      appLoader = class com.ibm.ws.classloading.internal.AppClassLoader@2c81a1fe
      clSvc = class com.ibm.ws.classloading.internal.ClassLoadingServiceImpl@113ee65b
      serialVersionUID = 846416563800781557
      followOnClassLoaders = class java.util.ArrayList@76c29ffd
      serialVersionUID = -5107316606107305512
      $$$tc$$$ = class com.ibm.websphere.ras.TraceComponent@54757e5d
      serialVersionUID = -4868702105808481416
      $$$tc$$$ = class com.ibm.websphere.ras.TraceComponent@4071c1d2
      serialVersionUID = 2596921220292114344
      $$$tc$$$ = class com.ibm.websphere.ras.TraceComponent@11ee4758
      initialized = true
      pdcache = class java.util.concurrent.ConcurrentHashMap@97d2f60
      parent = class com.ibm.ws.classloading.internal.GatewayClassLoader@6cb791ba
      name = null
      unnamedModule = class java.lang.Module@292de6c0
      parallelLockMap = null
      package2certs = class java.util.Hashtable@7ca02989
      nocerts = class java.security.cert.Certificate[0]
      classes = class java.util.Vector@2ef7bfc2
      defaultDomain = class java.security.ProtectionDomain@4ca8f096
      packages = class java.util.concurrent.ConcurrentHashMap@2cced04c
      scl = class jdk.internal.loader.ClassLoaders$AppClassLoader@7591083d
      usr_paths = class java.lang.String[35]
      sys_paths = class java.lang.String[1]
      loadedLibraryNames = class java.util.HashSet@2203f7e5
      systemNativeLibraries = class java.util.concurrent.ConcurrentHashMap@5bc013a8
      nativeLibraries = null
      assertionLock = class com.ibm.ws.classloading.internal.ThreadContextClassLoader@17cc2150
      defaultAssertionStatus = false
      packageAssertionStatus = null
      classAssertionStatus = null
      classLoaderValueMap = null
      $assertionsDisabled = true
    minPoolSize = 50
    maxPoolSize = 500
    allowCachedTimerDataForMethods = 0
    ivInitialPoolSize = 0
    ivMaxCreation = 0
    ivMaxCreationTimeout = 300000
    isPreFindFlushEnabled = true
    isCleanEJBStoreEnabled = true
    fbpkReadOnlyOverrideAllBeans = false
    allowCustomFinderSQLForUpdateALLBeans = false
    allowCustomFinderSQLForUpdateThisBean = false
    allowCustomFinderSQLForUpdateMethodLevel = false
    allowWAS390CustomFinderAtBeanLevel = false
    CF_METHOD_NAME_OFFSET = 0
    CF_METHOD_SIG_OFFSET = 1
    isTimedObject = false
    ivTimeoutMethod = null
    isLightweight = false
    ivActivationSpecJndiName = null
    ivActivationSpecAuthAlias = null
    ivMessageDestinationJndiName = null
    ivMessageListenerPortName = null
    ivMessagingTypeClassName = null
    ivApplicationVersionId = 50
    ivActivationConfig = null
    ivDeferEJBInitialization = true
    ivCluster = null
    ivBeanInjectionTargets = class com.ibm.wsspi.injectionengine.InjectionTarget[1]
      InjectionTarget[0] = class com.ibm.wsspi.injectionengine.InjectionTargetField@5da3447
    ivJavaColonCompEnvMap = class java.util.LinkedHashMap@22e0ead2
      serialVersionUID = 3801124242820219131
      head = class java.util.LinkedHashMap$Entry@417a5dec
      tail = class java.util.LinkedHashMap$Entry@5fba1386
      accessOrder = false
      serialVersionUID = 362498820763181265
      DEFAULT_INITIAL_CAPACITY = 16
      MAXIMUM_CAPACITY = 1073741824
      DEFAULT_LOAD_FACTOR = 0.75
      TREEIFY_THRESHOLD = 8
      UNTREEIFY_THRESHOLD = 6
      MIN_TREEIFY_CAPACITY = 64
      table = class java.util.HashMap$Node[16]
      entrySet = class java.util.LinkedHashMap$LinkedEntrySet@4db1de0d
      size = 2
      modCount = 2
      threshold = 12
      loadFactor = 0.75
      keySet = null
      values = class java.util.LinkedHashMap$LinkedValues@5eb76f6a
    wccm = null
    ivComponent_Id = null
    removeTxAttr = 0
    container = class com.ibm.ejs.container.EJSContainer@508b3c2f
    homeRecord = class com.ibm.ws.ejbcontainer.osgi.internal.HomeRecordImpl@6d43af85
    accessIntentList = null
    isoLevelList = null
    ivCallbackKind = class com.ibm.ws.ejbcontainer.CallbackKind@1a012d92
      None = class com.ibm.ws.ejbcontainer.CallbackKind@b6fbf84
      SessionBean = class com.ibm.ws.ejbcontainer.CallbackKind@7fa479ca
      MessageDrivenBean = class com.ibm.ws.ejbcontainer.CallbackKind@15c5e493
      InvocationContext = class com.ibm.ws.ejbcontainer.CallbackKind@1a012d92
      $VALUES = class com.ibm.ws.ejbcontainer.CallbackKind[4]
      name = "InvocationContext"
      ordinal = 3
    ivInterceptorMetaData = class com.ibm.ejs.container.interceptors.InterceptorMetaData@d6bb1b7
      CLASS_NAME = "com.ibm.ejs.container.interceptors.InterceptorMetaData"
      tc = class com.ibm.websphere.ras.TraceComponent@7d676efa
      ivInterceptorClasses = class java.lang.Class[2]
      ivInterceptorFactories = interface com.ibm.ws.managedobject.ManagedObjectFactory[2]
      ivAroundConstructInterceptors = class com.ibm.ejs.container.interceptors.InterceptorProxy[1]
      ivPrePassivateInterceptors = class com.ibm.ejs.container.interceptors.InterceptorProxy[1]
      ivPreDestroyInterceptors = class com.ibm.ejs.container.interceptors.InterceptorProxy[1]
      ivPostConstructInterceptors = class com.ibm.ejs.container.interceptors.InterceptorProxy[3]
      ivPostActivateInterceptors = class com.ibm.ejs.container.interceptors.InterceptorProxy[1]
      ivBeanLifecycleMethods = class java.lang.reflect.Method[4]
      ivInterceptorInjectionTargets = class [Lcom.ibm.wsspi.injectionengine.InjectionTarget;[2]
    ivInitMethodMap = null
    ivRoleLinkMap = null
    metadataComplete = false
    ivUseCallerIdentity = false
    ivRunAs = null
    ivEjbCreateMethod = null
    ivMetaDataDestroyRequired = true
    supportsFluffOnFind = false
    ivSingletonUsesBeanManagedConcurrency = false
    ivHasAsynchMethod = false
    ivAfterBegin = null
    ivBeforeCompletion = null
    ivAfterCompletion = null
    methodsExposedOnLocalInterface = null
    methodsExposedOnRemoteInterface = null
    methodsExposedOnLocalHomeInterface = null
    methodsExposedOnRemoteHomeInterface = null
    allPublicMethodsOnBean = null
    methodsToMethodInfos = null
    ivReferenceContext = class com.ibm.ws.injectionengine.osgi.internal.OSGiReferenceContextImpl@442c3c93
      scopeData = class com.ibm.ws.injectionengine.osgi.internal.OSGiInjectionScopeData@5875ed9e
      serialVersionUID = 521511923892134915
      $$$tc$$$ = class com.ibm.websphere.ras.TraceComponent@2ff208d9
      CLASS_NAME = "com.ibm.ws.injectionengine.ReferenceContextImpl"
      tc = class com.ibm.websphere.ras.TraceComponent@51ec4c15
      ivInjectionEngine = class com.ibm.ws.injectionengine.osgi.internal.OSGiInjectionEngineImpl@2a8ff987
      ivProviders = class java.util.ArrayList@5773402f
      ivComponentJavaContext = null
      ivComponentNameSpace = null
      ivJavaColonCompEnvMap = class java.util.LinkedHashMap@22e0ead2
      ivEjbContext10 = class java.util.Properties@7446cfef
      ivResourceRefConfigList = class com.ibm.ws.resource.internal.ResourceRefConfigListImpl@2c655b65
      isAlreadyProcessed = true
      ivProcessFailure = null
      ivInjectionTargetMap = class java.util.concurrent.ConcurrentHashMap@6cf77efd
      svInjTarMapCacheSize = 256
      ivDeclaredInjectionTargets = class java.util.HashMap@2fdc3fe1
      ivProcessedInjectionClasses = class java.util.HashSet@6c9da70c
      ivProcessedInjectionBindings = class java.util.ArrayList@2122f088
      ivAnyProcessDynamic = false
      ivCheckAppConfig = false
    ivPassivatorFields = null
    ivIsNoMethodInterfaceMDB = false
    tc = class com.ibm.websphere.ras.TraceComponent@1527a03f
    NUM_STATIC_SLOTS = 4
    ID_UNINITIALIZED = -1
    id = 49
    metaDataInterface = class java.lang.Class@7a0846d2
      ANNOTATION = 8192
      ENUM = 16384
      SYNTHETIC = 4096
      cachedConstructor = null
      newInstanceCallerCache = null
      name = "com.ibm.ws.runtime.metadata.ComponentMetaData"
      module = class java.lang.Module@378cc6fb
      packageName = "com.ibm.ws.runtime.metadata"
      componentType = {} /* array length = 0 */
      allPermDomain = class java.security.ProtectionDomain@6ca3d2e3
      reflectionData = null
      classRedefinedCount = 0
      genericInfo = null
      EMPTY_CLASS_ARRAY = class java.lang.Class[0]
      serialVersionUID = 3206093459760846163
      serialPersistentFields = class java.io.ObjectStreamField[0]
      reflectionFactory = class jdk.internal.reflect.ReflectionFactory@10d22762
      enumConstants = null
      enumConstantDirectory = null
      annotationData = null
      annotationType = null
      classValueMap = null
    staticSlots = class java.lang.Object[4]
      Object[0] = class com.ibm.ws.injectionengine.osgi.internal.OSGiInjectionScopeData@6ae34e41
      Object[1] = null
      Object[2] = null
      Object[3] = null
    dynamicSlots = null
  ejbMetaData = null
  environment = class java.util.Properties@7446cfef
    serialVersionUID = 4112578634029874840
    defaults = null
    map = class java.util.concurrent.ConcurrentHashMap@d07fb9a
      serialVersionUID = 7249069246763182397
      MAXIMUM_CAPACITY = 1073741824
      DEFAULT_CAPACITY = 16
      MAX_ARRAY_SIZE = 2147483639
      DEFAULT_CONCURRENCY_LEVEL = 16
      LOAD_FACTOR = 0.75
      TREEIFY_THRESHOLD = 8
      UNTREEIFY_THRESHOLD = 6
      MIN_TREEIFY_CAPACITY = 64
      MIN_TRANSFER_STRIDE = 16
      RESIZE_STAMP_BITS = 16
      MAX_RESIZERS = 65535
      RESIZE_STAMP_SHIFT = 16
      MOVED = -1
      TREEBIN = -2
      RESERVED = -3
      HASH_BITS = 2147483647
      NCPU = 4
      serialPersistentFields = class java.io.ObjectStreamField[3]
      table = null
      nextTable = null
      baseCount = 0
      sizeCtl = 16
      transferIndex = 0
      cellsBusy = 0
      counterCells = null
      keySet = null
      values = null
      entrySet = null
      U = class jdk.internal.misc.Unsafe@e6620e1
      SIZECTL = 20
      TRANSFERINDEX = 32
      BASECOUNT = 24
      CELLSBUSY = 36
      CELLVALUE = 144
      ABASE = 16
      ASHIFT = 2
      keySet = null
      values = null
    hexDigit = {0123456789ABCDEF} /* array length = 16 */
    table = null
    count = 0
    threshold = 0
    loadFactor = 0.0
    modCount = 0
    serialVersionUID = 1421746759512286392
    MAX_ARRAY_SIZE = 2147483639
    keySet = null
    entrySet = null
    values = null
    KEYS = 0
    VALUES = 1
    ENTRIES = 2
  activationStrategy = class com.ibm.ejs.container.activator.UncachedActivationStrategy@1e018253
    tc = class com.ibm.websphere.ras.TraceComponent@705c2451
      strings[0] = "TraceComponent[com.ibm.ejs.container.activator.UncachedActivationStrategy,class com.ibm.ejs.container.activator.UncachedActivationStrategy,[EJBContainer],com.ibm.ejs.container.container,null]"
    CLASS_NAME = "com.ibm.ejs.container.activator.UncachedActivationStrategy"
    cache = class com.ibm.ejs.util.cache.Cache@bf6e562
      faultStrategy = null
      evictionStrategy = class com.ibm.ejs.util.cache.BackgroundLruEvictionStrategy@56e343d9
      discardStrategy = class com.ibm.ejs.container.activator.Activator@2eb2cd89
      ivEvictionLocks = class com.ibm.ejs.container.util.locking.LockTable@a9e3a49
      ivName = "EJB Cache"
      wrappers = false
      buckets = interface com.ibm.ejs.util.cache.Bucket[2053]
      bucketLock = class com.ibm.ejs.util.cache.Cache$BucketLock@1a4443a1
      numBuckets = 2053
      numObjects = 0
      numEvictionAttempts = 0
      numEvictions = 0
      numSweeps = 1
      dumped = false
      tc = class com.ibm.websphere.ras.TraceComponent@64dc8540
      CLASS_NAME = "com.ibm.ejs.util.cache.Cache"
    locks = class com.ibm.ejs.container.util.locking.LockTable@a9e3a49
      locks = class java.lang.Object[2053]
    tc = class com.ibm.websphere.ras.TraceComponent@579db1e5
      strings[0] = "TraceComponent[com.ibm.ejs.container.activator.ActivationStrategy,class com.ibm.ejs.container.activator.ActivationStrategy,[EJBContainer],com.ibm.ejs.container.container,null]"
    CLASS_NAME = "com.ibm.ejs.container.activator.ActivationStrategy"
  pmiBean = null
  persister = null
  lockStrategy = class com.ibm.ejs.container.lock.LockStrategy@4b75a7fe
    EXCLUSIVE_LOCK_STRATEGY = class com.ibm.ejs.container.lock.ExclusiveLockStrategy@5f0b614b
      tc = class com.ibm.websphere.ras.TraceComponent@2fba0657
      CLASS_NAME = "com.ibm.ejs.container.lock.ExclusiveLockStrategy"
      EXCLUSIVE_LOCK_STRATEGY = class com.ibm.ejs.container.lock.ExclusiveLockStrategy@5f0b614b
      NULL_LOCK_STRATEGY = class com.ibm.ejs.container.lock.LockStrategy@4b75a7fe
    NULL_LOCK_STRATEGY = class com.ibm.ejs.container.lock.LockStrategy@4b75a7fe
  wrapperManager = class com.ibm.ejs.container.WrapperManager@3d3920db
    tc = class com.ibm.websphere.ras.TraceComponent@67833a9c
      strings[0] = "TraceComponent[com.ibm.ejs.container.WrapperManager,class com.ibm.ejs.container.WrapperManager,[EJBContainer],com.ibm.ejs.container.container,null]"
    CLASS_NAME = "com.ibm.ejs.container.WrapperManager"
    wrapperCache = class com.ibm.ejs.util.cache.Cache@17b28d99
      faultStrategy = class com.ibm.ejs.container.WrapperManager@3d3920db
      evictionStrategy = class com.ibm.ejs.util.cache.SweepLruEvictionStrategy@79dcf05d
      discardStrategy = class com.ibm.ejs.container.WrapperManager@3d3920db
      ivEvictionLocks = null
      ivName = "Wrapper Cache"
      wrappers = true
      buckets = interface com.ibm.ejs.util.cache.Bucket[4111]
      bucketLock = class com.ibm.ejs.util.cache.Cache$BucketLock@1d28edf8
      numBuckets = 4111
      numObjects = 0
      numEvictionAttempts = 0
      numEvictions = 0
      numSweeps = 0
      dumped = false
      tc = class com.ibm.websphere.ras.TraceComponent@64dc8540
      CLASS_NAME = "com.ibm.ejs.util.cache.Cache"
    container = class com.ibm.ejs.container.EJSContainer@508b3c2f
    beanIdCache = class com.ibm.ejs.container.BeanIdCache@13b7b71d
      ivBuckets = class com.ibm.ejs.container.BeanId[8231]
      ivCacheFinds = 0
      ivCacheHits = 0
      tc = class com.ibm.websphere.ras.TraceComponent@28faa8b2
  enabled = true
  beanPool = null
  ivNumberBeansCreated = 0
  BEAN_POOL_WAIT_INTERVAL = 10000
  ivAIServiceEnabled = false
  defaultAIMethodInfo = class com.ibm.ws.ejbcontainer.osgi.internal.metadata.OSGiEJBMethodMetaDataImpl@7f42a924
    runAs = null
    useCallerPrincipal = false
    useSystemPrincipal = false
    serialVersionUID = 6211349835382155010
    $$$tc$$$ = class com.ibm.websphere.ras.TraceComponent@60de3880
      strings[0] = "TraceComponent[com.ibm.ws.ejbcontainer.osgi.internal.metadata.OSGiEJBMethodMetaDataImpl,class com.ibm.ws.ejbcontainer.osgi.internal.metadata.OSGiEJBMethodMetaDataImpl,[EJBContainer],com.ibm.ws.ejbcontainer.osgi.internal.resources.EJBContainerMessages,null]"
    tc = class com.ibm.websphere.ras.TraceComponent@f1356f0
      strings[0] = "TraceComponent[com.ibm.ejs.container.EJBMethodInfoImpl,class com.ibm.ejs.container.EJBMethodInfoImpl,[EJBContainer],com.ibm.ejs.container.container,null]"
    methodSignature = "__defaultAIMethodInfo__"
    jdiMethodSignature = "- NO JDI SIGNATURE AVAILABLE - "
    txAttr = class com.ibm.websphere.csi.TransactionAttribute@2fd69dfc
      TX_NOT_SUPPORTED = class com.ibm.websphere.csi.TransactionAttribute@5072bc61
      TX_BEAN_MANAGED = class com.ibm.websphere.csi.TransactionAttribute@4f215ad6
      TX_REQUIRED = class com.ibm.websphere.csi.TransactionAttribute@1a612904
      TX_SUPPORTS = class com.ibm.websphere.csi.TransactionAttribute@2fd69dfc
      TX_REQUIRES_NEW = class com.ibm.websphere.csi.TransactionAttribute@6a00fd4f
      TX_MANDATORY = class com.ibm.websphere.csi.TransactionAttribute@2f54c5da
      TX_NEVER = class com.ibm.websphere.csi.TransactionAttribute@6ae6dd0c
      value = 3
      name = "TX_SUPPORTS"
      numAttrs = 7
    asAttr = class com.ibm.websphere.csi.ActivitySessionAttribute@54e1b63d
      NOT_SUPPORTED = 0
      BEAN_MANAGED = 1
      REQUIRED = 2
      SUPPORTS = 3
      REQUIRES_NEW = 4
      MANDATORY = 5
      NEVER = 6
      UNKNOWN = 7
      AS_NOT_SUPPORTED = class com.ibm.websphere.csi.ActivitySessionAttribute@2d4973c2
      AS_BEAN_MANAGED = class com.ibm.websphere.csi.ActivitySessionAttribute@6fbf39d6
      AS_REQUIRED = class com.ibm.websphere.csi.ActivitySessionAttribute@2bfd814
      AS_SUPPORTS = class com.ibm.websphere.csi.ActivitySessionAttribute@27d5772c
      AS_REQUIRES_NEW = class com.ibm.websphere.csi.ActivitySessionAttribute@41e4d777
      AS_MANDATORY = class com.ibm.websphere.csi.ActivitySessionAttribute@57032714
      AS_NEVER = class com.ibm.websphere.csi.ActivitySessionAttribute@2b003a98
      AS_UNKNOWN = class com.ibm.websphere.csi.ActivitySessionAttribute@54e1b63d
      value = 7
      name = "AS_UNKNOWN"
      numAttrs = 8
    ivInterface = class com.ibm.websphere.csi.MethodInterface@57bc377d
      REMOTE = class com.ibm.websphere.csi.MethodInterface@57bc377d
      HOME = class com.ibm.websphere.csi.MethodInterface@767562c7
      LOCAL = class com.ibm.websphere.csi.MethodInterface@389878df
      LOCAL_HOME = class com.ibm.websphere.csi.MethodInterface@393c0d07
      SERVICE_ENDPOINT = class com.ibm.websphere.csi.MethodInterface@fac0c18
      TIMED_OBJECT = class com.ibm.websphere.csi.MethodInterface@52122470
      MESSAGE_LISTENER = class com.ibm.websphere.csi.MethodInterface@2937f06d
      LIFECYCLE_INTERCEPTOR = class com.ibm.websphere.csi.MethodInterface@703a9479
      ivValue = 1
      ivName = "Remote"
      svNumValues = 8
    methodName = "__defaultAIMethodInfo__NameOnly"
    isHome = false
    isStatefulSessionBean = false
    bmd = class com.ibm.ws.ejbcontainer.osgi.internal.metadata.OSGiBeanMetaData@3c595c6f
    isStatelessSessionBean = false
    isSingletonSessionBean = true
    isHomeCreate = false
    isComponentRemove = false
    isolationAttr = 0
    readOnlyAttr = false
    isaCMP11CustomFinderWithForUpdateAI = false
    isaCMP11FBPK = false
    isLocal = false
    setClassLoader = false
    isCMRSetMethod = false
    isLightweight = false
    isLightweightTxCapable = false
    ivJPATaskName = null
    ivAroundInterceptors = null
    ivMethod = null
    ivNumberOfMethodParms = 0
    ivBridgeMethod = null
    ivSFSBRemove = false
    ivRetainIfException = false
    ivAccessTimeout = -1
    ivLockType = null
    ivAsynchMethod = false
    ivDeclaredExceptions = null
    ivDeclaredExceptionsComp = null
    ivDenyAll = false
    ivPermitAll = false
    ivRolesAllowed = null
    tc = class com.ibm.websphere.ras.TraceComponent@1527a03f
      strings[0] = "TraceComponent[com.ibm.ws.runtime.metadata.MetaDataImpl,class com.ibm.ws.runtime.metadata.MetaDataImpl,[Runtime],null,null]"
    NUM_STATIC_SLOTS = 4
    ID_UNINITIALIZED = -1
    id = -1
    metaDataInterface = class java.lang.Class@f300acd
      ANNOTATION = 8192
      ENUM = 16384
      SYNTHETIC = 4096
      cachedConstructor = null
      newInstanceCallerCache = null
      name = "com.ibm.ws.runtime.metadata.MethodMetaData"
      module = class java.lang.Module@378cc6fb
      packageName = "com.ibm.ws.runtime.metadata"
      componentType = {} /* array length = 0 */
      allPermDomain = class java.security.ProtectionDomain@6ca3d2e3
      reflectionData = null
      classRedefinedCount = 0
      genericInfo = null
      EMPTY_CLASS_ARRAY = class java.lang.Class[0]
      serialVersionUID = 3206093459760846163
      serialPersistentFields = class java.io.ObjectStreamField[0]
      reflectionFactory = class jdk.internal.reflect.ReflectionFactory@10d22762
      enumConstants = null
      enumConstantDirectory = null
      annotationData = null
      annotationType = null
      classValueMap = null
    staticSlots = class java.lang.Object[4]
      Object[0] = null
      Object[1] = null
      Object[2] = null
      Object[3] = null
    dynamicSlots = null
  CachedAI_NotInitialize = 0
  CachedAI_HasMethodLevelAI = 1
  CachedAI_HasNoMethodLevelAI = -1
  cachedHasMethodLevelAI = 0
  ivCachedBeanLevelAccessIntent = null
  cvUsePortableClass = true
  ivAllowEarlyInsert = false
  homeRecord = class com.ibm.ws.ejbcontainer.osgi.internal.HomeRecordImpl@6d43af85
    systemHomeBindingName = null
    remoteBindingData = null
    serialVersionUID = -7648623497327828699
    $$$tc$$$ = class com.ibm.websphere.ras.TraceComponent@21bc4c8e
      strings[0] = "TraceComponent[com.ibm.ws.ejbcontainer.osgi.internal.HomeRecordImpl,class com.ibm.ws.ejbcontainer.osgi.internal.HomeRecordImpl,[EJBContainer],com.ibm.ws.ejbcontainer.osgi.internal.resources.EJBContainerMessages,null]"
    beanO = class com.ibm.ejs.container.CMStatelessBeanO@2bbcad1a
      serialVersionUID = 6553421454354990950
      tc = class com.ibm.websphere.ras.TraceComponent@4666d201
      CLASS_NAME = "com.ibm.ejs.container.StatelessBeanO"
      tc = class com.ibm.websphere.ras.TraceComponent@347972e4
      reentrant = true
      allowRollbackOnly = true
      discarded = false
      ivNumberOfBeansLimited = false
      POOLED = 3
      IN_METHOD = 4
      StateStrs = class java.lang.String[5]
      tc = class com.ibm.websphere.ras.TraceComponent@457177ea
      CLASS_NAME = "com.ibm.ejs.container.SessionBeanO"
      DESTROYED = 0
      PRE_CREATE = 1
      CREATING = 2
      messageContextMethod = null
      sessionBean = class com.ibm.ejs.container.SessionHome@3f02252c
      currentIsolationLevel = 0
      ivCallbackKind = class com.ibm.ws.ejbcontainer.CallbackKind@b6fbf84
      CLASS_NAME = "com.ibm.ejs.container.ManagedBeanOBase"
      tc = class com.ibm.websphere.ras.TraceComponent@1e143523
      ivEjbInstance = class com.ibm.ejs.container.SessionHome@3f02252c
      ivEjbManagedObjectContext = null
      ivManagedObject = null
      ivInterceptors = null
      CLASS_NAME = "com.ibm.ejs.container.BeanO"
      tc = class com.ibm.websphere.ras.TraceComponent@70f053b1
      isZOS = false
      state = 3
      container = class com.ibm.ejs.container.EJSContainer@508b3c2f
      home = null
      pmiBean = null
      beanId = null
      beanPool = null
      connectionHandleList = null
      ivContainerTx = null
      ivActivationStrategy = null
      ivCacheKey = null
    homeInternal = class com.ibm.ejs.container.SessionHome@3f02252c
    bmd = class com.ibm.ws.ejbcontainer.osgi.internal.metadata.OSGiBeanMetaData@3c595c6f
    ejbMmd = class com.ibm.ws.ejbcontainer.osgi.internal.metadata.OSGiEJBModuleMetaDataImpl@26bad8d4
      systemModule = false
      ivContextClassLoader = class com.ibm.ws.classloading.internal.ThreadContextClassLoader@17cc2150
      mbeanServiceReg = null
      systemModuleNameSpaceBinder = null
      serialVersionUID = -2264868099501073120
      $$$tc$$$ = class com.ibm.websphere.ras.TraceComponent@76f53b61
      tc = class com.ibm.websphere.ras.TraceComponent@1cb78f23
      ivInitData = null
      ivName = "daytrader-ee7-ejb.jar"
      ivLogicalName = "daytrader-ee7-ejb"
      ivAppName = "daytrader7"
      ivJ2EEName = class com.ibm.ws.container.service.metadata.internal.J2EENameImpl@674af1a2
      ivModuleVersion = 32
      ivEJBApplicationMetaData = class com.ibm.ws.ejbcontainer.osgi.internal.metadata.OSGiEJBApplicationMetaData@2b8ac010
      ivSfsbFailover = false
      ivFailoverInstanceId = null
      ivPMModuleCookie = null
      ivMetadataComplete = false
      ivReadWCCMInterceptors = false
      ivApplicationExceptionMap = null
      ivInterceptorsMap = null
      ivInterceptorBindingMap = null
      ivCurrentBackendId = null
      ivDefaultCmpConnectionFactory = null
      ivDefaultDataSource = null
      ivDefaultDataSourceUser = null
      ivDefaultDataSourcePassword = null
      ivInterceptorMap = null
      ivMBeanRegistered = false
      ivMessageDestinationBindingMap = class java.util.HashMap@75ab4635
      ivMetaDataDestroyRequired = true
      ivUseExtendedSetRollbackOnlyBehavior = true
      ivAutomaticTimerBeans = null
      ivHasNonPersistentAutomaticTimers = true
      ivHasPersistentAutomaticTimers = false
      ivBeanMetaDatas = class java.util.LinkedHashMap@d81d6f3
      ivNumFullyInitializedBeans = 3
      ivApplicationEventListeners = class java.util.ArrayList@3df6f100
      ivStopping = false
      ivEJBInWAR = false
      ivManagedBeansInClient = false
      ivManagedBeansOnly = false
      ivJCDIHelper = class com.ibm.ws.ejbcontainer.osgi.internal.EJBRuntimeImpl$1@40812cee
      ivVersionedAppBaseName = null
      ivVersionedModuleBaseName = null
      ivAllowsCachedTimerData = false
      tc = class com.ibm.websphere.ras.TraceComponent@1527a03f
      NUM_STATIC_SLOTS = 4
      ID_UNINITIALIZED = -1
      id = 0
      metaDataInterface = class java.lang.Class@7b4a43cb
      staticSlots = class java.lang.Object[4]
      dynamicSlots = class java.lang.Object[4]
    homeOfHomes = class com.ibm.ejs.container.HomeOfHomes@2c9a7e07
      CLASS_NAME = "com.ibm.ejs.container.HomeOfHomes"
      HOME_OF_HOMES = "__homeOfHomes"
      EJB_FACTORY = "__EJBFactory"
      j2eeNameFactory = class com.ibm.ws.container.service.metadata.internal.J2EENameFactoryImpl@51df583d
      container = class com.ibm.ejs.container.EJSContainer@508b3c2f
      activator = class com.ibm.ejs.container.activator.Activator@2eb2cd89
      homeOfHomesJ2EEName = class com.ibm.ws.container.service.metadata.internal.J2EENameImpl@eef9dbb
      ivEJBFactoryHome = class com.ibm.ejs.container.EJBFactoryHome@4245e46b
      fastHashTableSize = 2053
      homesByName = class com.ibm.ejs.util.FastHashtable@496280f5
      ivAppLinkData = class java.util.HashMap@13747525
      beanOFactory = class com.ibm.ejs.container.CMStatelessBeanOFactory@3841d9c6
      tc = class com.ibm.websphere.ras.TraceComponent@59c91c30
      activationStrategy = class com.ibm.ejs.container.activator.UncachedActivationStrategy@1e018253
      ivVersionedModuleNames = class java.util.concurrent.ConcurrentHashMap@554a0419
    j2eeName = class com.ibm.ws.container.service.metadata.internal.J2EENameImpl@7ffee5e5
    cmpVersion = 0
    connFactoryName = null
    ejbName = "MarketSummarySingleton"
    classLoader = class com.ibm.ws.classloading.internal.AppClassLoader@2c81a1fe
      tc = class com.ibm.websphere.ras.TraceComponent@422e57e8
      PARENT_FIRST_SEARCH_ORDER = class java.util.Collections$UnmodifiableRandomAccessList@365177bc
      CLASS_LOADING_TRACE_PREFIX = "com.ibm.ws.class.load."
      DEFAULT_PACKAGE = "default.package"
      perPackageClassLoadingTraceComponents = class java.util.concurrent.ConcurrentHashMap@199e990e
      config = class com.ibm.ws.classloading.internal.ClassLoaderConfigurationImpl@78fbf19d
      privateLibraries = null
      delegateLoaders = class com.ibm.ws.classloading.internal.util.CompositeIterable@a93c1d6
      nativeLibraryFiles = class java.util.ArrayList@3742abaf
      transformers = class java.util.ArrayList@5a7902a0
      apiAccess = class com.ibm.ws.classloading.internal.GatewayClassLoader@311af401
      generator = class com.ibm.ws.classloading.internal.ClassGeneratorManager@7d29776b
      protectionDomains = class java.util.concurrent.ConcurrentHashMap@69a08469
      parent = class com.ibm.ws.classloading.internal.GatewayClassLoader@311af401
      serialVersionUID = 952643806680066297
      tc = class com.ibm.websphere.ras.TraceComponent@3150a42
      EMPTY_URL_ARRAY = class java.net.URL[0]
      smartClassPath = class com.ibm.ws.classloading.internal.ContainerClassLoader$SmartClassPathImpl@4b1d5521
      nativeLibraryContainers = class java.util.ArrayList@596332e0
      redefiner = class com.ibm.ws.classloading.internal.util.ClassRedefiner@6f478488
      mapCreationQueue = class java.util.concurrent.Executors$FinalizableDelegatedExecutorService@229d6c5
      serialVersionUID = 7249739282446266343
      serialVersionUID = -7411549862368381758
      $$$tc$$$ = class com.ibm.websphere.ras.TraceComponent@4a6bbc9b
      serialVersionUID = -4868702105808481416
      $$$tc$$$ = class com.ibm.websphere.ras.TraceComponent@4071c1d2
      serialVersionUID = 2596921220292114344
      $$$tc$$$ = class com.ibm.websphere.ras.TraceComponent@11ee4758
      initialized = true
      pdcache = class java.util.concurrent.ConcurrentHashMap@233c3ffc
      parent = class com.ibm.ws.classloading.internal.GatewayClassLoader@311af401
      name = null
      unnamedModule = class java.lang.Module@6388ed49
      parallelLockMap = null
      package2certs = class java.util.Hashtable@30385674
      nocerts = class java.security.cert.Certificate[0]
      classes = class java.util.Vector@7ceb3148
      defaultDomain = class java.security.ProtectionDomain@3e6a22f6
      packages = class java.util.concurrent.ConcurrentHashMap@1a2c62d7
      scl = class jdk.internal.loader.ClassLoaders$AppClassLoader@7591083d
      usr_paths = class java.lang.String[35]
      sys_paths = class java.lang.String[1]
      loadedLibraryNames = class java.util.HashSet@2203f7e5
      systemNativeLibraries = class java.util.concurrent.ConcurrentHashMap@5bc013a8
      nativeLibraries = null
      assertionLock = class com.ibm.ws.classloading.internal.AppClassLoader@2c81a1fe
      defaultAssertionStatus = false
      packageAssertionStatus = null
      classAssertionStatus = null
      classLoaderValueMap = class java.util.concurrent.ConcurrentHashMap@7c78e69f
      $assertionsDisabled = true
    beanType = 2
    ivRemoteBindingsHelper = null
    ivLocalBindingsHelper = null
    ivJavaGlobalBindings = class java.util.ArrayList@4d2172de
      serialVersionUID = 8683452581122892189
      DEFAULT_CAPACITY = 10
      EMPTY_ELEMENTDATA = class java.lang.Object[0]
      DEFAULTCAPACITY_EMPTY_ELEMENTDATA = class java.lang.Object[0]
      elementData = class java.lang.Object[10]
      size = 2
      MAX_ARRAY_SIZE = 2147483639
      modCount = 2
      MAX_ARRAY_SIZE = 2147483639
    ivJavaAppBindings = class java.util.ArrayList@7c1a29b4
      serialVersionUID = 8683452581122892189
      DEFAULT_CAPACITY = 10
      EMPTY_ELEMENTDATA = class java.lang.Object[0]
      DEFAULTCAPACITY_EMPTY_ELEMENTDATA = class java.lang.Object[0]
      elementData = class java.lang.Object[10]
      size = 2
      MAX_ARRAY_SIZE = 2147483639
      modCount = 2
      MAX_ARRAY_SIZE = 2147483639
    childBeans = class java.util.Hashtable@32809f50
      table = class java.util.Hashtable$Entry[11]
      count = 0
      threshold = 8
      loadFactor = 0.75
      modCount = 0
      serialVersionUID = 1421746759512286392
      MAX_ARRAY_SIZE = 2147483639
      keySet = null
      entrySet = null
      values = null
      KEYS = 0
      VALUES = 1
      ENTRIES = 2
    ivHasInheritance = false
    ivIsChild = false
    ivShortDefaultBindingsEnabled = null
  ivSingletonBeanO = null
  ivCreatingSingletonBeanO = true
  ivSingletonBeanOCreateFailed = true
  ivApplicationStarted = true

