------Start of DE processing------ = [25/05/18 11:14:20:611 CEST]
Exception = java.lang.NullPointerException
Source = com.ibm.ws.jpa.management.JPAPUnitInfo.createEMFactory
probeid = 773
Stack Dump = java.lang.NullPointerException
	at org.eclipse.persistence.internal.jpa.EntityManagerSetupImpl.predeploy(EntityManagerSetupImpl.java:2062)
	at org.eclipse.persistence.jpa.PersistenceProvider.createContainerEntityManagerFactoryImpl(PersistenceProvider.java:334)
	at org.eclipse.persistence.jpa.PersistenceProvider.createContainerEntityManagerFactory(PersistenceProvider.java:305)
	at com.ibm.ws.jpa.management.JPAPUnitInfo.createEMFactory(JPAPUnitInfo.java:910)
	at com.ibm.ws.jpa.management.JPAPUnitInfo.initialize(JPAPUnitInfo.java:762)
	at com.ibm.ws.jpa.management.JPAPxmlInfo.extractPersistenceUnits(JPAPxmlInfo.java:190)
	at com.ibm.ws.jpa.management.JPAScopeInfo.processPersistenceUnit(JPAScopeInfo.java:90)
	at com.ibm.ws.jpa.management.JPAApplInfo.addPersistenceUnits(JPAApplInfo.java:118)
	at com.ibm.ws.jpa.container.osgi.internal.JPAComponentImpl.processEJBModulePersistenceXml(JPAComponentImpl.java:527)
	at com.ibm.ws.jpa.container.osgi.internal.JPAComponentImpl.applicationStarting(JPAComponentImpl.java:264)
	at com.ibm.ws.container.service.state.internal.ApplicationStateManager.fireStarting(ApplicationStateManager.java:28)
	at com.ibm.ws.container.service.state.internal.StateChangeServiceImpl.fireApplicationStarting(StateChangeServiceImpl.java:50)
	at com.ibm.ws.app.manager.module.internal.DeployedAppInfoBase.preDeployApp(DeployedAppInfoBase.java:383)
	at com.ibm.ws.app.manager.module.internal.DeployedAppInfoBase.deployApp(DeployedAppInfoBase.java:412)
	at com.ibm.ws.app.manager.ear.internal.EARApplicationHandlerImpl.install(EARApplicationHandlerImpl.java:76)
	at com.ibm.ws.app.manager.internal.statemachine.StartAction.execute(StartAction.java:140)
	at com.ibm.ws.app.manager.internal.statemachine.ApplicationStateMachineImpl.enterState(ApplicationStateMachineImpl.java:1258)
	at com.ibm.ws.app.manager.internal.statemachine.ApplicationStateMachineImpl.run(ApplicationStateMachineImpl.java:873)
	at java.base/java.util.concurrent.ThreadPoolExecutor.runWorker(ThreadPoolExecutor.java:1135)
	at java.base/java.util.concurrent.ThreadPoolExecutor$Worker.run(ThreadPoolExecutor.java:635)
	at java.base/java.lang.Thread.run(Thread.java:844)

Dump of callerThis
Object type = com.ibm.ws.jpa.container.osgi.internal.OSGiJPAPUnitInfo
  tc = class com.ibm.websphere.ras.TraceComponent@5c915162
    strings[0] = "TraceComponent[com.ibm.ws.jpa.container.osgi.internal.OSGiJPAPUnitInfo,class com.ibm.ws.jpa.container.osgi.internal.OSGiJPAPUnitInfo,[JPA],com.ibm.ws.jpa.jpa,null]"
  disableWsJpaUrlProcessing = false
  ECLIPSELINK_TARGET_SERVER = "WebSphere_Liberty"
  scopeInfo = class com.ibm.ws.jpa.management.JPAScopeInfo@12e7b385
    tc = class com.ibm.websphere.ras.TraceComponent@7995da1b
      strings[0] = "TraceComponent[com.ibm.ws.jpa.management.JPAScopeInfo,class com.ibm.ws.jpa.management.JPAScopeInfo,[JPA],com.ibm.ws.jpa.jpa,null]"
    scopeName = "daytrader-ee7-ejb.jar"
    scope = class com.ibm.ws.jpa.management.JPAPuScope@38ae2921
      EJB_Scope = class com.ibm.ws.jpa.management.JPAPuScope@38ae2921
      Web_Scope = class com.ibm.ws.jpa.management.JPAPuScope@5e665af4
      EAR_Scope = class com.ibm.ws.jpa.management.JPAPuScope@7ac0816b
      Client_Scope = class com.ibm.ws.jpa.management.JPAPuScope@7191f708
      $VALUES = class com.ibm.ws.jpa.management.JPAPuScope[4]
      name = "EJB_Scope"
      ordinal = 0
    pxmlsInfo = class java.util.HashMap@2f28e6d
      serialVersionUID = 362498820763181265
      DEFAULT_INITIAL_CAPACITY = 16
      MAXIMUM_CAPACITY = 1073741824
      DEFAULT_LOAD_FACTOR = 0.75
      TREEIFY_THRESHOLD = 8
      UNTREEIFY_THRESHOLD = 6
      MIN_TREEIFY_CAPACITY = 64
      table = class java.util.HashMap$Node[16]
      entrySet = null
      size = 1
      modCount = 1
      threshold = 12
      loadFactor = 0.75
      keySet = null
      values = null
  serialVersionUID = -898488667409903028
  CLASS_NAME = "com.ibm.ws.jpa.management.JPAPUnitInfo"
  tc = class com.ibm.websphere.ras.TraceComponent@2f96a479
    strings[0] = "TraceComponent[com.ibm.ws.jpa.management.JPAPUnitInfo,class com.ibm.ws.jpa.management.JPAPUnitInfo,[JPA],com.ibm.ws.jpa.jpa,null]"
  tcTransformer = class com.ibm.websphere.ras.TraceComponent@7540844
    strings[0] = "TraceComponent[com.ibm.ws.jpa.management.JPAPUnitInfo_Transformer,class com.ibm.ws.jpa.management.JPAPUnitInfo,[JPA.Transformer],com.ibm.ws.jpa.jpa,null]"
  svThreadContextAccessor = class com.ibm.ws.util.ThreadContextAccessor$ThreadContextAccessorImpl@1ed7a38b
    tc = class com.ibm.ejs.ras.TraceComponent@9d745fe
      strings[0] = "TraceComponent[com.ibm.ws.util.ThreadContextAccessor,class com.ibm.ws.util.ThreadContextAccessor,[Runtime],null,null]"
    PRINT_STACK_ON_SET_CTX_CLASSLOADER = false
    PRIVILEGED_ACTION = class com.ibm.ws.util.ThreadContextAccessor$1@4faf66a
    UNCHANGED = class com.ibm.ws.util.ThreadContextAccessor$Unchanged@7a41b748
    threadContextAccessor = class com.ibm.ws.util.ThreadContextAccessor$ThreadContextAccessorImpl@1ed7a38b
  ivApplInfo = class com.ibm.ws.jpa.container.osgi.internal.OSGiJPAApplInfo@3183404f
    appInfo = class com.ibm.ws.container.service.app.deploy.internal.EARApplicationInfoImpl@7ab3810c
      libDirContainer = null
      appClassLoaderFactory = class com.ibm.ws.app.manager.ear.internal.EARDeployedAppInfo@f45e82f
      appClassLoader = class com.ibm.ws.classloading.internal.AppClassLoader@2c497c6e
      serialVersionUID = -7525304702689458111
      $$$tc$$$ = class com.ibm.websphere.ras.TraceComponent@3cf3f128
      appName = "daytrader-ee7"
      appMetaData = class com.ibm.ws.container.service.app.deploy.internal.ApplicationMetaDataImpl@7da199da
      appContainer = class com.ibm.ws.adaptable.module.internal.InterpretedContainerImpl@5529aeba
      configHelper = class com.ibm.ws.app.manager.module.ApplicationNestedConfigHelper@3fc142b1
      serialVersionUID = 7091777744534637201
      $$$tc$$$ = class com.ibm.websphere.ras.TraceComponent@35d58527
    serialVersionUID = 5461051190698959560
    $$$tc$$$ = class com.ibm.websphere.ras.TraceComponent@3bea2558
      strings[0] = "TraceComponent[com.ibm.ws.jpa.container.osgi.internal.OSGiJPAApplInfo,class com.ibm.ws.jpa.container.osgi.internal.OSGiJPAApplInfo,[JPA],com.ibm.ws.jpa.jpa,null]"
    tc = class com.ibm.websphere.ras.TraceComponent@34edd014
      strings[0] = "TraceComponent[com.ibm.ws.jpa.management.JPAApplInfo,class com.ibm.ws.jpa.management.JPAApplInfo,[JPA],com.ibm.ws.jpa.jpa,null]"
    ivJPAComponent = class com.ibm.ws.jpa.container.osgi.internal.JPAComponentImpl@3e4c2ac4
      tc = class com.ibm.websphere.ras.TraceComponent@5122eb5c
      REFERENCE_JPA_RUNTIME = "jpaRuntime"
      REFERENCE_TRANSACTION_MANAGER = "transactionManager"
      REFERENCE_CONTEXT_ACCESSOR = "contextAccessor"
      REFERENCE_RESOURCE_BINDING_LISTENERS = "resourceBindingListeners"
      REFERENCE_JPA_PROVIDER = "jpaProvider"
      REFERENCE_JPA_PROPS_PROVIDER = "jpaPropsProvider"
      REFERENCE_APP_COORD = "appCoord"
      context = class org.apache.felix.scr.impl.manager.ComponentContextImpl@78d8c283
      props = class org.apache.felix.scr.impl.helper.ReadOnlyDictionary@2d07b7e9
      server = true
      stuckApps = class java.util.concurrent.ConcurrentSkipListSet@a721da7
      jpaRuntime = class com.ibm.wsspi.kernel.service.utils.AtomicServiceReference@8efc3e7
      ivTransactionManagerSR = class com.ibm.wsspi.kernel.service.utils.AtomicServiceReference@369dd4a3
      ivContextAccessorSR = class com.ibm.wsspi.kernel.service.utils.AtomicServiceReference@26358566
      resourceBindingListeners = class com.ibm.wsspi.kernel.service.utils.ConcurrentServiceReferenceSet@3c302b22
      providerIntegrationSR = class com.ibm.wsspi.kernel.service.utils.AtomicServiceReference@4ab627b8
      propProviderSRs = class com.ibm.wsspi.kernel.service.utils.ConcurrentServiceReferenceSet@12d6da81
      serialVersionUID = -3226899747348775356
      tc = class com.ibm.websphere.ras.TraceComponent@7fa92347
      applList = class java.util.Collections$SynchronizedMap@18c27308
      ivCallBackHandler = class com.ibm.ws.jpa.management.JPAUserTxCallBackHandler@25162209
      ivTxCallbackRegistered = false
    applName = "daytrader7"
    puScopes = class java.util.HashMap@ec2ab71
      serialVersionUID = 362498820763181265
      DEFAULT_INITIAL_CAPACITY = 16
      MAXIMUM_CAPACITY = 1073741824
      DEFAULT_LOAD_FACTOR = 0.75
      TREEIFY_THRESHOLD = 8
      UNTREEIFY_THRESHOLD = 6
      MIN_TREEIFY_CAPACITY = 64
      table = class java.util.HashMap$Node[16]
      entrySet = null
      size = 1
      modCount = 1
      threshold = 12
      loadFactor = 0.75
      keySet = null
      values = null
  ivArchivePuId = class com.ibm.ws.jpa.JPAPuId@6a1f26d7
    serialVersionUID = 662612505904938066
    ivAppName = "daytrader7"
    ivModJarName = "daytrader-ee7-ejb.jar"
    ivPuName = "daytrader"
    ivCurHashCode = -2134213848
  ivTxType = class javax.persistence.spi.PersistenceUnitTransactionType@267b3949
    JTA = class javax.persistence.spi.PersistenceUnitTransactionType@267b3949
    RESOURCE_LOCAL = class javax.persistence.spi.PersistenceUnitTransactionType@3ce76dcd
      JTA = class javax.persistence.spi.PersistenceUnitTransactionType@267b3949
      RESOURCE_LOCAL = class javax.persistence.spi.PersistenceUnitTransactionType@3ce76dcd
      ENUM$VALUES = class javax.persistence.spi.PersistenceUnitTransactionType[2]
      name = "RESOURCE_LOCAL"
      ordinal = 1
    ENUM$VALUES = class javax.persistence.spi.PersistenceUnitTransactionType[2]
      PersistenceUnitTransactionType[0] = class javax.persistence.spi.PersistenceUnitTransactionType@267b3949
      PersistenceUnitTransactionType[1] = class javax.persistence.spi.PersistenceUnitTransactionType@3ce76dcd
    name = "JTA"
    ordinal = 0
  ivDesc = ""
  ivProviderClassName = "org.eclipse.persistence.jpa.PersistenceProvider"
  ivJtaDataSource = class com.ibm.ws.jpa.management.GenericDataSource@5131df6
    tc = class com.ibm.websphere.ras.TraceComponent@588b8e23
      strings[0] = "TraceComponent[com.ibm.ws.jpa.management.GenericDataSource,class com.ibm.ws.jpa.management.GenericDataSource,[JPA],com.ibm.ws.jpa.jpa,null]"
    ivPuId = class com.ibm.ws.jpa.JPAPuId@6a1f26d7
    ivDataSourceName = "jdbc/TradeDataSource"
    ivLoginTimeout = 0
    ivLogWriter = null
  ivNonJtaDataSource = null
  ivMappingFileNames = class java.util.ArrayList@2eb9a423
    serialVersionUID = 8683452581122892189
    DEFAULT_CAPACITY = 10
    EMPTY_ELEMENTDATA = class java.lang.Object[0]
    DEFAULTCAPACITY_EMPTY_ELEMENTDATA = class java.lang.Object[0]
    elementData = class java.lang.Object[0]
    size = 0
    MAX_ARRAY_SIZE = 2147483639
    modCount = 1
    MAX_ARRAY_SIZE = 2147483639
  ivJarFileURLs = class java.util.ArrayList@3d8316bd
    serialVersionUID = 8683452581122892189
    DEFAULT_CAPACITY = 10
    EMPTY_ELEMENTDATA = class java.lang.Object[0]
    DEFAULTCAPACITY_EMPTY_ELEMENTDATA = class java.lang.Object[0]
    elementData = class java.lang.Object[0]
    size = 0
    MAX_ARRAY_SIZE = 2147483639
    modCount = 1
    MAX_ARRAY_SIZE = 2147483639
  ivManagedClassNames = class java.util.ArrayList@424dd135
    serialVersionUID = 8683452581122892189
    DEFAULT_CAPACITY = 10
    EMPTY_ELEMENTDATA = class java.lang.Object[0]
    DEFAULTCAPACITY_EMPTY_ELEMENTDATA = class java.lang.Object[0]
    elementData = class java.lang.Object[10]
      Object[0] = "com.ibm.websphere.samples.daytrader.entities.AccountDataBean"
      Object[1] = "com.ibm.websphere.samples.daytrader.entities.AccountProfileDataBean"
      Object[2] = "com.ibm.websphere.samples.daytrader.entities.HoldingDataBean"
      Object[3] = "com.ibm.websphere.samples.daytrader.entities.OrderDataBean"
      Object[4] = "com.ibm.websphere.samples.daytrader.entities.QuoteDataBean"
      Object[5] = null
      Object[6] = null
      Object[7] = null
      Object[8] = null
      Object[9] = null
    size = 5
    MAX_ARRAY_SIZE = 2147483639
    modCount = 6
    MAX_ARRAY_SIZE = 2147483639
  ivExcludeUnlistedClasses = true
  ivProperties = class java.util.Properties@5f2c8827
    serialVersionUID = 4112578634029874840
    defaults = null
    map = class java.util.concurrent.ConcurrentHashMap@28ff9a64
      serialVersionUID = 7249069246763182397
      MAXIMUM_CAPACITY = 1073741824
      DEFAULT_CAPACITY = 16
      MAX_ARRAY_SIZE = 2147483639
      DEFAULT_CONCURRENCY_LEVEL = 16
      LOAD_FACTOR = 0.75
      TREEIFY_THRESHOLD = 8
      UNTREEIFY_THRESHOLD = 6
      MIN_TREEIFY_CAPACITY = 64
      MIN_TRANSFER_STRIDE = 16
      RESIZE_STAMP_BITS = 16
      MAX_RESIZERS = 65535
      RESIZE_STAMP_SHIFT = 16
      MOVED = -1
      TREEBIN = -2
      RESERVED = -3
      HASH_BITS = 2147483647
      NCPU = 4
      serialPersistentFields = class java.io.ObjectStreamField[3]
      table = null
      nextTable = null
      baseCount = 0
      sizeCtl = 16
      transferIndex = 0
      cellsBusy = 0
      counterCells = null
      keySet = null
      values = null
      entrySet = null
      U = class jdk.internal.misc.Unsafe@4c9d1355
      SIZECTL = 20
      TRANSFERINDEX = 32
      BASECOUNT = 24
      CELLSBUSY = 36
      CELLVALUE = 144
      ABASE = 16
      ASHIFT = 2
      keySet = null
      values = null
    hexDigit = {0123456789ABCDEF} /* array length = 16 */
    table = null
    count = 0
    threshold = 0
    loadFactor = 0.0
    modCount = 0
    serialVersionUID = 1421746759512286392
    MAX_ARRAY_SIZE = 2147483639
    keySet = null
    entrySet = null
    values = null
    KEYS = 0
    VALUES = 1
    ENTRIES = 2
  ivJtaDataSourceJNDIName = "jdbc/TradeDataSource"
  ivNonJtaDataSourceJNDIName = null
  ivPUnitRootURL = class java.net.URL@3c57b75d
    BUILTIN_HANDLERS_PREFIX = "sun.net.www.protocol"
    serialVersionUID = -7627629688361524110
    protocolPathProp = "java.protocol.handler.pkgs"
    protocol = "wsjpa"
    host = ""
    port = -1
    file = "wsjar:file:/C:/daytrader7/daytrader-ee7/target/liberty/wlp/usr/servers/daytrader7Sample/workarea/org.eclipse.osgi/58/data/cache/com.ibm.ws.app.manager_58/.cache/daytrader-ee7-ejb.jar%21/"
    query = null
    authority = null
    path = "wsjar:file:/C:/daytrader7/daytrader-ee7/target/liberty/wlp/usr/servers/daytrader7Sample/workarea/org.eclipse.osgi/58/data/cache/com.ibm.ws.app.manager_58/.cache/daytrader-ee7-ejb.jar%21/"
    userInfo = null
    ref = null
    hostAddress = null
    handler = class org.eclipse.osgi.internal.url.URLStreamHandlerProxy@4185da45
      realHandlerService = class com.ibm.ws.jpa.container.osgi.internal.url.JPAURLStreamHandler@1fe5d1f6
      urlSetter = class org.eclipse.osgi.internal.url.URLStreamHandlerSetter@6e7bf499
      urlStreamHandlerServiceTracker = class org.osgi.util.tracker.ServiceTracker@763fcb92
      context = class org.eclipse.osgi.internal.framework.BundleContextImpl@4b520ea8
      urlStreamServiceReference = class org.eclipse.osgi.internal.serviceregistry.ServiceReferenceImpl@43decb2e
      protocol = "wsjpa"
      ranking = 0
    hashCode = -1
    tempState = null
    factory = class org.eclipse.osgi.internal.url.URLStreamHandlerFactoryImpl@6cb1e19c
      URLSTREAMHANDLERCLASS = "org.osgi.service.url.URLStreamHandlerService"
      PROTOCOL_HANDLER_PKGS = "java.protocol.handler.pkgs"
      PROTOCOL_REFERENCE = "reference"
      secureAction = class org.eclipse.osgi.framework.util.SecureAction@4dcd4974
      handlerTracker = class org.osgi.util.tracker.ServiceTracker@5814508e
      ignoredClasses = class java.util.Arrays$ArrayList@35d38f2
      proxies = class java.util.Hashtable@3f3fe7b3
      parentFactory = null
      creatingProtocols = class java.lang.ThreadLocal@189e9fc9
      setAccessible = class java.net.SetAccessible/37981645@62743c74
      container = class org.eclipse.osgi.internal.framework.EquinoxContainer@29590179
      context = class org.eclipse.osgi.internal.framework.BundleContextImpl@4b520ea8
      factories = null
      internalSecurityManager = class org.eclipse.osgi.internal.url.MultiplexingFactory$InternalSecurityManager@8841260
    defaultFactory = class java.net.URL$DefaultFactory@76eb4792
      PREFIX = "sun.net.www.protocol"
    gate = class java.lang.ThreadLocal@70e1034c
      threadLocalHashCode = 1640531527
      nextHashCode = class java.util.concurrent.atomic.AtomicInteger@7ec6a346
      HASH_INCREMENT = 1640531527
    handlers = class java.util.Hashtable@1fd9a8e7
      table = class java.util.Hashtable$Entry[11]
      count = 8
      threshold = 8
      loadFactor = 0.75
      modCount = 12
      serialVersionUID = 1421746759512286392
      MAX_ARRAY_SIZE = 2147483639
      keySet = null
      entrySet = null
      values = null
      KEYS = 0
      VALUES = 1
      ENTRIES = 2
    streamHandlerLock = class java.lang.Object@7c071781
    serialPersistentFields = class java.io.ObjectStreamField[7]
      ObjectStreamField[0] = class java.io.ObjectStreamField@4fa1d65a
      ObjectStreamField[1] = class java.io.ObjectStreamField@3469728c
      ObjectStreamField[2] = class java.io.ObjectStreamField@46d42bbb
      ObjectStreamField[3] = class java.io.ObjectStreamField@57a5d43d
      ObjectStreamField[4] = class java.io.ObjectStreamField@16f7cb95
      ObjectStreamField[5] = class java.io.ObjectStreamField@69f526d5
      ObjectStreamField[6] = class java.io.ObjectStreamField@e9b41a3
  ivClassLoader = class com.ibm.ws.classloading.internal.AppClassLoader@2c497c6e
    tc = class com.ibm.websphere.ras.TraceComponent@687eaeba
      strings[0] = "TraceComponent[com.ibm.ws.classloading.internal.AppClassLoader,class com.ibm.ws.classloading.internal.AppClassLoader,[ClassLoadingService],com.ibm.ws.classloading.internal.resources.ClassLoadingServiceMessages,null]"
    PARENT_FIRST_SEARCH_ORDER = class java.util.Collections$UnmodifiableRandomAccessList@19da90f5
      serialVersionUID = -2542308836966382001
      serialVersionUID = -283967356065247728
      list = class java.util.Arrays$ArrayList@1d1b0cd1
      serialVersionUID = 1820017752578914078
      c = class java.util.Arrays$ArrayList@1d1b0cd1
    CLASS_LOADING_TRACE_PREFIX = "com.ibm.ws.class.load."
    DEFAULT_PACKAGE = "default.package"
    perPackageClassLoadingTraceComponents = class java.util.concurrent.ConcurrentHashMap@503160ed
      serialVersionUID = 7249069246763182397
      MAXIMUM_CAPACITY = 1073741824
      DEFAULT_CAPACITY = 16
      MAX_ARRAY_SIZE = 2147483639
      DEFAULT_CONCURRENCY_LEVEL = 16
      LOAD_FACTOR = 0.75
      TREEIFY_THRESHOLD = 8
      UNTREEIFY_THRESHOLD = 6
      MIN_TREEIFY_CAPACITY = 64
      MIN_TRANSFER_STRIDE = 16
      RESIZE_STAMP_BITS = 16
      MAX_RESIZERS = 65535
      RESIZE_STAMP_SHIFT = 16
      MOVED = -1
      TREEBIN = -2
      RESERVED = -3
      HASH_BITS = 2147483647
      NCPU = 4
      serialPersistentFields = class java.io.ObjectStreamField[3]
      table = null
      nextTable = null
      baseCount = 0
      sizeCtl = 0
      transferIndex = 0
      cellsBusy = 0
      counterCells = null
      keySet = null
      values = null
      entrySet = null
      U = class jdk.internal.misc.Unsafe@4c9d1355
      SIZECTL = 20
      TRANSFERINDEX = 32
      BASECOUNT = 24
      CELLSBUSY = 36
      CELLVALUE = 144
      ABASE = 16
      ASHIFT = 2
      keySet = null
      values = null
    config = class com.ibm.ws.classloading.internal.ClassLoaderConfigurationImpl@17f757f5
      DEFAULT_PROTECTION_DOMAIN = class java.security.ProtectionDomain@1e453c11
      delegateLast = false
      includeAppExtensions = false
      id = class com.ibm.ws.classloading.serializable.ClassLoaderIdentityImpl@635e0117
      parentId = null
      sharedLibraries = class java.util.ArrayList@224ef881
      commonLibraries = class java.util.Collections$EmptyList@2241fd
      providers = class java.util.Collections$EmptyList@2241fd
      nativeLibraryContainers = class java.util.ArrayList@747a6513
      protectionDomain = class java.security.ProtectionDomain@6b1d304e
      serialVersionUID = 9091690180200375339
      $$$tc$$$ = class com.ibm.websphere.ras.TraceComponent@3e1ac353
    privateLibraries = null
    delegateLoaders = class com.ibm.ws.classloading.internal.util.CompositeIterable@5e59830b
      iterables = class java.util.Arrays$ArrayList@252a7a53
      serialVersionUID = -1227195994638150837
      $$$tc$$$ = class com.ibm.websphere.ras.TraceComponent@4e3c262d
    nativeLibraryFiles = class java.util.ArrayList@48ceff4b
      serialVersionUID = 8683452581122892189
      DEFAULT_CAPACITY = 10
      EMPTY_ELEMENTDATA = class java.lang.Object[0]
      DEFAULTCAPACITY_EMPTY_ELEMENTDATA = class java.lang.Object[0]
      elementData = class java.lang.Object[0]
      size = 0
      MAX_ARRAY_SIZE = 2147483639
      modCount = 0
      MAX_ARRAY_SIZE = 2147483639
    transformers = class java.util.ArrayList@13a3d8b7
      serialVersionUID = 8683452581122892189
      DEFAULT_CAPACITY = 10
      EMPTY_ELEMENTDATA = class java.lang.Object[0]
      DEFAULTCAPACITY_EMPTY_ELEMENTDATA = class java.lang.Object[0]
      elementData = class java.lang.Object[10]
      size = 1
      MAX_ARRAY_SIZE = 2147483639
      modCount = 1
      MAX_ARRAY_SIZE = 2147483639
    apiAccess = class com.ibm.ws.classloading.internal.GatewayClassLoader@3676aa30
      config = class com.ibm.ws.classloading.internal.GatewayConfigurationImpl@7285d8c2
      wiringMonitor = class com.ibm.ws.classloading.internal.GatewayClassLoader$1@436b2537
      bundle = class org.eclipse.osgi.internal.framework.EquinoxBundle@622f21cf
      wiring = class org.eclipse.osgi.container.ModuleWiring@4b000593
      bundleLoader = class org.eclipse.osgi.internal.loader.EquinoxClassLoader@7eb22066
      resourceProviders = class com.ibm.ws.classloading.internal.CompositeResourceProvider@5bf84ad0
      serialVersionUID = -4256474098847905153
      $$$tc$$$ = class com.ibm.websphere.ras.TraceComponent@434910bf
      parent = class jdk.internal.loader.ClassLoaders$AppClassLoader@7591083d
      name = null
      unnamedModule = class java.lang.Module@222db4ba
      parallelLockMap = null
      package2certs = class java.util.Hashtable@38f56f55
      nocerts = class java.security.cert.Certificate[0]
      classes = class java.util.Vector@7312c945
      defaultDomain = class java.security.ProtectionDomain@1ccc6651
      packages = class java.util.concurrent.ConcurrentHashMap@530b8916
      scl = class jdk.internal.loader.ClassLoaders$AppClassLoader@7591083d
      usr_paths = class java.lang.String[35]
      sys_paths = class java.lang.String[1]
      loadedLibraryNames = class java.util.HashSet@13b76365
      systemNativeLibraries = class java.util.concurrent.ConcurrentHashMap@6178256d
      nativeLibraries = null
      assertionLock = class com.ibm.ws.classloading.internal.GatewayClassLoader@3676aa30
      defaultAssertionStatus = false
      packageAssertionStatus = null
      classAssertionStatus = null
      classLoaderValueMap = null
      $assertionsDisabled = true
    generator = class com.ibm.ws.classloading.internal.ClassGeneratorManager@484985f0
      tc = class com.ibm.websphere.ras.TraceComponent@6e3a68fb
      generatorRefs = class com.ibm.wsspi.kernel.service.utils.ConcurrentServiceReferenceSet@10ccd1b7
      serialVersionUID = 4152663586056483310
    protectionDomains = class java.util.concurrent.ConcurrentHashMap@3ec67dc9
      serialVersionUID = 7249069246763182397
      MAXIMUM_CAPACITY = 1073741824
      DEFAULT_CAPACITY = 16
      MAX_ARRAY_SIZE = 2147483639
      DEFAULT_CONCURRENCY_LEVEL = 16
      LOAD_FACTOR = 0.75
      TREEIFY_THRESHOLD = 8
      UNTREEIFY_THRESHOLD = 6
      MIN_TREEIFY_CAPACITY = 64
      MIN_TRANSFER_STRIDE = 16
      RESIZE_STAMP_BITS = 16
      MAX_RESIZERS = 65535
      RESIZE_STAMP_SHIFT = 16
      MOVED = -1
      TREEBIN = -2
      RESERVED = -3
      HASH_BITS = 2147483647
      NCPU = 4
      serialPersistentFields = class java.io.ObjectStreamField[3]
      table = null
      nextTable = null
      baseCount = 0
      sizeCtl = 0
      transferIndex = 0
      cellsBusy = 0
      counterCells = null
      keySet = null
      values = null
      entrySet = null
      U = class jdk.internal.misc.Unsafe@4c9d1355
      SIZECTL = 20
      TRANSFERINDEX = 32
      BASECOUNT = 24
      CELLSBUSY = 36
      CELLVALUE = 144
      ABASE = 16
      ASHIFT = 2
      keySet = null
      values = null
    parent = class com.ibm.ws.classloading.internal.GatewayClassLoader@3676aa30
    serialVersionUID = 952643806680066297
    tc = class com.ibm.websphere.ras.TraceComponent@6c2bc348
      strings[0] = "TraceComponent[com.ibm.ws.classloading.internal.ContainerClassLoader,class com.ibm.ws.classloading.internal.ContainerClassLoader,[ClassLoadingService],com.ibm.ws.classloading.internal.resources.ClassLoadingServiceMessages,null]"
    EMPTY_URL_ARRAY = class java.net.URL[0]
    smartClassPath = class com.ibm.ws.classloading.internal.ContainerClassLoader$SmartClassPathImpl@2c95f0c1
      rwLock = class java.util.concurrent.locks.ReentrantReadWriteLock@5aab7e49
      outstandingContainers = class java.util.concurrent.atomic.AtomicInteger@55e71f33
      usePackageMap = true
      maxLastNotFound = 250
      maxLastFound = 900
      maxLastReallyNotFound = 900
      propsInUse = false
      classPath = class java.util.concurrent.CopyOnWriteArrayList@2bd12e89
      MAX_LASTNOTFOUND = 250
      lastNotFound = class java.util.concurrent.CopyOnWriteArrayList@5ddf3142
      MAX_LASTFOUND = 900
      lastFoundURL = class java.util.Collections$SynchronizedMap@5c074586
      MAX_LASTREALLYNOTFOUND = 900
      lastReallyNotFoundURL = class java.util.Collections$SynchronizedMap@31f4d7b2
      packageMap = class java.util.HashMap@13f30263
      containers = class java.util.Collections$SetFromMap@3782747e
      serialVersionUID = -1017399707774944722
      $$$tc$$$ = class com.ibm.websphere.ras.TraceComponent@589eee00
    nativeLibraryContainers = class java.util.ArrayList@131e76bf
      serialVersionUID = 8683452581122892189
      DEFAULT_CAPACITY = 10
      EMPTY_ELEMENTDATA = class java.lang.Object[0]
      DEFAULTCAPACITY_EMPTY_ELEMENTDATA = class java.lang.Object[0]
      elementData = class java.lang.Object[0]
      size = 0
      MAX_ARRAY_SIZE = 2147483639
      modCount = 0
      MAX_ARRAY_SIZE = 2147483639
    redefiner = class com.ibm.ws.classloading.internal.util.ClassRedefiner@2d9585e
      tc = class com.ibm.websphere.ras.TraceComponent@71290c3e
      LS = "
"
      inst = class com.ibm.ws.kernel.launch.internal.TraceInstrumentation@315df032
      serialVersionUID = 2420101865139508526
    mapCreationQueue = class java.util.concurrent.Executors$FinalizableDelegatedExecutorService@7467a24e
      e = class java.util.concurrent.ThreadPoolExecutor@397a5b49
      $assertionsDisabled = true
    serialVersionUID = 7249739282446266343
    serialVersionUID = -7411549862368381758
    $$$tc$$$ = class com.ibm.websphere.ras.TraceComponent@386ab16d
      strings[0] = "TraceComponent[com.ibm.ws.classloading.internal.IdentifiedLoader,class com.ibm.ws.classloading.internal.IdentifiedLoader,[ClassLoadingService],com.ibm.ws.classloading.internal.resources.ClassLoadingServiceMessages,null]"
    serialVersionUID = -4868702105808481416
    $$$tc$$$ = class com.ibm.websphere.ras.TraceComponent@28c3cb8f
      strings[0] = "TraceComponent[com.ibm.ws.classloading.internal.LibertyLoader,class com.ibm.ws.classloading.internal.LibertyLoader,[ClassLoadingService],com.ibm.ws.classloading.internal.resources.ClassLoadingServiceMessages,null]"
    serialVersionUID = 2596921220292114344
    $$$tc$$$ = class com.ibm.websphere.ras.TraceComponent@11c62bca
      strings[0] = "TraceComponent[com.ibm.ws.classloading.LibertyClassLoader,class com.ibm.ws.classloading.LibertyClassLoader,[ClassLoadingService],com.ibm.ws.classloading.internal.resources.ClassLoadingServiceMessages,null]"
    initialized = true
    pdcache = class java.util.concurrent.ConcurrentHashMap@1ef5720b
      serialVersionUID = 7249069246763182397
      MAXIMUM_CAPACITY = 1073741824
      DEFAULT_CAPACITY = 16
      MAX_ARRAY_SIZE = 2147483639
      DEFAULT_CONCURRENCY_LEVEL = 16
      LOAD_FACTOR = 0.75
      TREEIFY_THRESHOLD = 8
      UNTREEIFY_THRESHOLD = 6
      MIN_TREEIFY_CAPACITY = 64
      MIN_TRANSFER_STRIDE = 16
      RESIZE_STAMP_BITS = 16
      MAX_RESIZERS = 65535
      RESIZE_STAMP_SHIFT = 16
      MOVED = -1
      TREEBIN = -2
      RESERVED = -3
      HASH_BITS = 2147483647
      NCPU = 4
      serialPersistentFields = class java.io.ObjectStreamField[3]
      table = null
      nextTable = null
      baseCount = 0
      sizeCtl = 32
      transferIndex = 0
      cellsBusy = 0
      counterCells = null
      keySet = null
      values = null
      entrySet = null
      U = class jdk.internal.misc.Unsafe@4c9d1355
      SIZECTL = 20
      TRANSFERINDEX = 32
      BASECOUNT = 24
      CELLSBUSY = 36
      CELLVALUE = 144
      ABASE = 16
      ASHIFT = 2
      keySet = null
      values = null
    parent = class com.ibm.ws.classloading.internal.GatewayClassLoader@3676aa30
    name = null
    unnamedModule = class java.lang.Module@13507c29
      layer = null
      name = null
      loader = class com.ibm.ws.classloading.internal.AppClassLoader@2c497c6e
      descriptor = null
      ALL_UNNAMED_MODULE = class java.lang.Module@7382f612
      ALL_UNNAMED_MODULE_SET = class java.util.ImmutableCollections$Set1@7f1b46a0
      EVERYONE_MODULE = class java.lang.Module@64a294a6
      EVERYONE_SET = class java.util.ImmutableCollections$Set1@3ef16364
      reads = null
      openPackages = null
      exportedPackages = null
      moduleInfoClass = null
      $assertionsDisabled = true
    parallelLockMap = null
    package2certs = class java.util.Hashtable@1040957a
      table = class java.util.Hashtable$Entry[11]
      count = 0
      threshold = 8
      loadFactor = 0.75
      modCount = 0
      serialVersionUID = 1421746759512286392
      MAX_ARRAY_SIZE = 2147483639
      keySet = null
      entrySet = null
      values = null
      KEYS = 0
      VALUES = 1
      ENTRIES = 2
    nocerts = class java.security.cert.Certificate[0]
    classes = class java.util.Vector@700bb243
      elementData = class java.lang.Object[10]
      elementCount = 0
      capacityIncrement = 0
      serialVersionUID = -2767605614048989439
      MAX_ARRAY_SIZE = 2147483639
      modCount = 0
      MAX_ARRAY_SIZE = 2147483639
    defaultDomain = class java.security.ProtectionDomain@455be363
      filePermCompatInPD = false
      codesource = class java.security.CodeSource@24cad0ba
      classloader = class com.ibm.ws.classloading.internal.AppClassLoader@2c497c6e
      principals = interface java.security.Principal[0]
      permissions = null
      hasAllPerm = false
      staticPermissions = false
      key = class java.security.ProtectionDomain$Key@671ecfcb
    packages = class java.util.concurrent.ConcurrentHashMap@557a7ed5
      serialVersionUID = 7249069246763182397
      MAXIMUM_CAPACITY = 1073741824
      DEFAULT_CAPACITY = 16
      MAX_ARRAY_SIZE = 2147483639
      DEFAULT_CONCURRENCY_LEVEL = 16
      LOAD_FACTOR = 0.75
      TREEIFY_THRESHOLD = 8
      UNTREEIFY_THRESHOLD = 6
      MIN_TREEIFY_CAPACITY = 64
      MIN_TRANSFER_STRIDE = 16
      RESIZE_STAMP_BITS = 16
      MAX_RESIZERS = 65535
      RESIZE_STAMP_SHIFT = 16
      MOVED = -1
      TREEBIN = -2
      RESERVED = -3
      HASH_BITS = 2147483647
      NCPU = 4
      serialPersistentFields = class java.io.ObjectStreamField[3]
      table = null
      nextTable = null
      baseCount = 0
      sizeCtl = 0
      transferIndex = 0
      cellsBusy = 0
      counterCells = null
      keySet = null
      values = null
      entrySet = null
      U = class jdk.internal.misc.Unsafe@4c9d1355
      SIZECTL = 20
      TRANSFERINDEX = 32
      BASECOUNT = 24
      CELLSBUSY = 36
      CELLVALUE = 144
      ABASE = 16
      ASHIFT = 2
      keySet = null
      values = null
    scl = class jdk.internal.loader.ClassLoaders$AppClassLoader@7591083d
      Failed to resolve fields for jdk.internal.loader.ClassLoaders$AppClassLoader = "java.lang.reflect.InaccessibleObjectException: Unable to make field final jdk.internal.loader.URLClassPath jdk.internal.loader.ClassLoaders$AppClassLoader.ucp accessible: module java.base does not "opens jdk.internal.loader" to unnamed module @3c87521
	at java.base/java.lang.reflect.AccessibleObject.checkCanSetAccessible(AccessibleObject.java:337)
	at java.base/java.lang.reflect.AccessibleObject.checkCanSetAccessible(AccessibleObject.java:281)
	at java.base/java.lang.reflect.Field.checkCanSetAccessible(Field.java:176)
	at java.base/java.lang.reflect.AccessibleObject.setAccessible(AccessibleObject.java:124)
	at com.ibm.ws.logging.internal.impl.IntrospectionLevelMember$2.run(IntrospectionLevelMember.java:316)
	at com.ibm.ws.logging.internal.impl.IntrospectionLevelMember$2.run(IntrospectionLevelMember.java:310)
	at java.base/java.security.AccessController.doPrivileged(Native Method)
	at com.ibm.ws.logging.internal.impl.IntrospectionLevelMember.getFields(IntrospectionLevelMember.java:310)
	at com.ibm.ws.logging.internal.impl.IntrospectionLevelMember.introspectViaReflection(IntrospectionLevelMember.java:199)
	at com.ibm.ws.logging.internal.impl.IntrospectionLevelMember.getChildren(IntrospectionLevelMember.java:163)
	at com.ibm.ws.logging.internal.impl.IntrospectionLevel.getNextLevel(IntrospectionLevel.java:100)
	at com.ibm.ws.logging.internal.impl.IncidentStreamImpl.introspect(IncidentStreamImpl.java:437)
	at com.ibm.ws.logging.internal.impl.IncidentStreamImpl.introspectAndWrite(IncidentStreamImpl.java:129)
	at com.ibm.ws.logging.internal.impl.IncidentStreamImpl.introspectAndWriteLine(IncidentStreamImpl.java:164)
	at com.ibm.ws.logging.internal.impl.IncidentLogger.logIncident(IncidentLogger.java:97)
	at com.ibm.ws.logging.internal.impl.IncidentLogger.logIncident(IncidentLogger.java:35)
	at com.ibm.ws.logging.internal.impl.IncidentImpl.log(IncidentImpl.java:249)
	at com.ibm.ws.logging.internal.impl.BaseFFDCService.log(BaseFFDCService.java:239)
	at com.ibm.ws.logging.internal.impl.BaseFFDCService.processException(BaseFFDCService.java:180)
	at com.ibm.ws.ffdc.FFDCFilter.processException(FFDCFilter.java:60)
	at com.ibm.ws.jpa.management.JPAPUnitInfo.createEMFactory(JPAPUnitInfo.java:932)
	at com.ibm.ws.jpa.management.JPAPUnitInfo.initialize(JPAPUnitInfo.java:762)
	at com.ibm.ws.jpa.management.JPAPxmlInfo.extractPersistenceUnits(JPAPxmlInfo.java:190)
	at com.ibm.ws.jpa.management.JPAScopeInfo.processPersistenceUnit(JPAScopeInfo.java:90)
	at com.ibm.ws.jpa.management.JPAApplInfo.addPersistenceUnits(JPAApplInfo.java:118)
	at com.ibm.ws.jpa.container.osgi.internal.JPAComponentImpl.processEJBModulePersistenceXml(JPAComponentImpl.java:527)
	at com.ibm.ws.jpa.container.osgi.internal.JPAComponentImpl.applicationStarting(JPAComponentImpl.java:264)
	at com.ibm.ws.container.service.state.internal.ApplicationStateManager.fireStarting(ApplicationStateManager.java:28)
	at com.ibm.ws.container.service.state.internal.StateChangeServiceImpl.fireApplicationStarting(StateChangeServiceImpl.java:50)
	at com.ibm.ws.app.manager.module.internal.DeployedAppInfoBase.preDeployApp(DeployedAppInfoBase.java:383)
	at com.ibm.ws.app.manager.module.internal.DeployedAppInfoBase.deployApp(DeployedAppInfoBase.java:412)
	at com.ibm.ws.app.manager.ear.internal.EARApplicationHandlerImpl.install(EARApplicationHandlerImpl.java:76)
	at com.ibm.ws.app.manager.internal.statemachine.StartAction.execute(StartAction.java:140)
	at com.ibm.ws.app.manager.internal.statemachine.ApplicationStateMachineImpl.enterState(ApplicationStateMachineImpl.java:1258)
	at com.ibm.ws.app.manager.internal.statemachine.ApplicationStateMachineImpl.run(ApplicationStateMachineImpl.java:873)
	at java.base/java.util.concurrent.ThreadPoolExecutor.runWorker(ThreadPoolExecutor.java:1135)
	at java.base/java.util.concurrent.ThreadPoolExecutor$Worker.run(ThreadPoolExecutor.java:635)
	at java.base/java.lang.Thread.run(Thread.java:844)
"
      Failed to resolve fields for jdk.internal.loader.BuiltinClassLoader = "java.lang.reflect.InaccessibleObjectException: Unable to make field private final jdk.internal.loader.BuiltinClassLoader jdk.internal.loader.BuiltinClassLoader.parent accessible: module java.base does not "opens jdk.internal.loader" to unnamed module @3c87521
	at java.base/java.lang.reflect.AccessibleObject.checkCanSetAccessible(AccessibleObject.java:337)
	at java.base/java.lang.reflect.AccessibleObject.checkCanSetAccessible(AccessibleObject.java:281)
	at java.base/java.lang.reflect.Field.checkCanSetAccessible(Field.java:176)
	at java.base/java.lang.reflect.AccessibleObject.setAccessible(AccessibleObject.java:124)
	at com.ibm.ws.logging.internal.impl.IntrospectionLevelMember$2.run(IntrospectionLevelMember.java:316)
	at com.ibm.ws.logging.internal.impl.IntrospectionLevelMember$2.run(IntrospectionLevelMember.java:310)
	at java.base/java.security.AccessController.doPrivileged(Native Method)
	at com.ibm.ws.logging.internal.impl.IntrospectionLevelMember.getFields(IntrospectionLevelMember.java:310)
	at com.ibm.ws.logging.internal.impl.IntrospectionLevelMember.introspectViaReflection(IntrospectionLevelMember.java:199)
	at com.ibm.ws.logging.internal.impl.IntrospectionLevelMember.getChildren(IntrospectionLevelMember.java:163)
	at com.ibm.ws.logging.internal.impl.IntrospectionLevel.getNextLevel(IntrospectionLevel.java:100)
	at com.ibm.ws.logging.internal.impl.IncidentStreamImpl.introspect(IncidentStreamImpl.java:437)
	at com.ibm.ws.logging.internal.impl.IncidentStreamImpl.introspectAndWrite(IncidentStreamImpl.java:129)
	at com.ibm.ws.logging.internal.impl.IncidentStreamImpl.introspectAndWriteLine(IncidentStreamImpl.java:164)
	at com.ibm.ws.logging.internal.impl.IncidentLogger.logIncident(IncidentLogger.java:97)
	at com.ibm.ws.logging.internal.impl.IncidentLogger.logIncident(IncidentLogger.java:35)
	at com.ibm.ws.logging.internal.impl.IncidentImpl.log(IncidentImpl.java:249)
	at com.ibm.ws.logging.internal.impl.BaseFFDCService.log(BaseFFDCService.java:239)
	at com.ibm.ws.logging.internal.impl.BaseFFDCService.processException(BaseFFDCService.java:180)
	at com.ibm.ws.ffdc.FFDCFilter.processException(FFDCFilter.java:60)
	at com.ibm.ws.jpa.management.JPAPUnitInfo.createEMFactory(JPAPUnitInfo.java:932)
	at com.ibm.ws.jpa.management.JPAPUnitInfo.initialize(JPAPUnitInfo.java:762)
	at com.ibm.ws.jpa.management.JPAPxmlInfo.extractPersistenceUnits(JPAPxmlInfo.java:190)
	at com.ibm.ws.jpa.management.JPAScopeInfo.processPersistenceUnit(JPAScopeInfo.java:90)
	at com.ibm.ws.jpa.management.JPAApplInfo.addPersistenceUnits(JPAApplInfo.java:118)
	at com.ibm.ws.jpa.container.osgi.internal.JPAComponentImpl.processEJBModulePersistenceXml(JPAComponentImpl.java:527)
	at com.ibm.ws.jpa.container.osgi.internal.JPAComponentImpl.applicationStarting(JPAComponentImpl.java:264)
	at com.ibm.ws.container.service.state.internal.ApplicationStateManager.fireStarting(ApplicationStateManager.java:28)
	at com.ibm.ws.container.service.state.internal.StateChangeServiceImpl.fireApplicationStarting(StateChangeServiceImpl.java:50)
	at com.ibm.ws.app.manager.module.internal.DeployedAppInfoBase.preDeployApp(DeployedAppInfoBase.java:383)
	at com.ibm.ws.app.manager.module.internal.DeployedAppInfoBase.deployApp(DeployedAppInfoBase.java:412)
	at com.ibm.ws.app.manager.ear.internal.EARApplicationHandlerImpl.install(EARApplicationHandlerImpl.java:76)
	at com.ibm.ws.app.manager.internal.statemachine.StartAction.execute(StartAction.java:140)
	at com.ibm.ws.app.manager.internal.statemachine.ApplicationStateMachineImpl.enterState(ApplicationStateMachineImpl.java:1258)
	at com.ibm.ws.app.manager.internal.statemachine.ApplicationStateMachineImpl.run(ApplicationStateMachineImpl.java:873)
	at java.base/java.util.concurrent.ThreadPoolExecutor.runWorker(ThreadPoolExecutor.java:1135)
	at java.base/java.util.concurrent.ThreadPoolExecutor$Worker.run(ThreadPoolExecutor.java:635)
	at java.base/java.lang.Thread.run(Thread.java:844)
"
      initialized = true
      pdcache = class java.util.concurrent.ConcurrentHashMap@7e536c66
      parent = class jdk.internal.loader.ClassLoaders$PlatformClassLoader@6f849786
      name = "app"
      unnamedModule = class java.lang.Module@1d16f93d
      parallelLockMap = class java.util.concurrent.ConcurrentHashMap@3212c26e
      package2certs = class java.util.concurrent.ConcurrentHashMap@1db16938
      nocerts = class java.security.cert.Certificate[0]
      classes = class java.util.Vector@78e416b4
      defaultDomain = class java.security.ProtectionDomain@33979689
      packages = class java.util.concurrent.ConcurrentHashMap@17b23327
      scl = class jdk.internal.loader.ClassLoaders$AppClassLoader@7591083d
      usr_paths = class java.lang.String[35]
      sys_paths = class java.lang.String[1]
      loadedLibraryNames = class java.util.HashSet@13b76365
      systemNativeLibraries = class java.util.concurrent.ConcurrentHashMap@6178256d
      nativeLibraries = null
      assertionLock = class java.lang.Object@15c7040
      defaultAssertionStatus = false
      packageAssertionStatus = null
      classAssertionStatus = null
      classLoaderValueMap = class java.util.concurrent.ConcurrentHashMap@59d58769
      $assertionsDisabled = true
    usr_paths = class java.lang.String[35]
      String[0] = "C:\Program Files\Java\jdk-10.0.1\bin"
      String[1] = "C:\WINDOWS\Sun\Java\bin"
      String[2] = "C:\WINDOWS\system32"
      String[3] = "C:\WINDOWS"
      String[4] = "C:\Program Files (x86)\Common Files\Oracle\Java\javapath"
      String[5] = "C:\ProgramData\Oracle\Java\javapath"
      String[6] = "C:\oraclexe\app\oracle\product\11.2.0\server\bin"
      String[7] = "C:\WINDOWS\system32"
      String[8] = "C:\WINDOWS"
      String[9] = "C:\WINDOWS\System32\Wbem"
      String[10] = "C:\WINDOWS\System32\WindowsPowerShell\v1.0\"
      String[11] = "C:\WINDOWS\system32\config\systemprofile\.dnx\bin"
      String[12] = "C:\Program Files\Microsoft DNX\Dnvm\"
      String[13] = "C:\Program Files\Microsoft SQL Server\130\Tools\Binn\"
      String[14] = "C:\Program Files (x86)\IBM\Personal Communications\"
      String[15] = "C:\Program Files (x86)\IBM\Trace Facility\"
      String[16] = "C:\Program Files (x86)\Skype\Phone\"
      String[17] = "C:\Program Files\Git\cmd"
      String[18] = "C:\Program Files\PuTTY\"
      String[19] = "C:\Program Files (x86)\Microsoft SQL Server\130\Tools\Binn\"
      String[20] = "C:\Program Files (x86)\Microsoft SQL Server\130\DTS\Binn\"
      String[21] = "C:\Program Files\Microsoft SQL Server\130\DTS\Binn\"
      String[22] = "C:\Program Files\Microsoft SQL Server\Client SDK\ODBC\130\Tools\Binn\"
      String[23] = "C:\Program Files (x86)\Microsoft SQL Server\Client SDK\ODBC\130\Tools\Binn\"
      String[24] = "C:\Program Files (x86)\Microsoft SQL Server\140\Tools\Binn\"
      String[25] = "C:\Program Files (x86)\Microsoft SQL Server\140\DTS\Binn\"
      String[26] = "C:\Program Files (x86)\Microsoft SQL Server\140\Tools\Binn\ManagementStudio\"
      String[27] = "C:\Program Files (x86)\AOMEI Backupper"
      String[28] = "C:\WINDOWS\System32\OpenSSH\"
      String[29] = "C:\Users\glenn\AppData\Local\Microsoft\WindowsApps"
      String[30] = "C:\Program Files (x86)\Terraform\"
      String[31] = "M:\Program Files\Microsoft VS Code\bin"
      String[32] = "C:\apache-maven-3.5.3\bin"
      String[33] = "."
      String[34] = "."
    sys_paths = class java.lang.String[1]
      String[0] = "C:\Program Files\Java\jdk-10.0.1\bin"
    loadedLibraryNames = class java.util.HashSet@13b76365
      serialVersionUID = -5024744406713321676
      map = class java.util.HashMap@7ea24531
      PRESENT = class java.lang.Object@70a02936
      MAX_ARRAY_SIZE = 2147483639
    systemNativeLibraries = class java.util.concurrent.ConcurrentHashMap@6178256d
      serialVersionUID = 7249069246763182397
      MAXIMUM_CAPACITY = 1073741824
      DEFAULT_CAPACITY = 16
      MAX_ARRAY_SIZE = 2147483639
      DEFAULT_CONCURRENCY_LEVEL = 16
      LOAD_FACTOR = 0.75
      TREEIFY_THRESHOLD = 8
      UNTREEIFY_THRESHOLD = 6
      MIN_TREEIFY_CAPACITY = 64
      MIN_TRANSFER_STRIDE = 16
      RESIZE_STAMP_BITS = 16
      MAX_RESIZERS = 65535
      RESIZE_STAMP_SHIFT = 16
      MOVED = -1
      TREEBIN = -2
      RESERVED = -3
      HASH_BITS = 2147483647
      NCPU = 4
      serialPersistentFields = class java.io.ObjectStreamField[3]
      table = class java.util.concurrent.ConcurrentHashMap$Node[16]
      nextTable = null
      baseCount = 7
      sizeCtl = 12
      transferIndex = 0
      cellsBusy = 0
      counterCells = null
      keySet = null
      values = class java.util.concurrent.ConcurrentHashMap$ValuesView@6e6a817f
      entrySet = null
      U = class jdk.internal.misc.Unsafe@4c9d1355
      SIZECTL = 20
      TRANSFERINDEX = 32
      BASECOUNT = 24
      CELLSBUSY = 36
      CELLVALUE = 144
      ABASE = 16
      ASHIFT = 2
      keySet = null
      values = null
    nativeLibraries = null
    assertionLock = class com.ibm.ws.classloading.internal.AppClassLoader@2c497c6e
    defaultAssertionStatus = false
    packageAssertionStatus = null
    classAssertionStatus = null
    classLoaderValueMap = null
    $assertionsDisabled = true
  tempClassLoader = null
  ivTransformers = class java.util.concurrent.CopyOnWriteArrayList@19447894
    serialVersionUID = 8673264195747942595
    lock = class java.lang.Object@5aba3c77
    array = class java.lang.Object[0]
  xmlSchemaVersion = "2.1"
  ivCaching = class javax.persistence.SharedCacheMode@35acc6f0
    ALL = class javax.persistence.SharedCacheMode@19225630
      ALL = class javax.persistence.SharedCacheMode@19225630
      NONE = class javax.persistence.SharedCacheMode@35acc6f0
      ENABLE_SELECTIVE = class javax.persistence.SharedCacheMode@9a982a0
      DISABLE_SELECTIVE = class javax.persistence.SharedCacheMode@5a336c59
      UNSPECIFIED = class javax.persistence.SharedCacheMode@2d3f7ba0
      ENUM$VALUES = class javax.persistence.SharedCacheMode[5]
      name = "ALL"
      ordinal = 0
    NONE = class javax.persistence.SharedCacheMode@35acc6f0
    ENABLE_SELECTIVE = class javax.persistence.SharedCacheMode@9a982a0
      ALL = class javax.persistence.SharedCacheMode@19225630
      NONE = class javax.persistence.SharedCacheMode@35acc6f0
      ENABLE_SELECTIVE = class javax.persistence.SharedCacheMode@9a982a0
      DISABLE_SELECTIVE = class javax.persistence.SharedCacheMode@5a336c59
      UNSPECIFIED = class javax.persistence.SharedCacheMode@2d3f7ba0
      ENUM$VALUES = class javax.persistence.SharedCacheMode[5]
      name = "ENABLE_SELECTIVE"
      ordinal = 2
    DISABLE_SELECTIVE = class javax.persistence.SharedCacheMode@5a336c59
      ALL = class javax.persistence.SharedCacheMode@19225630
      NONE = class javax.persistence.SharedCacheMode@35acc6f0
      ENABLE_SELECTIVE = class javax.persistence.SharedCacheMode@9a982a0
      DISABLE_SELECTIVE = class javax.persistence.SharedCacheMode@5a336c59
      UNSPECIFIED = class javax.persistence.SharedCacheMode@2d3f7ba0
      ENUM$VALUES = class javax.persistence.SharedCacheMode[5]
      name = "DISABLE_SELECTIVE"
      ordinal = 3
    UNSPECIFIED = class javax.persistence.SharedCacheMode@2d3f7ba0
      ALL = class javax.persistence.SharedCacheMode@19225630
      NONE = class javax.persistence.SharedCacheMode@35acc6f0
      ENABLE_SELECTIVE = class javax.persistence.SharedCacheMode@9a982a0
      DISABLE_SELECTIVE = class javax.persistence.SharedCacheMode@5a336c59
      UNSPECIFIED = class javax.persistence.SharedCacheMode@2d3f7ba0
      ENUM$VALUES = class javax.persistence.SharedCacheMode[5]
      name = "UNSPECIFIED"
      ordinal = 4
    ENUM$VALUES = class javax.persistence.SharedCacheMode[5]
      SharedCacheMode[0] = class javax.persistence.SharedCacheMode@19225630
      SharedCacheMode[1] = class javax.persistence.SharedCacheMode@35acc6f0
      SharedCacheMode[2] = class javax.persistence.SharedCacheMode@9a982a0
      SharedCacheMode[3] = class javax.persistence.SharedCacheMode@5a336c59
      SharedCacheMode[4] = class javax.persistence.SharedCacheMode@2d3f7ba0
    name = "NONE"
    ordinal = 1
  ivValidationMode = null
  ivEMFactory = null
  ivEMFactoryException = null
  ivCreateEMFAllowed = true
  ivEMFMap = class java.util.HashMap@e7a1dd2
    serialVersionUID = 362498820763181265
    DEFAULT_INITIAL_CAPACITY = 16
    MAXIMUM_CAPACITY = 1073741824
    DEFAULT_LOAD_FACTOR = 0.75
    TREEIFY_THRESHOLD = 8
    UNTREEIFY_THRESHOLD = 6
    MIN_TREEIFY_CAPACITY = 64
    table = null
    entrySet = null
    size = 0
    modCount = 0
    threshold = 0
    loadFactor = 0.75
    keySet = null
    values = null
  ivEMPoolMap = class java.util.HashMap@f16be1f
    serialVersionUID = 362498820763181265
    DEFAULT_INITIAL_CAPACITY = 16
    MAXIMUM_CAPACITY = 1073741824
    DEFAULT_LOAD_FACTOR = 0.75
    TREEIFY_THRESHOLD = 8
    UNTREEIFY_THRESHOLD = 6
    MIN_TREEIFY_CAPACITY = 64
    table = null
    entrySet = null
    size = 0
    modCount = 0
    threshold = 0
    loadFactor = 0.75
    keySet = null
    values = null
  ivEMPoolCapacity = -1
  transformExclusionRegEx = class java.lang.String[2]
    String[0] = ".*_(Stub|Tie)$"
    String[1] = ".*_(\p{XDigit}){8}$"
  transformExclusionPatterns = class java.util.regex.Pattern[2]
    Pattern[0] = class java.util.regex.Pattern@7820ccb9
      UNIX_LINES = 1
      CASE_INSENSITIVE = 2
      COMMENTS = 4
      MULTILINE = 8
      LITERAL = 16
      DOTALL = 32
      UNICODE_CASE = 64
      CANON_EQ = 128
      UNICODE_CHARACTER_CLASS = 256
      ALL_FLAGS = 511
      serialVersionUID = 5073258162644648461
      pattern = ".*_(Stub|Tie)$"
      flags = 0
      compiled = true
      normalizedPattern = ".*_(Stub|Tie)$"
      root = class java.util.regex.Pattern$Start@776bd17e
      matchRoot = class java.util.regex.Pattern$CharPropertyGreedy@93c412c
      buffer = null
      predicate = null
      namedGroups = null
      groupNodes = null
      topClosureNodes = null
      localTCNCount = 0
      hasGroupRef = false
      temp = null
      capturingGroupCount = 2
      localCount = 1
      cursor = 14
      patternLength = 0
      hasSupplementary = false
      MAX_REPS = 2147483647
      lookbehindEnd = class java.util.regex.Pattern$1@c79d88d
      accept = class java.util.regex.Pattern$Node@7ef9f439
      lastAccept = class java.util.regex.Pattern$LastNode@22511f9f
      $assertionsDisabled = true
    Pattern[1] = class java.util.regex.Pattern@73f20e4e
      UNIX_LINES = 1
      CASE_INSENSITIVE = 2
      COMMENTS = 4
      MULTILINE = 8
      LITERAL = 16
      DOTALL = 32
      UNICODE_CASE = 64
      CANON_EQ = 128
      UNICODE_CHARACTER_CLASS = 256
      ALL_FLAGS = 511
      serialVersionUID = 5073258162644648461
      pattern = ".*_(\p{XDigit}){8}$"
      flags = 0
      compiled = true
      normalizedPattern = ".*_(\p{XDigit}){8}$"
      root = class java.util.regex.Pattern$Start@5fe5be7b
      matchRoot = class java.util.regex.Pattern$CharPropertyGreedy@1f66e8dc
      buffer = null
      predicate = null
      namedGroups = null
      groupNodes = null
      topClosureNodes = null
      localTCNCount = 0
      hasGroupRef = false
      temp = null
      capturingGroupCount = 2
      localCount = 1
      cursor = 19
      patternLength = 0
      hasSupplementary = false
      MAX_REPS = 2147483647
      lookbehindEnd = class java.util.regex.Pattern$1@c79d88d
      accept = class java.util.regex.Pattern$Node@7ef9f439
      lastAccept = class java.util.regex.Pattern$LastNode@22511f9f
      $assertionsDisabled = true

