------Start of DE processing------ = [23/05/18 10:39:37:522 CEST]
Exception = java.lang.NullPointerException
Source = com.ibm.ws.jpa.management.JPAPUnitInfo.createEMFactory
probeid = 773
Stack Dump = java.lang.NullPointerException
	at org.eclipse.persistence.internal.jpa.EntityManagerSetupImpl.predeploy(EntityManagerSetupImpl.java:2062)
	at org.eclipse.persistence.jpa.PersistenceProvider.createContainerEntityManagerFactoryImpl(PersistenceProvider.java:334)
	at org.eclipse.persistence.jpa.PersistenceProvider.createContainerEntityManagerFactory(PersistenceProvider.java:305)
	at com.ibm.ws.jpa.management.JPAPUnitInfo.createEMFactory(JPAPUnitInfo.java:910)
	at com.ibm.ws.jpa.management.JPAPUnitInfo.initialize(JPAPUnitInfo.java:762)
	at com.ibm.ws.jpa.management.JPAPxmlInfo.extractPersistenceUnits(JPAPxmlInfo.java:190)
	at com.ibm.ws.jpa.management.JPAScopeInfo.processPersistenceUnit(JPAScopeInfo.java:90)
	at com.ibm.ws.jpa.management.JPAApplInfo.addPersistenceUnits(JPAApplInfo.java:118)
	at com.ibm.ws.jpa.container.osgi.internal.JPAComponentImpl.processEJBModulePersistenceXml(JPAComponentImpl.java:527)
	at com.ibm.ws.jpa.container.osgi.internal.JPAComponentImpl.applicationStarting(JPAComponentImpl.java:264)
	at com.ibm.ws.container.service.state.internal.ApplicationStateManager.fireStarting(ApplicationStateManager.java:28)
	at com.ibm.ws.container.service.state.internal.StateChangeServiceImpl.fireApplicationStarting(StateChangeServiceImpl.java:50)
	at com.ibm.ws.app.manager.module.internal.DeployedAppInfoBase.preDeployApp(DeployedAppInfoBase.java:383)
	at com.ibm.ws.app.manager.module.internal.DeployedAppInfoBase.deployApp(DeployedAppInfoBase.java:412)
	at com.ibm.ws.app.manager.ear.internal.EARApplicationHandlerImpl.install(EARApplicationHandlerImpl.java:76)
	at com.ibm.ws.app.manager.internal.statemachine.StartAction.execute(StartAction.java:140)
	at com.ibm.ws.app.manager.internal.statemachine.ApplicationStateMachineImpl.enterState(ApplicationStateMachineImpl.java:1258)
	at com.ibm.ws.app.manager.internal.statemachine.ApplicationStateMachineImpl.run(ApplicationStateMachineImpl.java:873)
	at java.base/java.util.concurrent.ThreadPoolExecutor.runWorker(ThreadPoolExecutor.java:1135)
	at java.base/java.util.concurrent.ThreadPoolExecutor$Worker.run(ThreadPoolExecutor.java:635)
	at java.base/java.lang.Thread.run(Thread.java:844)

Dump of callerThis
Object type = com.ibm.ws.jpa.container.osgi.internal.OSGiJPAPUnitInfo
  tc = class com.ibm.websphere.ras.TraceComponent@553869d8
    strings[0] = "TraceComponent[com.ibm.ws.jpa.container.osgi.internal.OSGiJPAPUnitInfo,class com.ibm.ws.jpa.container.osgi.internal.OSGiJPAPUnitInfo,[JPA],com.ibm.ws.jpa.jpa,null]"
  disableWsJpaUrlProcessing = false
  ECLIPSELINK_TARGET_SERVER = "WebSphere_Liberty"
  scopeInfo = class com.ibm.ws.jpa.management.JPAScopeInfo@26f39395
    tc = class com.ibm.websphere.ras.TraceComponent@34570dba
      strings[0] = "TraceComponent[com.ibm.ws.jpa.management.JPAScopeInfo,class com.ibm.ws.jpa.management.JPAScopeInfo,[JPA],com.ibm.ws.jpa.jpa,null]"
    scopeName = "daytrader-ee7-ejb.jar"
    scope = class com.ibm.ws.jpa.management.JPAPuScope@4c7d4d82
      EJB_Scope = class com.ibm.ws.jpa.management.JPAPuScope@4c7d4d82
      Web_Scope = class com.ibm.ws.jpa.management.JPAPuScope@59d2cec
      EAR_Scope = class com.ibm.ws.jpa.management.JPAPuScope@35fefcec
      Client_Scope = class com.ibm.ws.jpa.management.JPAPuScope@3447f0e2
      $VALUES = class com.ibm.ws.jpa.management.JPAPuScope[4]
      name = "EJB_Scope"
      ordinal = 0
    pxmlsInfo = class java.util.HashMap@24719226
      serialVersionUID = 362498820763181265
      DEFAULT_INITIAL_CAPACITY = 16
      MAXIMUM_CAPACITY = 1073741824
      DEFAULT_LOAD_FACTOR = 0.75
      TREEIFY_THRESHOLD = 8
      UNTREEIFY_THRESHOLD = 6
      MIN_TREEIFY_CAPACITY = 64
      table = class java.util.HashMap$Node[16]
      entrySet = null
      size = 1
      modCount = 1
      threshold = 12
      loadFactor = 0.75
      keySet = null
      values = null
  serialVersionUID = -898488667409903028
  CLASS_NAME = "com.ibm.ws.jpa.management.JPAPUnitInfo"
  tc = class com.ibm.websphere.ras.TraceComponent@3e5fb840
    strings[0] = "TraceComponent[com.ibm.ws.jpa.management.JPAPUnitInfo,class com.ibm.ws.jpa.management.JPAPUnitInfo,[JPA],com.ibm.ws.jpa.jpa,null]"
  tcTransformer = class com.ibm.websphere.ras.TraceComponent@e5946c8
    strings[0] = "TraceComponent[com.ibm.ws.jpa.management.JPAPUnitInfo_Transformer,class com.ibm.ws.jpa.management.JPAPUnitInfo,[JPA.Transformer],com.ibm.ws.jpa.jpa,null]"
  svThreadContextAccessor = class com.ibm.ws.util.ThreadContextAccessor$ThreadContextAccessorImpl@61c41996
    tc = class com.ibm.ejs.ras.TraceComponent@579c9588
      strings[0] = "TraceComponent[com.ibm.ws.util.ThreadContextAccessor,class com.ibm.ws.util.ThreadContextAccessor,[Runtime],null,null]"
    PRINT_STACK_ON_SET_CTX_CLASSLOADER = false
    PRIVILEGED_ACTION = class com.ibm.ws.util.ThreadContextAccessor$1@2b122994
    UNCHANGED = class com.ibm.ws.util.ThreadContextAccessor$Unchanged@62160a50
    threadContextAccessor = class com.ibm.ws.util.ThreadContextAccessor$ThreadContextAccessorImpl@61c41996
  ivApplInfo = class com.ibm.ws.jpa.container.osgi.internal.OSGiJPAApplInfo@5b915100
    appInfo = class com.ibm.ws.container.service.app.deploy.internal.EARApplicationInfoImpl@515303cd
      libDirContainer = null
      appClassLoaderFactory = class com.ibm.ws.app.manager.ear.internal.EARDeployedAppInfo@3875aee8
      appClassLoader = class com.ibm.ws.classloading.internal.AppClassLoader@50377a4d
      serialVersionUID = -7525304702689458111
      $$$tc$$$ = class com.ibm.websphere.ras.TraceComponent@1d583cbe
      appName = "daytrader-ee7"
      appMetaData = class com.ibm.ws.container.service.app.deploy.internal.ApplicationMetaDataImpl@6681d109
      appContainer = class com.ibm.ws.adaptable.module.internal.InterpretedContainerImpl@a017dd0
      configHelper = class com.ibm.ws.app.manager.module.ApplicationNestedConfigHelper@5f6786e2
      serialVersionUID = 7091777744534637201
      $$$tc$$$ = class com.ibm.websphere.ras.TraceComponent@c7227ca
    serialVersionUID = 5461051190698959560
    $$$tc$$$ = class com.ibm.websphere.ras.TraceComponent@36d166a4
      strings[0] = "TraceComponent[com.ibm.ws.jpa.container.osgi.internal.OSGiJPAApplInfo,class com.ibm.ws.jpa.container.osgi.internal.OSGiJPAApplInfo,[JPA],com.ibm.ws.jpa.jpa,null]"
    tc = class com.ibm.websphere.ras.TraceComponent@5cfc256b
      strings[0] = "TraceComponent[com.ibm.ws.jpa.management.JPAApplInfo,class com.ibm.ws.jpa.management.JPAApplInfo,[JPA],com.ibm.ws.jpa.jpa,null]"
    ivJPAComponent = class com.ibm.ws.jpa.container.osgi.internal.JPAComponentImpl@4b7acdf7
      tc = class com.ibm.websphere.ras.TraceComponent@372460eb
      REFERENCE_JPA_RUNTIME = "jpaRuntime"
      REFERENCE_TRANSACTION_MANAGER = "transactionManager"
      REFERENCE_CONTEXT_ACCESSOR = "contextAccessor"
      REFERENCE_RESOURCE_BINDING_LISTENERS = "resourceBindingListeners"
      REFERENCE_JPA_PROVIDER = "jpaProvider"
      REFERENCE_JPA_PROPS_PROVIDER = "jpaPropsProvider"
      REFERENCE_APP_COORD = "appCoord"
      context = class org.apache.felix.scr.impl.manager.ComponentContextImpl@5ca55ff2
      props = class org.apache.felix.scr.impl.helper.ReadOnlyDictionary@1b252688
      server = true
      stuckApps = class java.util.concurrent.ConcurrentSkipListSet@54c980ea
      jpaRuntime = class com.ibm.wsspi.kernel.service.utils.AtomicServiceReference@2491a2be
      ivTransactionManagerSR = class com.ibm.wsspi.kernel.service.utils.AtomicServiceReference@52bd2311
      ivContextAccessorSR = class com.ibm.wsspi.kernel.service.utils.AtomicServiceReference@609e4ea8
      resourceBindingListeners = class com.ibm.wsspi.kernel.service.utils.ConcurrentServiceReferenceSet@78c84c81
      providerIntegrationSR = class com.ibm.wsspi.kernel.service.utils.AtomicServiceReference@51659574
      propProviderSRs = class com.ibm.wsspi.kernel.service.utils.ConcurrentServiceReferenceSet@6afb91e2
      serialVersionUID = -3226899747348775356
      tc = class com.ibm.websphere.ras.TraceComponent@7e8c4dc2
      applList = class java.util.Collections$SynchronizedMap@7802791b
      ivCallBackHandler = class com.ibm.ws.jpa.management.JPAUserTxCallBackHandler@42949ede
      ivTxCallbackRegistered = false
    applName = "daytrader7"
    puScopes = class java.util.HashMap@6e480d4c
      serialVersionUID = 362498820763181265
      DEFAULT_INITIAL_CAPACITY = 16
      MAXIMUM_CAPACITY = 1073741824
      DEFAULT_LOAD_FACTOR = 0.75
      TREEIFY_THRESHOLD = 8
      UNTREEIFY_THRESHOLD = 6
      MIN_TREEIFY_CAPACITY = 64
      table = class java.util.HashMap$Node[16]
      entrySet = null
      size = 1
      modCount = 1
      threshold = 12
      loadFactor = 0.75
      keySet = null
      values = null
  ivArchivePuId = class com.ibm.ws.jpa.JPAPuId@44e45ea1
    serialVersionUID = 662612505904938066
    ivAppName = "daytrader7"
    ivModJarName = "daytrader-ee7-ejb.jar"
    ivPuName = "daytrader"
    ivCurHashCode = -2134213848
  ivTxType = class javax.persistence.spi.PersistenceUnitTransactionType@5cebad30
    JTA = class javax.persistence.spi.PersistenceUnitTransactionType@5cebad30
    RESOURCE_LOCAL = class javax.persistence.spi.PersistenceUnitTransactionType@10977f5c
      JTA = class javax.persistence.spi.PersistenceUnitTransactionType@5cebad30
      RESOURCE_LOCAL = class javax.persistence.spi.PersistenceUnitTransactionType@10977f5c
      ENUM$VALUES = class javax.persistence.spi.PersistenceUnitTransactionType[2]
      name = "RESOURCE_LOCAL"
      ordinal = 1
    ENUM$VALUES = class javax.persistence.spi.PersistenceUnitTransactionType[2]
      PersistenceUnitTransactionType[0] = class javax.persistence.spi.PersistenceUnitTransactionType@5cebad30
      PersistenceUnitTransactionType[1] = class javax.persistence.spi.PersistenceUnitTransactionType@10977f5c
    name = "JTA"
    ordinal = 0
  ivDesc = ""
  ivProviderClassName = "org.eclipse.persistence.jpa.PersistenceProvider"
  ivJtaDataSource = class com.ibm.ws.rsadapter.jdbc.WSJdbcDataSource@1d221792
    strings[0] = "_______________________________________________________________________"
    strings[1] = ""
    strings[2] = "    First Failure Data Capture information for"
    strings[3] = "          com.ibm.ws.rsadapter.jdbc.WSJdbcDataSource@1d221792"
    strings[4] = "_______________________________________________________________________"
    strings[5] = ""
    strings[6] = "ResourceRefInfo:"
    strings[7] = "  
[Resource-ref CMConfigData key items]

	res-sharing-scope:        0 (SHAREABLE)
	res-isolation-level:      0 (TRANSACTION_NONE)
	res-auth:                 1 (APPLICATION)
	commitPriority            0
	branchCoupling            -1
	loginConfigurationName:   null
	loginConfigProperties:    null
	Resource ref name:        not set
	Queue manager id:        not set

"
    strings[8] = "Connection Manager:"
    strings[9] = "  [ConnectionManager]@6a85aa5
JNDI Name <jdbc/TradeDataSource>
shareable <true>

"
    strings[10] = "_______________________________________________________________________"
    strings[11] = ""
    strings[12] = "    First Failure Data Capture information for"
    strings[13] = "          com.ibm.ws.rsadapter.impl.WSManagedConnectionFactoryImpl@78cc5ff7"
    strings[14] = "_______________________________________________________________________"
    strings[15] = ""
    strings[16] = "com.ibm.ws.rsadapter.DSConfig@1de71e1a"
    strings[17] = "[beginTranForResultSetScrollingAPIs, true, beginTranForVendorAPIs, true, commitOrRollbackOnCleanup, null, connectionSharing, MatchOriginalRequest, isolationLevel, 2, jndiName, jdbc/TradeDataSource, enableConnectionCasting, false, queryTimeout, null, statementCacheSize, 60, supplementalJDBCTrace, null, syncQueryTimeoutWithTransactionTimeout, false, transactional, true]"
    strings[18] = "{createDatabase=create, password=******, databaseName=C:/Users/glenn/Documents/Kubernetes/Development/sample.daytrader7-master/daytrader-ee7-wlpcfg/shared/resources//data/tradedb, user=db_username}"
    strings[19] = "DataSource Implementation Class:"
    strings[20] = "  class org.apache.derby.jdbc.EmbeddedXADataSource40
"
    strings[21] = "DataSource interface:"
    strings[22] = "  interface javax.sql.XADataSource
"
    strings[23] = "Underlying DataSource Object: org.apache.derby.jdbc.EmbeddedXADataSource40@156a1eb7"
    strings[24] = "  org.apache.derby.jdbc.EmbeddedXADataSource40@156a1eb7
"
    strings[25] = "Instance id:"
    strings[26] = "  1
"
    strings[27] = "Log Writer:"
    strings[28] = "  null
"
    strings[29] = "Counter of fatal connection errors on ManagedConnections created by this MCF:"
    strings[30] = "  0
"
  ivNonJtaDataSource = null
  ivMappingFileNames = class java.util.ArrayList@4c6a5c67
    serialVersionUID = 8683452581122892189
    DEFAULT_CAPACITY = 10
    EMPTY_ELEMENTDATA = class java.lang.Object[0]
    DEFAULTCAPACITY_EMPTY_ELEMENTDATA = class java.lang.Object[0]
    elementData = class java.lang.Object[0]
    size = 0
    MAX_ARRAY_SIZE = 2147483639
    modCount = 1
    MAX_ARRAY_SIZE = 2147483639
  ivJarFileURLs = class java.util.ArrayList@2a9d121d
    serialVersionUID = 8683452581122892189
    DEFAULT_CAPACITY = 10
    EMPTY_ELEMENTDATA = class java.lang.Object[0]
    DEFAULTCAPACITY_EMPTY_ELEMENTDATA = class java.lang.Object[0]
    elementData = class java.lang.Object[0]
    size = 0
    MAX_ARRAY_SIZE = 2147483639
    modCount = 1
    MAX_ARRAY_SIZE = 2147483639
  ivManagedClassNames = class java.util.ArrayList@2b9ea853
    serialVersionUID = 8683452581122892189
    DEFAULT_CAPACITY = 10
    EMPTY_ELEMENTDATA = class java.lang.Object[0]
    DEFAULTCAPACITY_EMPTY_ELEMENTDATA = class java.lang.Object[0]
    elementData = class java.lang.Object[10]
      Object[0] = "com.ibm.websphere.samples.daytrader.entities.AccountDataBean"
      Object[1] = "com.ibm.websphere.samples.daytrader.entities.AccountProfileDataBean"
      Object[2] = "com.ibm.websphere.samples.daytrader.entities.HoldingDataBean"
      Object[3] = "com.ibm.websphere.samples.daytrader.entities.OrderDataBean"
      Object[4] = "com.ibm.websphere.samples.daytrader.entities.QuoteDataBean"
      Object[5] = null
      Object[6] = null
      Object[7] = null
      Object[8] = null
      Object[9] = null
    size = 5
    MAX_ARRAY_SIZE = 2147483639
    modCount = 6
    MAX_ARRAY_SIZE = 2147483639
  ivExcludeUnlistedClasses = true
  ivProperties = class java.util.Properties@260db435
    serialVersionUID = 4112578634029874840
    defaults = null
    map = class java.util.concurrent.ConcurrentHashMap@51922652
      serialVersionUID = 7249069246763182397
      MAXIMUM_CAPACITY = 1073741824
      DEFAULT_CAPACITY = 16
      MAX_ARRAY_SIZE = 2147483639
      DEFAULT_CONCURRENCY_LEVEL = 16
      LOAD_FACTOR = 0.75
      TREEIFY_THRESHOLD = 8
      UNTREEIFY_THRESHOLD = 6
      MIN_TREEIFY_CAPACITY = 64
      MIN_TRANSFER_STRIDE = 16
      RESIZE_STAMP_BITS = 16
      MAX_RESIZERS = 65535
      RESIZE_STAMP_SHIFT = 16
      MOVED = -1
      TREEBIN = -2
      RESERVED = -3
      HASH_BITS = 2147483647
      NCPU = 4
      serialPersistentFields = class java.io.ObjectStreamField[3]
      table = null
      nextTable = null
      baseCount = 0
      sizeCtl = 16
      transferIndex = 0
      cellsBusy = 0
      counterCells = null
      keySet = null
      values = null
      entrySet = null
      U = class jdk.internal.misc.Unsafe@63f2a26d
      SIZECTL = 20
      TRANSFERINDEX = 32
      BASECOUNT = 24
      CELLSBUSY = 36
      CELLVALUE = 144
      ABASE = 16
      ASHIFT = 2
      keySet = null
      values = null
    hexDigit = {0123456789ABCDEF} /* array length = 16 */
    table = null
    count = 0
    threshold = 0
    loadFactor = 0.0
    modCount = 0
    serialVersionUID = 1421746759512286392
    MAX_ARRAY_SIZE = 2147483639
    keySet = null
    entrySet = null
    values = null
    KEYS = 0
    VALUES = 1
    ENTRIES = 2
  ivJtaDataSourceJNDIName = "jdbc/TradeDataSource"
  ivNonJtaDataSourceJNDIName = null
  ivPUnitRootURL = class java.net.URL@389a5df7
    BUILTIN_HANDLERS_PREFIX = "sun.net.www.protocol"
    serialVersionUID = -7627629688361524110
    protocolPathProp = "java.protocol.handler.pkgs"
    protocol = "wsjpa"
    host = ""
    port = -1
    file = "wsjar:file:/C:/Users/glenn/Documents/Kubernetes/Development/sample.daytrader7-master/daytrader-ee7-wlpcfg/servers/daytrader7Sample/workarea/org.eclipse.osgi/58/data/cache/com.ibm.ws.app.manager_46/.cache/daytrader-ee7-ejb.jar%21/"
    query = null
    authority = null
    path = "wsjar:file:/C:/Users/glenn/Documents/Kubernetes/Development/sample.daytrader7-master/daytrader-ee7-wlpcfg/servers/daytrader7Sample/workarea/org.eclipse.osgi/58/data/cache/com.ibm.ws.app.manager_46/.cache/daytrader-ee7-ejb.jar%21/"
    userInfo = null
    ref = null
    hostAddress = null
    handler = class org.eclipse.osgi.internal.url.URLStreamHandlerProxy@2d23ad75
      realHandlerService = class com.ibm.ws.jpa.container.osgi.internal.url.JPAURLStreamHandler@552887cd
      urlSetter = class org.eclipse.osgi.internal.url.URLStreamHandlerSetter@72266b72
      urlStreamHandlerServiceTracker = class org.osgi.util.tracker.ServiceTracker@4c90c6b0
      context = class org.eclipse.osgi.internal.framework.BundleContextImpl@491b9b8
      urlStreamServiceReference = class org.eclipse.osgi.internal.serviceregistry.ServiceReferenceImpl@67ca0942
      protocol = "wsjpa"
      ranking = 0
    hashCode = -1
    tempState = null
    factory = class org.eclipse.osgi.internal.url.URLStreamHandlerFactoryImpl@2b5494c6
      URLSTREAMHANDLERCLASS = "org.osgi.service.url.URLStreamHandlerService"
      PROTOCOL_HANDLER_PKGS = "java.protocol.handler.pkgs"
      PROTOCOL_REFERENCE = "reference"
      secureAction = class org.eclipse.osgi.framework.util.SecureAction@ed971ee
      handlerTracker = class org.osgi.util.tracker.ServiceTracker@10bfe12c
      ignoredClasses = class java.util.Arrays$ArrayList@3413814e
      proxies = class java.util.Hashtable@4204bc6b
      parentFactory = null
      creatingProtocols = class java.lang.ThreadLocal@797e3c4
      setAccessible = class java.net.SetAccessible/1885922916@68cec49b
      container = class org.eclipse.osgi.internal.framework.EquinoxContainer@40ff213d
      context = class org.eclipse.osgi.internal.framework.BundleContextImpl@491b9b8
      factories = null
      internalSecurityManager = class org.eclipse.osgi.internal.url.MultiplexingFactory$InternalSecurityManager@277f2aad
    defaultFactory = class java.net.URL$DefaultFactory@6d7195a3
      PREFIX = "sun.net.www.protocol"
    gate = class java.lang.ThreadLocal@37ba96ce
      threadLocalHashCode = 1640531527
      nextHashCode = class java.util.concurrent.atomic.AtomicInteger@604a0330
      HASH_INCREMENT = 1640531527
    handlers = class java.util.Hashtable@7c2cd49
      table = class java.util.Hashtable$Entry[11]
      count = 8
      threshold = 8
      loadFactor = 0.75
      modCount = 12
      serialVersionUID = 1421746759512286392
      MAX_ARRAY_SIZE = 2147483639
      keySet = null
      entrySet = null
      values = null
      KEYS = 0
      VALUES = 1
      ENTRIES = 2
    streamHandlerLock = class java.lang.Object@8bf8bd3
    serialPersistentFields = class java.io.ObjectStreamField[7]
      ObjectStreamField[0] = class java.io.ObjectStreamField@3e98a21e
      ObjectStreamField[1] = class java.io.ObjectStreamField@17e60762
      ObjectStreamField[2] = class java.io.ObjectStreamField@41f9014c
      ObjectStreamField[3] = class java.io.ObjectStreamField@ae82769
      ObjectStreamField[4] = class java.io.ObjectStreamField@719bec78
      ObjectStreamField[5] = class java.io.ObjectStreamField@56e1283e
      ObjectStreamField[6] = class java.io.ObjectStreamField@5f1ba0cf
  ivClassLoader = class com.ibm.ws.classloading.internal.AppClassLoader@50377a4d
    tc = class com.ibm.websphere.ras.TraceComponent@69ea2c4c
      strings[0] = "TraceComponent[com.ibm.ws.classloading.internal.AppClassLoader,class com.ibm.ws.classloading.internal.AppClassLoader,[ClassLoadingService],com.ibm.ws.classloading.internal.resources.ClassLoadingServiceMessages,null]"
    PARENT_FIRST_SEARCH_ORDER = class java.util.Collections$UnmodifiableRandomAccessList@39e028c9
      serialVersionUID = -2542308836966382001
      serialVersionUID = -283967356065247728
      list = class java.util.Arrays$ArrayList@9fded82
      serialVersionUID = 1820017752578914078
      c = class java.util.Arrays$ArrayList@9fded82
    CLASS_LOADING_TRACE_PREFIX = "com.ibm.ws.class.load."
    DEFAULT_PACKAGE = "default.package"
    perPackageClassLoadingTraceComponents = class java.util.concurrent.ConcurrentHashMap@3546f383
      serialVersionUID = 7249069246763182397
      MAXIMUM_CAPACITY = 1073741824
      DEFAULT_CAPACITY = 16
      MAX_ARRAY_SIZE = 2147483639
      DEFAULT_CONCURRENCY_LEVEL = 16
      LOAD_FACTOR = 0.75
      TREEIFY_THRESHOLD = 8
      UNTREEIFY_THRESHOLD = 6
      MIN_TREEIFY_CAPACITY = 64
      MIN_TRANSFER_STRIDE = 16
      RESIZE_STAMP_BITS = 16
      MAX_RESIZERS = 65535
      RESIZE_STAMP_SHIFT = 16
      MOVED = -1
      TREEBIN = -2
      RESERVED = -3
      HASH_BITS = 2147483647
      NCPU = 4
      serialPersistentFields = class java.io.ObjectStreamField[3]
      table = null
      nextTable = null
      baseCount = 0
      sizeCtl = 0
      transferIndex = 0
      cellsBusy = 0
      counterCells = null
      keySet = null
      values = null
      entrySet = null
      U = class jdk.internal.misc.Unsafe@63f2a26d
      SIZECTL = 20
      TRANSFERINDEX = 32
      BASECOUNT = 24
      CELLSBUSY = 36
      CELLVALUE = 144
      ABASE = 16
      ASHIFT = 2
      keySet = null
      values = null
    config = class com.ibm.ws.classloading.internal.ClassLoaderConfigurationImpl@75a6e3cf
      DEFAULT_PROTECTION_DOMAIN = class java.security.ProtectionDomain@1403072a
      delegateLast = false
      includeAppExtensions = false
      id = class com.ibm.ws.classloading.serializable.ClassLoaderIdentityImpl@3a55d1fe
      parentId = null
      sharedLibraries = class java.util.ArrayList@652abe52
      commonLibraries = class java.util.Collections$EmptyList@313d6cc
      providers = class java.util.Collections$EmptyList@313d6cc
      nativeLibraryContainers = class java.util.ArrayList@673577e0
      protectionDomain = class java.security.ProtectionDomain@6b03167b
      serialVersionUID = 9091690180200375339
      $$$tc$$$ = class com.ibm.websphere.ras.TraceComponent@5b3397ed
    privateLibraries = null
    delegateLoaders = class com.ibm.ws.classloading.internal.util.CompositeIterable@2957c305
      iterables = class java.util.Arrays$ArrayList@578f9fc7
      serialVersionUID = -1227195994638150837
      $$$tc$$$ = class com.ibm.websphere.ras.TraceComponent@25941a57
    nativeLibraryFiles = class java.util.ArrayList@11491086
      serialVersionUID = 8683452581122892189
      DEFAULT_CAPACITY = 10
      EMPTY_ELEMENTDATA = class java.lang.Object[0]
      DEFAULTCAPACITY_EMPTY_ELEMENTDATA = class java.lang.Object[0]
      elementData = class java.lang.Object[0]
      size = 0
      MAX_ARRAY_SIZE = 2147483639
      modCount = 0
      MAX_ARRAY_SIZE = 2147483639
    transformers = class java.util.ArrayList@139123c7
      serialVersionUID = 8683452581122892189
      DEFAULT_CAPACITY = 10
      EMPTY_ELEMENTDATA = class java.lang.Object[0]
      DEFAULTCAPACITY_EMPTY_ELEMENTDATA = class java.lang.Object[0]
      elementData = class java.lang.Object[10]
      size = 1
      MAX_ARRAY_SIZE = 2147483639
      modCount = 1
      MAX_ARRAY_SIZE = 2147483639
    apiAccess = class com.ibm.ws.classloading.internal.GatewayClassLoader@7abda9cd
      config = class com.ibm.ws.classloading.internal.GatewayConfigurationImpl@7fcde0c4
      wiringMonitor = class com.ibm.ws.classloading.internal.GatewayClassLoader$1@4f251941
      bundle = class org.eclipse.osgi.internal.framework.EquinoxBundle@78cf9d48
      wiring = class org.eclipse.osgi.container.ModuleWiring@363ed32
      bundleLoader = class org.eclipse.osgi.internal.loader.EquinoxClassLoader@70a083eb
      resourceProviders = class com.ibm.ws.classloading.internal.CompositeResourceProvider@607b96fb
      serialVersionUID = -4256474098847905153
      $$$tc$$$ = class com.ibm.websphere.ras.TraceComponent@1ef478c4
      parent = class jdk.internal.loader.ClassLoaders$AppClassLoader@7591083d
      name = null
      unnamedModule = class java.lang.Module@7f374a4
      parallelLockMap = null
      package2certs = class java.util.Hashtable@1b651315
      nocerts = class java.security.cert.Certificate[0]
      classes = class java.util.Vector@6f2e7449
      defaultDomain = class java.security.ProtectionDomain@53deeb19
      packages = class java.util.concurrent.ConcurrentHashMap@4f94f392
      scl = class jdk.internal.loader.ClassLoaders$AppClassLoader@7591083d
      usr_paths = class java.lang.String[35]
      sys_paths = class java.lang.String[1]
      loadedLibraryNames = class java.util.HashSet@114b9353
      systemNativeLibraries = class java.util.concurrent.ConcurrentHashMap@3cba1bc0
      nativeLibraries = null
      assertionLock = class com.ibm.ws.classloading.internal.GatewayClassLoader@7abda9cd
      defaultAssertionStatus = false
      packageAssertionStatus = null
      classAssertionStatus = null
      classLoaderValueMap = null
      $assertionsDisabled = true
    generator = class com.ibm.ws.classloading.internal.ClassGeneratorManager@516b02e1
      tc = class com.ibm.websphere.ras.TraceComponent@7b0bca0e
      generatorRefs = class com.ibm.wsspi.kernel.service.utils.ConcurrentServiceReferenceSet@73178680
      serialVersionUID = 4152663586056483310
    protectionDomains = class java.util.concurrent.ConcurrentHashMap@4633ac22
      serialVersionUID = 7249069246763182397
      MAXIMUM_CAPACITY = 1073741824
      DEFAULT_CAPACITY = 16
      MAX_ARRAY_SIZE = 2147483639
      DEFAULT_CONCURRENCY_LEVEL = 16
      LOAD_FACTOR = 0.75
      TREEIFY_THRESHOLD = 8
      UNTREEIFY_THRESHOLD = 6
      MIN_TREEIFY_CAPACITY = 64
      MIN_TRANSFER_STRIDE = 16
      RESIZE_STAMP_BITS = 16
      MAX_RESIZERS = 65535
      RESIZE_STAMP_SHIFT = 16
      MOVED = -1
      TREEBIN = -2
      RESERVED = -3
      HASH_BITS = 2147483647
      NCPU = 4
      serialPersistentFields = class java.io.ObjectStreamField[3]
      table = null
      nextTable = null
      baseCount = 0
      sizeCtl = 0
      transferIndex = 0
      cellsBusy = 0
      counterCells = null
      keySet = null
      values = null
      entrySet = null
      U = class jdk.internal.misc.Unsafe@63f2a26d
      SIZECTL = 20
      TRANSFERINDEX = 32
      BASECOUNT = 24
      CELLSBUSY = 36
      CELLVALUE = 144
      ABASE = 16
      ASHIFT = 2
      keySet = null
      values = null
    parent = class com.ibm.ws.classloading.internal.GatewayClassLoader@7abda9cd
    serialVersionUID = 952643806680066297
    tc = class com.ibm.websphere.ras.TraceComponent@5b1dcc1b
      strings[0] = "TraceComponent[com.ibm.ws.classloading.internal.ContainerClassLoader,class com.ibm.ws.classloading.internal.ContainerClassLoader,[ClassLoadingService],com.ibm.ws.classloading.internal.resources.ClassLoadingServiceMessages,null]"
    EMPTY_URL_ARRAY = class java.net.URL[0]
    smartClassPath = class com.ibm.ws.classloading.internal.ContainerClassLoader$SmartClassPathImpl@1fa74942
      rwLock = class java.util.concurrent.locks.ReentrantReadWriteLock@7d9e81c1
      outstandingContainers = class java.util.concurrent.atomic.AtomicInteger@4aa91729
      usePackageMap = true
      maxLastNotFound = 250
      maxLastFound = 900
      maxLastReallyNotFound = 900
      propsInUse = false
      classPath = class java.util.concurrent.CopyOnWriteArrayList@539903c1
      MAX_LASTNOTFOUND = 250
      lastNotFound = class java.util.concurrent.CopyOnWriteArrayList@6f72e2c7
      MAX_LASTFOUND = 900
      lastFoundURL = class java.util.Collections$SynchronizedMap@666bf661
      MAX_LASTREALLYNOTFOUND = 900
      lastReallyNotFoundURL = class java.util.Collections$SynchronizedMap@64f9a5da
      packageMap = class java.util.HashMap@7f65258f
      containers = class java.util.Collections$SetFromMap@7f9947e
      serialVersionUID = -1017399707774944722
      $$$tc$$$ = class com.ibm.websphere.ras.TraceComponent@5b779bb6
    nativeLibraryContainers = class java.util.ArrayList@5b2de6a
      serialVersionUID = 8683452581122892189
      DEFAULT_CAPACITY = 10
      EMPTY_ELEMENTDATA = class java.lang.Object[0]
      DEFAULTCAPACITY_EMPTY_ELEMENTDATA = class java.lang.Object[0]
      elementData = class java.lang.Object[0]
      size = 0
      MAX_ARRAY_SIZE = 2147483639
      modCount = 0
      MAX_ARRAY_SIZE = 2147483639
    redefiner = class com.ibm.ws.classloading.internal.util.ClassRedefiner@cc7b837
      tc = class com.ibm.websphere.ras.TraceComponent@3ac3db4a
      LS = "
"
      inst = class com.ibm.ws.kernel.launch.internal.TraceInstrumentation@7c5aacce
      serialVersionUID = 2420101865139508526
    mapCreationQueue = class java.util.concurrent.Executors$FinalizableDelegatedExecutorService@574e4731
      e = class java.util.concurrent.ThreadPoolExecutor@32f839c9
      $assertionsDisabled = true
    serialVersionUID = 7249739282446266343
    serialVersionUID = -7411549862368381758
    $$$tc$$$ = class com.ibm.websphere.ras.TraceComponent@4fb965f
      strings[0] = "TraceComponent[com.ibm.ws.classloading.internal.IdentifiedLoader,class com.ibm.ws.classloading.internal.IdentifiedLoader,[ClassLoadingService],com.ibm.ws.classloading.internal.resources.ClassLoadingServiceMessages,null]"
    serialVersionUID = -4868702105808481416
    $$$tc$$$ = class com.ibm.websphere.ras.TraceComponent@287b786f
      strings[0] = "TraceComponent[com.ibm.ws.classloading.internal.LibertyLoader,class com.ibm.ws.classloading.internal.LibertyLoader,[ClassLoadingService],com.ibm.ws.classloading.internal.resources.ClassLoadingServiceMessages,null]"
    serialVersionUID = 2596921220292114344
    $$$tc$$$ = class com.ibm.websphere.ras.TraceComponent@70703df8
      strings[0] = "TraceComponent[com.ibm.ws.classloading.LibertyClassLoader,class com.ibm.ws.classloading.LibertyClassLoader,[ClassLoadingService],com.ibm.ws.classloading.internal.resources.ClassLoadingServiceMessages,null]"
    initialized = true
    pdcache = class java.util.concurrent.ConcurrentHashMap@7286f9c3
      serialVersionUID = 7249069246763182397
      MAXIMUM_CAPACITY = 1073741824
      DEFAULT_CAPACITY = 16
      MAX_ARRAY_SIZE = 2147483639
      DEFAULT_CONCURRENCY_LEVEL = 16
      LOAD_FACTOR = 0.75
      TREEIFY_THRESHOLD = 8
      UNTREEIFY_THRESHOLD = 6
      MIN_TREEIFY_CAPACITY = 64
      MIN_TRANSFER_STRIDE = 16
      RESIZE_STAMP_BITS = 16
      MAX_RESIZERS = 65535
      RESIZE_STAMP_SHIFT = 16
      MOVED = -1
      TREEBIN = -2
      RESERVED = -3
      HASH_BITS = 2147483647
      NCPU = 4
      serialPersistentFields = class java.io.ObjectStreamField[3]
      table = null
      nextTable = null
      baseCount = 0
      sizeCtl = 32
      transferIndex = 0
      cellsBusy = 0
      counterCells = null
      keySet = null
      values = null
      entrySet = null
      U = class jdk.internal.misc.Unsafe@63f2a26d
      SIZECTL = 20
      TRANSFERINDEX = 32
      BASECOUNT = 24
      CELLSBUSY = 36
      CELLVALUE = 144
      ABASE = 16
      ASHIFT = 2
      keySet = null
      values = null
    parent = class com.ibm.ws.classloading.internal.GatewayClassLoader@7abda9cd
    name = null
    unnamedModule = class java.lang.Module@61d43877
      layer = null
      name = null
      loader = class com.ibm.ws.classloading.internal.AppClassLoader@50377a4d
      descriptor = null
      ALL_UNNAMED_MODULE = class java.lang.Module@7382f612
      ALL_UNNAMED_MODULE_SET = class java.util.ImmutableCollections$Set1@23fffeb9
      EVERYONE_MODULE = class java.lang.Module@497470ed
      EVERYONE_SET = class java.util.ImmutableCollections$Set1@404c2cb2
      reads = null
      openPackages = null
      exportedPackages = null
      moduleInfoClass = null
      $assertionsDisabled = true
    parallelLockMap = null
    package2certs = class java.util.Hashtable@5063327a
      table = class java.util.Hashtable$Entry[11]
      count = 0
      threshold = 8
      loadFactor = 0.75
      modCount = 0
      serialVersionUID = 1421746759512286392
      MAX_ARRAY_SIZE = 2147483639
      keySet = null
      entrySet = null
      values = null
      KEYS = 0
      VALUES = 1
      ENTRIES = 2
    nocerts = class java.security.cert.Certificate[0]
    classes = class java.util.Vector@75319088
      elementData = class java.lang.Object[10]
      elementCount = 0
      capacityIncrement = 0
      serialVersionUID = -2767605614048989439
      MAX_ARRAY_SIZE = 2147483639
      modCount = 0
      MAX_ARRAY_SIZE = 2147483639
    defaultDomain = class java.security.ProtectionDomain@303c270c
      filePermCompatInPD = false
      codesource = class java.security.CodeSource@589b57cc
      classloader = class com.ibm.ws.classloading.internal.AppClassLoader@50377a4d
      principals = interface java.security.Principal[0]
      permissions = null
      hasAllPerm = false
      staticPermissions = false
      key = class java.security.ProtectionDomain$Key@3c137745
    packages = class java.util.concurrent.ConcurrentHashMap@70eba6fc
      serialVersionUID = 7249069246763182397
      MAXIMUM_CAPACITY = 1073741824
      DEFAULT_CAPACITY = 16
      MAX_ARRAY_SIZE = 2147483639
      DEFAULT_CONCURRENCY_LEVEL = 16
      LOAD_FACTOR = 0.75
      TREEIFY_THRESHOLD = 8
      UNTREEIFY_THRESHOLD = 6
      MIN_TREEIFY_CAPACITY = 64
      MIN_TRANSFER_STRIDE = 16
      RESIZE_STAMP_BITS = 16
      MAX_RESIZERS = 65535
      RESIZE_STAMP_SHIFT = 16
      MOVED = -1
      TREEBIN = -2
      RESERVED = -3
      HASH_BITS = 2147483647
      NCPU = 4
      serialPersistentFields = class java.io.ObjectStreamField[3]
      table = null
      nextTable = null
      baseCount = 0
      sizeCtl = 0
      transferIndex = 0
      cellsBusy = 0
      counterCells = null
      keySet = null
      values = null
      entrySet = null
      U = class jdk.internal.misc.Unsafe@63f2a26d
      SIZECTL = 20
      TRANSFERINDEX = 32
      BASECOUNT = 24
      CELLSBUSY = 36
      CELLVALUE = 144
      ABASE = 16
      ASHIFT = 2
      keySet = null
      values = null
    scl = class jdk.internal.loader.ClassLoaders$AppClassLoader@7591083d
      Failed to resolve fields for jdk.internal.loader.ClassLoaders$AppClassLoader = "java.lang.reflect.InaccessibleObjectException: Unable to make field final jdk.internal.loader.URLClassPath jdk.internal.loader.ClassLoaders$AppClassLoader.ucp accessible: module java.base does not "opens jdk.internal.loader" to unnamed module @12d3a4e9
	at java.base/java.lang.reflect.AccessibleObject.checkCanSetAccessible(AccessibleObject.java:337)
	at java.base/java.lang.reflect.AccessibleObject.checkCanSetAccessible(AccessibleObject.java:281)
	at java.base/java.lang.reflect.Field.checkCanSetAccessible(Field.java:176)
	at java.base/java.lang.reflect.AccessibleObject.setAccessible(AccessibleObject.java:124)
	at com.ibm.ws.logging.internal.impl.IntrospectionLevelMember$2.run(IntrospectionLevelMember.java:316)
	at com.ibm.ws.logging.internal.impl.IntrospectionLevelMember$2.run(IntrospectionLevelMember.java:310)
	at java.base/java.security.AccessController.doPrivileged(Native Method)
	at com.ibm.ws.logging.internal.impl.IntrospectionLevelMember.getFields(IntrospectionLevelMember.java:310)
	at com.ibm.ws.logging.internal.impl.IntrospectionLevelMember.introspectViaReflection(IntrospectionLevelMember.java:199)
	at com.ibm.ws.logging.internal.impl.IntrospectionLevelMember.getChildren(IntrospectionLevelMember.java:163)
	at com.ibm.ws.logging.internal.impl.IntrospectionLevel.getNextLevel(IntrospectionLevel.java:100)
	at com.ibm.ws.logging.internal.impl.IncidentStreamImpl.introspect(IncidentStreamImpl.java:437)
	at com.ibm.ws.logging.internal.impl.IncidentStreamImpl.introspectAndWrite(IncidentStreamImpl.java:129)
	at com.ibm.ws.logging.internal.impl.IncidentStreamImpl.introspectAndWriteLine(IncidentStreamImpl.java:164)
	at com.ibm.ws.logging.internal.impl.IncidentLogger.logIncident(IncidentLogger.java:97)
	at com.ibm.ws.logging.internal.impl.IncidentLogger.logIncident(IncidentLogger.java:35)
	at com.ibm.ws.logging.internal.impl.IncidentImpl.log(IncidentImpl.java:249)
	at com.ibm.ws.logging.internal.impl.BaseFFDCService.log(BaseFFDCService.java:239)
	at com.ibm.ws.logging.internal.impl.BaseFFDCService.processException(BaseFFDCService.java:180)
	at com.ibm.ws.ffdc.FFDCFilter.processException(FFDCFilter.java:60)
	at com.ibm.ws.jpa.management.JPAPUnitInfo.createEMFactory(JPAPUnitInfo.java:932)
	at com.ibm.ws.jpa.management.JPAPUnitInfo.initialize(JPAPUnitInfo.java:762)
	at com.ibm.ws.jpa.management.JPAPxmlInfo.extractPersistenceUnits(JPAPxmlInfo.java:190)
	at com.ibm.ws.jpa.management.JPAScopeInfo.processPersistenceUnit(JPAScopeInfo.java:90)
	at com.ibm.ws.jpa.management.JPAApplInfo.addPersistenceUnits(JPAApplInfo.java:118)
	at com.ibm.ws.jpa.container.osgi.internal.JPAComponentImpl.processEJBModulePersistenceXml(JPAComponentImpl.java:527)
	at com.ibm.ws.jpa.container.osgi.internal.JPAComponentImpl.applicationStarting(JPAComponentImpl.java:264)
	at com.ibm.ws.container.service.state.internal.ApplicationStateManager.fireStarting(ApplicationStateManager.java:28)
	at com.ibm.ws.container.service.state.internal.StateChangeServiceImpl.fireApplicationStarting(StateChangeServiceImpl.java:50)
	at com.ibm.ws.app.manager.module.internal.DeployedAppInfoBase.preDeployApp(DeployedAppInfoBase.java:383)
	at com.ibm.ws.app.manager.module.internal.DeployedAppInfoBase.deployApp(DeployedAppInfoBase.java:412)
	at com.ibm.ws.app.manager.ear.internal.EARApplicationHandlerImpl.install(EARApplicationHandlerImpl.java:76)
	at com.ibm.ws.app.manager.internal.statemachine.StartAction.execute(StartAction.java:140)
	at com.ibm.ws.app.manager.internal.statemachine.ApplicationStateMachineImpl.enterState(ApplicationStateMachineImpl.java:1258)
	at com.ibm.ws.app.manager.internal.statemachine.ApplicationStateMachineImpl.run(ApplicationStateMachineImpl.java:873)
	at java.base/java.util.concurrent.ThreadPoolExecutor.runWorker(ThreadPoolExecutor.java:1135)
	at java.base/java.util.concurrent.ThreadPoolExecutor$Worker.run(ThreadPoolExecutor.java:635)
	at java.base/java.lang.Thread.run(Thread.java:844)
"
      Failed to resolve fields for jdk.internal.loader.BuiltinClassLoader = "java.lang.reflect.InaccessibleObjectException: Unable to make field private final jdk.internal.loader.BuiltinClassLoader jdk.internal.loader.BuiltinClassLoader.parent accessible: module java.base does not "opens jdk.internal.loader" to unnamed module @12d3a4e9
	at java.base/java.lang.reflect.AccessibleObject.checkCanSetAccessible(AccessibleObject.java:337)
	at java.base/java.lang.reflect.AccessibleObject.checkCanSetAccessible(AccessibleObject.java:281)
	at java.base/java.lang.reflect.Field.checkCanSetAccessible(Field.java:176)
	at java.base/java.lang.reflect.AccessibleObject.setAccessible(AccessibleObject.java:124)
	at com.ibm.ws.logging.internal.impl.IntrospectionLevelMember$2.run(IntrospectionLevelMember.java:316)
	at com.ibm.ws.logging.internal.impl.IntrospectionLevelMember$2.run(IntrospectionLevelMember.java:310)
	at java.base/java.security.AccessController.doPrivileged(Native Method)
	at com.ibm.ws.logging.internal.impl.IntrospectionLevelMember.getFields(IntrospectionLevelMember.java:310)
	at com.ibm.ws.logging.internal.impl.IntrospectionLevelMember.introspectViaReflection(IntrospectionLevelMember.java:199)
	at com.ibm.ws.logging.internal.impl.IntrospectionLevelMember.getChildren(IntrospectionLevelMember.java:163)
	at com.ibm.ws.logging.internal.impl.IntrospectionLevel.getNextLevel(IntrospectionLevel.java:100)
	at com.ibm.ws.logging.internal.impl.IncidentStreamImpl.introspect(IncidentStreamImpl.java:437)
	at com.ibm.ws.logging.internal.impl.IncidentStreamImpl.introspectAndWrite(IncidentStreamImpl.java:129)
	at com.ibm.ws.logging.internal.impl.IncidentStreamImpl.introspectAndWriteLine(IncidentStreamImpl.java:164)
	at com.ibm.ws.logging.internal.impl.IncidentLogger.logIncident(IncidentLogger.java:97)
	at com.ibm.ws.logging.internal.impl.IncidentLogger.logIncident(IncidentLogger.java:35)
	at com.ibm.ws.logging.internal.impl.IncidentImpl.log(IncidentImpl.java:249)
	at com.ibm.ws.logging.internal.impl.BaseFFDCService.log(BaseFFDCService.java:239)
	at com.ibm.ws.logging.internal.impl.BaseFFDCService.processException(BaseFFDCService.java:180)
	at com.ibm.ws.ffdc.FFDCFilter.processException(FFDCFilter.java:60)
	at com.ibm.ws.jpa.management.JPAPUnitInfo.createEMFactory(JPAPUnitInfo.java:932)
	at com.ibm.ws.jpa.management.JPAPUnitInfo.initialize(JPAPUnitInfo.java:762)
	at com.ibm.ws.jpa.management.JPAPxmlInfo.extractPersistenceUnits(JPAPxmlInfo.java:190)
	at com.ibm.ws.jpa.management.JPAScopeInfo.processPersistenceUnit(JPAScopeInfo.java:90)
	at com.ibm.ws.jpa.management.JPAApplInfo.addPersistenceUnits(JPAApplInfo.java:118)
	at com.ibm.ws.jpa.container.osgi.internal.JPAComponentImpl.processEJBModulePersistenceXml(JPAComponentImpl.java:527)
	at com.ibm.ws.jpa.container.osgi.internal.JPAComponentImpl.applicationStarting(JPAComponentImpl.java:264)
	at com.ibm.ws.container.service.state.internal.ApplicationStateManager.fireStarting(ApplicationStateManager.java:28)
	at com.ibm.ws.container.service.state.internal.StateChangeServiceImpl.fireApplicationStarting(StateChangeServiceImpl.java:50)
	at com.ibm.ws.app.manager.module.internal.DeployedAppInfoBase.preDeployApp(DeployedAppInfoBase.java:383)
	at com.ibm.ws.app.manager.module.internal.DeployedAppInfoBase.deployApp(DeployedAppInfoBase.java:412)
	at com.ibm.ws.app.manager.ear.internal.EARApplicationHandlerImpl.install(EARApplicationHandlerImpl.java:76)
	at com.ibm.ws.app.manager.internal.statemachine.StartAction.execute(StartAction.java:140)
	at com.ibm.ws.app.manager.internal.statemachine.ApplicationStateMachineImpl.enterState(ApplicationStateMachineImpl.java:1258)
	at com.ibm.ws.app.manager.internal.statemachine.ApplicationStateMachineImpl.run(ApplicationStateMachineImpl.java:873)
	at java.base/java.util.concurrent.ThreadPoolExecutor.runWorker(ThreadPoolExecutor.java:1135)
	at java.base/java.util.concurrent.ThreadPoolExecutor$Worker.run(ThreadPoolExecutor.java:635)
	at java.base/java.lang.Thread.run(Thread.java:844)
"
      initialized = true
      pdcache = class java.util.concurrent.ConcurrentHashMap@5959d128
      parent = class jdk.internal.loader.ClassLoaders$PlatformClassLoader@3f2eb67c
      name = "app"
      unnamedModule = class java.lang.Module@369f73a2
      parallelLockMap = class java.util.concurrent.ConcurrentHashMap@20af54d1
      package2certs = class java.util.concurrent.ConcurrentHashMap@525563c3
      nocerts = class java.security.cert.Certificate[0]
      classes = class java.util.Vector@45122830
      defaultDomain = class java.security.ProtectionDomain@f45fbb8
      packages = class java.util.concurrent.ConcurrentHashMap@55962f5d
      scl = class jdk.internal.loader.ClassLoaders$AppClassLoader@7591083d
      usr_paths = class java.lang.String[35]
      sys_paths = class java.lang.String[1]
      loadedLibraryNames = class java.util.HashSet@114b9353
      systemNativeLibraries = class java.util.concurrent.ConcurrentHashMap@3cba1bc0
      nativeLibraries = null
      assertionLock = class java.lang.Object@2c240557
      defaultAssertionStatus = false
      packageAssertionStatus = null
      classAssertionStatus = null
      classLoaderValueMap = class java.util.concurrent.ConcurrentHashMap@7823fb4b
      $assertionsDisabled = true
    usr_paths = class java.lang.String[35]
      String[0] = "C:\Program Files\Java\jdk-10.0.1\bin"
      String[1] = "C:\WINDOWS\Sun\Java\bin"
      String[2] = "C:\WINDOWS\system32"
      String[3] = "C:\WINDOWS"
      String[4] = "C:\Program Files (x86)\Common Files\Oracle\Java\javapath"
      String[5] = "C:\ProgramData\Oracle\Java\javapath"
      String[6] = "C:\oraclexe\app\oracle\product\11.2.0\server\bin"
      String[7] = "C:\WINDOWS\system32"
      String[8] = "C:\WINDOWS"
      String[9] = "C:\WINDOWS\System32\Wbem"
      String[10] = "C:\WINDOWS\System32\WindowsPowerShell\v1.0\"
      String[11] = "C:\Users\glenn\.dnx\bin"
      String[12] = "C:\Program Files\Microsoft DNX\Dnvm\"
      String[13] = "C:\Program Files\Microsoft SQL Server\130\Tools\Binn\"
      String[14] = "C:\Program Files (x86)\IBM\Personal Communications\"
      String[15] = "C:\Program Files (x86)\IBM\Trace Facility\"
      String[16] = "C:\Program Files (x86)\Skype\Phone\"
      String[17] = "C:\Program Files\Git\cmd"
      String[18] = "C:\Program Files\PuTTY\"
      String[19] = "C:\Program Files (x86)\Microsoft SQL Server\130\Tools\Binn\"
      String[20] = "C:\Program Files (x86)\Microsoft SQL Server\130\DTS\Binn\"
      String[21] = "C:\Program Files\Microsoft SQL Server\130\DTS\Binn\"
      String[22] = "C:\Program Files\Microsoft SQL Server\Client SDK\ODBC\130\Tools\Binn\"
      String[23] = "C:\Program Files (x86)\Microsoft SQL Server\Client SDK\ODBC\130\Tools\Binn\"
      String[24] = "C:\Program Files (x86)\Microsoft SQL Server\140\Tools\Binn\"
      String[25] = "C:\Program Files (x86)\Microsoft SQL Server\140\DTS\Binn\"
      String[26] = "C:\Program Files (x86)\Microsoft SQL Server\140\Tools\Binn\ManagementStudio\"
      String[27] = "C:\Program Files (x86)\AOMEI Backupper"
      String[28] = "C:\WINDOWS\System32\OpenSSH\"
      String[29] = "C:\Users\glenn\AppData\Local\Microsoft\WindowsApps"
      String[30] = "C:\Program Files (x86)\Terraform\"
      String[31] = "M:\Program Files\Microsoft VS Code\bin"
      String[32] = "C:\apache-maven-3.5.3\bin"
      String[33] = "."
      String[34] = "."
    sys_paths = class java.lang.String[1]
      String[0] = "C:\Program Files\Java\jdk-10.0.1\bin"
    loadedLibraryNames = class java.util.HashSet@114b9353
      serialVersionUID = -5024744406713321676
      map = class java.util.HashMap@1fce6445
      PRESENT = class java.lang.Object@2c768263
      MAX_ARRAY_SIZE = 2147483639
    systemNativeLibraries = class java.util.concurrent.ConcurrentHashMap@3cba1bc0
      serialVersionUID = 7249069246763182397
      MAXIMUM_CAPACITY = 1073741824
      DEFAULT_CAPACITY = 16
      MAX_ARRAY_SIZE = 2147483639
      DEFAULT_CONCURRENCY_LEVEL = 16
      LOAD_FACTOR = 0.75
      TREEIFY_THRESHOLD = 8
      UNTREEIFY_THRESHOLD = 6
      MIN_TREEIFY_CAPACITY = 64
      MIN_TRANSFER_STRIDE = 16
      RESIZE_STAMP_BITS = 16
      MAX_RESIZERS = 65535
      RESIZE_STAMP_SHIFT = 16
      MOVED = -1
      TREEBIN = -2
      RESERVED = -3
      HASH_BITS = 2147483647
      NCPU = 4
      serialPersistentFields = class java.io.ObjectStreamField[3]
      table = class java.util.concurrent.ConcurrentHashMap$Node[16]
      nextTable = null
      baseCount = 7
      sizeCtl = 12
      transferIndex = 0
      cellsBusy = 0
      counterCells = null
      keySet = null
      values = class java.util.concurrent.ConcurrentHashMap$ValuesView@2c88c96f
      entrySet = null
      U = class jdk.internal.misc.Unsafe@63f2a26d
      SIZECTL = 20
      TRANSFERINDEX = 32
      BASECOUNT = 24
      CELLSBUSY = 36
      CELLVALUE = 144
      ABASE = 16
      ASHIFT = 2
      keySet = null
      values = null
    nativeLibraries = null
    assertionLock = class com.ibm.ws.classloading.internal.AppClassLoader@50377a4d
    defaultAssertionStatus = false
    packageAssertionStatus = null
    classAssertionStatus = null
    classLoaderValueMap = null
    $assertionsDisabled = true
  tempClassLoader = null
  ivTransformers = class java.util.concurrent.CopyOnWriteArrayList@7ad5ad03
    serialVersionUID = 8673264195747942595
    lock = class java.lang.Object@7f1e6690
    array = class java.lang.Object[0]
  xmlSchemaVersion = "2.1"
  ivCaching = class javax.persistence.SharedCacheMode@24d74e3a
    ALL = class javax.persistence.SharedCacheMode@a6d3ce2
      ALL = class javax.persistence.SharedCacheMode@a6d3ce2
      NONE = class javax.persistence.SharedCacheMode@24d74e3a
      ENABLE_SELECTIVE = class javax.persistence.SharedCacheMode@1b541063
      DISABLE_SELECTIVE = class javax.persistence.SharedCacheMode@6f41f1c9
      UNSPECIFIED = class javax.persistence.SharedCacheMode@10e3aa40
      ENUM$VALUES = class javax.persistence.SharedCacheMode[5]
      name = "ALL"
      ordinal = 0
    NONE = class javax.persistence.SharedCacheMode@24d74e3a
    ENABLE_SELECTIVE = class javax.persistence.SharedCacheMode@1b541063
      ALL = class javax.persistence.SharedCacheMode@a6d3ce2
      NONE = class javax.persistence.SharedCacheMode@24d74e3a
      ENABLE_SELECTIVE = class javax.persistence.SharedCacheMode@1b541063
      DISABLE_SELECTIVE = class javax.persistence.SharedCacheMode@6f41f1c9
      UNSPECIFIED = class javax.persistence.SharedCacheMode@10e3aa40
      ENUM$VALUES = class javax.persistence.SharedCacheMode[5]
      name = "ENABLE_SELECTIVE"
      ordinal = 2
    DISABLE_SELECTIVE = class javax.persistence.SharedCacheMode@6f41f1c9
      ALL = class javax.persistence.SharedCacheMode@a6d3ce2
      NONE = class javax.persistence.SharedCacheMode@24d74e3a
      ENABLE_SELECTIVE = class javax.persistence.SharedCacheMode@1b541063
      DISABLE_SELECTIVE = class javax.persistence.SharedCacheMode@6f41f1c9
      UNSPECIFIED = class javax.persistence.SharedCacheMode@10e3aa40
      ENUM$VALUES = class javax.persistence.SharedCacheMode[5]
      name = "DISABLE_SELECTIVE"
      ordinal = 3
    UNSPECIFIED = class javax.persistence.SharedCacheMode@10e3aa40
      ALL = class javax.persistence.SharedCacheMode@a6d3ce2
      NONE = class javax.persistence.SharedCacheMode@24d74e3a
      ENABLE_SELECTIVE = class javax.persistence.SharedCacheMode@1b541063
      DISABLE_SELECTIVE = class javax.persistence.SharedCacheMode@6f41f1c9
      UNSPECIFIED = class javax.persistence.SharedCacheMode@10e3aa40
      ENUM$VALUES = class javax.persistence.SharedCacheMode[5]
      name = "UNSPECIFIED"
      ordinal = 4
    ENUM$VALUES = class javax.persistence.SharedCacheMode[5]
      SharedCacheMode[0] = class javax.persistence.SharedCacheMode@a6d3ce2
      SharedCacheMode[1] = class javax.persistence.SharedCacheMode@24d74e3a
      SharedCacheMode[2] = class javax.persistence.SharedCacheMode@1b541063
      SharedCacheMode[3] = class javax.persistence.SharedCacheMode@6f41f1c9
      SharedCacheMode[4] = class javax.persistence.SharedCacheMode@10e3aa40
    name = "NONE"
    ordinal = 1
  ivValidationMode = null
  ivEMFactory = null
  ivEMFactoryException = null
  ivCreateEMFAllowed = true
  ivEMFMap = null
  ivEMPoolMap = class java.util.HashMap@6f30ea89
    serialVersionUID = 362498820763181265
    DEFAULT_INITIAL_CAPACITY = 16
    MAXIMUM_CAPACITY = 1073741824
    DEFAULT_LOAD_FACTOR = 0.75
    TREEIFY_THRESHOLD = 8
    UNTREEIFY_THRESHOLD = 6
    MIN_TREEIFY_CAPACITY = 64
    table = null
    entrySet = null
    size = 0
    modCount = 0
    threshold = 0
    loadFactor = 0.75
    keySet = null
    values = null
  ivEMPoolCapacity = -1
  transformExclusionRegEx = class java.lang.String[2]
    String[0] = ".*_(Stub|Tie)$"
    String[1] = ".*_(\p{XDigit}){8}$"
  transformExclusionPatterns = class java.util.regex.Pattern[2]
    Pattern[0] = class java.util.regex.Pattern@6be3edc2
      UNIX_LINES = 1
      CASE_INSENSITIVE = 2
      COMMENTS = 4
      MULTILINE = 8
      LITERAL = 16
      DOTALL = 32
      UNICODE_CASE = 64
      CANON_EQ = 128
      UNICODE_CHARACTER_CLASS = 256
      ALL_FLAGS = 511
      serialVersionUID = 5073258162644648461
      pattern = ".*_(Stub|Tie)$"
      flags = 0
      compiled = true
      normalizedPattern = ".*_(Stub|Tie)$"
      root = class java.util.regex.Pattern$Start@4a707108
      matchRoot = class java.util.regex.Pattern$CharPropertyGreedy@2211f8d6
      buffer = null
      predicate = null
      namedGroups = null
      groupNodes = null
      topClosureNodes = null
      localTCNCount = 0
      hasGroupRef = false
      temp = null
      capturingGroupCount = 2
      localCount = 1
      cursor = 14
      patternLength = 0
      hasSupplementary = false
      MAX_REPS = 2147483647
      lookbehindEnd = class java.util.regex.Pattern$1@6244e5cc
      accept = class java.util.regex.Pattern$Node@4c0f534
      lastAccept = class java.util.regex.Pattern$LastNode@8db964
      $assertionsDisabled = true
    Pattern[1] = class java.util.regex.Pattern@7eb9f65
      UNIX_LINES = 1
      CASE_INSENSITIVE = 2
      COMMENTS = 4
      MULTILINE = 8
      LITERAL = 16
      DOTALL = 32
      UNICODE_CASE = 64
      CANON_EQ = 128
      UNICODE_CHARACTER_CLASS = 256
      ALL_FLAGS = 511
      serialVersionUID = 5073258162644648461
      pattern = ".*_(\p{XDigit}){8}$"
      flags = 0
      compiled = true
      normalizedPattern = ".*_(\p{XDigit}){8}$"
      root = class java.util.regex.Pattern$Start@3f276dcd
      matchRoot = class java.util.regex.Pattern$CharPropertyGreedy@9e59f4a
      buffer = null
      predicate = null
      namedGroups = null
      groupNodes = null
      topClosureNodes = null
      localTCNCount = 0
      hasGroupRef = false
      temp = null
      capturingGroupCount = 2
      localCount = 1
      cursor = 19
      patternLength = 0
      hasSupplementary = false
      MAX_REPS = 2147483647
      lookbehindEnd = class java.util.regex.Pattern$1@6244e5cc
      accept = class java.util.regex.Pattern$Node@4c0f534
      lastAccept = class java.util.regex.Pattern$LastNode@8db964
      $assertionsDisabled = true

