------Start of DE processing------ = [25/05/18 11:14:40:297 CEST]
Exception = com.ibm.wsspi.injectionengine.InjectionException
Source = com.ibm.ejs.container.ManagedBeanOBase.injectInstance
probeid = 134
Stack Dump = com.ibm.wsspi.injectionengine.InjectionException: CWNEN0030E: The server was unable to obtain an object instance for the java:comp/env/com.ibm.websphere.samples.daytrader.ejb3.MarketSummarySingleton/entityManager reference.  The exception message was: java.lang.NullPointerException
	at com.ibm.wsspi.injectionengine.InjectionBinding.getInjectionObject(InjectionBinding.java:1454)
	at com.ibm.wsspi.injectionengine.InjectionBinding.getInjectableObject(InjectionBinding.java:1368)
	at com.ibm.wsspi.injectionengine.InjectionTarget.inject(InjectionTarget.java:104)
	at com.ibm.ws.injectionengine.AbstractInjectionEngine.inject(AbstractInjectionEngine.java:851)
	at com.ibm.ejs.container.ManagedBeanOBase.injectInstance(ManagedBeanOBase.java:147)
	at com.ibm.ejs.container.SingletonBeanO.initialize(SingletonBeanO.java:301)
	at com.ibm.ejs.container.BeanOFactory.create(BeanOFactory.java:103)
	at com.ibm.ejs.container.EJSHome.createSingletonBeanO(EJSHome.java:3740)
	at com.ibm.ejs.container.EJSHome.createBeanO(EJSHome.java:936)
	at com.ibm.ejs.container.EJSHome.createBeanO(EJSHome.java:1077)
	at com.ibm.ejs.container.activator.UncachedActivationStrategy.atActivate(UncachedActivationStrategy.java:62)
	at com.ibm.ejs.container.activator.Activator.preInvokeActivateBean(Activator.java:263)
	at com.ibm.ejs.container.EJSContainer.preInvokeActivate(EJSContainer.java:3234)
	at com.ibm.ejs.container.EJSContainer.EjbPreInvoke(EJSContainer.java:2571)
	at com.ibm.ejs.container.TimedObjectWrapper.invokeCallback(TimedObjectWrapper.java:83)
	at com.ibm.ejs.container.TimerNpRunnable.doWork(TimerNpRunnable.java:195)
	at com.ibm.ejs.container.TimerNpRunnable.run(TimerNpRunnable.java:102)
	at java.base/java.util.concurrent.Executors$RunnableAdapter.call(Executors.java:514)
	at java.base/java.util.concurrent.FutureTask.run(FutureTask.java:264)
	at java.base/java.util.concurrent.ThreadPoolExecutor.runWorker(ThreadPoolExecutor.java:1135)
	at java.base/java.util.concurrent.ThreadPoolExecutor$Worker.run(ThreadPoolExecutor.java:635)
	at java.base/java.lang.Thread.run(Thread.java:844)
Caused by: java.lang.RuntimeException: java.lang.NullPointerException
	at com.ibm.ws.jpa.management.JPAPUnitInfo.getEntityManagerFactory(JPAPUnitInfo.java:804)
	at com.ibm.ws.jpa.management.JPAPUnitInfo.getEntityManagerPool(JPAPUnitInfo.java:994)
	at com.ibm.ws.jpa.management.JPATxEntityManager.<init>(JPATxEntityManager.java:147)
	at com.ibm.ws.jpa.container.v21.JPATxEntityManagerV21.<init>(JPATxEntityManagerV21.java:45)
	at com.ibm.ws.jpa.container.v21.internal.JPA21Runtime.createJPATxEntityManager(JPA21Runtime.java:71)
	at com.ibm.ws.jpa.management.AbstractJPAComponent.getEntityManager(AbstractJPAComponent.java:255)
	at com.ibm.ws.jpa.container.osgi.jndi.JPAJndiLookupObjectFactory.getObjectInstance(JPAJndiLookupObjectFactory.java:149)
	at com.ibm.wsspi.injectionengine.InjectionBinding.getInjectionObjectInstance(InjectionBinding.java:1552)
	at com.ibm.wsspi.injectionengine.InjectionBinding.getInjectionObject(InjectionBinding.java:1428)
	... 21 more
Caused by: java.lang.NullPointerException
	at org.eclipse.persistence.internal.jpa.EntityManagerSetupImpl.predeploy(EntityManagerSetupImpl.java:2062)
	at org.eclipse.persistence.jpa.PersistenceProvider.createContainerEntityManagerFactoryImpl(PersistenceProvider.java:334)
	at org.eclipse.persistence.jpa.PersistenceProvider.createContainerEntityManagerFactory(PersistenceProvider.java:305)
	at com.ibm.ws.jpa.management.JPAPUnitInfo.createEMFactory(JPAPUnitInfo.java:910)
	at com.ibm.ws.jpa.management.JPAPUnitInfo.initialize(JPAPUnitInfo.java:762)
	at com.ibm.ws.jpa.management.JPAPxmlInfo.extractPersistenceUnits(JPAPxmlInfo.java:190)
	at com.ibm.ws.jpa.management.JPAScopeInfo.processPersistenceUnit(JPAScopeInfo.java:90)
	at com.ibm.ws.jpa.management.JPAApplInfo.addPersistenceUnits(JPAApplInfo.java:118)
	at com.ibm.ws.jpa.container.osgi.internal.JPAComponentImpl.processEJBModulePersistenceXml(JPAComponentImpl.java:527)
	at com.ibm.ws.jpa.container.osgi.internal.JPAComponentImpl.applicationStarting(JPAComponentImpl.java:264)
	at com.ibm.ws.container.service.state.internal.ApplicationStateManager.fireStarting(ApplicationStateManager.java:28)
	at com.ibm.ws.container.service.state.internal.StateChangeServiceImpl.fireApplicationStarting(StateChangeServiceImpl.java:50)
	at com.ibm.ws.app.manager.module.internal.DeployedAppInfoBase.preDeployApp(DeployedAppInfoBase.java:383)
	at com.ibm.ws.app.manager.module.internal.DeployedAppInfoBase.deployApp(DeployedAppInfoBase.java:412)
	at com.ibm.ws.app.manager.ear.internal.EARApplicationHandlerImpl.install(EARApplicationHandlerImpl.java:76)
	at com.ibm.ws.app.manager.internal.statemachine.StartAction.execute(StartAction.java:140)
	at com.ibm.ws.app.manager.internal.statemachine.ApplicationStateMachineImpl.enterState(ApplicationStateMachineImpl.java:1258)
	at com.ibm.ws.app.manager.internal.statemachine.ApplicationStateMachineImpl.run(ApplicationStateMachineImpl.java:873)
	... 3 more

Dump of callerThis
Object type = com.ibm.ejs.container.SingletonBeanO
  CLASS_NAME = "com.ibm.ejs.container.SingletonBeanO"
  tc = class com.ibm.websphere.ras.TraceComponent@6dac1afc
    strings[0] = "TraceComponent[com.ibm.ejs.container.SingletonBeanO,class com.ibm.ejs.container.SingletonBeanO,[EJBContainer],com.ibm.ejs.container.container,null]"
  METHOD_READY = 3
  PRE_DESTROY = 4
  StateStrs = class java.lang.String[5]
    String[0] = "DESTROYED"
    String[1] = "PRE_CREATE"
    String[2] = "CREATING"
    String[3] = "METHOD_READY"
    String[4] = "PRE_DESTROY"
  ivContainerManagedConcurrency = true
  ivLock = class java.util.concurrent.locks.ReentrantReadWriteLock@57b651ec
    serialVersionUID = -6992448646407690164
    readerLock = class java.util.concurrent.locks.ReentrantReadWriteLock$ReadLock@23335b92
    writerLock = class java.util.concurrent.locks.ReentrantReadWriteLock$WriteLock@358b618b
    sync = class java.util.concurrent.locks.ReentrantReadWriteLock$NonfairSync@35a88bd6
  ivReadLock = class java.util.concurrent.locks.ReentrantReadWriteLock$ReadLock@23335b92
    serialVersionUID = -5992448646407690164
    sync = class java.util.concurrent.locks.ReentrantReadWriteLock$NonfairSync@35a88bd6
  ivWriteLock = class java.util.concurrent.locks.ReentrantReadWriteLock$WriteLock@358b618b
    serialVersionUID = -4992448646407690164
    sync = class java.util.concurrent.locks.ReentrantReadWriteLock$NonfairSync@35a88bd6
      serialVersionUID = -8159625535654395037
      serialVersionUID = 6317671515068378041
      SHARED_SHIFT = 16
      SHARED_UNIT = 65536
      MAX_COUNT = 65535
      EXCLUSIVE_MASK = 65535
      readHolds = class java.util.concurrent.locks.ReentrantReadWriteLock$Sync$ThreadLocalHoldCounter@331c4153
      cachedHoldCounter = null
      firstReader = null
      firstReaderHoldCount = 0
      serialVersionUID = 7373984972572414691
      head = null
      tail = null
      state = 0
      SPIN_FOR_TIMEOUT_THRESHOLD = 1000
      STATE = class java.lang.invoke.VarHandleInts$FieldInstanceReadWrite@60d268a9
      HEAD = class java.lang.invoke.VarHandleObjects$FieldInstanceReadWrite@7c7cdd5f
      TAIL = class java.lang.invoke.VarHandleObjects$FieldInstanceReadWrite@2434626b
      serialVersionUID = 3737899427754241961
      exclusiveOwnerThread = null
  ivBMT = false
  ivInGetTimers = class java.util.concurrent.atomic.AtomicInteger@71869832
    serialVersionUID = 6214790243416807050
    U = class jdk.internal.misc.Unsafe@4c9d1355
      Failed to resolve fields for jdk.internal.misc.Unsafe = "java.lang.reflect.InaccessibleObjectException: Unable to make field private static final jdk.internal.misc.Unsafe jdk.internal.misc.Unsafe.theUnsafe accessible: module java.base does not "opens jdk.internal.misc" to unnamed module @3c87521
	at java.base/java.lang.reflect.AccessibleObject.checkCanSetAccessible(AccessibleObject.java:337)
	at java.base/java.lang.reflect.AccessibleObject.checkCanSetAccessible(AccessibleObject.java:281)
	at java.base/java.lang.reflect.Field.checkCanSetAccessible(Field.java:176)
	at java.base/java.lang.reflect.AccessibleObject.setAccessible(AccessibleObject.java:124)
	at com.ibm.ws.logging.internal.impl.IntrospectionLevelMember$2.run(IntrospectionLevelMember.java:316)
	at com.ibm.ws.logging.internal.impl.IntrospectionLevelMember$2.run(IntrospectionLevelMember.java:310)
	at java.base/java.security.AccessController.doPrivileged(Native Method)
	at com.ibm.ws.logging.internal.impl.IntrospectionLevelMember.getFields(IntrospectionLevelMember.java:310)
	at com.ibm.ws.logging.internal.impl.IntrospectionLevelMember.introspectViaReflection(IntrospectionLevelMember.java:199)
	at com.ibm.ws.logging.internal.impl.IntrospectionLevelMember.getChildren(IntrospectionLevelMember.java:163)
	at com.ibm.ws.logging.internal.impl.IntrospectionLevel.getNextLevel(IntrospectionLevel.java:100)
	at com.ibm.ws.logging.internal.impl.IncidentStreamImpl.introspect(IncidentStreamImpl.java:437)
	at com.ibm.ws.logging.internal.impl.IncidentStreamImpl.introspectAndWrite(IncidentStreamImpl.java:129)
	at com.ibm.ws.logging.internal.impl.IncidentStreamImpl.introspectAndWriteLine(IncidentStreamImpl.java:164)
	at com.ibm.ws.logging.internal.impl.IncidentLogger.logIncident(IncidentLogger.java:97)
	at com.ibm.ws.logging.internal.impl.IncidentLogger.logIncident(IncidentLogger.java:35)
	at com.ibm.ws.logging.internal.impl.IncidentImpl.log(IncidentImpl.java:249)
	at com.ibm.ws.logging.internal.impl.BaseFFDCService.log(BaseFFDCService.java:239)
	at com.ibm.ws.logging.internal.impl.BaseFFDCService.processException(BaseFFDCService.java:180)
	at com.ibm.ws.ffdc.FFDCFilter.processException(FFDCFilter.java:60)
	at com.ibm.ejs.container.ManagedBeanOBase.injectInstance(ManagedBeanOBase.java:150)
	at com.ibm.ejs.container.SingletonBeanO.initialize(SingletonBeanO.java:301)
	at com.ibm.ejs.container.BeanOFactory.create(BeanOFactory.java:103)
	at com.ibm.ejs.container.EJSHome.createSingletonBeanO(EJSHome.java:3740)
	at com.ibm.ejs.container.EJSHome.createBeanO(EJSHome.java:936)
	at com.ibm.ejs.container.EJSHome.createBeanO(EJSHome.java:1077)
	at com.ibm.ejs.container.activator.UncachedActivationStrategy.atActivate(UncachedActivationStrategy.java:62)
	at com.ibm.ejs.container.activator.Activator.preInvokeActivateBean(Activator.java:263)
	at com.ibm.ejs.container.EJSContainer.preInvokeActivate(EJSContainer.java:3234)
	at com.ibm.ejs.container.EJSContainer.EjbPreInvoke(EJSContainer.java:2571)
	at com.ibm.ejs.container.TimedObjectWrapper.invokeCallback(TimedObjectWrapper.java:83)
	at com.ibm.ejs.container.TimerNpRunnable.doWork(TimerNpRunnable.java:195)
	at com.ibm.ejs.container.TimerNpRunnable.run(TimerNpRunnable.java:102)
	at java.base/java.util.concurrent.Executors$RunnableAdapter.call(Executors.java:514)
	at java.base/java.util.concurrent.FutureTask.run(FutureTask.java:264)
	at java.base/java.util.concurrent.ThreadPoolExecutor.runWorker(ThreadPoolExecutor.java:1135)
	at java.base/java.util.concurrent.ThreadPoolExecutor$Worker.run(ThreadPoolExecutor.java:635)
	at java.base/java.lang.Thread.run(Thread.java:844)
"
    VALUE = 12
    value = 0
    serialVersionUID = -8742448824652078965
  tc = class com.ibm.websphere.ras.TraceComponent@fc8928f
    strings[0] = "TraceComponent[com.ibm.ejs.container.SessionBeanO,class com.ibm.ejs.container.SessionBeanO,[EJBContainer],com.ibm.ejs.container.container,null]"
  CLASS_NAME = "com.ibm.ejs.container.SessionBeanO"
  DESTROYED = 0
  PRE_CREATE = 1
  CREATING = 2
  messageContextMethod = null
  sessionBean = null
  currentIsolationLevel = 0
  ivCallbackKind = class com.ibm.ws.ejbcontainer.CallbackKind@145a8edf
    None = class com.ibm.ws.ejbcontainer.CallbackKind@474c3daf
      None = class com.ibm.ws.ejbcontainer.CallbackKind@474c3daf
      SessionBean = class com.ibm.ws.ejbcontainer.CallbackKind@2255aea4
      MessageDrivenBean = class com.ibm.ws.ejbcontainer.CallbackKind@53527703
      InvocationContext = class com.ibm.ws.ejbcontainer.CallbackKind@145a8edf
      $VALUES = class com.ibm.ws.ejbcontainer.CallbackKind[4]
      name = "None"
      ordinal = 0
    SessionBean = class com.ibm.ws.ejbcontainer.CallbackKind@2255aea4
      None = class com.ibm.ws.ejbcontainer.CallbackKind@474c3daf
      SessionBean = class com.ibm.ws.ejbcontainer.CallbackKind@2255aea4
      MessageDrivenBean = class com.ibm.ws.ejbcontainer.CallbackKind@53527703
      InvocationContext = class com.ibm.ws.ejbcontainer.CallbackKind@145a8edf
      $VALUES = class com.ibm.ws.ejbcontainer.CallbackKind[4]
      name = "SessionBean"
      ordinal = 1
    MessageDrivenBean = class com.ibm.ws.ejbcontainer.CallbackKind@53527703
      None = class com.ibm.ws.ejbcontainer.CallbackKind@474c3daf
      SessionBean = class com.ibm.ws.ejbcontainer.CallbackKind@2255aea4
      MessageDrivenBean = class com.ibm.ws.ejbcontainer.CallbackKind@53527703
      InvocationContext = class com.ibm.ws.ejbcontainer.CallbackKind@145a8edf
      $VALUES = class com.ibm.ws.ejbcontainer.CallbackKind[4]
      name = "MessageDrivenBean"
      ordinal = 2
    InvocationContext = class com.ibm.ws.ejbcontainer.CallbackKind@145a8edf
    $VALUES = class com.ibm.ws.ejbcontainer.CallbackKind[4]
      CallbackKind[0] = class com.ibm.ws.ejbcontainer.CallbackKind@474c3daf
      CallbackKind[1] = class com.ibm.ws.ejbcontainer.CallbackKind@2255aea4
      CallbackKind[2] = class com.ibm.ws.ejbcontainer.CallbackKind@53527703
      CallbackKind[3] = class com.ibm.ws.ejbcontainer.CallbackKind@145a8edf
    name = "InvocationContext"
    ordinal = 3
  CLASS_NAME = "com.ibm.ejs.container.ManagedBeanOBase"
  tc = class com.ibm.websphere.ras.TraceComponent@21c39fc7
    strings[0] = "TraceComponent[com.ibm.ejs.container.ManagedBeanOBase,class com.ibm.ejs.container.ManagedBeanOBase,[EJBContainer],com.ibm.ejs.container.container,null]"
  ivEjbInstance = class com.ibm.websphere.samples.daytrader.ejb3.MarketSummarySingleton@7a7a847f
    marketSummaryDataBean = null
    entityManager = null
  ivEjbManagedObjectContext = class com.ibm.ws.cdi.impl.managedobject.CDIManagedObjectState@2d0ca80d
    serialVersionUID = 1
    _cc = class org.jboss.weld.context.CreationalContextImpl@18b4d113
      serialVersionUID = 7375854583908262422
      SERIALIZATION_PROXY = class org.jboss.weld.context.CreationalContextImpl$SerializationProxy@d9c0a14
      incompleteInstances = null
      contextual = class org.jboss.weld.bean.SessionBean@1fddd414
      dependentInstances = class java.util.Collections$SynchronizedRandomAccessList@5a7648e0
      parentDependentInstances = class java.util.Collections$SynchronizedRandomAccessList@14e03eb
      parentCreationalContext = null
      resourceReferences = null
      constructorInterceptionSuppressed = true
      aroundConstructCallbacks = class java.util.LinkedList@6c6f657c
      aroundConstructInterceptionContext = null
    $$$tc$$$ = class com.ibm.websphere.ras.TraceComponent@171f9ce4
      strings[0] = "TraceComponent[com.ibm.ws.cdi.impl.managedobject.CDIManagedObjectState,class com.ibm.ws.cdi.impl.managedobject.CDIManagedObjectState,[JCDI],com.ibm.ws.cdi.impl.resources.CDI,null]"
  ivManagedObject = class com.ibm.ws.cdi.impl.managedobject.CDIManagedObject@4365031e
    tc = class com.ibm.websphere.ras.TraceComponent@4fdf558b
      strings[0] = "TraceComponent[com.ibm.ws.cdi.impl.managedobject.CDIManagedObject,class com.ibm.ws.cdi.impl.managedobject.CDIManagedObject,[JCDI],com.ibm.ws.cdi.impl.resources.CDI,null]"
    managedObject = class com.ibm.websphere.samples.daytrader.ejb3.MarketSummarySingleton@7a7a847f
    creationalContext = class org.jboss.weld.context.CreationalContextImpl@18b4d113
    injectionTarget = class org.jboss.weld.injection.producer.ejb.SessionBeanInjectionTarget@4617befc
      bean = class org.jboss.weld.bean.SessionBean@1fddd414
      bean = class org.jboss.weld.bean.SessionBean@1fddd414
      beanManager = class org.jboss.weld.manager.BeanManagerImpl@49a0f82
      type = class org.jboss.weld.annotated.slim.backed.BackedAnnotatedType@1349cee8
      injectionPoints = class java.util.Collections$UnmodifiableSet@15204ae9
      instantiator = class org.jboss.weld.injection.producer.DefaultInstantiator@30639deb
      injector = class org.jboss.weld.injection.producer.DynamicInjectionPointInjector@6451627a
      invoker = class org.jboss.weld.injection.producer.DefaultLifecycleCallbackInvoker@39b2ce96
    lifecycleManaged = true
    beanScope = "javax.enterprise.context.Dependent"
    identity = "com.ibm.websphere.samples.daytrader.ejb3.MarketSummarySingleton@7a7a847f"
    serialVersionUID = -9126917678523682896
  ivInterceptors = class java.lang.Object[2]
    Object[0] = class com.ibm.ws.cdi.ejb.interceptor.WeldSessionBeanInterceptorWrapper@2637221c
      serialVersionUID = -4630548195644884051
      tc = class com.ibm.websphere.ras.TraceComponent@2242a428
      beanManagerImpl = null
      ejbContext = class com.ibm.ejs.container.SingletonBeanO@7d6d686f
      serialVersionUID = 7327757031821596782
      requestInitializedEvent = class org.jboss.weld.ejb.AbstractEJBRequestScopeActivationInterceptor$1@1de37191
      requestDestroyedEvent = class org.jboss.weld.ejb.AbstractEJBRequestScopeActivationInterceptor$2@75ba0b85
    Object[1] = class com.ibm.ws.cdi.ejb.impl.EJBCDIInterceptorWrapper@4eb94e7b
      tc = class com.ibm.websphere.ras.TraceComponent@14cf110e
      beanManager = class org.jboss.weld.bean.builtin.BeanManagerProxy@4f4c28c8
      activeInterceptors = class java.util.concurrent.ConcurrentHashMap@34d79f83
      serialVersionUID = -5367087917382782149
  CLASS_NAME = "com.ibm.ejs.container.BeanO"
  tc = class com.ibm.websphere.ras.TraceComponent@103cc658
    strings[0] = "TraceComponent[com.ibm.ejs.container.BeanO,class com.ibm.ejs.container.BeanO,[EJBContainer],com.ibm.ejs.container.container,null]"
  isZOS = false
  state = 1
  container = class com.ibm.ejs.container.EJSContainer@6599150d
  home = class com.ibm.ejs.container.SessionHome@59e0c8f2
    serialVersionUID = -5599958674558718699
    tc = class com.ibm.websphere.ras.TraceComponent@68471ea5
      strings[0] = "TraceComponent[com.ibm.ejs.container.EJSHome,class com.ibm.ejs.container.EJSHome,[EJBContainer],com.ibm.ejs.container.container,null]"
    CLASS_NAME = "com.ibm.ejs.container.EJSHome"
    ivCMDAccessor = class com.ibm.ws.threadContext.ComponentMetaDataAccessorImpl@3c0b08ea
      tc = class com.ibm.websphere.ras.TraceComponent@4f021954
      cmdai = class com.ibm.ws.threadContext.ComponentMetaDataAccessorImpl@3c0b08ea
      threadContext = class com.ibm.ws.threadContext.ThreadContextImpl@35d070c5
      defaultCMD = null
    beanOFactory = class com.ibm.ejs.container.SingletonBeanOFactory@6ca64cde
      tc = class com.ibm.websphere.ras.TraceComponent@1020c89a
    container = class com.ibm.ejs.container.EJSContainer@6599150d
    ivEntityHelper = null
    noLocalCopies = false
    allowPrimaryKeyMutation = false
    noPrimaryKeyMutation = false
    jndiName = null
    j2eeName = class com.ibm.ws.container.service.metadata.internal.J2EENameImpl@19e013f8
    statelessSessionHome = false
    statefulSessionHome = false
    messageDrivenHome = false
    ivSingletonSessionHome = true
    hashValue = -524745719
    ivHomeId = class com.ibm.ejs.container.BeanId@5c52efc9
      tc = class com.ibm.websphere.ras.TraceComponent@1d1d21c4
      CLASS_NAME = "com.ibm.ejs.container.BeanId"
      _isHome = true
      pkey = class com.ibm.ws.container.service.metadata.internal.J2EENameImpl@19e013f8
      j2eeName = class com.ibm.ws.container.service.metadata.internal.J2EENameImpl@204d9245
      byteArray = null
      home = class com.ibm.ejs.container.HomeOfHomes@18edd0d4
      activationStrategy = null
      hashValue = 13467550
      ivFailoverKey = null
      HOME_BEAN = 0
      STATELESS_BEAN = 1
      STATEFUL_BEAN = 2
      ENTITY_BEAN = 3
      MESSAGEDRIVEN_BEAN = 4
      SINGLETON_BEAN = 5
      USES_BEAN_MANAGED_TX = 16
      MODULE_VERSION_CAPABLE = 32
      TYPE_TO_TYPE_ID_MAP = {0,0,5,1,2,3,3,4} /* array length = 8 */
      SERIALIZED_PKEY = 0
      INTEGER_PKEY = 1
      STRING_PKEY = 3
      LONG_PKEY = 4
      BYTE_ARRAY_PKEY = 8
      BEAN_TYPE_LEN = 1
      J2EE_NAME_LEN = 4
      PKEY_TYPE_LEN = 1
      header = {-84,-84,0,2,0,1} /* array length = 6 */
      HEADER_LEN = 6
      svBAOSs = class java.io.ByteArrayOutputStream[50]
      svBAOSsSize = 1
    ivHomeWrappers = null
    ivStatelessId = class com.ibm.ejs.container.BeanId@47845f15
    ivStatelessWrappers = null
    ivStatefulBusinessHomeWrapper = null
    enterpriseBeanClass = class java.lang.Class@4e90a42a
      ANNOTATION = 8192
      ENUM = 16384
      SYNTHETIC = 4096
      cachedConstructor = null
      newInstanceCallerCache = null
      name = "com.ibm.websphere.samples.daytrader.ejb3.MarketSummarySingleton"
      module = class java.lang.Module@13507c29
      packageName = "com.ibm.websphere.samples.daytrader.ejb3"
      componentType = null
      allPermDomain = class java.security.ProtectionDomain@7f72b37e
      reflectionData = class java.lang.ref.SoftReference@59b96d00
      classRedefinedCount = 0
      genericInfo = class sun.reflect.generics.repository.ClassRepository@37fedef1
      EMPTY_CLASS_ARRAY = class java.lang.Class[0]
      serialVersionUID = 3206093459760846163
      serialPersistentFields = class java.io.ObjectStreamField[0]
      reflectionFactory = class jdk.internal.reflect.ReflectionFactory@6cd3d613
      enumConstants = null
      enumConstantDirectory = null
      annotationData = class java.lang.Class$AnnotationData@2a944a82
      annotationType = null
      classValueMap = null
    remoteEJBObjectClass = null
    localEJBObjectClass = null
    beanMetaData = class com.ibm.ws.ejbcontainer.osgi.internal.metadata.OSGiBeanMetaData@649e98f3
      tc = class com.ibm.websphere.ras.TraceComponent@5f49956e
      beanRuntime = class com.ibm.ws.ejbcontainer.session.internal.SessionBeanRuntimeImpl@2e52bc4b
      systemHomeBindingName = null
      mbeanServiceReg = null
      serialVersionUID = 4571786972187397809
      tc = class com.ibm.websphere.ras.TraceComponent@76879dc5
      svTimedObjectClass = class java.lang.Class@e38c403
      svTimedObjectMethod = class java.lang.reflect.Method@42b6a56a
      ACCESS_INTENT_READ = 0
      ACCESS_INTENT_UPDATE = 1
      ACTIVATION_POLICY_ONCE = 0
      ACTIVATION_POLICY_ACTIVITY_SESSION = 1
      ACTIVATION_POLICY_TRANSACTION = 2
      CONCURRENCY_CONTROL_PESSIMISTIC = 0
      CONCURRENCY_CONTROL_OPTIMISTIC = 1
      J2EE_EJB_VERSION_UNKNOWN = 0
      J2EE_EJB_VERSION_1_0 = 10
      J2EE_EJB_VERSION_1_1 = 11
      J2EE_EJB_VERSION_2_0 = 20
      J2EE_EJB_VERSION_2_1 = 21
      J2EE_EJB_VERSION_3_0 = 30
      J2EE_EJB_VERSION_3_1 = 31
      J2EE_EJB_VERSION_3_2 = 32
      JAVAEE_VERSION_5 = 50
      LOAD_POLICY_ACTIVATION = 0
      LOAD_POLICY_TRANSACTION = 1
      LOAD_POLICY_INTERVAL = 2
      LOAD_POLICY_DAILY = 3
      LOAD_POLICY_WEEKLY = 4
      LOCAL_TX_UNRESOLVED_ACTION_ROLLBACK = 0
      LOCAL_TX_UNRESOLVED_ACTION_COMMIT = 1
      METHOD_TYPE_UNSPECIFIED = 0
      METHOD_TYPE_REMOTE = 1
      METHOD_TYPE_REMOTE_HOME = 2
      METHOD_TYPE_LOCAL = 3
      METHOD_TYPE_LOCAL_HOME = 4
      METHOD_TYPE_SERVICE_ENDPOINT = 5
      PERSISTENCE_BEAN_MANAGED = 0
      PERSISTENCE_CONTAINER_MANAGED = 1
      PIN_POLICY_ACTIVATION_PERIOD = 0
      PIN_POLICY_ACTIVITY_SESSION = 1
      PIN_POLICY_TRANSACTION = 2
      PIN_POLICY_BUSINESS_METHOD = 3
      TX_ATTRIBUTE_TYPE_NOT_SUPPORTED = 0
      TX_ATTRIBUTE_TYPE_SUPPORTS = 1
      TX_ATTRIBUTE_TYPE_REQUIRED = 2
      TX_ATTRIBUTE_TYPE_REQUIRES_NEW = 3
      TX_ATTRIBUTE_TYPE_MANDATORY = 4
      TX_ATTRIBUTE_TYPE_NEVER = 5
      TX_ATTRIBUTE_TYPE_BEAN_MANAGED = 6
      TX_BEAN_MANAGED = 0
      TX_CONTAINER_MANAGED = 1
      TX_ISOLATION_LEVEL_REPEATABLE_READ = 0
      TX_ISOLATION_LEVEL_READ_COMMITTED = 1
      TX_ISOLATION_LEVEL_READ_UNCOMMITTED = 2
      TX_ISOLATION_LEVEL_SERIALIZABLE = 3
      ivInitData = null
      _javaNameSpaceContext = null
      _moduleMetaData = class com.ibm.ws.ejbcontainer.osgi.internal.metadata.OSGiEJBModuleMetaDataImpl@4bb202ed
      _resourceRefList = class com.ibm.ws.resource.internal.ResourceRefConfigListImpl@793df993
      _localTran = class com.ibm.ws.ejbcontainer.osgi.internal.metadata.LocalTranConfigDataImpl@6cdf9983
      _globalTran = class com.ibm.ws.ejbcontainer.osgi.internal.metadata.GlobalTranConfigDataImpl@791482e9
      j2eeName = class com.ibm.ws.container.service.metadata.internal.J2EENameImpl@19e013f8
      ivUnversionedJ2eeName = null
      type = 2
      ivDependsOn = null
      entityRemoteNoTxAttrMethods = class java.lang.String[4]
      entityRemoteNoTxAttrMethodSignatures = class java.lang.String[4]
      entityLocalNoTxAttrMethods = class java.lang.String[3]
      entityLocalNoTxAttrMethodSignatures = class java.lang.String[3]
      entityRemoteHomeNoTxAttrMethods = class java.lang.String[2]
      entityRemoteHomeNoTxAttrMethodSignatures = class java.lang.String[2]
      entityLocalHomeNoTxAttrMethods = class java.lang.String[1]
      entityLocalHomeNoTxAttrMethodSignatures = class java.lang.String[1]
      sessionLocalHomeNoTxAttrMethods = class java.lang.String[1]
      sessionLocalHomeNoTxAttrMethodSignatures = class java.lang.String[1]
      sessionRemoteHomeNoTxAttrMethods = class java.lang.String[1]
      sessionRemoteHomeNoTxAttrMethodSignatures = class java.lang.String[1]
      ivModuleVersion = 32
      enterpriseBeanClassName = "com.ibm.websphere.samples.daytrader.ejb3.MarketSummarySingleton"
      enterpriseBeanClass = class java.lang.Class@4e90a42a
      enterpriseBeanAbstractClass = class java.lang.Class@4e90a42a
      homeBeanClass = class java.lang.Class@26fe6f5d
      ivEnterpriseBeanFactory = class com.ibm.ws.cdi.impl.managedobject.CDIEJBManagedObjectFactoryImpl@20401dfb
      ivEnterpriseBeanClassConstructor = null
      managedObjectManagesInjectionAndInterceptors = false
      fullyInitialized = true
      pKeyClass = null
      m_syncToOSThreadValue = false
      ivPersistenceRefNames = null
      ivJpaPuIdSTUnsyncSet = null
      ivExPcPuIds = class com.ibm.ws.jpa.JPAPuId[0]
      homeInterfaceClassName = null
      homeInterfaceClass = null
      remoteInterfaceClass = null
      remoteImplClass = null
      remoteTieClass = null
      homeRemoteImplClass = null
      homeRemoteTieClass = null
      localHomeInterfaceClassName = null
      localHomeInterfaceClass = null
      localInterfaceClass = null
      localImplClass = null
      localImplProxyConstructor = null
      homeLocalImplClass = null
      homeLocalImplProxyConstructor = null
      ivHasWebServiceEndpoint = false
      webserviceEndpointInterfaceClass = null
      ivWebServiceEndpointProxyName = null
      ivWebServiceEndpointProxyClass = null
      ivWebServiceEndpointCreated = false
      ivBusinessLocalInterfaceClassNames = null
      ivBusinessLocalInterfaceClasses = class java.lang.Class[1]
      ivBusinessRemoteInterfaceClassNames = null
      ivBusinessRemoteInterfaceClasses = null
      ivBusinessLocalImplClasses = class java.lang.Class[1]
      ivBusinessLocalImplProxyConstructors = null
      ivBusinessRemoteImplClasses = null
      ivBusinessRemoteTieClasses = null
      ivAggregateLocalImplClass = null
      ivLocalBean = true
      ivLocalBeanWrapperField = class java.lang.reflect.Field@2d08c604
      ivMessageEndpointBaseField = null
      ivManagedBeanBeanOField = null
      ivIndirectLocalProxies = false
      cmpResetFields = null
      connFactoryName = null
      envProps = class java.util.Properties@b680d2
      simpleJndiBindingName = null
      localHomeJndiBindingName = null
      remoteHomeJndiBindingName = null
      ivRemoteHomeJndiName = null
      ivLocalHomeJndiName = null
      businessInterfaceJndiBindingNames = null
      enterpriseBeanName = "MarketSummarySingleton"
      reentrant = false
      passivationCapable = true
      sessionTimeout = 0
      ivSFSBFailover = false
      ivSfFailoverClient = null
      sessionActivateTran = false
      sessionActivateSession = false
      optionACommitOption = false
      optionBCommitOption = false
      optionCCommitOption = false
      ivReadOnlyCommitOption = false
      entitySessionalTranOption = false
      optimisticConcurrencyControl = false
      CACHE_RELOAD_NONE = 0
      CACHE_RELOAD_INTERVAL = 1
      CACHE_RELOAD_DAILY = 2
      CACHE_RELOAD_WEEKLY = 3
      ivCacheReloadType = 0
      ivCacheReloadInterval = -1
      activationPolicy = 0
      methodNames = null
      localMethodNames = class java.lang.String[2]
      timedMethodNames = class java.lang.String[1]
      wsEndpointMethodNames = null
      lifecycleInterceptorMethodNames = class java.lang.String[4]
      methodInfos = null
      localMethodInfos = class com.ibm.ejs.container.EJBMethodInfoImpl[2]
      timedMethodInfos = class com.ibm.ejs.container.EJBMethodInfoImpl[1]
      wsEndpointMethodInfos = null
      lifecycleInterceptorMethodInfos = class com.ibm.ejs.container.EJBMethodInfoImpl[4]
      isolationAttrs = null
      readOnlyAttrs = null
      homeMethodNames = null
      localHomeMethodNames = null
      homeMethodInfos = null
      localHomeMethodInfos = null
      homeIsolationAttrs = null
      homeReadOnlyAttrs = null
      commitDanglingWork = false
      ivHasInheritance = false
      ivHasAppManagedPersistenceContext = false
      ivHasCMExtendedPersistenceContext = false
      usesBeanManagedTx = false
      usesBeanManagedAS = false
      cmpVersion = 0
      persister = null
      classLoader = class com.ibm.ws.classloading.internal.AppClassLoader@2c497c6e
      ivContextClassLoader = class com.ibm.ws.classloading.internal.ThreadContextClassLoader@1a7f96ef
      minPoolSize = 50
      maxPoolSize = 500
      allowCachedTimerDataForMethods = 0
      ivInitialPoolSize = 0
      ivMaxCreation = 0
      ivMaxCreationTimeout = 300000
      isPreFindFlushEnabled = true
      isCleanEJBStoreEnabled = true
      fbpkReadOnlyOverrideAllBeans = false
      allowCustomFinderSQLForUpdateALLBeans = false
      allowCustomFinderSQLForUpdateThisBean = false
      allowCustomFinderSQLForUpdateMethodLevel = false
      allowWAS390CustomFinderAtBeanLevel = false
      CF_METHOD_NAME_OFFSET = 0
      CF_METHOD_SIG_OFFSET = 1
      isTimedObject = false
      ivTimeoutMethod = null
      isLightweight = false
      ivActivationSpecJndiName = null
      ivActivationSpecAuthAlias = null
      ivMessageDestinationJndiName = null
      ivMessageListenerPortName = null
      ivMessagingTypeClassName = null
      ivApplicationVersionId = 50
      ivActivationConfig = null
      ivDeferEJBInitialization = true
      ivCluster = null
      ivBeanInjectionTargets = class com.ibm.wsspi.injectionengine.InjectionTarget[1]
      ivJavaColonCompEnvMap = class java.util.LinkedHashMap@2890bb79
      wccm = null
      ivComponent_Id = null
      removeTxAttr = 0
      container = class com.ibm.ejs.container.EJSContainer@6599150d
      homeRecord = class com.ibm.ws.ejbcontainer.osgi.internal.HomeRecordImpl@2856006f
      accessIntentList = null
      isoLevelList = null
      ivCallbackKind = class com.ibm.ws.ejbcontainer.CallbackKind@145a8edf
      ivInterceptorMetaData = class com.ibm.ejs.container.interceptors.InterceptorMetaData@735c22c8
      ivInitMethodMap = null
      ivRoleLinkMap = null
      metadataComplete = false
      ivUseCallerIdentity = false
      ivRunAs = null
      ivEjbCreateMethod = null
      ivMetaDataDestroyRequired = true
      supportsFluffOnFind = false
      ivSingletonUsesBeanManagedConcurrency = false
      ivHasAsynchMethod = false
      ivAfterBegin = null
      ivBeforeCompletion = null
      ivAfterCompletion = null
      methodsExposedOnLocalInterface = null
      methodsExposedOnRemoteInterface = null
      methodsExposedOnLocalHomeInterface = null
      methodsExposedOnRemoteHomeInterface = null
      allPublicMethodsOnBean = null
      methodsToMethodInfos = null
      ivReferenceContext = class com.ibm.ws.injectionengine.osgi.internal.OSGiReferenceContextImpl@28d07f2
      ivPassivatorFields = null
      ivIsNoMethodInterfaceMDB = false
      tc = class com.ibm.websphere.ras.TraceComponent@28b28e76
      NUM_STATIC_SLOTS = 4
      ID_UNINITIALIZED = -1
      id = 49
      metaDataInterface = class java.lang.Class@6142fd6d
      staticSlots = class java.lang.Object[4]
      dynamicSlots = null
    ejbMetaData = null
    environment = class java.util.Properties@b680d2
      serialVersionUID = 4112578634029874840
      defaults = null
      map = class java.util.concurrent.ConcurrentHashMap@1f2743f
      hexDigit = {0123456789ABCDEF} /* array length = 16 */
      table = null
      count = 0
      threshold = 0
      loadFactor = 0.0
      modCount = 0
      serialVersionUID = 1421746759512286392
      MAX_ARRAY_SIZE = 2147483639
      keySet = null
      entrySet = null
      values = null
      KEYS = 0
      VALUES = 1
      ENTRIES = 2
    activationStrategy = class com.ibm.ejs.container.activator.UncachedActivationStrategy@5ea8fca6
      tc = class com.ibm.websphere.ras.TraceComponent@1d08cc7f
      CLASS_NAME = "com.ibm.ejs.container.activator.UncachedActivationStrategy"
      cache = class com.ibm.ejs.util.cache.Cache@4b6e6ec6
      locks = class com.ibm.ejs.container.util.locking.LockTable@43cddbaf
      tc = class com.ibm.websphere.ras.TraceComponent@df4bf06
      CLASS_NAME = "com.ibm.ejs.container.activator.ActivationStrategy"
    pmiBean = null
    persister = null
    lockStrategy = class com.ibm.ejs.container.lock.LockStrategy@154f6c1d
      EXCLUSIVE_LOCK_STRATEGY = class com.ibm.ejs.container.lock.ExclusiveLockStrategy@15342444
      NULL_LOCK_STRATEGY = class com.ibm.ejs.container.lock.LockStrategy@154f6c1d
    wrapperManager = class com.ibm.ejs.container.WrapperManager@5863747
      tc = class com.ibm.websphere.ras.TraceComponent@6f89e1fb
      CLASS_NAME = "com.ibm.ejs.container.WrapperManager"
      wrapperCache = class com.ibm.ejs.util.cache.Cache@729f9576
      container = class com.ibm.ejs.container.EJSContainer@6599150d
      beanIdCache = class com.ibm.ejs.container.BeanIdCache@57010f3f
    enabled = true
    beanPool = null
    ivNumberBeansCreated = 0
    BEAN_POOL_WAIT_INTERVAL = 10000
    ivAIServiceEnabled = false
    defaultAIMethodInfo = class com.ibm.ws.ejbcontainer.osgi.internal.metadata.OSGiEJBMethodMetaDataImpl@31828735
      runAs = null
      useCallerPrincipal = false
      useSystemPrincipal = false
      serialVersionUID = 6211349835382155010
      $$$tc$$$ = class com.ibm.websphere.ras.TraceComponent@4ec3583e
      tc = class com.ibm.websphere.ras.TraceComponent@1c219c5b
      methodSignature = "__defaultAIMethodInfo__"
      jdiMethodSignature = "- NO JDI SIGNATURE AVAILABLE - "
      txAttr = class com.ibm.websphere.csi.TransactionAttribute@41ba3793
      asAttr = class com.ibm.websphere.csi.ActivitySessionAttribute@13ad2f8
      ivInterface = class com.ibm.websphere.csi.MethodInterface@1362fa75
      methodName = "__defaultAIMethodInfo__NameOnly"
      isHome = false
      isStatefulSessionBean = false
      bmd = class com.ibm.ws.ejbcontainer.osgi.internal.metadata.OSGiBeanMetaData@649e98f3
      isStatelessSessionBean = false
      isSingletonSessionBean = true
      isHomeCreate = false
      isComponentRemove = false
      isolationAttr = 0
      readOnlyAttr = false
      isaCMP11CustomFinderWithForUpdateAI = false
      isaCMP11FBPK = false
      isLocal = false
      setClassLoader = false
      isCMRSetMethod = false
      isLightweight = false
      isLightweightTxCapable = false
      ivJPATaskName = null
      ivAroundInterceptors = null
      ivMethod = null
      ivNumberOfMethodParms = 0
      ivBridgeMethod = null
      ivSFSBRemove = false
      ivRetainIfException = false
      ivAccessTimeout = -1
      ivLockType = null
      ivAsynchMethod = false
      ivDeclaredExceptions = null
      ivDeclaredExceptionsComp = null
      ivDenyAll = false
      ivPermitAll = false
      ivRolesAllowed = null
      tc = class com.ibm.websphere.ras.TraceComponent@28b28e76
      NUM_STATIC_SLOTS = 4
      ID_UNINITIALIZED = -1
      id = -1
      metaDataInterface = class java.lang.Class@1d1ae4d2
      staticSlots = class java.lang.Object[4]
      dynamicSlots = null
    CachedAI_NotInitialize = 0
    CachedAI_HasMethodLevelAI = 1
    CachedAI_HasNoMethodLevelAI = -1
    cachedHasMethodLevelAI = 0
    ivCachedBeanLevelAccessIntent = null
    cvUsePortableClass = true
    ivAllowEarlyInsert = false
    homeRecord = class com.ibm.ws.ejbcontainer.osgi.internal.HomeRecordImpl@2856006f
      systemHomeBindingName = null
      remoteBindingData = null
      serialVersionUID = -7648623497327828699
      $$$tc$$$ = class com.ibm.websphere.ras.TraceComponent@6e756e4f
      beanO = class com.ibm.ejs.container.CMStatelessBeanO@57032f69
      homeInternal = class com.ibm.ejs.container.SessionHome@59e0c8f2
      bmd = class com.ibm.ws.ejbcontainer.osgi.internal.metadata.OSGiBeanMetaData@649e98f3
      ejbMmd = class com.ibm.ws.ejbcontainer.osgi.internal.metadata.OSGiEJBModuleMetaDataImpl@4bb202ed
      homeOfHomes = class com.ibm.ejs.container.HomeOfHomes@18edd0d4
      j2eeName = class com.ibm.ws.container.service.metadata.internal.J2EENameImpl@19e013f8
      cmpVersion = 0
      connFactoryName = null
      ejbName = "MarketSummarySingleton"
      classLoader = class com.ibm.ws.classloading.internal.AppClassLoader@2c497c6e
      beanType = 2
      ivRemoteBindingsHelper = null
      ivLocalBindingsHelper = null
      ivJavaGlobalBindings = class java.util.ArrayList@158cca47
      ivJavaAppBindings = class java.util.ArrayList@726d6f8c
      childBeans = class java.util.Hashtable@170f60ef
      ivHasInheritance = false
      ivIsChild = false
      ivShortDefaultBindingsEnabled = null
    ivSingletonBeanO = null
    ivCreatingSingletonBeanO = true
    ivSingletonBeanOCreateFailed = true
    ivApplicationStarted = true
  pmiBean = null
  beanId = class com.ibm.ejs.container.BeanId@47845f15
    tc = class com.ibm.websphere.ras.TraceComponent@1d1d21c4
      strings[0] = "TraceComponent[com.ibm.ejs.container.BeanId,class com.ibm.ejs.container.BeanId,[EJBContainer],com.ibm.ejs.container.container,null]"
    CLASS_NAME = "com.ibm.ejs.container.BeanId"
    _isHome = false
    pkey = null
    j2eeName = class com.ibm.ws.container.service.metadata.internal.J2EENameImpl@19e013f8
      serialVersionUID = 7488184044073147667
      application = "daytrader7"
      module = "daytrader-ee7-ejb.jar"
      component = "MarketSummarySingleton"
      string = "daytrader7#daytrader-ee7-ejb.jar#MarketSummarySingleton"
      j2eeNameBytes = {100,97,121,116,114,97,100,101,114,55,35,100,97,121,116,114,97,100,101,114,45,101,101,55,45,101,106,98,46,106,97,114,35,77,97,114,107,101,116,83,117,109,109,97,114,121,83,105,110,103,108,101,116,111,110} /* array length = 55 */
      $$$tc$$$ = class com.ibm.websphere.ras.TraceComponent@21d93a89
    byteArray = null
    home = class com.ibm.ejs.container.SessionHome@59e0c8f2
    activationStrategy = null
    hashValue = -524745719
    ivFailoverKey = null
    HOME_BEAN = 0
    STATELESS_BEAN = 1
    STATEFUL_BEAN = 2
    ENTITY_BEAN = 3
    MESSAGEDRIVEN_BEAN = 4
    SINGLETON_BEAN = 5
    USES_BEAN_MANAGED_TX = 16
    MODULE_VERSION_CAPABLE = 32
    TYPE_TO_TYPE_ID_MAP = {0,0,5,1,2,3,3,4} /* array length = 8 */
    SERIALIZED_PKEY = 0
    INTEGER_PKEY = 1
    STRING_PKEY = 3
    LONG_PKEY = 4
    BYTE_ARRAY_PKEY = 8
    BEAN_TYPE_LEN = 1
    J2EE_NAME_LEN = 4
    PKEY_TYPE_LEN = 1
    header = {-84,-84,0,2,0,1} /* array length = 6 */
    HEADER_LEN = 6
    svBAOSs = class java.io.ByteArrayOutputStream[50]
      ByteArrayOutputStream[0] = class java.io.ByteArrayOutputStream@654a10cf
      ByteArrayOutputStream[1] = null
      ByteArrayOutputStream[2] = null
      ByteArrayOutputStream[3] = null
      ByteArrayOutputStream[4] = null
      ByteArrayOutputStream[5] = null
      ByteArrayOutputStream[6] = null
      ByteArrayOutputStream[7] = null
      ByteArrayOutputStream[8] = null
      ByteArrayOutputStream[9] = null
      ByteArrayOutputStream[10] = null
      ByteArrayOutputStream[11] = null
      ByteArrayOutputStream[12] = null
      ByteArrayOutputStream[13] = null
      ByteArrayOutputStream[14] = null
      ByteArrayOutputStream[15] = null
      ByteArrayOutputStream[16] = null
      ByteArrayOutputStream[17] = null
      ByteArrayOutputStream[18] = null
      ByteArrayOutputStream[19] = null
      ByteArrayOutputStream[20] = null
      ByteArrayOutputStream[21] = null
      ByteArrayOutputStream[22] = null
      ByteArrayOutputStream[23] = null
      ByteArrayOutputStream[24] = null
      ByteArrayOutputStream[25] = null
      ByteArrayOutputStream[26] = null
      ByteArrayOutputStream[27] = null
      ByteArrayOutputStream[28] = null
      ByteArrayOutputStream[29] = null
      ByteArrayOutputStream[30] = null
      ByteArrayOutputStream[31] = null
      ByteArrayOutputStream[32] = null
      ByteArrayOutputStream[33] = null
      ByteArrayOutputStream[34] = null
      ByteArrayOutputStream[35] = null
      ByteArrayOutputStream[36] = null
      ByteArrayOutputStream[37] = null
      ByteArrayOutputStream[38] = null
      ByteArrayOutputStream[39] = null
      ByteArrayOutputStream[40] = null
      ByteArrayOutputStream[41] = null
      ByteArrayOutputStream[42] = null
      ByteArrayOutputStream[43] = null
      ByteArrayOutputStream[44] = null
      ByteArrayOutputStream[45] = null
      ByteArrayOutputStream[46] = null
      ByteArrayOutputStream[47] = null
      ByteArrayOutputStream[48] = null
      ByteArrayOutputStream[49] = null
    svBAOSsSize = 1
  beanPool = null
  connectionHandleList = null
  ivContainerTx = null
  ivActivationStrategy = null
  ivCacheKey = null

