------Start of DE processing------ = [25/05/18 10:33:00:931 CEST]
Exception = javax.ejb.NoSuchEJBException
Source = com.ibm.ejs.container.TimedObjectWrapper.invokeCallback
probeid = 83
Stack Dump = javax.ejb.NoSuchEJBException: An error occurred during initialization of singleton session bean daytrader7#daytrader-ee7-ejb.jar#MarketSummarySingleton, resulting in the discarding of the singleton instance.; nested exception is: javax.ejb.EJBException: CWNEN0030E: The server was unable to obtain an object instance for the java:comp/env/com.ibm.websphere.samples.daytrader.ejb3.MarketSummarySingleton/entityManager reference.  The exception message was: java.lang.NullPointerException; nested exception is: java.lang.RuntimeException: java.lang.NullPointerException
	at com.ibm.ejs.container.util.ExceptionUtil.NoSuchEJBException(ExceptionUtil.java:497)
	at com.ibm.ejs.container.EJSHome.createSingletonBeanO(EJSHome.java:3754)
	at com.ibm.ejs.container.EJSHome.createBeanO(EJSHome.java:936)
	at com.ibm.ejs.container.EJSHome.createBeanO(EJSHome.java:1077)
	at com.ibm.ejs.container.activator.UncachedActivationStrategy.atActivate(UncachedActivationStrategy.java:62)
	at com.ibm.ejs.container.activator.Activator.preInvokeActivateBean(Activator.java:263)
	at com.ibm.ejs.container.EJSContainer.preInvokeActivate(EJSContainer.java:3234)
	at com.ibm.ejs.container.EJSContainer.EjbPreInvoke(EJSContainer.java:2571)
	at com.ibm.ejs.container.TimedObjectWrapper.invokeCallback(TimedObjectWrapper.java:83)
	at com.ibm.ejs.container.TimerNpRunnable.doWork(TimerNpRunnable.java:195)
	at com.ibm.ejs.container.TimerNpRunnable.run(TimerNpRunnable.java:102)
	at java.base/java.util.concurrent.Executors$RunnableAdapter.call(Executors.java:514)
	at java.base/java.util.concurrent.FutureTask.run(FutureTask.java:264)
	at java.base/java.util.concurrent.ThreadPoolExecutor.runWorker(ThreadPoolExecutor.java:1135)
	at java.base/java.util.concurrent.ThreadPoolExecutor$Worker.run(ThreadPoolExecutor.java:635)
	at java.base/java.lang.Thread.run(Thread.java:844)
Caused by: javax.ejb.EJBException: CWNEN0030E: The server was unable to obtain an object instance for the java:comp/env/com.ibm.websphere.samples.daytrader.ejb3.MarketSummarySingleton/entityManager reference.  The exception message was: java.lang.NullPointerException; nested exception is: java.lang.RuntimeException: java.lang.NullPointerException
	at com.ibm.ejs.container.util.ExceptionUtil.EJBException(ExceptionUtil.java:460)
	at com.ibm.ejs.container.ManagedBeanOBase.injectInstance(ManagedBeanOBase.java:153)
	at com.ibm.ejs.container.SingletonBeanO.initialize(SingletonBeanO.java:301)
	at com.ibm.ejs.container.BeanOFactory.create(BeanOFactory.java:103)
	at com.ibm.ejs.container.EJSHome.createSingletonBeanO(EJSHome.java:3740)
	... 14 more
Caused by: java.lang.RuntimeException: java.lang.NullPointerException
	at com.ibm.ws.jpa.management.JPAPUnitInfo.getEntityManagerFactory(JPAPUnitInfo.java:804)
	at com.ibm.ws.jpa.management.JPAPUnitInfo.getEntityManagerPool(JPAPUnitInfo.java:994)
	at com.ibm.ws.jpa.management.JPATxEntityManager.<init>(JPATxEntityManager.java:147)
	at com.ibm.ws.jpa.container.v21.JPATxEntityManagerV21.<init>(JPATxEntityManagerV21.java:45)
	at com.ibm.ws.jpa.container.v21.internal.JPA21Runtime.createJPATxEntityManager(JPA21Runtime.java:71)
	at com.ibm.ws.jpa.management.AbstractJPAComponent.getEntityManager(AbstractJPAComponent.java:255)
	at com.ibm.ws.jpa.container.osgi.jndi.JPAJndiLookupObjectFactory.getObjectInstance(JPAJndiLookupObjectFactory.java:149)
	at com.ibm.wsspi.injectionengine.InjectionBinding.getInjectionObjectInstance(InjectionBinding.java:1552)
	at com.ibm.wsspi.injectionengine.InjectionBinding.getInjectionObject(InjectionBinding.java:1428)
	at com.ibm.wsspi.injectionengine.InjectionBinding.getInjectableObject(InjectionBinding.java:1368)
	at com.ibm.wsspi.injectionengine.InjectionTarget.inject(InjectionTarget.java:104)
	at com.ibm.ws.injectionengine.AbstractInjectionEngine.inject(AbstractInjectionEngine.java:851)
	at com.ibm.ejs.container.ManagedBeanOBase.injectInstance(ManagedBeanOBase.java:147)
	... 17 more
Caused by: java.lang.NullPointerException
	at org.eclipse.persistence.internal.jpa.EntityManagerSetupImpl.predeploy(EntityManagerSetupImpl.java:2062)
	at org.eclipse.persistence.jpa.PersistenceProvider.createContainerEntityManagerFactoryImpl(PersistenceProvider.java:334)
	at org.eclipse.persistence.jpa.PersistenceProvider.createContainerEntityManagerFactory(PersistenceProvider.java:305)
	at com.ibm.ws.jpa.management.JPAPUnitInfo.createEMFactory(JPAPUnitInfo.java:910)
	at com.ibm.ws.jpa.management.JPAPUnitInfo.initialize(JPAPUnitInfo.java:762)
	at com.ibm.ws.jpa.management.JPAPxmlInfo.extractPersistenceUnits(JPAPxmlInfo.java:190)
	at com.ibm.ws.jpa.management.JPAScopeInfo.processPersistenceUnit(JPAScopeInfo.java:90)
	at com.ibm.ws.jpa.management.JPAApplInfo.addPersistenceUnits(JPAApplInfo.java:118)
	at com.ibm.ws.jpa.container.osgi.internal.JPAComponentImpl.processEJBModulePersistenceXml(JPAComponentImpl.java:527)
	at com.ibm.ws.jpa.container.osgi.internal.JPAComponentImpl.applicationStarting(JPAComponentImpl.java:264)
	at com.ibm.ws.container.service.state.internal.ApplicationStateManager.fireStarting(ApplicationStateManager.java:28)
	at com.ibm.ws.container.service.state.internal.StateChangeServiceImpl.fireApplicationStarting(StateChangeServiceImpl.java:50)
	at com.ibm.ws.app.manager.module.internal.DeployedAppInfoBase.preDeployApp(DeployedAppInfoBase.java:383)
	at com.ibm.ws.app.manager.module.internal.DeployedAppInfoBase.deployApp(DeployedAppInfoBase.java:412)
	at com.ibm.ws.app.manager.ear.internal.EARApplicationHandlerImpl.install(EARApplicationHandlerImpl.java:76)
	at com.ibm.ws.app.manager.internal.statemachine.StartAction.execute(StartAction.java:140)
	at com.ibm.ws.app.manager.internal.statemachine.ApplicationStateMachineImpl.enterState(ApplicationStateMachineImpl.java:1258)
	at com.ibm.ws.app.manager.internal.statemachine.ApplicationStateMachineImpl.run(ApplicationStateMachineImpl.java:873)
	... 3 more

Dump of callerThis
Object type = com.ibm.ejs.container.TimedObjectWrapper
  tc = class com.ibm.websphere.ras.TraceComponent@4cf01fb6
    strings[0] = "TraceComponent[com.ibm.ejs.container.TimedObjectWrapper,class com.ibm.ejs.container.TimedObjectWrapper,[EJBContainer],com.ibm.ejs.container.container,null]"
  CLASS_NAME = "com.ibm.ejs.container.TimedObjectWrapper"
  container = class com.ibm.ejs.container.EJSContainer@59d00c1e
  beanId = class com.ibm.ejs.container.BeanId@19b3c010
    tc = class com.ibm.websphere.ras.TraceComponent@42c7c5
      strings[0] = "TraceComponent[com.ibm.ejs.container.BeanId,class com.ibm.ejs.container.BeanId,[EJBContainer],com.ibm.ejs.container.container,null]"
    CLASS_NAME = "com.ibm.ejs.container.BeanId"
    _isHome = false
    pkey = null
    j2eeName = class com.ibm.ws.container.service.metadata.internal.J2EENameImpl@59100839
      serialVersionUID = 7488184044073147667
      application = "daytrader7"
      module = "daytrader-ee7-ejb.jar"
      component = "MarketSummarySingleton"
      string = "daytrader7#daytrader-ee7-ejb.jar#MarketSummarySingleton"
      j2eeNameBytes = {100,97,121,116,114,97,100,101,114,55,35,100,97,121,116,114,97,100,101,114,45,101,101,55,45,101,106,98,46,106,97,114,35,77,97,114,107,101,116,83,117,109,109,97,114,121,83,105,110,103,108,101,116,111,110} /* array length = 55 */
      $$$tc$$$ = class com.ibm.websphere.ras.TraceComponent@17796a0f
    byteArray = class com.ibm.ejs.container.util.ByteArray@3c59227b
      beanId = null
      CLASS_NAME = "com.ibm.ejs.container.util.ByteArray"
      data = {-84,-84,0,2,0,1,5,55,0,0,0,100,97,121,116,114,97,100,101,114,55,35,100,97,121,116,114,97,100,101,114,45,101,101,55,45,101,106,98,46,106,97,114,35,77,97,114,107,101,116,83,117,109,109,97,114,121,83,105,110,103,108,101,116,111,110} /* array length = 66 */
      hashcode = 8738547487531578006
      hashcode32 = -1901846733
      HEX_CHARS = {0123456789abcdef} /* array length = 16 */
      initial_hash = -2223765811167872118
      mix_master = {4933139351476610159,5005341462544428057,-1453159914355205806,8281325462521708801,4607748714844293732,-3764111934339875086,8320409100192189548,8420247983362759768,-7597847052445934233,-3173910141822783079,-7688989699042292238,3429396389939155751,-5062430034552481777,-5823362867119656213,-8801844128422882523,-5052715516771863111,-870733797230659614,-362319592869525219,4788732200433335801,4548830613927191315,7544806401538812819,7586374831082653871,-1239807311421564983,-1025074758523306758,-6461364975704083531,4980358060886603154,4930714604177104463,2056556441885503234,6415600006540841207,5752606625249102471,-6901047628927138211,4380804002232388461,2136177531279569616,-349124148475530926,5812918152301571081,2653996859211630983,-8964669850071968930,-4437664257013106290,-4451793919529815848,-6106447162657623665,-2784513668583920662,-8414094705339005679,-2207660270505147217,6507182462343745303,3998020595653193692,-4905660070025874796,8975096142356144569,-5041136955134566960,6326461847893020390,-8334182183764239684,8556220744479549098,5952375207892112881,-7978188702101473111,3429112276528980994,-1988898937000646866,2486915316353720383,2757556857947252991,-8035426787455266998,-5909132100679174360,-6318099829270576077,3275413890805227550,8566783651680167794,-8052141503744051402,6010845682144071745,-8304400873715963628,-5908078436425678820,2008553160573808559,-2819166021021999412,5382424027072043613,4009717960598662055,1847990988848319135,1553736051808583315,859749159554435887,7617586268418296496,1137154929561829007,5852822296314685177,-4508192713666290713,-5301006392906118754,1288351301968457687,-8732661820775296997,3743401301997395901,-2419474111827280115,7681208082025123430,3296754401383622098,-7619743871140571789,-5444468319237031174,-1826393263972127734,7226290837104890605,-5114545287089190416,-864060354928875654,-8684023854450108313,-5194241922878987455,-4591192147793544772,1234006919577364415,-3936336625490884591,-6593724713396498301,2779431284120425192,6701924018397514024,-8377286492131653356,-3036688545137929654,3532479440175035477,-2486020288450892679,2250253404502830513,-2809438569251519750,4756054313855198704,1049792658466837024,6008045257375748577,-6694551306109829524,1436162486427990919,1953260999445835298,-9096306926072925342,-4447170959021479724,2281765276900129197,7018045439268088125,3530326859556441572,8928500367007969872,-7548504910768415306,8491174918848727063,2725427544642412950,-1846557650567198975,7692844570254237316,-2329275471928509258,-6598670108873750485,7286879004720242648,1262623724617059856,-244363932095942076,724052077250196479,7172078234317036693,6811892593491539548,-1152819477767237299,5138119163643488320,3665390357066136642,3191793013164901058,-3685846739734149158,3982065459219965474,4822562617140336199,-7365836214641480259,3271367842686489154,8724038983453203841,-5457652260866279808,-7732217390738789556,6693059324359418400,-1682134157496827727,2418769104580471956,8879551251272072751,-4997356740189703104,-9071099120143888272,-680892989853392074,1739587042988643069,3373404624189000959,5680319921195915068,-200507342791498747,-9024929211895825182,-5932255459591969881,6490413647370805508,-1547832658927226783,5735044581415517929,-7479951246403808438,5523990179621710356,218706823903385161,7226912064490112629,-6484667915835023296,3807960521479491588,-6480648837128221188,-4423332479301058453,-4129662350876414705,-3595141808378884930,-418947722213327333,-2844517618114579613,232829063699966274,8466137507511586716,-1118264937587278139,1543018742721807459,-417715424100470517,7978015287561484139,1544841464337700354,2730772503959541077,6769471625959199573,2547724611065914717,-1940936672524046959,5025251617293336350,7320004681537167149,-3912074961302627416,7320690559666328252,5383105008300071328,-174245335696147700,-3487002892556502424,-7875405188139200998,-4846224533375351692,-8233369710693908789,-2513185776770054861,7044164889131634069,-989536329366695740,-2653183515149969267,-6050910942263229355,-6767225479892761414,-8730286237691595927,-7012453055387909991,1133255728415756315,6499423626313885142,-8300437812355002225,9084539283118027484,-6585717722744514702,4401193149167703339,-6984141159414974299,6813307151674075053,-3736939605366610537,2230231106005033322,7182850806518785871,6609805295487548421,-6053556321550009287,-7101717864338141727,-2748614509684029005,-2214104135226745859,1458022522121146992,-6277575509698422280,-3752164500142762032,-7386173236844847452,72421085476613114,8124536607956790703,-543955773244899281,-8431654451114250658,1016600102774762451,5528967934420998822,-3124619278526463133,-2661902829300881246,4614101272245083638,7665806731349260979,-502154115469221375,-2229763030801674433,-5656627420725844516,7754751075884126842,-8397886589148919922,178266931321858041,-3426667875362162740,-894029959067713205,424720112276865871,3940003122762310991,6952877505786372216,-5316198582568905216,-3412595509278337916,4377191117302511558,5078204108498312433,-5686359500817622618,-5011364611249461122,-5411888686611253299,-3917988986397697302,3323582688409225420,-709625314233156680,4388451852439127499,5109473580125722386,-8350301363804656390,8883392537907563280,2983318135082155233,-4968080463103317282,959966860625488182} /* array length = 256 */
    home = class com.ibm.ejs.container.SessionHome@36bfb159
      serialVersionUID = -5599958674558718699
      tc = class com.ibm.websphere.ras.TraceComponent@7b57fe03
      CLASS_NAME = "com.ibm.ejs.container.EJSHome"
      ivCMDAccessor = class com.ibm.ws.threadContext.ComponentMetaDataAccessorImpl@5f695cdb
      beanOFactory = class com.ibm.ejs.container.SingletonBeanOFactory@4a9a62f4
      container = class com.ibm.ejs.container.EJSContainer@59d00c1e
      ivEntityHelper = null
      noLocalCopies = false
      allowPrimaryKeyMutation = false
      noPrimaryKeyMutation = false
      jndiName = null
      j2eeName = class com.ibm.ws.container.service.metadata.internal.J2EENameImpl@59100839
      statelessSessionHome = false
      statefulSessionHome = false
      messageDrivenHome = false
      ivSingletonSessionHome = true
      hashValue = -524745719
      ivHomeId = class com.ibm.ejs.container.BeanId@13df1797
      ivHomeWrappers = null
      ivStatelessId = class com.ibm.ejs.container.BeanId@367ba676
      ivStatelessWrappers = null
      ivStatefulBusinessHomeWrapper = null
      enterpriseBeanClass = class java.lang.Class@712dffa9
      remoteEJBObjectClass = null
      localEJBObjectClass = null
      beanMetaData = class com.ibm.ws.ejbcontainer.osgi.internal.metadata.OSGiBeanMetaData@6117b002
      ejbMetaData = null
      environment = class java.util.Properties@748db77f
      activationStrategy = class com.ibm.ejs.container.activator.UncachedActivationStrategy@6d99f6d8
      pmiBean = null
      persister = null
      lockStrategy = class com.ibm.ejs.container.lock.LockStrategy@6112753
      wrapperManager = class com.ibm.ejs.container.WrapperManager@5a5a1033
      enabled = true
      beanPool = null
      ivNumberBeansCreated = 0
      BEAN_POOL_WAIT_INTERVAL = 10000
      ivAIServiceEnabled = false
      defaultAIMethodInfo = class com.ibm.ws.ejbcontainer.osgi.internal.metadata.OSGiEJBMethodMetaDataImpl@617873c8
      CachedAI_NotInitialize = 0
      CachedAI_HasMethodLevelAI = 1
      CachedAI_HasNoMethodLevelAI = -1
      cachedHasMethodLevelAI = 0
      ivCachedBeanLevelAccessIntent = null
      cvUsePortableClass = true
      ivAllowEarlyInsert = false
      homeRecord = class com.ibm.ws.ejbcontainer.osgi.internal.HomeRecordImpl@6edcfb0b
      ivSingletonBeanO = null
      ivCreatingSingletonBeanO = false
      ivSingletonBeanOCreateFailed = true
      ivApplicationStarted = true
    activationStrategy = class com.ibm.ejs.container.activator.UncachedActivationStrategy@6d99f6d8
      tc = class com.ibm.websphere.ras.TraceComponent@7b5b1736
      CLASS_NAME = "com.ibm.ejs.container.activator.UncachedActivationStrategy"
      cache = class com.ibm.ejs.util.cache.Cache@154b5aa5
      locks = class com.ibm.ejs.container.util.locking.LockTable@7b6d4db4
      tc = class com.ibm.websphere.ras.TraceComponent@1e158f83
      CLASS_NAME = "com.ibm.ejs.container.activator.ActivationStrategy"
    hashValue = -524745719
    ivFailoverKey = null
    HOME_BEAN = 0
    STATELESS_BEAN = 1
    STATEFUL_BEAN = 2
    ENTITY_BEAN = 3
    MESSAGEDRIVEN_BEAN = 4
    SINGLETON_BEAN = 5
    USES_BEAN_MANAGED_TX = 16
    MODULE_VERSION_CAPABLE = 32
    TYPE_TO_TYPE_ID_MAP = {0,0,5,1,2,3,3,4} /* array length = 8 */
    SERIALIZED_PKEY = 0
    INTEGER_PKEY = 1
    STRING_PKEY = 3
    LONG_PKEY = 4
    BYTE_ARRAY_PKEY = 8
    BEAN_TYPE_LEN = 1
    J2EE_NAME_LEN = 4
    PKEY_TYPE_LEN = 1
    header = {-84,-84,0,2,0,1} /* array length = 6 */
    HEADER_LEN = 6
    svBAOSs = class java.io.ByteArrayOutputStream[50]
      ByteArrayOutputStream[0] = class java.io.ByteArrayOutputStream@29150721
      ByteArrayOutputStream[1] = null
      ByteArrayOutputStream[2] = null
      ByteArrayOutputStream[3] = null
      ByteArrayOutputStream[4] = null
      ByteArrayOutputStream[5] = null
      ByteArrayOutputStream[6] = null
      ByteArrayOutputStream[7] = null
      ByteArrayOutputStream[8] = null
      ByteArrayOutputStream[9] = null
      ByteArrayOutputStream[10] = null
      ByteArrayOutputStream[11] = null
      ByteArrayOutputStream[12] = null
      ByteArrayOutputStream[13] = null
      ByteArrayOutputStream[14] = null
      ByteArrayOutputStream[15] = null
      ByteArrayOutputStream[16] = null
      ByteArrayOutputStream[17] = null
      ByteArrayOutputStream[18] = null
      ByteArrayOutputStream[19] = null
      ByteArrayOutputStream[20] = null
      ByteArrayOutputStream[21] = null
      ByteArrayOutputStream[22] = null
      ByteArrayOutputStream[23] = null
      ByteArrayOutputStream[24] = null
      ByteArrayOutputStream[25] = null
      ByteArrayOutputStream[26] = null
      ByteArrayOutputStream[27] = null
      ByteArrayOutputStream[28] = null
      ByteArrayOutputStream[29] = null
      ByteArrayOutputStream[30] = null
      ByteArrayOutputStream[31] = null
      ByteArrayOutputStream[32] = null
      ByteArrayOutputStream[33] = null
      ByteArrayOutputStream[34] = null
      ByteArrayOutputStream[35] = null
      ByteArrayOutputStream[36] = null
      ByteArrayOutputStream[37] = null
      ByteArrayOutputStream[38] = null
      ByteArrayOutputStream[39] = null
      ByteArrayOutputStream[40] = null
      ByteArrayOutputStream[41] = null
      ByteArrayOutputStream[42] = null
      ByteArrayOutputStream[43] = null
      ByteArrayOutputStream[44] = null
      ByteArrayOutputStream[45] = null
      ByteArrayOutputStream[46] = null
      ByteArrayOutputStream[47] = null
      ByteArrayOutputStream[48] = null
      ByteArrayOutputStream[49] = null
    svBAOSsSize = 1
  bmd = class com.ibm.ws.ejbcontainer.osgi.internal.metadata.OSGiBeanMetaData@6117b002
    tc = class com.ibm.websphere.ras.TraceComponent@1c6e2083
      strings[0] = "TraceComponent[com.ibm.ws.ejbcontainer.osgi.internal.metadata.OSGiBeanMetaData,class com.ibm.ws.ejbcontainer.osgi.internal.metadata.OSGiBeanMetaData,[EJBContainer],com.ibm.ws.ejbcontainer.osgi.internal.resources.EJBContainerMessages,null]"
    beanRuntime = class com.ibm.ws.ejbcontainer.session.internal.SessionBeanRuntimeImpl@37668415
      serialVersionUID = -47239889424563615
      $$$tc$$$ = class com.ibm.websphere.ras.TraceComponent@ec892b1
    systemHomeBindingName = null
    mbeanServiceReg = null
    serialVersionUID = 4571786972187397809
    tc = class com.ibm.websphere.ras.TraceComponent@51a5e4b3
      strings[0] = "TraceComponent[com.ibm.ejs.container.BeanMetaData,class com.ibm.ejs.container.BeanMetaData,[EJBContainer],com.ibm.ejs.container.container,null]"
    svTimedObjectClass = class java.lang.Class@31e18983
      ANNOTATION = 8192
      ENUM = 16384
      SYNTHETIC = 4096
      cachedConstructor = null
      newInstanceCallerCache = null
      name = "javax.ejb.TimedObject"
      module = class java.lang.Module@388ec3fd
      packageName = "javax.ejb"
      componentType = {} /* array length = 0 */
      allPermDomain = class java.security.ProtectionDomain@55bb7f83
      reflectionData = class java.lang.ref.SoftReference@213faab8
      classRedefinedCount = 0
      genericInfo = null
      EMPTY_CLASS_ARRAY = class java.lang.Class[0]
      serialVersionUID = 3206093459760846163
      serialPersistentFields = class java.io.ObjectStreamField[0]
      reflectionFactory = class jdk.internal.reflect.ReflectionFactory@5b33544e
      enumConstants = null
      enumConstantDirectory = null
      annotationData = null
      annotationType = null
      classValueMap = null
    svTimedObjectMethod = class java.lang.reflect.Method@1dde78a0
      clazz = class java.lang.Class@31e18983
      slot = 0
      name = "ejbTimeout"
      returnType = class java.lang.Class@123a439b
      parameterTypes = class java.lang.Class[1]
      exceptionTypes = class java.lang.Class[0]
      modifiers = 1025
      signature = null
      genericInfo = null
      annotations = null
      parameterAnnotations = null
      annotationDefault = null
      methodAccessor = null
      root = class java.lang.reflect.Method@30432505
      hasRealParameterData = false
      parameters = null
      declaredAnnotations = null
      ACCESS_PERMISSION = class java.lang.reflect.ReflectPermission@5e258ccb
      override = false
      reflectionFactory = class jdk.internal.reflect.ReflectionFactory@5b33544e
      securityCheckCache = null
      printStackWhenAccessFails = false
      printStackPropertiesSet = true
    ACCESS_INTENT_READ = 0
    ACCESS_INTENT_UPDATE = 1
    ACTIVATION_POLICY_ONCE = 0
    ACTIVATION_POLICY_ACTIVITY_SESSION = 1
    ACTIVATION_POLICY_TRANSACTION = 2
    CONCURRENCY_CONTROL_PESSIMISTIC = 0
    CONCURRENCY_CONTROL_OPTIMISTIC = 1
    J2EE_EJB_VERSION_UNKNOWN = 0
    J2EE_EJB_VERSION_1_0 = 10
    J2EE_EJB_VERSION_1_1 = 11
    J2EE_EJB_VERSION_2_0 = 20
    J2EE_EJB_VERSION_2_1 = 21
    J2EE_EJB_VERSION_3_0 = 30
    J2EE_EJB_VERSION_3_1 = 31
    J2EE_EJB_VERSION_3_2 = 32
    JAVAEE_VERSION_5 = 50
    LOAD_POLICY_ACTIVATION = 0
    LOAD_POLICY_TRANSACTION = 1
    LOAD_POLICY_INTERVAL = 2
    LOAD_POLICY_DAILY = 3
    LOAD_POLICY_WEEKLY = 4
    LOCAL_TX_UNRESOLVED_ACTION_ROLLBACK = 0
    LOCAL_TX_UNRESOLVED_ACTION_COMMIT = 1
    METHOD_TYPE_UNSPECIFIED = 0
    METHOD_TYPE_REMOTE = 1
    METHOD_TYPE_REMOTE_HOME = 2
    METHOD_TYPE_LOCAL = 3
    METHOD_TYPE_LOCAL_HOME = 4
    METHOD_TYPE_SERVICE_ENDPOINT = 5
    PERSISTENCE_BEAN_MANAGED = 0
    PERSISTENCE_CONTAINER_MANAGED = 1
    PIN_POLICY_ACTIVATION_PERIOD = 0
    PIN_POLICY_ACTIVITY_SESSION = 1
    PIN_POLICY_TRANSACTION = 2
    PIN_POLICY_BUSINESS_METHOD = 3
    TX_ATTRIBUTE_TYPE_NOT_SUPPORTED = 0
    TX_ATTRIBUTE_TYPE_SUPPORTS = 1
    TX_ATTRIBUTE_TYPE_REQUIRED = 2
    TX_ATTRIBUTE_TYPE_REQUIRES_NEW = 3
    TX_ATTRIBUTE_TYPE_MANDATORY = 4
    TX_ATTRIBUTE_TYPE_NEVER = 5
    TX_ATTRIBUTE_TYPE_BEAN_MANAGED = 6
    TX_BEAN_MANAGED = 0
    TX_CONTAINER_MANAGED = 1
    TX_ISOLATION_LEVEL_REPEATABLE_READ = 0
    TX_ISOLATION_LEVEL_READ_COMMITTED = 1
    TX_ISOLATION_LEVEL_READ_UNCOMMITTED = 2
    TX_ISOLATION_LEVEL_SERIALIZABLE = 3
    ivInitData = null
    _javaNameSpaceContext = null
    _moduleMetaData = class com.ibm.ws.ejbcontainer.osgi.internal.metadata.OSGiEJBModuleMetaDataImpl@436d698
      systemModule = false
      ivContextClassLoader = class com.ibm.ws.classloading.internal.ThreadContextClassLoader@2378ebbf
      mbeanServiceReg = null
      systemModuleNameSpaceBinder = null
      serialVersionUID = -2264868099501073120
      $$$tc$$$ = class com.ibm.websphere.ras.TraceComponent@f56ca1b
      tc = class com.ibm.websphere.ras.TraceComponent@292d07af
      ivInitData = null
      ivName = "daytrader-ee7-ejb.jar"
      ivLogicalName = "daytrader-ee7-ejb"
      ivAppName = "daytrader7"
      ivJ2EEName = class com.ibm.ws.container.service.metadata.internal.J2EENameImpl@797f0fd7
      ivModuleVersion = 32
      ivEJBApplicationMetaData = class com.ibm.ws.ejbcontainer.osgi.internal.metadata.OSGiEJBApplicationMetaData@3b30c10f
      ivSfsbFailover = false
      ivFailoverInstanceId = null
      ivPMModuleCookie = null
      ivMetadataComplete = false
      ivReadWCCMInterceptors = false
      ivApplicationExceptionMap = null
      ivInterceptorsMap = null
      ivInterceptorBindingMap = null
      ivCurrentBackendId = null
      ivDefaultCmpConnectionFactory = null
      ivDefaultDataSource = null
      ivDefaultDataSourceUser = null
      ivDefaultDataSourcePassword = null
      ivInterceptorMap = null
      ivMBeanRegistered = false
      ivMessageDestinationBindingMap = class java.util.HashMap@4399142a
      ivMetaDataDestroyRequired = true
      ivUseExtendedSetRollbackOnlyBehavior = true
      ivAutomaticTimerBeans = null
      ivHasNonPersistentAutomaticTimers = true
      ivHasPersistentAutomaticTimers = false
      ivBeanMetaDatas = class java.util.LinkedHashMap@2625eff8
      ivNumFullyInitializedBeans = 3
      ivApplicationEventListeners = class java.util.ArrayList@27a54d5c
      ivStopping = false
      ivEJBInWAR = false
      ivManagedBeansInClient = false
      ivManagedBeansOnly = false
      ivJCDIHelper = class com.ibm.ws.ejbcontainer.osgi.internal.EJBRuntimeImpl$1@1a20c81e
      ivVersionedAppBaseName = null
      ivVersionedModuleBaseName = null
      ivAllowsCachedTimerData = false
      tc = class com.ibm.websphere.ras.TraceComponent@963a75
      NUM_STATIC_SLOTS = 4
      ID_UNINITIALIZED = -1
      id = 0
      metaDataInterface = class java.lang.Class@35cc4a74
      staticSlots = class java.lang.Object[4]
      dynamicSlots = class java.lang.Object[4]
    _resourceRefList = class com.ibm.ws.resource.internal.ResourceRefConfigListImpl@1e1b1122
      ivList = class java.util.ArrayList@267cc599
      ivMap = class java.util.HashMap@38f572d8
      serialVersionUID = 5502773099641523293
      $$$tc$$$ = class com.ibm.websphere.ras.TraceComponent@8767335
    _localTran = class com.ibm.ws.ejbcontainer.osgi.internal.metadata.LocalTranConfigDataImpl@a349627
      tc = class com.ibm.websphere.ras.TraceComponent@51c1348a
      serialVersionUID = 23556146111571409
      tc = class com.ibm.websphere.ras.TraceComponent@6dbe5a24
      boundary = 0
      resolver = 0
      unresolvedAction = 0
      isShareable = false
    _globalTran = class com.ibm.ws.ejbcontainer.osgi.internal.metadata.GlobalTranConfigDataImpl@c816ca9
      tc = class com.ibm.websphere.ras.TraceComponent@2f140424
      serialVersionUID = -269778837180775034
      tc = class com.ibm.websphere.ras.TraceComponent@24c87aca
      timeout = 0
      isSendWSAT = false
    j2eeName = class com.ibm.ws.container.service.metadata.internal.J2EENameImpl@59100839
    ivUnversionedJ2eeName = null
    type = 2
    ivDependsOn = null
    entityRemoteNoTxAttrMethods = class java.lang.String[4]
      String[0] = "getEJBHome"
      String[1] = "getHandle"
      String[2] = "getPrimaryKey"
      String[3] = "isIdentical"
    entityRemoteNoTxAttrMethodSignatures = class java.lang.String[4]
      String[0] = ""
      String[1] = ""
      String[2] = ""
      String[3] = "javax.ejb.EJBObject"
    entityLocalNoTxAttrMethods = class java.lang.String[3]
      String[0] = "getEJBHome"
      String[1] = "getPrimaryKey"
      String[2] = "isIdentical"
    entityLocalNoTxAttrMethodSignatures = class java.lang.String[3]
      String[0] = ""
      String[1] = ""
      String[2] = "javax.ejb.EJBObject"
    entityRemoteHomeNoTxAttrMethods = class java.lang.String[2]
      String[0] = "getEJBMetaData"
      String[1] = "getHomeHandle"
    entityRemoteHomeNoTxAttrMethodSignatures = class java.lang.String[2]
      String[0] = ""
      String[1] = ""
    entityLocalHomeNoTxAttrMethods = class java.lang.String[1]
      String[0] = ""
    entityLocalHomeNoTxAttrMethodSignatures = class java.lang.String[1]
      String[0] = ""
    sessionLocalHomeNoTxAttrMethods = class java.lang.String[1]
      String[0] = "*"
    sessionLocalHomeNoTxAttrMethodSignatures = class java.lang.String[1]
      String[0] = ""
    sessionRemoteHomeNoTxAttrMethods = class java.lang.String[1]
      String[0] = "*"
    sessionRemoteHomeNoTxAttrMethodSignatures = class java.lang.String[1]
      String[0] = ""
    ivModuleVersion = 32
    enterpriseBeanClassName = "com.ibm.websphere.samples.daytrader.ejb3.MarketSummarySingleton"
    enterpriseBeanClass = class java.lang.Class@712dffa9
      ANNOTATION = 8192
      ENUM = 16384
      SYNTHETIC = 4096
      cachedConstructor = null
      newInstanceCallerCache = null
      name = "com.ibm.websphere.samples.daytrader.ejb3.MarketSummarySingleton"
      module = class java.lang.Module@56088c12
      packageName = "com.ibm.websphere.samples.daytrader.ejb3"
      componentType = null
      allPermDomain = class java.security.ProtectionDomain@55bb7f83
      reflectionData = class java.lang.ref.SoftReference@5f35c3a
      classRedefinedCount = 0
      genericInfo = class sun.reflect.generics.repository.ClassRepository@4a22a053
      EMPTY_CLASS_ARRAY = class java.lang.Class[0]
      serialVersionUID = 3206093459760846163
      serialPersistentFields = class java.io.ObjectStreamField[0]
      reflectionFactory = class jdk.internal.reflect.ReflectionFactory@5b33544e
      enumConstants = null
      enumConstantDirectory = null
      annotationData = class java.lang.Class$AnnotationData@3c24c651
      annotationType = null
      classValueMap = null
    enterpriseBeanAbstractClass = class java.lang.Class@712dffa9
    homeBeanClass = class java.lang.Class@737fa237
      ANNOTATION = 8192
      ENUM = 16384
      SYNTHETIC = 4096
      cachedConstructor = class java.lang.reflect.Constructor@e8667a8
      newInstanceCallerCache = class java.lang.Class@25e0d0a3
      name = "com.ibm.ejs.container.SessionHome"
      module = class java.lang.Module@5e8b8191
      packageName = "com.ibm.ejs.container"
      componentType = null
      allPermDomain = class java.security.ProtectionDomain@55bb7f83
      reflectionData = class java.lang.ref.SoftReference@1df6b712
      classRedefinedCount = 0
      genericInfo = null
      EMPTY_CLASS_ARRAY = class java.lang.Class[0]
      serialVersionUID = 3206093459760846163
      serialPersistentFields = class java.io.ObjectStreamField[0]
      reflectionFactory = class jdk.internal.reflect.ReflectionFactory@5b33544e
      enumConstants = null
      enumConstantDirectory = null
      annotationData = class java.lang.Class$AnnotationData@58bc0c95
      annotationType = null
      classValueMap = null
    ivEnterpriseBeanFactory = class com.ibm.ws.cdi.impl.managedobject.CDIEJBManagedObjectFactoryImpl@4e83493b
      tc = class com.ibm.websphere.ras.TraceComponent@71c52884
      _ejbName = "MarketSummarySingleton"
      defaultEJBManagedObjectFactory = class com.ibm.ws.managedobject.internal.ManagedObjectFactoryImpl@65569bfd
      _ejbDescriptor = class org.jboss.weld.ejb.InternalEjbDescriptor@578a192e
      serialVersionUID = 5272593107795190813
      tc = class com.ibm.websphere.ras.TraceComponent@13dd4c80
      cdiRuntime = class com.ibm.ws.cdi.liberty.CDIRuntimeImpl@26f0b522
      _managedClass = class java.lang.Class@712dffa9
      _bean = class org.jboss.weld.bean.SessionBean@3d06f99d
      _beanLookupComplete = true
      _beanManager = class org.jboss.weld.manager.BeanManagerImpl@278aa622
      _bda = class com.ibm.ws.cdi.impl.weld.BeanDeploymentArchiveImpl@3ba530b5
      _requestManagingInjectionAndInterceptors = false
      referenceContext = null
      serialVersionUID = 4347171954654192899
    ivEnterpriseBeanClassConstructor = null
    managedObjectManagesInjectionAndInterceptors = false
    fullyInitialized = true
    pKeyClass = null
    m_syncToOSThreadValue = false
    ivPersistenceRefNames = null
    ivJpaPuIdSTUnsyncSet = null
    ivExPcPuIds = class com.ibm.ws.jpa.JPAPuId[0]
    homeInterfaceClassName = null
    homeInterfaceClass = null
    remoteInterfaceClass = null
    remoteImplClass = null
    remoteTieClass = null
    homeRemoteImplClass = null
    homeRemoteTieClass = null
    localHomeInterfaceClassName = null
    localHomeInterfaceClass = null
    localInterfaceClass = null
    localImplClass = null
    localImplProxyConstructor = null
    homeLocalImplClass = null
    homeLocalImplProxyConstructor = null
    ivHasWebServiceEndpoint = false
    webserviceEndpointInterfaceClass = null
    ivWebServiceEndpointProxyName = null
    ivWebServiceEndpointProxyClass = null
    ivWebServiceEndpointCreated = false
    ivBusinessLocalInterfaceClassNames = null
    ivBusinessLocalInterfaceClasses = class java.lang.Class[1]
      Class[0] = class java.lang.Class@712dffa9
    ivBusinessRemoteInterfaceClassNames = null
    ivBusinessRemoteInterfaceClasses = null
    ivBusinessLocalImplClasses = class java.lang.Class[1]
      Class[0] = class java.lang.Class@3f39e1e1
    ivBusinessLocalImplProxyConstructors = null
    ivBusinessRemoteImplClasses = null
    ivBusinessRemoteTieClasses = null
    ivAggregateLocalImplClass = null
    ivLocalBean = true
    ivLocalBeanWrapperField = class java.lang.reflect.Field@5fc0a011
      clazz = class java.lang.Class@3f39e1e1
      slot = 0
      name = "ivWrapperBase"
      type = class java.lang.Class@c9691c0
      modifiers = 2
      signature = null
      genericInfo = null
      annotations = null
      fieldAccessor = null
      overrideFieldAccessor = null
      root = class java.lang.reflect.Field@40670b4
      declaredAnnotations = null
      ACCESS_PERMISSION = class java.lang.reflect.ReflectPermission@5e258ccb
      override = true
      reflectionFactory = class jdk.internal.reflect.ReflectionFactory@5b33544e
      securityCheckCache = null
      printStackWhenAccessFails = false
      printStackPropertiesSet = true
    ivMessageEndpointBaseField = null
    ivManagedBeanBeanOField = null
    ivIndirectLocalProxies = false
    cmpResetFields = null
    connFactoryName = null
    envProps = class java.util.Properties@748db77f
      serialVersionUID = 4112578634029874840
      defaults = null
      map = class java.util.concurrent.ConcurrentHashMap@55e6ca92
      hexDigit = {0123456789ABCDEF} /* array length = 16 */
      table = null
      count = 0
      threshold = 0
      loadFactor = 0.0
      modCount = 0
      serialVersionUID = 1421746759512286392
      MAX_ARRAY_SIZE = 2147483639
      keySet = null
      entrySet = null
      values = null
      KEYS = 0
      VALUES = 1
      ENTRIES = 2
    simpleJndiBindingName = null
    localHomeJndiBindingName = null
    remoteHomeJndiBindingName = null
    ivRemoteHomeJndiName = null
    ivLocalHomeJndiName = null
    businessInterfaceJndiBindingNames = null
    enterpriseBeanName = "MarketSummarySingleton"
    reentrant = false
    passivationCapable = true
    sessionTimeout = 0
    ivSFSBFailover = false
    ivSfFailoverClient = null
    sessionActivateTran = false
    sessionActivateSession = false
    optionACommitOption = false
    optionBCommitOption = false
    optionCCommitOption = false
    ivReadOnlyCommitOption = false
    entitySessionalTranOption = false
    optimisticConcurrencyControl = false
    CACHE_RELOAD_NONE = 0
    CACHE_RELOAD_INTERVAL = 1
    CACHE_RELOAD_DAILY = 2
    CACHE_RELOAD_WEEKLY = 3
    ivCacheReloadType = 0
    ivCacheReloadInterval = -1
    activationPolicy = 0
    methodNames = null
    localMethodNames = class java.lang.String[2]
      String[0] = "getMarketSummaryDataBean"
      String[1] = "setMarketSummaryDataBean"
    timedMethodNames = class java.lang.String[1]
    wsEndpointMethodNames = null
    lifecycleInterceptorMethodNames = class java.lang.String[4]
      String[0] = "setup"
      String[1] = "PreDestroy lifecycle interceptor"
      String[2] = "PrePassivate lifecycle interceptor"
      String[3] = "PostActivate lifecycle interceptor"
    methodInfos = null
    localMethodInfos = class com.ibm.ejs.container.EJBMethodInfoImpl[2]
      EJBMethodInfoImpl[0] = class com.ibm.ws.ejbcontainer.osgi.internal.metadata.OSGiEJBMethodMetaDataImpl@29698c17
      EJBMethodInfoImpl[1] = class com.ibm.ws.ejbcontainer.osgi.internal.metadata.OSGiEJBMethodMetaDataImpl@4408b36f
    timedMethodInfos = class com.ibm.ejs.container.EJBMethodInfoImpl[1]
    wsEndpointMethodInfos = null
    lifecycleInterceptorMethodInfos = class com.ibm.ejs.container.EJBMethodInfoImpl[4]
      EJBMethodInfoImpl[0] = class com.ibm.ws.ejbcontainer.osgi.internal.metadata.OSGiEJBMethodMetaDataImpl@9fefbae
      EJBMethodInfoImpl[1] = class com.ibm.ws.ejbcontainer.osgi.internal.metadata.OSGiEJBMethodMetaDataImpl@5d8c7a2
      EJBMethodInfoImpl[2] = class com.ibm.ws.ejbcontainer.osgi.internal.metadata.OSGiEJBMethodMetaDataImpl@1b00d910
      EJBMethodInfoImpl[3] = class com.ibm.ws.ejbcontainer.osgi.internal.metadata.OSGiEJBMethodMetaDataImpl@1b0b20b9
    isolationAttrs = null
    readOnlyAttrs = null
    homeMethodNames = null
    localHomeMethodNames = null
    homeMethodInfos = null
    localHomeMethodInfos = null
    homeIsolationAttrs = null
    homeReadOnlyAttrs = null
    commitDanglingWork = false
    ivHasInheritance = false
    ivHasAppManagedPersistenceContext = false
    ivHasCMExtendedPersistenceContext = false
    usesBeanManagedTx = false
    usesBeanManagedAS = false
    cmpVersion = 0
    persister = null
    classLoader = class com.ibm.ws.classloading.internal.AppClassLoader@22459969
      tc = class com.ibm.websphere.ras.TraceComponent@ae82870
      PARENT_FIRST_SEARCH_ORDER = class java.util.Collections$UnmodifiableRandomAccessList@18e0a1cc
      CLASS_LOADING_TRACE_PREFIX = "com.ibm.ws.class.load."
      DEFAULT_PACKAGE = "default.package"
      perPackageClassLoadingTraceComponents = class java.util.concurrent.ConcurrentHashMap@149acb33
      config = class com.ibm.ws.classloading.internal.ClassLoaderConfigurationImpl@15f5489f
      privateLibraries = null
      delegateLoaders = class com.ibm.ws.classloading.internal.util.CompositeIterable@3b986081
      nativeLibraryFiles = class java.util.ArrayList@26eb48ff
      transformers = class java.util.ArrayList@646acc42
      apiAccess = class com.ibm.ws.classloading.internal.GatewayClassLoader@174dba52
      generator = class com.ibm.ws.classloading.internal.ClassGeneratorManager@5be4d1e0
      protectionDomains = class java.util.concurrent.ConcurrentHashMap@23803e75
      parent = class com.ibm.ws.classloading.internal.GatewayClassLoader@174dba52
      serialVersionUID = 952643806680066297
      tc = class com.ibm.websphere.ras.TraceComponent@27bc2a94
      EMPTY_URL_ARRAY = class java.net.URL[0]
      smartClassPath = class com.ibm.ws.classloading.internal.ContainerClassLoader$SmartClassPathImpl@5fd0264a
      nativeLibraryContainers = class java.util.ArrayList@6d6ae92e
      redefiner = class com.ibm.ws.classloading.internal.util.ClassRedefiner@10fc5eb2
      mapCreationQueue = class java.util.concurrent.Executors$FinalizableDelegatedExecutorService@32ada94e
      serialVersionUID = 7249739282446266343
      serialVersionUID = -7411549862368381758
      $$$tc$$$ = class com.ibm.websphere.ras.TraceComponent@5497be80
      serialVersionUID = -4868702105808481416
      $$$tc$$$ = class com.ibm.websphere.ras.TraceComponent@547a4e1b
      serialVersionUID = 2596921220292114344
      $$$tc$$$ = class com.ibm.websphere.ras.TraceComponent@18474f79
      initialized = true
      pdcache = class java.util.concurrent.ConcurrentHashMap@6c112b27
      parent = class com.ibm.ws.classloading.internal.GatewayClassLoader@174dba52
      name = null
      unnamedModule = class java.lang.Module@56088c12
      parallelLockMap = null
      package2certs = class java.util.Hashtable@247351af
      nocerts = class java.security.cert.Certificate[0]
      classes = class java.util.Vector@7b4b7bb6
      defaultDomain = class java.security.ProtectionDomain@1e662feb
      packages = class java.util.concurrent.ConcurrentHashMap@c9c5829
      scl = class jdk.internal.loader.ClassLoaders$AppClassLoader@7591083d
      usr_paths = class java.lang.String[35]
      sys_paths = class java.lang.String[1]
      loadedLibraryNames = class java.util.HashSet@3ddca9cb
      systemNativeLibraries = class java.util.concurrent.ConcurrentHashMap@53eff349
      nativeLibraries = null
      assertionLock = class com.ibm.ws.classloading.internal.AppClassLoader@22459969
      defaultAssertionStatus = false
      packageAssertionStatus = null
      classAssertionStatus = null
      classLoaderValueMap = class java.util.concurrent.ConcurrentHashMap@29b6f42a
      $assertionsDisabled = true
    ivContextClassLoader = class com.ibm.ws.classloading.internal.ThreadContextClassLoader@2378ebbf
      tc = class com.ibm.websphere.ras.TraceComponent@7449a2a4
      bundle = class java.util.concurrent.atomic.AtomicReference@7826b036
      key = "EARApplication:daytrader7"
      refCount = class java.util.concurrent.atomic.AtomicInteger@24321d0a
      appLoader = class com.ibm.ws.classloading.internal.AppClassLoader@22459969
      clSvc = class com.ibm.ws.classloading.internal.ClassLoadingServiceImpl@4bae023f
      serialVersionUID = 846416563800781557
      followOnClassLoaders = class java.util.ArrayList@32cb0622
      serialVersionUID = -5107316606107305512
      $$$tc$$$ = class com.ibm.websphere.ras.TraceComponent@77a518ad
      serialVersionUID = -4868702105808481416
      $$$tc$$$ = class com.ibm.websphere.ras.TraceComponent@547a4e1b
      serialVersionUID = 2596921220292114344
      $$$tc$$$ = class com.ibm.websphere.ras.TraceComponent@18474f79
      initialized = true
      pdcache = class java.util.concurrent.ConcurrentHashMap@120371d3
      parent = class com.ibm.ws.classloading.internal.GatewayClassLoader@1432fbb6
      name = null
      unnamedModule = class java.lang.Module@1a963317
      parallelLockMap = null
      package2certs = class java.util.Hashtable@5f69d4a5
      nocerts = class java.security.cert.Certificate[0]
      classes = class java.util.Vector@6b07580f
      defaultDomain = class java.security.ProtectionDomain@117b95b
      packages = class java.util.concurrent.ConcurrentHashMap@893cd43
      scl = class jdk.internal.loader.ClassLoaders$AppClassLoader@7591083d
      usr_paths = class java.lang.String[35]
      sys_paths = class java.lang.String[1]
      loadedLibraryNames = class java.util.HashSet@3ddca9cb
      systemNativeLibraries = class java.util.concurrent.ConcurrentHashMap@53eff349
      nativeLibraries = null
      assertionLock = class com.ibm.ws.classloading.internal.ThreadContextClassLoader@2378ebbf
      defaultAssertionStatus = false
      packageAssertionStatus = null
      classAssertionStatus = null
      classLoaderValueMap = null
      $assertionsDisabled = true
    minPoolSize = 50
    maxPoolSize = 500
    allowCachedTimerDataForMethods = 0
    ivInitialPoolSize = 0
    ivMaxCreation = 0
    ivMaxCreationTimeout = 300000
    isPreFindFlushEnabled = true
    isCleanEJBStoreEnabled = true
    fbpkReadOnlyOverrideAllBeans = false
    allowCustomFinderSQLForUpdateALLBeans = false
    allowCustomFinderSQLForUpdateThisBean = false
    allowCustomFinderSQLForUpdateMethodLevel = false
    allowWAS390CustomFinderAtBeanLevel = false
    CF_METHOD_NAME_OFFSET = 0
    CF_METHOD_SIG_OFFSET = 1
    isTimedObject = false
    ivTimeoutMethod = null
    isLightweight = false
    ivActivationSpecJndiName = null
    ivActivationSpecAuthAlias = null
    ivMessageDestinationJndiName = null
    ivMessageListenerPortName = null
    ivMessagingTypeClassName = null
    ivApplicationVersionId = 50
    ivActivationConfig = null
    ivDeferEJBInitialization = true
    ivCluster = null
    ivBeanInjectionTargets = class com.ibm.wsspi.injectionengine.InjectionTarget[1]
      InjectionTarget[0] = class com.ibm.wsspi.injectionengine.InjectionTargetField@86501a1
    ivJavaColonCompEnvMap = class java.util.LinkedHashMap@430da660
      serialVersionUID = 3801124242820219131
      head = class java.util.LinkedHashMap$Entry@774d13f3
      tail = class java.util.LinkedHashMap$Entry@7678b7d0
      accessOrder = false
      serialVersionUID = 362498820763181265
      DEFAULT_INITIAL_CAPACITY = 16
      MAXIMUM_CAPACITY = 1073741824
      DEFAULT_LOAD_FACTOR = 0.75
      TREEIFY_THRESHOLD = 8
      UNTREEIFY_THRESHOLD = 6
      MIN_TREEIFY_CAPACITY = 64
      table = class java.util.HashMap$Node[16]
      entrySet = class java.util.LinkedHashMap$LinkedEntrySet@27101df3
      size = 2
      modCount = 2
      threshold = 12
      loadFactor = 0.75
      keySet = null
      values = class java.util.LinkedHashMap$LinkedValues@38dd4069
    wccm = null
    ivComponent_Id = null
    removeTxAttr = 0
    container = class com.ibm.ejs.container.EJSContainer@59d00c1e
    homeRecord = class com.ibm.ws.ejbcontainer.osgi.internal.HomeRecordImpl@6edcfb0b
      systemHomeBindingName = null
      remoteBindingData = null
      serialVersionUID = -7648623497327828699
      $$$tc$$$ = class com.ibm.websphere.ras.TraceComponent@5998db40
      beanO = class com.ibm.ejs.container.CMStatelessBeanO@28cb649b
      homeInternal = class com.ibm.ejs.container.SessionHome@36bfb159
      bmd = class com.ibm.ws.ejbcontainer.osgi.internal.metadata.OSGiBeanMetaData@6117b002
      ejbMmd = class com.ibm.ws.ejbcontainer.osgi.internal.metadata.OSGiEJBModuleMetaDataImpl@436d698
      homeOfHomes = class com.ibm.ejs.container.HomeOfHomes@7cd6436d
      j2eeName = class com.ibm.ws.container.service.metadata.internal.J2EENameImpl@59100839
      cmpVersion = 0
      connFactoryName = null
      ejbName = "MarketSummarySingleton"
      classLoader = class com.ibm.ws.classloading.internal.AppClassLoader@22459969
      beanType = 2
      ivRemoteBindingsHelper = null
      ivLocalBindingsHelper = null
      ivJavaGlobalBindings = class java.util.ArrayList@3f9e23a4
      ivJavaAppBindings = class java.util.ArrayList@45fc2f86
      childBeans = class java.util.Hashtable@1b665425
      ivHasInheritance = false
      ivIsChild = false
      ivShortDefaultBindingsEnabled = null
    accessIntentList = null
    isoLevelList = null
    ivCallbackKind = class com.ibm.ws.ejbcontainer.CallbackKind@b799687
      None = class com.ibm.ws.ejbcontainer.CallbackKind@2ee4c5f4
      SessionBean = class com.ibm.ws.ejbcontainer.CallbackKind@319d4a44
      MessageDrivenBean = class com.ibm.ws.ejbcontainer.CallbackKind@2a872dfc
      InvocationContext = class com.ibm.ws.ejbcontainer.CallbackKind@b799687
      $VALUES = class com.ibm.ws.ejbcontainer.CallbackKind[4]
      name = "InvocationContext"
      ordinal = 3
    ivInterceptorMetaData = class com.ibm.ejs.container.interceptors.InterceptorMetaData@5a18ee71
      CLASS_NAME = "com.ibm.ejs.container.interceptors.InterceptorMetaData"
      tc = class com.ibm.websphere.ras.TraceComponent@1845626
      ivInterceptorClasses = class java.lang.Class[2]
      ivInterceptorFactories = interface com.ibm.ws.managedobject.ManagedObjectFactory[2]
      ivAroundConstructInterceptors = class com.ibm.ejs.container.interceptors.InterceptorProxy[1]
      ivPrePassivateInterceptors = class com.ibm.ejs.container.interceptors.InterceptorProxy[1]
      ivPreDestroyInterceptors = class com.ibm.ejs.container.interceptors.InterceptorProxy[1]
      ivPostConstructInterceptors = class com.ibm.ejs.container.interceptors.InterceptorProxy[3]
      ivPostActivateInterceptors = class com.ibm.ejs.container.interceptors.InterceptorProxy[1]
      ivBeanLifecycleMethods = class java.lang.reflect.Method[4]
      ivInterceptorInjectionTargets = class [Lcom.ibm.wsspi.injectionengine.InjectionTarget;[2]
    ivInitMethodMap = null
    ivRoleLinkMap = null
    metadataComplete = false
    ivUseCallerIdentity = false
    ivRunAs = null
    ivEjbCreateMethod = null
    ivMetaDataDestroyRequired = true
    supportsFluffOnFind = false
    ivSingletonUsesBeanManagedConcurrency = false
    ivHasAsynchMethod = false
    ivAfterBegin = null
    ivBeforeCompletion = null
    ivAfterCompletion = null
    methodsExposedOnLocalInterface = null
    methodsExposedOnRemoteInterface = null
    methodsExposedOnLocalHomeInterface = null
    methodsExposedOnRemoteHomeInterface = null
    allPublicMethodsOnBean = null
    methodsToMethodInfos = null
    ivReferenceContext = class com.ibm.ws.injectionengine.osgi.internal.OSGiReferenceContextImpl@2fb1b3fa
      scopeData = class com.ibm.ws.injectionengine.osgi.internal.OSGiInjectionScopeData@5744f652
      serialVersionUID = 521511923892134915
      $$$tc$$$ = class com.ibm.websphere.ras.TraceComponent@268dfb66
      CLASS_NAME = "com.ibm.ws.injectionengine.ReferenceContextImpl"
      tc = class com.ibm.websphere.ras.TraceComponent@193507c6
      ivInjectionEngine = class com.ibm.ws.injectionengine.osgi.internal.OSGiInjectionEngineImpl@479d17c7
      ivProviders = class java.util.ArrayList@27cacdaf
      ivComponentJavaContext = null
      ivComponentNameSpace = null
      ivJavaColonCompEnvMap = class java.util.LinkedHashMap@430da660
      ivEjbContext10 = class java.util.Properties@748db77f
      ivResourceRefConfigList = class com.ibm.ws.resource.internal.ResourceRefConfigListImpl@1e1b1122
      isAlreadyProcessed = true
      ivProcessFailure = null
      ivInjectionTargetMap = class java.util.concurrent.ConcurrentHashMap@1a4c45d9
      svInjTarMapCacheSize = 256
      ivDeclaredInjectionTargets = class java.util.HashMap@32aa3fa5
      ivProcessedInjectionClasses = class java.util.HashSet@a4a45c1
      ivProcessedInjectionBindings = class java.util.ArrayList@7b1c5692
      ivAnyProcessDynamic = false
      ivCheckAppConfig = false
    ivPassivatorFields = null
    ivIsNoMethodInterfaceMDB = false
    tc = class com.ibm.websphere.ras.TraceComponent@963a75
      strings[0] = "TraceComponent[com.ibm.ws.runtime.metadata.MetaDataImpl,class com.ibm.ws.runtime.metadata.MetaDataImpl,[Runtime],null,null]"
    NUM_STATIC_SLOTS = 4
    ID_UNINITIALIZED = -1
    id = 49
    metaDataInterface = class java.lang.Class@3149e856
      ANNOTATION = 8192
      ENUM = 16384
      SYNTHETIC = 4096
      cachedConstructor = null
      newInstanceCallerCache = null
      name = "com.ibm.ws.runtime.metadata.ComponentMetaData"
      module = class java.lang.Module@764beedc
      packageName = "com.ibm.ws.runtime.metadata"
      componentType = {} /* array length = 0 */
      allPermDomain = class java.security.ProtectionDomain@55bb7f83
      reflectionData = null
      classRedefinedCount = 0
      genericInfo = null
      EMPTY_CLASS_ARRAY = class java.lang.Class[0]
      serialVersionUID = 3206093459760846163
      serialPersistentFields = class java.io.ObjectStreamField[0]
      reflectionFactory = class jdk.internal.reflect.ReflectionFactory@5b33544e
      enumConstants = null
      enumConstantDirectory = null
      annotationData = null
      annotationType = null
      classValueMap = null
    staticSlots = class java.lang.Object[4]
      Object[0] = class com.ibm.ws.injectionengine.osgi.internal.OSGiInjectionScopeData@3f756f7
      Object[1] = null
      Object[2] = null
      Object[3] = null
    dynamicSlots = null
  methodInfos = class com.ibm.ejs.container.EJBMethodInfoImpl[1]
    EJBMethodInfoImpl[0] = class com.ibm.ws.ejbcontainer.osgi.internal.metadata.OSGiEJBMethodMetaDataImpl@7e7dffab
      runAs = null
      useCallerPrincipal = false
      useSystemPrincipal = false
      serialVersionUID = 6211349835382155010
      $$$tc$$$ = class com.ibm.websphere.ras.TraceComponent@cf9e3cd
      tc = class com.ibm.websphere.ras.TraceComponent@2e1e8a3d
      methodSignature = "updateMarketSummary:"
      jdiMethodSignature = "()V"
      txAttr = class com.ibm.websphere.csi.TransactionAttribute@82eaa2a
      asAttr = class com.ibm.websphere.csi.ActivitySessionAttribute@9ff53eb
      ivInterface = class com.ibm.websphere.csi.MethodInterface@35273977
      methodName = "updateMarketSummary"
      isHome = false
      isStatefulSessionBean = false
      bmd = class com.ibm.ws.ejbcontainer.osgi.internal.metadata.OSGiBeanMetaData@6117b002
      isStatelessSessionBean = false
      isSingletonSessionBean = true
      isHomeCreate = false
      isComponentRemove = false
      isolationAttr = 0
      readOnlyAttr = false
      isaCMP11CustomFinderWithForUpdateAI = false
      isaCMP11FBPK = false
      isLocal = false
      setClassLoader = true
      isCMRSetMethod = false
      isLightweight = false
      isLightweightTxCapable = false
      ivJPATaskName = "com.ibm.websphere.samples.daytrader.ejb3.MarketSummarySingleton.updateMarketSummary"
      ivAroundInterceptors = class com.ibm.ejs.container.interceptors.InterceptorProxy[2]
      ivMethod = class java.lang.reflect.Method@5e447bb1
      ivNumberOfMethodParms = 0
      ivBridgeMethod = null
      ivSFSBRemove = false
      ivRetainIfException = false
      ivAccessTimeout = -1
      ivLockType = class javax.ejb.LockType@31b6bcec
      ivAsynchMethod = false
      ivDeclaredExceptions = null
      ivDeclaredExceptionsComp = null
      ivDenyAll = false
      ivPermitAll = false
      ivRolesAllowed = null
      tc = class com.ibm.websphere.ras.TraceComponent@963a75
      NUM_STATIC_SLOTS = 4
      ID_UNINITIALIZED = -1
      id = -1
      metaDataInterface = class java.lang.Class@17d60119
      staticSlots = class java.lang.Object[4]
      dynamicSlots = null
  isolationAttrs = null
  methodNames = class java.lang.String[1]
    String[0] = "updateMarketSummary"
  wrapperManager = class com.ibm.ejs.container.WrapperManager@5a5a1033
    tc = class com.ibm.websphere.ras.TraceComponent@398a16ff
      strings[0] = "TraceComponent[com.ibm.ejs.container.WrapperManager,class com.ibm.ejs.container.WrapperManager,[EJBContainer],com.ibm.ejs.container.container,null]"
    CLASS_NAME = "com.ibm.ejs.container.WrapperManager"
    wrapperCache = class com.ibm.ejs.util.cache.Cache@2131299
      faultStrategy = class com.ibm.ejs.container.WrapperManager@5a5a1033
      evictionStrategy = class com.ibm.ejs.util.cache.SweepLruEvictionStrategy@3dbd4fdc
      discardStrategy = class com.ibm.ejs.container.WrapperManager@5a5a1033
      ivEvictionLocks = null
      ivName = "Wrapper Cache"
      wrappers = true
      buckets = interface com.ibm.ejs.util.cache.Bucket[4111]
      bucketLock = class com.ibm.ejs.util.cache.Cache$BucketLock@66ceabf3
      numBuckets = 4111
      numObjects = 0
      numEvictionAttempts = 0
      numEvictions = 0
      numSweeps = 1
      dumped = false
      tc = class com.ibm.websphere.ras.TraceComponent@e92e80e
      CLASS_NAME = "com.ibm.ejs.util.cache.Cache"
    container = class com.ibm.ejs.container.EJSContainer@59d00c1e
    beanIdCache = class com.ibm.ejs.container.BeanIdCache@2b7da982
      ivBuckets = class com.ibm.ejs.container.BeanId[8231]
      ivCacheFinds = 0
      ivCacheHits = 0
      tc = class com.ibm.websphere.ras.TraceComponent@701016fb
  ivPmiBean = null
  ivCommon = null
  isManagedWrapper = false
  ivInterface = class com.ibm.ejs.container.WrapperInterface@3f036dd7
    REMOTE = class com.ibm.ejs.container.WrapperInterface@5c37ae43
      REMOTE = class com.ibm.ejs.container.WrapperInterface@5c37ae43
      HOME = class com.ibm.ejs.container.WrapperInterface@5b834695
      LOCAL = class com.ibm.ejs.container.WrapperInterface@7f4ae5e7
      LOCAL_HOME = class com.ibm.ejs.container.WrapperInterface@af55a8f
      SERVICE_ENDPOINT = class com.ibm.ejs.container.WrapperInterface@6bd1b824
      MESSAGE_LISTENER = class com.ibm.ejs.container.WrapperInterface@2aa7fc25
      TIMED_OBJECT = class com.ibm.ejs.container.WrapperInterface@3f036dd7
      BUSINESS_LOCAL = class com.ibm.ejs.container.WrapperInterface@2ea414b
      BUSINESS_REMOTE = class com.ibm.ejs.container.WrapperInterface@22eb42bb
      BUSINESS_RMI_REMOTE = class com.ibm.ejs.container.WrapperInterface@449dce5a
      LIFECYCLE_INTERCEPTOR = class com.ibm.ejs.container.WrapperInterface@51ce5438
      ivExceptionStrategy = class com.ibm.ejs.container.RemoteExceptionMappingStrategy@79f8c35d
      ivORB = true
      $VALUES = class com.ibm.ejs.container.WrapperInterface[11]
      name = "REMOTE"
      ordinal = 0
    HOME = class com.ibm.ejs.container.WrapperInterface@5b834695
      REMOTE = class com.ibm.ejs.container.WrapperInterface@5c37ae43
      HOME = class com.ibm.ejs.container.WrapperInterface@5b834695
      LOCAL = class com.ibm.ejs.container.WrapperInterface@7f4ae5e7
      LOCAL_HOME = class com.ibm.ejs.container.WrapperInterface@af55a8f
      SERVICE_ENDPOINT = class com.ibm.ejs.container.WrapperInterface@6bd1b824
      MESSAGE_LISTENER = class com.ibm.ejs.container.WrapperInterface@2aa7fc25
      TIMED_OBJECT = class com.ibm.ejs.container.WrapperInterface@3f036dd7
      BUSINESS_LOCAL = class com.ibm.ejs.container.WrapperInterface@2ea414b
      BUSINESS_REMOTE = class com.ibm.ejs.container.WrapperInterface@22eb42bb
      BUSINESS_RMI_REMOTE = class com.ibm.ejs.container.WrapperInterface@449dce5a
      LIFECYCLE_INTERCEPTOR = class com.ibm.ejs.container.WrapperInterface@51ce5438
      ivExceptionStrategy = class com.ibm.ejs.container.RemoteExceptionMappingStrategy@79f8c35d
      ivORB = true
      $VALUES = class com.ibm.ejs.container.WrapperInterface[11]
      name = "HOME"
      ordinal = 1
    LOCAL = class com.ibm.ejs.container.WrapperInterface@7f4ae5e7
      REMOTE = class com.ibm.ejs.container.WrapperInterface@5c37ae43
      HOME = class com.ibm.ejs.container.WrapperInterface@5b834695
      LOCAL = class com.ibm.ejs.container.WrapperInterface@7f4ae5e7
      LOCAL_HOME = class com.ibm.ejs.container.WrapperInterface@af55a8f
      SERVICE_ENDPOINT = class com.ibm.ejs.container.WrapperInterface@6bd1b824
      MESSAGE_LISTENER = class com.ibm.ejs.container.WrapperInterface@2aa7fc25
      TIMED_OBJECT = class com.ibm.ejs.container.WrapperInterface@3f036dd7
      BUSINESS_LOCAL = class com.ibm.ejs.container.WrapperInterface@2ea414b
      BUSINESS_REMOTE = class com.ibm.ejs.container.WrapperInterface@22eb42bb
      BUSINESS_RMI_REMOTE = class com.ibm.ejs.container.WrapperInterface@449dce5a
      LIFECYCLE_INTERCEPTOR = class com.ibm.ejs.container.WrapperInterface@51ce5438
      ivExceptionStrategy = class com.ibm.ejs.container.LocalExceptionMappingStrategy@2190e0d9
      ivORB = false
      $VALUES = class com.ibm.ejs.container.WrapperInterface[11]
      name = "LOCAL"
      ordinal = 2
    LOCAL_HOME = class com.ibm.ejs.container.WrapperInterface@af55a8f
      REMOTE = class com.ibm.ejs.container.WrapperInterface@5c37ae43
      HOME = class com.ibm.ejs.container.WrapperInterface@5b834695
      LOCAL = class com.ibm.ejs.container.WrapperInterface@7f4ae5e7
      LOCAL_HOME = class com.ibm.ejs.container.WrapperInterface@af55a8f
      SERVICE_ENDPOINT = class com.ibm.ejs.container.WrapperInterface@6bd1b824
      MESSAGE_LISTENER = class com.ibm.ejs.container.WrapperInterface@2aa7fc25
      TIMED_OBJECT = class com.ibm.ejs.container.WrapperInterface@3f036dd7
      BUSINESS_LOCAL = class com.ibm.ejs.container.WrapperInterface@2ea414b
      BUSINESS_REMOTE = class com.ibm.ejs.container.WrapperInterface@22eb42bb
      BUSINESS_RMI_REMOTE = class com.ibm.ejs.container.WrapperInterface@449dce5a
      LIFECYCLE_INTERCEPTOR = class com.ibm.ejs.container.WrapperInterface@51ce5438
      ivExceptionStrategy = class com.ibm.ejs.container.LocalExceptionMappingStrategy@2190e0d9
      ivORB = false
      $VALUES = class com.ibm.ejs.container.WrapperInterface[11]
      name = "LOCAL_HOME"
      ordinal = 3
    SERVICE_ENDPOINT = class com.ibm.ejs.container.WrapperInterface@6bd1b824
      REMOTE = class com.ibm.ejs.container.WrapperInterface@5c37ae43
      HOME = class com.ibm.ejs.container.WrapperInterface@5b834695
      LOCAL = class com.ibm.ejs.container.WrapperInterface@7f4ae5e7
      LOCAL_HOME = class com.ibm.ejs.container.WrapperInterface@af55a8f
      SERVICE_ENDPOINT = class com.ibm.ejs.container.WrapperInterface@6bd1b824
      MESSAGE_LISTENER = class com.ibm.ejs.container.WrapperInterface@2aa7fc25
      TIMED_OBJECT = class com.ibm.ejs.container.WrapperInterface@3f036dd7
      BUSINESS_LOCAL = class com.ibm.ejs.container.WrapperInterface@2ea414b
      BUSINESS_REMOTE = class com.ibm.ejs.container.WrapperInterface@22eb42bb
      BUSINESS_RMI_REMOTE = class com.ibm.ejs.container.WrapperInterface@449dce5a
      LIFECYCLE_INTERCEPTOR = class com.ibm.ejs.container.WrapperInterface@51ce5438
      ivExceptionStrategy = class com.ibm.ejs.container.RemoteExceptionMappingStrategy@79f8c35d
      ivORB = false
      $VALUES = class com.ibm.ejs.container.WrapperInterface[11]
      name = "SERVICE_ENDPOINT"
      ordinal = 4
    MESSAGE_LISTENER = class com.ibm.ejs.container.WrapperInterface@2aa7fc25
      REMOTE = class com.ibm.ejs.container.WrapperInterface@5c37ae43
      HOME = class com.ibm.ejs.container.WrapperInterface@5b834695
      LOCAL = class com.ibm.ejs.container.WrapperInterface@7f4ae5e7
      LOCAL_HOME = class com.ibm.ejs.container.WrapperInterface@af55a8f
      SERVICE_ENDPOINT = class com.ibm.ejs.container.WrapperInterface@6bd1b824
      MESSAGE_LISTENER = class com.ibm.ejs.container.WrapperInterface@2aa7fc25
      TIMED_OBJECT = class com.ibm.ejs.container.WrapperInterface@3f036dd7
      BUSINESS_LOCAL = class com.ibm.ejs.container.WrapperInterface@2ea414b
      BUSINESS_REMOTE = class com.ibm.ejs.container.WrapperInterface@22eb42bb
      BUSINESS_RMI_REMOTE = class com.ibm.ejs.container.WrapperInterface@449dce5a
      LIFECYCLE_INTERCEPTOR = class com.ibm.ejs.container.WrapperInterface@51ce5438
      ivExceptionStrategy = class com.ibm.ejs.container.LocalExceptionMappingStrategy@2190e0d9
      ivORB = false
      $VALUES = class com.ibm.ejs.container.WrapperInterface[11]
      name = "MESSAGE_LISTENER"
      ordinal = 5
    TIMED_OBJECT = class com.ibm.ejs.container.WrapperInterface@3f036dd7
    BUSINESS_LOCAL = class com.ibm.ejs.container.WrapperInterface@2ea414b
      REMOTE = class com.ibm.ejs.container.WrapperInterface@5c37ae43
      HOME = class com.ibm.ejs.container.WrapperInterface@5b834695
      LOCAL = class com.ibm.ejs.container.WrapperInterface@7f4ae5e7
      LOCAL_HOME = class com.ibm.ejs.container.WrapperInterface@af55a8f
      SERVICE_ENDPOINT = class com.ibm.ejs.container.WrapperInterface@6bd1b824
      MESSAGE_LISTENER = class com.ibm.ejs.container.WrapperInterface@2aa7fc25
      TIMED_OBJECT = class com.ibm.ejs.container.WrapperInterface@3f036dd7
      BUSINESS_LOCAL = class com.ibm.ejs.container.WrapperInterface@2ea414b
      BUSINESS_REMOTE = class com.ibm.ejs.container.WrapperInterface@22eb42bb
      BUSINESS_RMI_REMOTE = class com.ibm.ejs.container.WrapperInterface@449dce5a
      LIFECYCLE_INTERCEPTOR = class com.ibm.ejs.container.WrapperInterface@51ce5438
      ivExceptionStrategy = class com.ibm.ejs.container.BusinessExceptionMappingStrategy@53bd3d26
      ivORB = false
      $VALUES = class com.ibm.ejs.container.WrapperInterface[11]
      name = "BUSINESS_LOCAL"
      ordinal = 7
    BUSINESS_REMOTE = class com.ibm.ejs.container.WrapperInterface@22eb42bb
      REMOTE = class com.ibm.ejs.container.WrapperInterface@5c37ae43
      HOME = class com.ibm.ejs.container.WrapperInterface@5b834695
      LOCAL = class com.ibm.ejs.container.WrapperInterface@7f4ae5e7
      LOCAL_HOME = class com.ibm.ejs.container.WrapperInterface@af55a8f
      SERVICE_ENDPOINT = class com.ibm.ejs.container.WrapperInterface@6bd1b824
      MESSAGE_LISTENER = class com.ibm.ejs.container.WrapperInterface@2aa7fc25
      TIMED_OBJECT = class com.ibm.ejs.container.WrapperInterface@3f036dd7
      BUSINESS_LOCAL = class com.ibm.ejs.container.WrapperInterface@2ea414b
      BUSINESS_REMOTE = class com.ibm.ejs.container.WrapperInterface@22eb42bb
      BUSINESS_RMI_REMOTE = class com.ibm.ejs.container.WrapperInterface@449dce5a
      LIFECYCLE_INTERCEPTOR = class com.ibm.ejs.container.WrapperInterface@51ce5438
      ivExceptionStrategy = class com.ibm.ejs.container.BusinessExceptionMappingStrategy@53bd3d26
      ivORB = false
      $VALUES = class com.ibm.ejs.container.WrapperInterface[11]
      name = "BUSINESS_REMOTE"
      ordinal = 8
    BUSINESS_RMI_REMOTE = class com.ibm.ejs.container.WrapperInterface@449dce5a
      REMOTE = class com.ibm.ejs.container.WrapperInterface@5c37ae43
      HOME = class com.ibm.ejs.container.WrapperInterface@5b834695
      LOCAL = class com.ibm.ejs.container.WrapperInterface@7f4ae5e7
      LOCAL_HOME = class com.ibm.ejs.container.WrapperInterface@af55a8f
      SERVICE_ENDPOINT = class com.ibm.ejs.container.WrapperInterface@6bd1b824
      MESSAGE_LISTENER = class com.ibm.ejs.container.WrapperInterface@2aa7fc25
      TIMED_OBJECT = class com.ibm.ejs.container.WrapperInterface@3f036dd7
      BUSINESS_LOCAL = class com.ibm.ejs.container.WrapperInterface@2ea414b
      BUSINESS_REMOTE = class com.ibm.ejs.container.WrapperInterface@22eb42bb
      BUSINESS_RMI_REMOTE = class com.ibm.ejs.container.WrapperInterface@449dce5a
      LIFECYCLE_INTERCEPTOR = class com.ibm.ejs.container.WrapperInterface@51ce5438
      ivExceptionStrategy = class com.ibm.ejs.container.RemoteExceptionMappingStrategy@79f8c35d
      ivORB = true
      $VALUES = class com.ibm.ejs.container.WrapperInterface[11]
      name = "BUSINESS_RMI_REMOTE"
      ordinal = 9
    LIFECYCLE_INTERCEPTOR = class com.ibm.ejs.container.WrapperInterface@51ce5438
      REMOTE = class com.ibm.ejs.container.WrapperInterface@5c37ae43
      HOME = class com.ibm.ejs.container.WrapperInterface@5b834695
      LOCAL = class com.ibm.ejs.container.WrapperInterface@7f4ae5e7
      LOCAL_HOME = class com.ibm.ejs.container.WrapperInterface@af55a8f
      SERVICE_ENDPOINT = class com.ibm.ejs.container.WrapperInterface@6bd1b824
      MESSAGE_LISTENER = class com.ibm.ejs.container.WrapperInterface@2aa7fc25
      TIMED_OBJECT = class com.ibm.ejs.container.WrapperInterface@3f036dd7
      BUSINESS_LOCAL = class com.ibm.ejs.container.WrapperInterface@2ea414b
      BUSINESS_REMOTE = class com.ibm.ejs.container.WrapperInterface@22eb42bb
      BUSINESS_RMI_REMOTE = class com.ibm.ejs.container.WrapperInterface@449dce5a
      LIFECYCLE_INTERCEPTOR = class com.ibm.ejs.container.WrapperInterface@51ce5438
      ivExceptionStrategy = class com.ibm.ejs.container.BusinessExceptionMappingStrategy@53bd3d26
      ivORB = false
      $VALUES = class com.ibm.ejs.container.WrapperInterface[11]
      name = "LIFECYCLE_INTERCEPTOR"
      ordinal = 10
    ivExceptionStrategy = class com.ibm.ejs.container.LocalExceptionMappingStrategy@2190e0d9
      CLASS_NAME = "com.ibm.ejs.container.LocalExceptionMappingStrategy"
      tc = class com.ibm.websphere.ras.TraceComponent@ada4625
      INSTANCE = class com.ibm.ejs.container.LocalExceptionMappingStrategy@2190e0d9
      tc = class com.ibm.websphere.ras.TraceComponent@68e6c215
    ivORB = false
    $VALUES = class com.ibm.ejs.container.WrapperInterface[11]
      WrapperInterface[0] = class com.ibm.ejs.container.WrapperInterface@5c37ae43
      WrapperInterface[1] = class com.ibm.ejs.container.WrapperInterface@5b834695
      WrapperInterface[2] = class com.ibm.ejs.container.WrapperInterface@7f4ae5e7
      WrapperInterface[3] = class com.ibm.ejs.container.WrapperInterface@af55a8f
      WrapperInterface[4] = class com.ibm.ejs.container.WrapperInterface@6bd1b824
      WrapperInterface[5] = class com.ibm.ejs.container.WrapperInterface@2aa7fc25
      WrapperInterface[6] = class com.ibm.ejs.container.WrapperInterface@3f036dd7
      WrapperInterface[7] = class com.ibm.ejs.container.WrapperInterface@2ea414b
      WrapperInterface[8] = class com.ibm.ejs.container.WrapperInterface@22eb42bb
      WrapperInterface[9] = class com.ibm.ejs.container.WrapperInterface@449dce5a
      WrapperInterface[10] = class com.ibm.ejs.container.WrapperInterface@51ce5438
    name = "TIMED_OBJECT"
    ordinal = 6
  AGGREGATE_LOCAL_INDEX = -2
  AGGREGATE_EYE_CATCHER = "AGGREGATE"
  ivBusinessInterfaceIndex = 0

