------Start of DE processing------ = [25/05/18 11:14:20:249 CEST]
Exception = java.sql.SQLNonTransientException
Source = com.ibm.ws.resource.internal.ResourceFactoryTrackerData$1
probeid = 121
Stack Dump = java.sql.SQLNonTransientException: DSRA4000E: A valid JDBC driver implementation class was not found for the jdbcDriver jdbcDriver[DerbyEmbedded] using the library DerbyLib. []
	at com.ibm.ws.jdbc.internal.JDBCDriverService.classNotFound(JDBCDriverService.java:207)
	at com.ibm.ws.jdbc.internal.JDBCDriverService.create(JDBCDriverService.java:309)
	at com.ibm.ws.jdbc.internal.JDBCDriverService.createDefaultDataSource(JDBCDriverService.java:413)
	at com.ibm.ws.jdbc.DataSourceService.init(DataSourceService.java:591)
	at com.ibm.ws.jca.cm.AbstractConnectionFactoryService$2.run(AbstractConnectionFactoryService.java:460)
	at com.ibm.ws.jca.cm.AbstractConnectionFactoryService$2.run(AbstractConnectionFactoryService.java:457)
	at java.base/java.security.AccessController.doPrivileged(Native Method)
	at com.ibm.ws.jca.cm.AbstractConnectionFactoryService.initPrivileged(AbstractConnectionFactoryService.java:457)
	at com.ibm.ws.jca.cm.AbstractConnectionFactoryService.createResource(AbstractConnectionFactoryService.java:144)
	at com.ibm.ws.resource.internal.ResourceFactoryTrackerData$1.getService(ResourceFactoryTrackerData.java:120)
	at org.eclipse.osgi.internal.serviceregistry.ServiceFactoryUse$1.run(ServiceFactoryUse.java:212)
	at java.base/java.security.AccessController.doPrivileged(Native Method)
	at org.eclipse.osgi.internal.serviceregistry.ServiceFactoryUse.factoryGetService(ServiceFactoryUse.java:210)
	at org.eclipse.osgi.internal.serviceregistry.ServiceFactoryUse.getService(ServiceFactoryUse.java:111)
	at org.eclipse.osgi.internal.serviceregistry.ServiceConsumer$2.getService(ServiceConsumer.java:45)
	at org.eclipse.osgi.internal.serviceregistry.ServiceRegistrationImpl.getService(ServiceRegistrationImpl.java:508)
	at org.eclipse.osgi.internal.serviceregistry.ServiceRegistry.getService(ServiceRegistry.java:461)
	at org.eclipse.osgi.internal.framework.BundleContextImpl.getService(BundleContextImpl.java:624)
	at com.ibm.ws.jndi.internal.WSContext$4.run(WSContext.java:520)
	at java.base/java.security.AccessController.doPrivileged(Native Method)
	at com.ibm.ws.jndi.internal.WSContext.getReference(WSContext.java:516)
	at com.ibm.ws.jndi.internal.WSContext.resolveObject(WSContext.java:137)
	at com.ibm.ws.jndi.internal.WSContext.lookup(WSContext.java:305)
	at com.ibm.ws.jndi.WSContextBase.lookup(WSContextBase.java:61)
	at org.apache.aries.jndi.DelegateContext.lookup(DelegateContext.java:161)
	at java.naming/javax.naming.InitialContext.lookup(InitialContext.java:409)
	at com.ibm.ws.jpa.container.osgi.internal.OSGiJPAPUnitInfo.lookupDataSource(OSGiJPAPUnitInfo.java:317)
	at com.ibm.ws.jpa.management.JPAPUnitInfo.getJPADataSource(JPAPUnitInfo.java:333)
	at com.ibm.ws.jpa.management.JPAPUnitInfo.getJtaDataSource(JPAPUnitInfo.java:376)
	at com.ibm.ws.jpa.management.JPAPUnitInfo.initialize(JPAPUnitInfo.java:746)
	at com.ibm.ws.jpa.management.JPAPxmlInfo.extractPersistenceUnits(JPAPxmlInfo.java:190)
	at com.ibm.ws.jpa.management.JPAScopeInfo.processPersistenceUnit(JPAScopeInfo.java:90)
	at com.ibm.ws.jpa.management.JPAApplInfo.addPersistenceUnits(JPAApplInfo.java:118)
	at com.ibm.ws.jpa.container.osgi.internal.JPAComponentImpl.processEJBModulePersistenceXml(JPAComponentImpl.java:527)
	at com.ibm.ws.jpa.container.osgi.internal.JPAComponentImpl.applicationStarting(JPAComponentImpl.java:264)
	at com.ibm.ws.container.service.state.internal.ApplicationStateManager.fireStarting(ApplicationStateManager.java:28)
	at com.ibm.ws.container.service.state.internal.StateChangeServiceImpl.fireApplicationStarting(StateChangeServiceImpl.java:50)
	at com.ibm.ws.app.manager.module.internal.DeployedAppInfoBase.preDeployApp(DeployedAppInfoBase.java:383)
	at com.ibm.ws.app.manager.module.internal.DeployedAppInfoBase.deployApp(DeployedAppInfoBase.java:412)
	at com.ibm.ws.app.manager.ear.internal.EARApplicationHandlerImpl.install(EARApplicationHandlerImpl.java:76)
	at com.ibm.ws.app.manager.internal.statemachine.StartAction.execute(StartAction.java:140)
	at com.ibm.ws.app.manager.internal.statemachine.ApplicationStateMachineImpl.enterState(ApplicationStateMachineImpl.java:1258)
	at com.ibm.ws.app.manager.internal.statemachine.ApplicationStateMachineImpl.run(ApplicationStateMachineImpl.java:873)
	at java.base/java.util.concurrent.ThreadPoolExecutor.runWorker(ThreadPoolExecutor.java:1135)
	at java.base/java.util.concurrent.ThreadPoolExecutor$Worker.run(ThreadPoolExecutor.java:635)
	at java.base/java.lang.Thread.run(Thread.java:844)
Caused by: java.lang.ClassNotFoundException: org.apache.derby.jdbc.EmbeddedXADataSource40
	at com.ibm.ws.classloading.internal.AppClassLoader.findClassCommonLibraryClassLoaders(AppClassLoader.java:504)
	at com.ibm.ws.classloading.internal.AppClassLoader.findClass(AppClassLoader.java:276)
	at java.base/java.lang.ClassLoader.loadClass(ClassLoader.java:566)
	at com.ibm.ws.classloading.internal.AppClassLoader.findOrDelegateLoadClass(AppClassLoader.java:482)
	at com.ibm.ws.classloading.internal.AppClassLoader.loadClass(AppClassLoader.java:443)
	at java.base/java.lang.ClassLoader.loadClass(ClassLoader.java:499)
	at com.ibm.ws.jdbc.internal.JDBCDriverService$1.run(JDBCDriverService.java:244)
	at com.ibm.ws.jdbc.internal.JDBCDriverService$1.run(JDBCDriverService.java:234)
	at java.base/java.security.AccessController.doPrivileged(Native Method)
	at com.ibm.ws.jdbc.internal.JDBCDriverService.create(JDBCDriverService.java:234)
	... 44 more

Dump of callerThis
Object type = com.ibm.ws.resource.internal.ResourceFactoryTrackerData$1
  val$ref = class org.eclipse.osgi.internal.serviceregistry.ServiceReferenceImpl@7ef2ecd0
    registration = class org.eclipse.osgi.internal.serviceregistry.ServiceRegistrationImpl@378830f8
      registry = class org.eclipse.osgi.internal.serviceregistry.ServiceRegistry@28e728f2
      context = class org.eclipse.osgi.internal.framework.BundleContextImpl@36b21dba
      bundle = class org.eclipse.osgi.internal.framework.EquinoxBundle@444a0546
      clazzes = class java.lang.String[4]
      service = class org.apache.felix.scr.impl.manager.SingleComponentManager@3c240a98
      reference = class org.eclipse.osgi.internal.serviceregistry.ServiceReferenceImpl@7ef2ecd0
      contextsUsing = class java.util.ArrayList@280bbce0
      properties = class java.util.Collections$UnmodifiableMap@393aa1ab
      serviceid = 422
      serviceranking = 100
      registrationLock = class java.lang.Object@49db50fb
      state = 0
      REGISTERED = 0
      UNREGISTERING = 1
      UNREGISTERED = 2
      FRAMEWORK_SET_SERVICE_PROPERTIES_COUNT = 4
      $assertionsDisabled = true
  this$0 = class com.ibm.ws.resource.internal.ResourceFactoryTrackerData@38793527
    JNDI_SERVICENAME = "osgi.jndi.service.name"
    context = class org.eclipse.osgi.internal.framework.BundleContextImpl@36b21dba
      findHookName = "org.osgi.framework.hooks.bundle.FindHook"
      valid = true
      bundle = class org.eclipse.osgi.internal.framework.EquinoxBundle@444a0546
      container = class org.eclipse.osgi.internal.framework.EquinoxContainer@29590179
      debug = class org.eclipse.osgi.internal.debug.Debug@42109a96
      servicesInUse = class java.util.HashMap@7be16fd6
      activator = null
      contextLock = class java.lang.Object@2f57497f
    registration = class org.eclipse.osgi.internal.serviceregistry.ServiceRegistrationImpl@6f243bbf
      registry = class org.eclipse.osgi.internal.serviceregistry.ServiceRegistry@28e728f2
      context = class org.eclipse.osgi.internal.framework.BundleContextImpl@36b21dba
      bundle = class org.eclipse.osgi.internal.framework.EquinoxBundle@444a0546
      clazzes = class java.lang.String[1]
      service = class com.ibm.ws.resource.internal.ResourceFactoryTrackerData$1@40633a9b
      reference = class org.eclipse.osgi.internal.serviceregistry.ServiceReferenceImpl@609ca720
      contextsUsing = class java.util.ArrayList@113d6619
      properties = class java.util.Collections$UnmodifiableMap@259d63c7
      serviceid = 423
      serviceranking = 100
      registrationLock = class java.lang.Object@bea735e
      state = 0
      REGISTERED = 0
      UNREGISTERING = 1
      UNREGISTERED = 2
      FRAMEWORK_SET_SERVICE_PROPERTIES_COUNT = 4
      $assertionsDisabled = true
    interfaces = class java.lang.String[1]
      String[0] = "javax.sql.DataSource"
    serialVersionUID = 7071819092476537634
    $$$tc$$$ = class com.ibm.websphere.ras.TraceComponent@1e84d06
      strings[0] = "TraceComponent[com.ibm.ws.resource.internal.ResourceFactoryTrackerData,class com.ibm.ws.resource.internal.ResourceFactoryTrackerData,[resource],com.ibm.ws.resource.internal.resources.Runtime,null]"
  serialVersionUID = -5395261454852493419
  $$$tc$$$ = class com.ibm.websphere.ras.TraceComponent@cd487b2
    strings[0] = "TraceComponent[com.ibm.ws.resource.internal.ResourceFactoryTrackerData$1,class com.ibm.ws.resource.internal.ResourceFactoryTrackerData$1,[resource],com.ibm.ws.resource.internal.resources.Runtime,null]"

Dump of objectArray[0]
Object type = org.eclipse.osgi.internal.framework.EquinoxBundle
  equinoxContainer = class org.eclipse.osgi.internal.framework.EquinoxContainer@29590179
    NAME = "org.eclipse.osgi"
    secureAction = class org.eclipse.osgi.framework.util.SecureAction@7d8a9446
      controlContext = class java.security.AccessControlContext@40e62b6c
      bootClassLoader = class org.eclipse.osgi.framework.util.SecureAction$1$1@738734b
    equinoxConfig = class org.eclipse.osgi.internal.framework.EquinoxConfiguration@3bc109d1
      CONFIG_FILE = "config.ini"
      INTERNAL_OS_SUNOS = "SunOS"
      INTERNAL_OS_LINUX = "Linux"
      INTERNAL_OS_MACOSX = "Mac OS"
      INTERNAL_OS_AIX = "AIX"
      INTERNAL_OS_HPUX = "HP-UX"
      INTERNAL_OS_QNX = "QNX"
      INTERNAL_OS_OS400 = "OS/400"
      INTERNAL_OS_OS390 = "OS/390"
      INTERNAL_OS_ZOS = "z/OS"
      INTERNAL_ARCH_I386 = "i386"
      INTERNAL_AMD64 = "amd64"
      VARIABLE_DELIM_STRING = "$"
      VARIABLE_DELIM_CHAR = $
      configValues = class org.eclipse.osgi.internal.framework.EquinoxConfiguration$ConfigValues@4ff1c2bd
      debug = class org.eclipse.osgi.internal.debug.Debug@42109a96
      debugOptions = class org.eclipse.osgi.internal.debug.FrameworkDebugOptions@beaf65d
      hookRegistry = class org.eclipse.osgi.internal.hookregistry.HookRegistry@40138866
      aliasMapper = class org.eclipse.osgi.internal.framework.AliasMapper@365bf9fc
      equinoxLocations = class org.eclipse.osgi.internal.location.EquinoxLocations@77fe21a0
      allArgs = null
      frameworkArgs = null
      appArgs = null
      inDevelopmentMode = false
      devLocation = null
      devMonitor = class java.lang.Object@2bfa791c
      devDefaultClasspath = null
      devProperties = null
      devLastModified = 0
      contextBootDelegation = false
      compatibilityBootDelegation = false
      compatibilityLazyTriggerOnFailLoad = false
      LIB_EXTENSIONS = class java.util.Collections$UnmodifiableRandomAccessList@77f684bd
      ECLIPSE_LIB_VARIANTS = class java.util.Collections$UnmodifiableRandomAccessList@1e0b17a6
      COPY_NATIVES = false
      ECLIPSE_NL_JAR_VARIANTS = class java.util.ArrayList@18fed6e6
      DEFINE_PACKAGE_ATTRIBUTES = true
      BUNDLE_SET_TCCL = true
      BSN_VERSION = 3
      BSN_VERSION_SINGLE = 1
      BSN_VERSION_MULTIPLE = 2
      BSN_VERSION_MANAGED = 3
      throwErrorOnFailedStart = true
      CLASS_CERTIFICATE = true
      PARALLEL_CAPABLE = false
      PROP_JVM_OS_ARCH = "os.arch"
      PROP_JVM_OS_NAME = "os.name"
      PROP_JVM_OS_VERSION = "os.version"
      PROP_JVM_SPEC_VERSION = "java.specification.version"
      PROP_JVM_SPEC_NAME = "java.specification.name"
      PROP_J2ME_MICROEDITION_CONFIGURATION = "microedition.configuration"
      PROP_J2ME_MICROEDITION_PROFILES = "microedition.profiles"
      PROP_SETPERMS_CMD = "osgi.filepermissions.command"
      PROP_DEBUG = "osgi.debug"
      PROP_DEBUG_VERBOSE = "osgi.debug.verbose"
      PROP_DEV = "osgi.dev"
      PROP_CLEAN = "osgi.clean"
      PROP_USE_SYSTEM_PROPERTIES = "osgi.framework.useSystemProperties"
      PROP_FRAMEWORK = "osgi.framework"
      ECLIPSE_FRAMEWORK_VENDOR = "Eclipse"
      PROP_OSGI_JAVA_PROFILE = "osgi.java.profile"
      PROP_OSGI_JAVA_PROFILE_NAME = "osgi.java.profile.name"
      PROP_OSGI_JAVA_PROFILE_BOOTDELEGATION = "osgi.java.profile.bootdelegation"
      PROP_OSGI_BOOTDELEGATION_IGNORE = "ignore"
      PROP_OSGI_BOOTDELEGATION_OVERRIDE = "override"
      PROP_OSGI_BOOTDELEGATION_NONE = "none"
      PROP_CONTEXT_BOOTDELEGATION = "osgi.context.bootdelegation"
      PROP_COMPATIBILITY_BOOTDELEGATION = "osgi.compatibility.bootdelegation"
      PROP_COMPATIBILITY_ERROR_FAILED_START = "osgi.compatibility.errorOnFailedStart"
      PROP_COMPATIBILITY_START_LAZY = "osgi.compatibility.eagerStart.LazyActivation"
      PROP_COMPATIBILITY_START_LAZY_ON_FAIL_CLASSLOAD = "osgi.compatibility.trigger.lazyActivation.onFailedClassLoad"
      PROP_OSGI_OS = "osgi.os"
      PROP_OSGI_WS = "osgi.ws"
      PROP_OSGI_ARCH = "osgi.arch"
      PROP_OSGI_NL = "osgi.nl"
      PROP_OSGI_NL_USER = "osgi.nl.user"
      PROP_ROOT_LOCALE = "equinox.root.locale"
      PROP_PARENT_CLASSLOADER = "osgi.parentClassloader"
      PARENT_CLASSLOADER_FWK = "fwk"
      PROP_CONTEXTCLASSLOADER_PARENT = "osgi.contextClassLoaderParent"
      CONTEXTCLASSLOADER_PARENT_APP = "app"
      CONTEXTCLASSLOADER_PARENT_EXT = "ext"
      CONTEXTCLASSLOADER_PARENT_BOOT = "boot"
      CONTEXTCLASSLOADER_PARENT_FWK = "fwk"
      PROP_FRAMEWORK_LIBRARY_EXTENSIONS = "osgi.framework.library.extensions"
      PROP_COPY_NATIVES = "osgi.classloader.copy.natives"
      PROP_DEFINE_PACKAGES = "osgi.classloader.define.packages"
      PROP_BUNDLE_SETTCCL = "eclipse.bundle.setTCCL"
      PROP_EQUINOX_SECURITY = "eclipse.security"
      PROP_FILE_LIMIT = "osgi.bundlefile.limit"
      PROP_CLASS_CERTIFICATE_SUPPORT = "osgi.support.class.certificate"
      PROP_CLASS_LOADER_TYPE = "osgi.classloader.type"
      CLASS_LOADER_TYPE_PARALLEL = "parallel"
      PROP_FORCED_RESTART = "osgi.forcedRestart"
      PROP_IGNORE_USER_CONFIGURATION = "eclipse.ignoreUserConfiguration"
      PROPERTY_STRICT_BUNDLE_ENTRY_PATH = "osgi.strictBundleEntryPath"
      PROP_CHECK_CONFIGURATION = "osgi.checkConfiguration"
      inCheckConfigurationMode = true
      DEFAULT_STATE_SAVE_DELAY_INTERVAL = "30000"
      PROP_STATE_SAVE_DELAY_INTERVAL = "eclipse.stateSaveDelayInterval"
      PROP_MODULE_LOCK_TIMEOUT = "osgi.module.lock.timeout"
      PROP_MODULE_AUTO_START_ON_RESOLVE = "osgi.module.auto.start.on.resolve"
      PROP_ALLOW_RESTRICTED_PROVIDES = "osgi.equinox.allow.restricted.provides"
      PROP_LOG_HISTORY_MAX = "equinox.log.history.max"
      PROP_RESOLVER_THREAD_COUNT = "equinox.resolver.thead.count"
      PROP_RESOLVER_REVISION_BATCH_SIZE = "equinox.resolver.revision.batch.size"
      PROP_RESOLVER_BATCH_TIMEOUT = "equinox.resolver.batch.timeout"
      PROP_SYSTEM_PROVIDE_HEADER = "equinox.system.provide.header"
      SYSTEM_PROVIDE_HEADER_ORIGINAL = "original"
      SYSTEM_PROVIDE_HEADER_SYSTEM = "system"
      SYSTEM_PROVIDE_HEADER_SYSTEM_EXTRA = "system.extra"
      PROP_DEFAULT_SUFFIX = ".default"
      PROP_WITH_ECLIPSE_STARTER_DEFAULTS = class java.util.Collections$SingletonList@60b46e7c
      PROP_INIT_UUID = "equinox.init.uuid"
      PROP_ACTIVE_THREAD_TYPE = "osgi.framework.activeThreadType"
      ACTIVE_THREAD_TYPE_NORMAL = "normal"
    logServices = class org.eclipse.osgi.internal.log.EquinoxLogServices@1cfbd392
      EQUINOX_LOGGER_NAME = "org.eclipse.equinox.logger"
      PERF_LOGGER_NAME = "org.eclipse.performance.logger"
      PROP_LOG_ENABLED = "eclipse.log.enabled"
      LOG_EXT = ".log"
      logServiceManager = class org.eclipse.osgi.internal.log.LogServiceManager@6925d2cf
      eclipseLogFactory = class org.eclipse.osgi.internal.log.EquinoxLogFactory@1da51f25
      logWriter = class org.eclipse.osgi.internal.log.EquinoxLogWriter@43336bef
      perfWriter = class org.eclipse.osgi.internal.log.EquinoxLogWriter@45890d74
      rootFrameworkLog = class org.eclipse.osgi.internal.log.EquinoxLogFactory$1@27d0ca0
      frameworkLogReg = class org.eclipse.osgi.internal.serviceregistry.ServiceRegistrationImpl@379477fd
      perfLogReg = class org.eclipse.osgi.internal.serviceregistry.ServiceRegistrationImpl@6f200ef3
    storage = class org.eclipse.osgi.storage.Storage@73c25b9f
      VERSION = 3
      BUNDLE_DATA_DIR = "data"
      BUNDLE_FILE_NAME = "bundleFile"
      FRAMEWORK_INFO = "framework.info"
      ECLIPSE_SYSTEMBUNDLE = "Eclipse-SystemBundle"
      DELETE_FLAG = ".delete"
      LIB_TEMP = "libtemp"
      J2SE = "J2SE"
      JAVASE = "JavaSE"
      PROFILE_EXT = ".profile"
      NUL = " "
      INITIAL_LOCATION = "initial@"
      secureAction = class org.eclipse.osgi.framework.util.SecureAction@1e52277b
      equinoxContainer = class org.eclipse.osgi.internal.framework.EquinoxContainer@29590179
      installPath = "/C:/daytrader7/daytrader-ee7/target/liberty/wlp/lib/"
      osgiLocation = class org.eclipse.osgi.internal.location.BasicLocation@6b4b3b3a
      childRoot = class java.io.File@79d48dbd
      parentRoot = null
      permissionData = class org.eclipse.osgi.storage.PermissionData@216aed97
      securityAdmin = class org.eclipse.osgi.internal.permadmin.SecurityAdmin@2e0c7f3e
      adaptor = class org.eclipse.osgi.internal.framework.EquinoxContainerAdaptor@1cac032e
      moduleDatabase = class org.eclipse.osgi.container.ModuleDatabase@41c8dc63
      moduleContainer = class org.eclipse.osgi.container.ModuleContainer@5efa40fe
      saveMonitor = class java.lang.Object@37b89798
      lastSavedTimestamp = 1527239609954
      mruList = class org.eclipse.osgi.storage.bundlefile.MRUBundleFileList@7a00fbde
      extensionInstaller = class org.eclipse.osgi.storage.FrameworkExtensionInstaller@6c922c3
      cachedHeaderKeys = class java.util.Arrays$ArrayList@165ddbd
      allowRestrictedProvides = true
    packageAdmin = class org.eclipse.osgi.internal.framework.legacy.PackageAdminImpl@5ac3d905
      container = class org.eclipse.osgi.container.ModuleContainer@5efa40fe
    startLevel = class org.eclipse.osgi.internal.framework.legacy.StartLevelImpl@69ffdc0d
      container = class org.eclipse.osgi.container.ModuleContainer@5efa40fe
    bootDelegation = class java.util.HashSet@2b5ae5e3
      serialVersionUID = -5024744406713321676
      map = class java.util.HashMap@3e1c1164
      PRESENT = class java.lang.Object@70a02936
      MAX_ARRAY_SIZE = 2147483639
    bootDelegationStems = class java.lang.String[12]
      String[0] = "sun."
      String[1] = "com.sun."
      String[2] = "com.ibm.ws.boot.delegated."
      String[3] = "org.apache.xml."
      String[4] = "org.apache.xerces."
      String[5] = "com.ibm.xylem."
      String[6] = "com.ibm.xml."
      String[7] = "com.ibm.xtq."
      String[8] = "com.ibm.net.ssl."
      String[9] = "com.ibm.crypto."
      String[10] = "com.ibm.security."
      String[11] = "jdk."
    bootDelegateAll = false
    isProcessClassRecursionSupportedByAll = false
    eventPublisher = class org.eclipse.osgi.internal.framework.EquinoxEventPublisher@268f106e
      eventHookName = "org.osgi.framework.hooks.bundle.EventHook"
      collisionHookName = "org.osgi.framework.hooks.bundle.CollisionHook"
      FRAMEWORK_STOPPED_MASK = 448
      BUNDLEEVENT = 1
      BUNDLEEVENTSYNC = 2
      FRAMEWORKEVENT = 4
      container = class org.eclipse.osgi.internal.framework.EquinoxContainer@29590179
      monitor = class java.lang.Object@72128e5e
      eventManager = class org.eclipse.osgi.framework.eventmgr.EventManager@f3155c9
      allBundleListeners = class java.util.HashMap@4021a1d6
      allSyncBundleListeners = class java.util.HashMap@6f86145a
      allFrameworkListeners = class java.util.HashMap@900078a
    monitor = class java.lang.Object@e6aae04
    serviceRegistry = class org.eclipse.osgi.internal.serviceregistry.ServiceRegistry@28e728f2
      SERVICEEVENT = 3
      findHookName = "org.osgi.framework.hooks.service.FindHook"
      eventHookName = "org.osgi.framework.hooks.service.EventHook"
      eventListenerHookName = "org.osgi.framework.hooks.service.EventListenerHook"
      listenerHookName = "org.osgi.framework.hooks.service.ListenerHook"
      publishedServicesByClass = class java.util.HashMap@11b2e480
      allPublishedServices = class java.util.ArrayList@364b21df
      publishedServicesByContext = class java.util.HashMap@61d520d0
      serviceid = 603
      serviceEventListeners = class java.util.HashMap@5b0e34ec
      initialCapacity = 50
      initialSubCapacity = 10
      container = class org.eclipse.osgi.internal.framework.EquinoxContainer@29590179
      systemBundleContext = class org.eclipse.osgi.internal.framework.BundleContextImpl@4b520ea8
      debug = class org.eclipse.osgi.internal.debug.Debug@42109a96
      $assertionsDisabled = true
    contextFinder = class org.eclipse.osgi.internal.framework.ContextFinder@6c74e138
      cycleDetector = class java.lang.ThreadLocal@968ca1d
      finderClassLoader = class com.ibm.ws.kernel.internal.classloader.BootstrapChildFirstJarClassloader@6c123f5e
      contextFinder = class org.eclipse.osgi.internal.framework.ContextFinder$Finder@1d5ed4fb
      THIS = class java.lang.Class@1033576a
      parentContextClassLoader = class jdk.internal.loader.ClassLoaders$AppClassLoader@7591083d
      parent = class jdk.internal.loader.ClassLoaders$AppClassLoader@7591083d
      name = null
      unnamedModule = class java.lang.Module@3b2ce3eb
      parallelLockMap = null
      package2certs = class java.util.Hashtable@59b85e30
      nocerts = class java.security.cert.Certificate[0]
      classes = class java.util.Vector@16cf4f38
      defaultDomain = class java.security.ProtectionDomain@6b5a6a70
      packages = class java.util.concurrent.ConcurrentHashMap@4892ec
      scl = class jdk.internal.loader.ClassLoaders$AppClassLoader@7591083d
      usr_paths = class java.lang.String[35]
      sys_paths = class java.lang.String[1]
      loadedLibraryNames = class java.util.HashSet@13b76365
      systemNativeLibraries = class java.util.concurrent.ConcurrentHashMap@6178256d
      nativeLibraries = null
      assertionLock = class org.eclipse.osgi.internal.framework.ContextFinder@6c74e138
      defaultAssertionStatus = false
      packageAssertionStatus = null
      classAssertionStatus = null
      classLoaderValueMap = class java.util.concurrent.ConcurrentHashMap@1b9a150b
      $assertionsDisabled = true
    signedContentFactory = class org.osgi.util.tracker.ServiceTracker@19620470
      DEBUG = false
      context = class org.eclipse.osgi.internal.framework.BundleContextImpl@4b520ea8
      filter = class org.eclipse.osgi.internal.framework.FilterImpl@6554485e
      customizer = class org.osgi.util.tracker.ServiceTracker@19620470
      listenerFilter = "(objectClass=org.eclipse.osgi.signedcontent.SignedContentFactory)"
      trackClass = "org.eclipse.osgi.signedcontent.SignedContentFactory"
      trackReference = null
      tracked = class org.osgi.util.tracker.ServiceTracker$Tracked@b73ebf4
      cachedReference = null
      cachedService = null
    executor = class java.util.concurrent.ScheduledThreadPoolExecutor@65eb8f42
      continueExistingPeriodicTasksAfterShutdown = false
      executeExistingDelayedTasksAfterShutdown = true
      removeOnCancel = false
      sequencer = class java.util.concurrent.atomic.AtomicLong@624f5cce
      DEFAULT_KEEPALIVE_MILLIS = 10
      ctl = class java.util.concurrent.atomic.AtomicInteger@83d442b
      COUNT_BITS = 29
      COUNT_MASK = 536870911
      RUNNING = -536870912
      SHUTDOWN = 0
      STOP = 536870912
      TIDYING = 1073741824
      TERMINATED = 1610612736
      workQueue = class java.util.concurrent.ScheduledThreadPoolExecutor$DelayedWorkQueue@1c82f14e
      mainLock = class java.util.concurrent.locks.ReentrantLock@733a23bb
      workers = class java.util.HashSet@6b8ba83e
      termination = class java.util.concurrent.locks.AbstractQueuedSynchronizer$ConditionObject@975a578
      largestPoolSize = 1
      completedTaskCount = 0
      threadFactory = class org.eclipse.osgi.internal.framework.EquinoxContainer@29590179
      handler = class java.util.concurrent.ThreadPoolExecutor$AbortPolicy@2f63d99
      keepAliveTime = 10000000
      allowCoreThreadTimeOut = false
      corePoolSize = 1
      maximumPoolSize = 2147483647
      defaultHandler = class java.util.concurrent.ThreadPoolExecutor$AbortPolicy@2f63d99
      shutdownPerm = class java.lang.RuntimePermission@2073e187
      acc = null
      ONLY_ONE = true
      $assertionsDisabled = true
    storageSaver = class org.eclipse.osgi.internal.framework.StorageSaver@543a6b6
      container = class org.eclipse.osgi.internal.framework.EquinoxContainer@29590179
      delay = 30000
      future = class java.util.concurrent.ScheduledThreadPoolExecutor$ScheduledFutureTask@168f67ef
      hook = class java.lang.Thread@7d900ecf
      task = class org.eclipse.osgi.internal.framework.StorageSaver$StorageSaverTask@32f54e23
  module = class org.eclipse.osgi.internal.framework.EquinoxBundle$EquinoxModule@6258f042
    this$0 = class org.eclipse.osgi.internal.framework.EquinoxBundle@52a7c495
    ACTIVE_SET = class java.util.RegularEnumSet@65fe36
      serialVersionUID = 3411599620347842686
      elements = 60
      elementType = class java.lang.Class@3c41ed1d
      universe = class org.eclipse.osgi.container.Module$State[7]
      MAX_ARRAY_SIZE = 2147483639
    RESOLVED_SET = class java.util.RegularEnumSet@174a5edd
      serialVersionUID = 3411599620347842686
      elements = 62
      elementType = class java.lang.Class@3c41ed1d
      universe = class org.eclipse.osgi.container.Module$State[7]
      MAX_ARRAY_SIZE = 2147483639
    id = 183
    location = "feature@reference:file:/C:/daytrader7/daytrader-ee7/target/liberty/wlp/lib/com.ibm.ws.jpa.container_1.0.20.jar"
    revisions = class org.eclipse.osgi.container.ModuleRevisions@3a683afe
      monitor = class java.lang.Object@4d3bf6d8
      module = class org.eclipse.osgi.internal.framework.EquinoxBundle$EquinoxModule@6258f042
      container = class org.eclipse.osgi.container.ModuleContainer@5efa40fe
      revisions = class java.util.ArrayList@aea4199
      uninstalled = false
      uninstalledCurrent = null
    stateChangeLock = class org.eclipse.osgi.internal.container.EquinoxReentrantLock@52d5f3c5
      serialVersionUID = 1
      serialVersionUID = 7373984872572414699
      sync = class java.util.concurrent.locks.ReentrantLock$NonfairSync@2324cdbb
    stateTransitionEvents = class java.util.RegularEnumSet@2dbfd17e
      serialVersionUID = 3411599620347842686
      elements = 0
      elementType = class java.lang.Class@36d585c
      universe = class org.eclipse.osgi.container.ModuleContainerAdaptor$ModuleEvent[10]
      MAX_ARRAY_SIZE = 2147483639
    settings = class java.util.RegularEnumSet@a12ad94
      serialVersionUID = 3411599620347842686
      elements = 3
      elementType = class java.lang.Class@4e268090
      universe = class org.eclipse.osgi.container.Module$Settings[2]
      MAX_ARRAY_SIZE = 2147483639
    inStart = class java.util.concurrent.atomic.AtomicInteger@71d6c9e2
      serialVersionUID = 6214790243416807050
      U = class jdk.internal.misc.Unsafe@4c9d1355
      VALUE = 12
      value = 0
      serialVersionUID = -8742448824652078965
    state = class org.eclipse.osgi.container.Module$State@615b1b78
      INSTALLED = class org.eclipse.osgi.container.Module$State@c9a947e
      RESOLVED = class org.eclipse.osgi.container.Module$State@41f8bb2a
      LAZY_STARTING = class org.eclipse.osgi.container.Module$State@1e83438b
      STARTING = class org.eclipse.osgi.container.Module$State@17363b86
      ACTIVE = class org.eclipse.osgi.container.Module$State@615b1b78
      STOPPING = class org.eclipse.osgi.container.Module$State@4f57647a
      UNINSTALLED = class org.eclipse.osgi.container.Module$State@4b72a751
      ENUM$VALUES = class org.eclipse.osgi.container.Module$State[7]
      name = "ACTIVE"
      ordinal = 4
    startlevel = 12
    lastModified = 1527239648921
    VALID_RESOLVED_TRANSITION = class java.util.RegularEnumSet@146270f6
      serialVersionUID = 3411599620347842686
      elements = 8
      elementType = class java.lang.Class@36d585c
      universe = class org.eclipse.osgi.container.ModuleContainerAdaptor$ModuleEvent[10]
      MAX_ARRAY_SIZE = 2147483639
    VALID_STOPPED_TRANSITION = class java.util.RegularEnumSet@6c8f108a
      serialVersionUID = 3411599620347842686
      elements = 896
      elementType = class java.lang.Class@36d585c
      universe = class org.eclipse.osgi.container.ModuleContainerAdaptor$ModuleEvent[10]
      MAX_ARRAY_SIZE = 2147483639
    $SWITCH_TABLE$org$eclipse$osgi$container$ModuleContainerAdaptor$ModuleEvent = {1,2,3,4,5,6,7,8,9,10} /* array length = 10 */
  monitor = class java.lang.Object@3fcaf3ed
  context = class org.eclipse.osgi.internal.framework.BundleContextImpl@694a53a3
    findHookName = "org.osgi.framework.hooks.bundle.FindHook"
    valid = true
    bundle = class org.eclipse.osgi.internal.framework.EquinoxBundle@52a7c495
    container = class org.eclipse.osgi.internal.framework.EquinoxContainer@29590179
    debug = class org.eclipse.osgi.internal.debug.Debug@42109a96
      ECLIPSE_OSGI = "org.eclipse.osgi"
      OPTION_DEBUG_GENERAL = "org.eclipse.osgi/debug"
      OPTION_DEBUG_BUNDLE_TIME = "org.eclipse.osgi/debug/bundleTime"
      OPTION_DEBUG_LOADER = "org.eclipse.osgi/debug/loader"
      OPTION_DEBUG_STORAGE = "org.eclipse.osgi/debug/storage"
      OPTION_DEBUG_EVENTS = "org.eclipse.osgi/debug/events"
      OPTION_DEBUG_SERVICES = "org.eclipse.osgi/debug/services"
      OPTION_DEBUG_HOOKS = "org.eclipse.osgi/debug/hooks"
      OPTION_DEBUG_MANIFEST = "org.eclipse.osgi/debug/manifest"
      OPTION_DEBUG_FILTER = "org.eclipse.osgi/debug/filter"
      OPTION_DEBUG_SECURITY = "org.eclipse.osgi/debug/security"
      OPTION_DEBUG_STARTLEVEL = "org.eclipse.osgi/debug/startlevel"
      OPTION_DEBUG_PACKAGEADMIN = "org.eclipse.osgi/debug/packageadmin"
      OPTION_DEBUG_PACKAGEADMIN_TIMING = "org.eclipse.osgi/debug/packageadmin/timing"
      OPTION_MONITOR_ACTIVATION = "org.eclipse.osgi/monitor/activation"
      OPTION_MONITOR_LAZY = "org.eclipse.osgi/monitor/lazy"
      OPTION_DEBUG_MESSAGE_BUNDLES = "org.eclipse.osgi/debug/messageBundles"
      OPTION_DEBUG_LOCATION = "org.eclipse.osgi/debug/location"
      OPTION_CACHED_MANIFEST = "org.eclipse.osgi/debug/cachedmanifest"
      OPTION_DEBUG_SYSTEM_BUNDLE = "org.eclipse.osgi/debug/systemBundle"
      DEBUG_GENERAL = false
      DEBUG_BUNDLE_TIME = false
      DEBUG_LOADER = false
      DEBUG_STORAGE = false
      DEBUG_EVENTS = false
      DEBUG_SERVICES = false
      DEBUG_HOOKS = false
      DEBUG_MANIFEST = false
      DEBUG_FILTER = false
      DEBUG_SECURITY = false
      DEBUG_STARTLEVEL = false
      DEBUG_PACKAGEADMIN = false
      DEBUG_PACKAGEADMIN_TIMING = false
      DEBUG_MESSAGE_BUNDLES = false
      MONITOR_ACTIVATION = false
      DEBUG_LOCATION = false
      DEBUG_CACHED_MANIFEST = false
      DEBUG_SYSTEM_BUNDLE = false
      out = class com.ibm.ws.logging.internal.impl.BaseTraceService$TeePrintStream@62e89464
    servicesInUse = class java.util.HashMap@257b4dcc
      serialVersionUID = 362498820763181265
      DEFAULT_INITIAL_CAPACITY = 16
      MAXIMUM_CAPACITY = 1073741824
      DEFAULT_LOAD_FACTOR = 0.75
      TREEIFY_THRESHOLD = 8
      UNTREEIFY_THRESHOLD = 6
      MIN_TREEIFY_CAPACITY = 64
      table = class java.util.HashMap$Node[16]
      entrySet = null
      size = 7
      modCount = 29
      threshold = 12
      loadFactor = 0.75
      keySet = null
      values = null
    activator = null
    contextLock = class java.lang.Object@1f1713be
  signerInfos = null
  $SWITCH_TABLE$org$eclipse$osgi$container$Module$State = {1,2,3,4,5,6,7} /* array length = 7 */

Dump of objectArray[1]
Object type = org.eclipse.osgi.internal.serviceregistry.ServiceRegistrationImpl
  registry = class org.eclipse.osgi.internal.serviceregistry.ServiceRegistry@28e728f2
    SERVICEEVENT = 3
    findHookName = "org.osgi.framework.hooks.service.FindHook"
    eventHookName = "org.osgi.framework.hooks.service.EventHook"
    eventListenerHookName = "org.osgi.framework.hooks.service.EventListenerHook"
    listenerHookName = "org.osgi.framework.hooks.service.ListenerHook"
    publishedServicesByClass = class java.util.HashMap@11b2e480
      serialVersionUID = 362498820763181265
      DEFAULT_INITIAL_CAPACITY = 16
      MAXIMUM_CAPACITY = 1073741824
      DEFAULT_LOAD_FACTOR = 0.75
      TREEIFY_THRESHOLD = 8
      UNTREEIFY_THRESHOLD = 6
      MIN_TREEIFY_CAPACITY = 64
      table = class java.util.HashMap$Node[512]
      entrySet = null
      size = 368
      modCount = 458
      threshold = 384
      loadFactor = 0.75
      keySet = null
      values = null
    allPublishedServices = class java.util.ArrayList@364b21df
      serialVersionUID = 8683452581122892189
      DEFAULT_CAPACITY = 10
      EMPTY_ELEMENTDATA = class java.lang.Object[0]
      DEFAULTCAPACITY_EMPTY_ELEMENTDATA = class java.lang.Object[0]
      elementData = class java.lang.Object[567]
      size = 543
      MAX_ARRAY_SIZE = 2147483639
      modCount = 789
      MAX_ARRAY_SIZE = 2147483639
    publishedServicesByContext = class java.util.HashMap@61d520d0
      serialVersionUID = 362498820763181265
      DEFAULT_INITIAL_CAPACITY = 16
      MAXIMUM_CAPACITY = 1073741824
      DEFAULT_LOAD_FACTOR = 0.75
      TREEIFY_THRESHOLD = 8
      UNTREEIFY_THRESHOLD = 6
      MIN_TREEIFY_CAPACITY = 64
      table = class java.util.HashMap$Node[256]
      entrySet = null
      size = 133
      modCount = 133
      threshold = 192
      loadFactor = 0.75
      keySet = null
      values = null
    serviceid = 603
    serviceEventListeners = class java.util.HashMap@5b0e34ec
      serialVersionUID = 362498820763181265
      DEFAULT_INITIAL_CAPACITY = 16
      MAXIMUM_CAPACITY = 1073741824
      DEFAULT_LOAD_FACTOR = 0.75
      TREEIFY_THRESHOLD = 8
      UNTREEIFY_THRESHOLD = 6
      MIN_TREEIFY_CAPACITY = 64
      table = class java.util.HashMap$Node[256]
      entrySet = class java.util.HashMap$EntrySet@2b7c4ac
      size = 141
      modCount = 141
      threshold = 192
      loadFactor = 0.75
      keySet = null
      values = null
    initialCapacity = 50
    initialSubCapacity = 10
    container = class org.eclipse.osgi.internal.framework.EquinoxContainer@29590179
      NAME = "org.eclipse.osgi"
      secureAction = class org.eclipse.osgi.framework.util.SecureAction@7d8a9446
      equinoxConfig = class org.eclipse.osgi.internal.framework.EquinoxConfiguration@3bc109d1
      logServices = class org.eclipse.osgi.internal.log.EquinoxLogServices@1cfbd392
      storage = class org.eclipse.osgi.storage.Storage@73c25b9f
      packageAdmin = class org.eclipse.osgi.internal.framework.legacy.PackageAdminImpl@5ac3d905
      startLevel = class org.eclipse.osgi.internal.framework.legacy.StartLevelImpl@69ffdc0d
      bootDelegation = class java.util.HashSet@2b5ae5e3
      bootDelegationStems = class java.lang.String[12]
      bootDelegateAll = false
      isProcessClassRecursionSupportedByAll = false
      eventPublisher = class org.eclipse.osgi.internal.framework.EquinoxEventPublisher@268f106e
      monitor = class java.lang.Object@e6aae04
      serviceRegistry = class org.eclipse.osgi.internal.serviceregistry.ServiceRegistry@28e728f2
      contextFinder = class org.eclipse.osgi.internal.framework.ContextFinder@6c74e138
      signedContentFactory = class org.osgi.util.tracker.ServiceTracker@19620470
      executor = class java.util.concurrent.ScheduledThreadPoolExecutor@65eb8f42
      storageSaver = class org.eclipse.osgi.internal.framework.StorageSaver@543a6b6
    systemBundleContext = class org.eclipse.osgi.internal.framework.BundleContextImpl@4b520ea8
      findHookName = "org.osgi.framework.hooks.bundle.FindHook"
      valid = true
      bundle = class org.eclipse.osgi.internal.framework.EquinoxBundle$SystemBundle@72c8046f
      container = class org.eclipse.osgi.internal.framework.EquinoxContainer@29590179
      debug = class org.eclipse.osgi.internal.debug.Debug@42109a96
      servicesInUse = class java.util.HashMap@4951aa0
      activator = class org.eclipse.osgi.internal.framework.SystemBundleActivator@6df4fbb5
      contextLock = class java.lang.Object@115a8ba
    debug = class org.eclipse.osgi.internal.debug.Debug@42109a96
      ECLIPSE_OSGI = "org.eclipse.osgi"
      OPTION_DEBUG_GENERAL = "org.eclipse.osgi/debug"
      OPTION_DEBUG_BUNDLE_TIME = "org.eclipse.osgi/debug/bundleTime"
      OPTION_DEBUG_LOADER = "org.eclipse.osgi/debug/loader"
      OPTION_DEBUG_STORAGE = "org.eclipse.osgi/debug/storage"
      OPTION_DEBUG_EVENTS = "org.eclipse.osgi/debug/events"
      OPTION_DEBUG_SERVICES = "org.eclipse.osgi/debug/services"
      OPTION_DEBUG_HOOKS = "org.eclipse.osgi/debug/hooks"
      OPTION_DEBUG_MANIFEST = "org.eclipse.osgi/debug/manifest"
      OPTION_DEBUG_FILTER = "org.eclipse.osgi/debug/filter"
      OPTION_DEBUG_SECURITY = "org.eclipse.osgi/debug/security"
      OPTION_DEBUG_STARTLEVEL = "org.eclipse.osgi/debug/startlevel"
      OPTION_DEBUG_PACKAGEADMIN = "org.eclipse.osgi/debug/packageadmin"
      OPTION_DEBUG_PACKAGEADMIN_TIMING = "org.eclipse.osgi/debug/packageadmin/timing"
      OPTION_MONITOR_ACTIVATION = "org.eclipse.osgi/monitor/activation"
      OPTION_MONITOR_LAZY = "org.eclipse.osgi/monitor/lazy"
      OPTION_DEBUG_MESSAGE_BUNDLES = "org.eclipse.osgi/debug/messageBundles"
      OPTION_DEBUG_LOCATION = "org.eclipse.osgi/debug/location"
      OPTION_CACHED_MANIFEST = "org.eclipse.osgi/debug/cachedmanifest"
      OPTION_DEBUG_SYSTEM_BUNDLE = "org.eclipse.osgi/debug/systemBundle"
      DEBUG_GENERAL = false
      DEBUG_BUNDLE_TIME = false
      DEBUG_LOADER = false
      DEBUG_STORAGE = false
      DEBUG_EVENTS = false
      DEBUG_SERVICES = false
      DEBUG_HOOKS = false
      DEBUG_MANIFEST = false
      DEBUG_FILTER = false
      DEBUG_SECURITY = false
      DEBUG_STARTLEVEL = false
      DEBUG_PACKAGEADMIN = false
      DEBUG_PACKAGEADMIN_TIMING = false
      DEBUG_MESSAGE_BUNDLES = false
      MONITOR_ACTIVATION = false
      DEBUG_LOCATION = false
      DEBUG_CACHED_MANIFEST = false
      DEBUG_SYSTEM_BUNDLE = false
      out = class com.ibm.ws.logging.internal.impl.BaseTraceService$TeePrintStream@62e89464
    $assertionsDisabled = true
  context = class org.eclipse.osgi.internal.framework.BundleContextImpl@36b21dba
    findHookName = "org.osgi.framework.hooks.bundle.FindHook"
    valid = true
    bundle = class org.eclipse.osgi.internal.framework.EquinoxBundle@444a0546
    container = class org.eclipse.osgi.internal.framework.EquinoxContainer@29590179
    debug = class org.eclipse.osgi.internal.debug.Debug@42109a96
    servicesInUse = class java.util.HashMap@7be16fd6
      serialVersionUID = 362498820763181265
      DEFAULT_INITIAL_CAPACITY = 16
      MAXIMUM_CAPACITY = 1073741824
      DEFAULT_LOAD_FACTOR = 0.75
      TREEIFY_THRESHOLD = 8
      UNTREEIFY_THRESHOLD = 6
      MIN_TREEIFY_CAPACITY = 64
      table = class java.util.HashMap$Node[16]
      entrySet = null
      size = 7
      modCount = 17
      threshold = 12
      loadFactor = 0.75
      keySet = null
      values = null
    activator = null
    contextLock = class java.lang.Object@2f57497f
  bundle = class org.eclipse.osgi.internal.framework.EquinoxBundle@444a0546
    equinoxContainer = class org.eclipse.osgi.internal.framework.EquinoxContainer@29590179
    module = class org.eclipse.osgi.internal.framework.EquinoxBundle$EquinoxModule@6d36eea7
      this$0 = class org.eclipse.osgi.internal.framework.EquinoxBundle@444a0546
      ACTIVE_SET = class java.util.RegularEnumSet@65fe36
      RESOLVED_SET = class java.util.RegularEnumSet@174a5edd
      id = 153
      location = "feature@reference:file:/C:/daytrader7/daytrader-ee7/target/liberty/wlp/lib/com.ibm.ws.jdbc_1.0.20.jar"
      revisions = class org.eclipse.osgi.container.ModuleRevisions@49d359ce
      stateChangeLock = class org.eclipse.osgi.internal.container.EquinoxReentrantLock@5c2b1a63
      stateTransitionEvents = class java.util.RegularEnumSet@7310cb9e
      settings = class java.util.RegularEnumSet@36e9df97
      inStart = class java.util.concurrent.atomic.AtomicInteger@65a7fdad
      state = class org.eclipse.osgi.container.Module$State@615b1b78
      startlevel = 12
      lastModified = 1527239648702
      VALID_RESOLVED_TRANSITION = class java.util.RegularEnumSet@146270f6
      VALID_STOPPED_TRANSITION = class java.util.RegularEnumSet@6c8f108a
      $SWITCH_TABLE$org$eclipse$osgi$container$ModuleContainerAdaptor$ModuleEvent = {1,2,3,4,5,6,7,8,9,10} /* array length = 10 */
    monitor = class java.lang.Object@201ee07d
    context = class org.eclipse.osgi.internal.framework.BundleContextImpl@36b21dba
    signerInfos = null
    $SWITCH_TABLE$org$eclipse$osgi$container$Module$State = {1,2,3,4,5,6,7} /* array length = 7 */
  clazzes = class java.lang.String[1]
    String[0] = "javax.sql.DataSource"
  service = class com.ibm.ws.resource.internal.ResourceFactoryTrackerData$1@40633a9b
    val$ref = class org.eclipse.osgi.internal.serviceregistry.ServiceReferenceImpl@7ef2ecd0
      registration = class org.eclipse.osgi.internal.serviceregistry.ServiceRegistrationImpl@378830f8
    this$0 = class com.ibm.ws.resource.internal.ResourceFactoryTrackerData@38793527
      JNDI_SERVICENAME = "osgi.jndi.service.name"
      context = class org.eclipse.osgi.internal.framework.BundleContextImpl@36b21dba
      registration = class org.eclipse.osgi.internal.serviceregistry.ServiceRegistrationImpl@6f243bbf
      interfaces = class java.lang.String[1]
      serialVersionUID = 7071819092476537634
      $$$tc$$$ = class com.ibm.websphere.ras.TraceComponent@1e84d06
    serialVersionUID = -5395261454852493419
    $$$tc$$$ = class com.ibm.websphere.ras.TraceComponent@cd487b2
      strings[0] = "TraceComponent[com.ibm.ws.resource.internal.ResourceFactoryTrackerData$1,class com.ibm.ws.resource.internal.ResourceFactoryTrackerData$1,[resource],com.ibm.ws.resource.internal.resources.Runtime,null]"
  reference = class org.eclipse.osgi.internal.serviceregistry.ServiceReferenceImpl@609ca720
    registration = class org.eclipse.osgi.internal.serviceregistry.ServiceRegistrationImpl@6f243bbf
  contextsUsing = class java.util.ArrayList@113d6619
    serialVersionUID = 8683452581122892189
    DEFAULT_CAPACITY = 10
    EMPTY_ELEMENTDATA = class java.lang.Object[0]
    DEFAULTCAPACITY_EMPTY_ELEMENTDATA = class java.lang.Object[0]
    elementData = class java.lang.Object[10]
      Object[0] = class org.eclipse.osgi.internal.framework.BundleContextImpl@694a53a3
      Object[1] = null
      Object[2] = null
      Object[3] = null
      Object[4] = null
      Object[5] = null
      Object[6] = null
      Object[7] = null
      Object[8] = null
      Object[9] = null
    size = 1
    MAX_ARRAY_SIZE = 2147483639
    modCount = 1
    MAX_ARRAY_SIZE = 2147483639
  properties = class java.util.Collections$UnmodifiableMap@259d63c7
    serialVersionUID = -1034234728574286014
    m = class org.eclipse.osgi.internal.serviceregistry.ServiceProperties@3af014c1
      map = class java.util.HashMap@d67c102
      entrySet = null
      keySet = null
    keySet = null
    entrySet = null
    values = null
  serviceid = 423
  serviceranking = 100
  registrationLock = class java.lang.Object@bea735e
  state = 0
  REGISTERED = 0
  UNREGISTERING = 1
  UNREGISTERED = 2
  FRAMEWORK_SET_SERVICE_PROPERTIES_COUNT = 4
  $assertionsDisabled = true

