------Start of DE processing------ = [25/05/18 11:14:18:766 CEST]
Exception = com.ibm.wsspi.anno.info.InfoStoreException
Source = com.ibm.ws.anno.info.internal.ClassInfoCache
probeid = 1080
Stack Dump = com.ibm.wsspi.anno.info.InfoStoreException: Class [ java.lang.Object ] from resource [ java/lang/Object.class ] Exception creating reader
	at com.ibm.wsspi.anno.info.InfoStoreException.wrap(InfoStoreException.java:41)
	at com.ibm.ws.anno.info.internal.InfoStoreImpl.scanNewClass(InfoStoreImpl.java:252)
	at com.ibm.ws.anno.info.internal.InfoStoreImpl.scanNewClass(InfoStoreImpl.java:190)
	at com.ibm.ws.anno.info.internal.InfoStoreImpl.scanClass(InfoStoreImpl.java:145)
	at com.ibm.ws.anno.info.internal.ClassInfoCache.scanClass(ClassInfoCache.java:158)
	at com.ibm.ws.anno.info.internal.ClassInfoCache.resolveClassInfo(ClassInfoCache.java:1077)
	at com.ibm.ws.anno.info.internal.InfoStoreImpl.resolveClassInfo(InfoStoreImpl.java:367)
	at com.ibm.ws.anno.info.internal.DelayedClassInfo.getClassInfo(DelayedClassInfo.java:129)
	at com.ibm.ws.anno.info.internal.DelayedClassInfo.getAnnotations(DelayedClassInfo.java:475)
	at com.ibm.ws.anno.info.internal.NonDelayedClassInfo.getAnnotations(NonDelayedClassInfo.java:390)
	at com.ibm.ws.anno.info.internal.InfoImpl.isAnnotationPresent(InfoImpl.java:210)
	at com.ibm.ws.anno.info.internal.ClassInfoCache.addClassInfo(ClassInfoCache.java:949)
	at com.ibm.ws.anno.info.internal.InfoStoreImpl.addClassInfo(InfoStoreImpl.java:357)
	at com.ibm.ws.anno.info.internal.InfoVisitor.visitEndClass(InfoVisitor.java:563)
	at com.ibm.ws.anno.info.internal.InfoVisitor.visitEnd(InfoVisitor.java:535)
	at org.objectweb.asm.ClassReader.accept(ClassReader.java:702)
	at org.objectweb.asm.ClassReader.accept(ClassReader.java:500)
	at com.ibm.ws.anno.info.internal.InfoStoreImpl.scanNewClass(InfoStoreImpl.java:258)
	at com.ibm.ws.anno.info.internal.InfoStoreImpl.scanNewClass(InfoStoreImpl.java:190)
	at com.ibm.ws.anno.info.internal.InfoStoreImpl.scanClass(InfoStoreImpl.java:145)
	at com.ibm.ws.anno.info.internal.ClassInfoCache.scanClass(ClassInfoCache.java:158)
	at com.ibm.ws.anno.info.internal.ClassInfoCache.resolveClassInfo(ClassInfoCache.java:1077)
	at com.ibm.ws.anno.info.internal.InfoStoreImpl.resolveClassInfo(InfoStoreImpl.java:367)
	at com.ibm.ws.anno.info.internal.DelayedClassInfo.getClassInfo(DelayedClassInfo.java:129)
	at com.ibm.ws.anno.info.internal.DelayedClassInfo.getAnnotation(DelayedClassInfo.java:485)
	at com.ibm.ws.anno.info.internal.InfoImpl.getAnnotation(InfoImpl.java:245)
	at com.ibm.ws.anno.info.internal.InfoImpl.getAnnotation(InfoImpl.java:28)
	at com.ibm.ws.ejbcontainer.osgi.internal.ModuleInitDataFactory.mergeComponentDefiningAnnotations(ModuleInitDataFactory.java:687)
	at com.ibm.ws.ejbcontainer.osgi.internal.ModuleInitDataFactory.createModuleInitData(ModuleInitDataFactory.java:457)
	at com.ibm.ws.ejbcontainer.osgi.internal.ModuleInitDataAdapter.createModuleInitData(ModuleInitDataAdapter.java:145)
	at com.ibm.ws.ejbcontainer.osgi.internal.ModuleInitDataAdapter.adapt(ModuleInitDataAdapter.java:98)
	at com.ibm.ws.ejbcontainer.osgi.internal.ModuleInitDataAdapter.adapt(ModuleInitDataAdapter.java:40)
	at com.ibm.ws.adaptable.module.internal.AdapterFactoryServiceImpl.adapt(AdapterFactoryServiceImpl.java:193)
	at com.ibm.ws.adaptable.module.internal.AdaptableContainerImpl.adapt(AdaptableContainerImpl.java:170)
	at com.ibm.ws.adaptable.module.internal.InterpretedContainerImpl.adapt(InterpretedContainerImpl.java:203)
	at com.ibm.ws.ejbcontainer.osgi.internal.EJBModuleRuntimeContainerImpl.createModuleMetaData(EJBModuleRuntimeContainerImpl.java:95)
	at com.ibm.ws.app.manager.module.internal.ModuleHandlerBase.createModuleMetaData(ModuleHandlerBase.java:63)
	at com.ibm.ws.app.manager.module.internal.SimpleDeployedAppInfoBase$ModuleContainerInfoBase.createModuleMetaData(SimpleDeployedAppInfoBase.java:168)
	at com.ibm.ws.app.manager.module.internal.DeployedAppInfoBase.preDeployApp(DeployedAppInfoBase.java:368)
	at com.ibm.ws.app.manager.module.internal.DeployedAppInfoBase.deployApp(DeployedAppInfoBase.java:412)
	at com.ibm.ws.app.manager.ear.internal.EARApplicationHandlerImpl.install(EARApplicationHandlerImpl.java:76)
	at com.ibm.ws.app.manager.internal.statemachine.StartAction.execute(StartAction.java:140)
	at com.ibm.ws.app.manager.internal.statemachine.ApplicationStateMachineImpl.enterState(ApplicationStateMachineImpl.java:1258)
	at com.ibm.ws.app.manager.internal.statemachine.ApplicationStateMachineImpl.run(ApplicationStateMachineImpl.java:873)
	at java.base/java.util.concurrent.ThreadPoolExecutor.runWorker(ThreadPoolExecutor.java:1135)
	at java.base/java.util.concurrent.ThreadPoolExecutor$Worker.run(ThreadPoolExecutor.java:635)
	at java.base/java.lang.Thread.run(Thread.java:844)
Caused by: java.lang.IllegalArgumentException
	at org.objectweb.asm.ClassReader.<init>(ClassReader.java:160)
	at org.objectweb.asm.ClassReader.<init>(ClassReader.java:143)
	at org.objectweb.asm.ClassReader.<init>(ClassReader.java:418)
	at com.ibm.ws.anno.info.internal.InfoStoreImpl.scanNewClass(InfoStoreImpl.java:245)
	... 45 more

Dump of callerThis
Object type = com.ibm.ws.anno.info.internal.ClassInfoCache
  tc = class com.ibm.websphere.ras.TraceComponent@7eb68407
    strings[0] = "TraceComponent[com.ibm.ws.anno.info.internal.ClassInfoCache,class com.ibm.ws.anno.info.internal.ClassInfoCache,[com.ibm.ws.anno],com.ibm.ws.anno.resources.internal.AnnoMessages,null]"
  CLASS_NAME = "com.ibm.ws.anno.info.internal.ClassInfoCache"
  hashText = "com.ibm.ws.anno.info.internal.ClassInfoCache@1503898462"
  infoStore = class com.ibm.ws.anno.info.internal.InfoStoreImpl@593d1eaa
    tc = class com.ibm.websphere.ras.TraceComponent@149dc407
      strings[0] = "TraceComponent[com.ibm.ws.anno.info.internal.InfoStoreImpl,class com.ibm.ws.anno.info.internal.InfoStoreImpl,[com.ibm.ws.anno],com.ibm.ws.anno.resources.internal.AnnoMessages,null]"
    scanStateLogger = class com.ibm.websphere.ras.TraceComponent@6fedc76f
      strings[0] = "TraceComponent[com.ibm.ws.anno.service.internal.AnnotationServiceImpl_Logging,class com.ibm.ws.anno.service.internal.AnnotationServiceImpl_Logging,[com.ibm.ws.anno.state],com.ibm.ws.anno.resources.internal.AnnoMessages,null]"
    CLASS_NAME = "com.ibm.ws.anno.info.internal.InfoStoreImpl"
    hashText = "InfoStoreImpl@1387253732( 1497406081 )"
    infoStoreFactory = class com.ibm.ws.anno.info.internal.InfoStoreFactoryImpl@75d62bcb
      tc = class com.ibm.websphere.ras.TraceComponent@2f45718
      CLASS_NAME = "com.ibm.ws.anno.info.internal.InfoStoreFactoryImpl"
      hashText = "InfoStoreFactoryImpl@1485756629"
      utilFactory = class com.ibm.ws.anno.util.internal.UtilImpl_Factory@1d37357
      serialVersionUID = 322548826735188025
    classSource = class com.ibm.ws.anno.classsource.internal.ClassSourceImpl_Aggregate@59409a81
      CLASS_NAME = "com.ibm.ws.anno.classsource.internal.ClassSourceImpl_Aggregate"
      tc = class com.ibm.websphere.ras.TraceComponent@68ccf30e
      openCount = 0
      successfulOpens = class java.util.ArrayList@55f87e95
      failedOpens = class java.util.HashSet@373d8a48
      classSources = class java.util.ArrayList@4d1d6d93
      classSourceNames = class java.util.HashMap@1445ac1e
      seedClassSources = class java.util.HashSet@2df74d5
      partialClassSources = class java.util.HashSet@59ebc10c
      excludedClassSources = class java.util.HashSet@7fbc5e57
      externalClassSources = class java.util.HashSet@46a038e2
      totalLookups = 2
      repeatLookups = 0
      i_lookupCounts = class java.util.IdentityHashMap@3fa0853f
      i_globalResults = class java.util.IdentityHashMap@38c4d066
      i_failedLookups = class java.util.IdentityHashMap@25977fcf
      i_firstSuccesses = class java.util.IdentityHashMap@623734b7
      serialVersionUID = -8573589362925818400
      tc = class com.ibm.websphere.ras.TraceComponent@7b4542e
      CLASS_NAME = "com.ibm.ws.anno.classsource.internal.ClassSourceImpl"
      hashText = "ClassSourceImpl_Aggregate@496656886(/)"
      factory = class com.ibm.ws.anno.classsource.internal.ClassSourceImpl_Factory@5905dcb3
      name = "/"
      canonicalName = "/"
      parentSource = null
      internMap = class com.ibm.ws.anno.util.internal.UtilImpl_InternMap@475c7015
      scanCounts = class com.ibm.ws.anno.classsource.internal.ClassSourceImpl_ScanCounts@59ab1636
      resourceExclusionCount = 0
      classExclusionCount = 0
      classInclusionCount = 0
      serialVersionUID = 283037046212447331
    classInfoCache = class com.ibm.ws.anno.info.internal.ClassInfoCache@57918714
    streamCount = 2
    activityTimer = class com.ibm.ws.anno.info.internal.ActivityTimer@4ac61397
      activityStarts = class java.util.ArrayList@2621338
      activityWindows = class java.util.ArrayList@75f5a783
      serialVersionUID = -2889063667734053051
      $$$tc$$$ = class com.ibm.websphere.ras.TraceComponent@50a9fff5
    streamTime = 19
    scanTime = 63
    ruleTime = 0
    serialVersionUID = -174359648717412744
  descriptionInternMap = class com.ibm.ws.anno.util.internal.UtilImpl_InternMap@518dbdf0
    tc = class com.ibm.websphere.ras.TraceComponent@72cce91e
    CLASS_NAME = "com.ibm.ws.anno.util.internal.UtilImpl_InternMap"
    hashText = "UtilImpl_InternMap@1168278397(DescriptionMap)"
    DEFAULT_LOG_THRESHHOLD = 4096
    logThreshHold = 4096
    factory = class com.ibm.ws.anno.util.internal.UtilImpl_Factory@1d37357
    valueType = class com.ibm.wsspi.anno.util.Util_InternMap$ValueType@56e333c2
      VT_CLASS_RESOURCE = class com.ibm.wsspi.anno.util.Util_InternMap$ValueType@7731e1f6
      VT_CLASS_REFERENCE = class com.ibm.wsspi.anno.util.Util_InternMap$ValueType@362b3026
      VT_CLASS_NAME = class com.ibm.wsspi.anno.util.Util_InternMap$ValueType@40c22102
      VT_FIELD_NAME = class com.ibm.wsspi.anno.util.Util_InternMap$ValueType@2e2107bb
      VT_METHOD_NAME = class com.ibm.wsspi.anno.util.Util_InternMap$ValueType@dd55ac2
      VT_OTHER = class com.ibm.wsspi.anno.util.Util_InternMap$ValueType@56e333c2
      $VALUES = class com.ibm.wsspi.anno.util.Util_InternMap$ValueType[6]
      $$$tc$$$ = class com.ibm.websphere.ras.TraceComponent@5a241b35
      name = "VT_OTHER"
      ordinal = 5
    checkValues = false
    name = "DescriptionMap"
    internMap = class java.util.HashMap@33d0052a
      serialVersionUID = 362498820763181265
      DEFAULT_INITIAL_CAPACITY = 16
      MAXIMUM_CAPACITY = 1073741824
      DEFAULT_LOAD_FACTOR = 0.75
      TREEIFY_THRESHOLD = 8
      UNTREEIFY_THRESHOLD = 6
      MIN_TREEIFY_CAPACITY = 64
      table = class java.util.HashMap$Node[64]
      entrySet = null
      size = 25
      modCount = 25
      threshold = 48
      loadFactor = 0.75
      keySet = null
      values = null
    lastReportedLength = 0
    totalLength = 2192
    serialVersionUID = -5461277679491511795
  packageNameInternMap = class com.ibm.ws.anno.util.internal.UtilImpl_InternMap@50160b51
    tc = class com.ibm.websphere.ras.TraceComponent@72cce91e
    CLASS_NAME = "com.ibm.ws.anno.util.internal.UtilImpl_InternMap"
    hashText = "UtilImpl_InternMap@2080571622(PackageNameMap)"
    DEFAULT_LOG_THRESHHOLD = 4096
    logThreshHold = 4096
    factory = class com.ibm.ws.anno.util.internal.UtilImpl_Factory@1d37357
    valueType = class com.ibm.wsspi.anno.util.Util_InternMap$ValueType@40c22102
      VT_CLASS_RESOURCE = class com.ibm.wsspi.anno.util.Util_InternMap$ValueType@7731e1f6
      VT_CLASS_REFERENCE = class com.ibm.wsspi.anno.util.Util_InternMap$ValueType@362b3026
      VT_CLASS_NAME = class com.ibm.wsspi.anno.util.Util_InternMap$ValueType@40c22102
      VT_FIELD_NAME = class com.ibm.wsspi.anno.util.Util_InternMap$ValueType@2e2107bb
      VT_METHOD_NAME = class com.ibm.wsspi.anno.util.Util_InternMap$ValueType@dd55ac2
      VT_OTHER = class com.ibm.wsspi.anno.util.Util_InternMap$ValueType@56e333c2
      $VALUES = class com.ibm.wsspi.anno.util.Util_InternMap$ValueType[6]
      $$$tc$$$ = class com.ibm.websphere.ras.TraceComponent@5a241b35
      name = "VT_CLASS_NAME"
      ordinal = 2
    checkValues = false
    name = "PackageNameMap"
    internMap = class java.util.HashMap@2d57188f
      serialVersionUID = 362498820763181265
      DEFAULT_INITIAL_CAPACITY = 16
      MAXIMUM_CAPACITY = 1073741824
      DEFAULT_LOAD_FACTOR = 0.75
      TREEIFY_THRESHOLD = 8
      UNTREEIFY_THRESHOLD = 6
      MIN_TREEIFY_CAPACITY = 64
      table = class java.util.HashMap$Node[16]
      entrySet = null
      size = 6
      modCount = 6
      threshold = 12
      loadFactor = 0.75
      keySet = null
      values = null
    lastReportedLength = 0
    totalLength = 111
    serialVersionUID = -5461277679491511795
  classNameInternMap = class com.ibm.ws.anno.util.internal.UtilImpl_InternMap@427f39b8
    tc = class com.ibm.websphere.ras.TraceComponent@72cce91e
    CLASS_NAME = "com.ibm.ws.anno.util.internal.UtilImpl_InternMap"
    hashText = "UtilImpl_InternMap@1846702018(ClassNameMap)"
    DEFAULT_LOG_THRESHHOLD = 4096
    logThreshHold = 4096
    factory = class com.ibm.ws.anno.util.internal.UtilImpl_Factory@1d37357
    valueType = class com.ibm.wsspi.anno.util.Util_InternMap$ValueType@40c22102
    checkValues = false
    name = "ClassNameMap"
    internMap = class java.util.HashMap@37e42e1c
      serialVersionUID = 362498820763181265
      DEFAULT_INITIAL_CAPACITY = 16
      MAXIMUM_CAPACITY = 1073741824
      DEFAULT_LOAD_FACTOR = 0.75
      TREEIFY_THRESHOLD = 8
      UNTREEIFY_THRESHOLD = 6
      MIN_TREEIFY_CAPACITY = 64
      table = class java.util.HashMap$Node[64]
      entrySet = null
      size = 33
      modCount = 33
      threshold = 48
      loadFactor = 0.75
      keySet = null
      values = null
    lastReportedLength = 0
    totalLength = 1035
    serialVersionUID = -5461277679491511795
  fieldNameInternMap = class com.ibm.ws.anno.util.internal.UtilImpl_InternMap@1aee47cb
    tc = class com.ibm.websphere.ras.TraceComponent@72cce91e
      strings[0] = "TraceComponent[com.ibm.ws.anno.util.internal.UtilImpl_InternMap,class com.ibm.ws.anno.util.internal.UtilImpl_InternMap,[com.ibm.ws.anno],com.ibm.ws.anno.resources.internal.AnnoMessages,null]"
    CLASS_NAME = "com.ibm.ws.anno.util.internal.UtilImpl_InternMap"
    hashText = "UtilImpl_InternMap@707772421(FieldNameMap)"
    DEFAULT_LOG_THRESHHOLD = 4096
    logThreshHold = 4096
    factory = class com.ibm.ws.anno.util.internal.UtilImpl_Factory@1d37357
      tc = class com.ibm.websphere.ras.TraceComponent@e333d1c
      CLASS_NAME = "com.ibm.ws.anno.util.internal.UtilImpl_Factory"
      hashText = "UtilImpl_Factory@408525376"
      serialVersionUID = -7802370278509421821
    valueType = class com.ibm.wsspi.anno.util.Util_InternMap$ValueType@2e2107bb
      VT_CLASS_RESOURCE = class com.ibm.wsspi.anno.util.Util_InternMap$ValueType@7731e1f6
      VT_CLASS_REFERENCE = class com.ibm.wsspi.anno.util.Util_InternMap$ValueType@362b3026
      VT_CLASS_NAME = class com.ibm.wsspi.anno.util.Util_InternMap$ValueType@40c22102
      VT_FIELD_NAME = class com.ibm.wsspi.anno.util.Util_InternMap$ValueType@2e2107bb
      VT_METHOD_NAME = class com.ibm.wsspi.anno.util.Util_InternMap$ValueType@dd55ac2
      VT_OTHER = class com.ibm.wsspi.anno.util.Util_InternMap$ValueType@56e333c2
      $VALUES = class com.ibm.wsspi.anno.util.Util_InternMap$ValueType[6]
      $$$tc$$$ = class com.ibm.websphere.ras.TraceComponent@5a241b35
      name = "VT_FIELD_NAME"
      ordinal = 3
    checkValues = false
    name = "FieldNameMap"
    internMap = class java.util.HashMap@35dd1e72
      serialVersionUID = 362498820763181265
      DEFAULT_INITIAL_CAPACITY = 16
      MAXIMUM_CAPACITY = 1073741824
      DEFAULT_LOAD_FACTOR = 0.75
      TREEIFY_THRESHOLD = 8
      UNTREEIFY_THRESHOLD = 6
      MIN_TREEIFY_CAPACITY = 64
      table = class java.util.HashMap$Node[16]
      entrySet = null
      size = 8
      modCount = 8
      threshold = 12
      loadFactor = 0.75
      keySet = null
      values = null
    lastReportedLength = 0
    totalLength = 140
    serialVersionUID = -5461277679491511795
  methodNameInternMap = class com.ibm.ws.anno.util.internal.UtilImpl_InternMap@26b01b5b
    tc = class com.ibm.websphere.ras.TraceComponent@72cce91e
    CLASS_NAME = "com.ibm.ws.anno.util.internal.UtilImpl_InternMap"
    hashText = "UtilImpl_InternMap@2076641110(MethodNameMap)"
    DEFAULT_LOG_THRESHHOLD = 4096
    logThreshHold = 4096
    factory = class com.ibm.ws.anno.util.internal.UtilImpl_Factory@1d37357
    valueType = class com.ibm.wsspi.anno.util.Util_InternMap$ValueType@dd55ac2
      VT_CLASS_RESOURCE = class com.ibm.wsspi.anno.util.Util_InternMap$ValueType@7731e1f6
      VT_CLASS_REFERENCE = class com.ibm.wsspi.anno.util.Util_InternMap$ValueType@362b3026
      VT_CLASS_NAME = class com.ibm.wsspi.anno.util.Util_InternMap$ValueType@40c22102
      VT_FIELD_NAME = class com.ibm.wsspi.anno.util.Util_InternMap$ValueType@2e2107bb
      VT_METHOD_NAME = class com.ibm.wsspi.anno.util.Util_InternMap$ValueType@dd55ac2
      VT_OTHER = class com.ibm.wsspi.anno.util.Util_InternMap$ValueType@56e333c2
      $VALUES = class com.ibm.wsspi.anno.util.Util_InternMap$ValueType[6]
      $$$tc$$$ = class com.ibm.websphere.ras.TraceComponent@5a241b35
      name = "VT_METHOD_NAME"
      ordinal = 4
    checkValues = false
    name = "MethodNameMap"
    internMap = class java.util.HashMap@50a6eb84
      serialVersionUID = 362498820763181265
      DEFAULT_INITIAL_CAPACITY = 16
      MAXIMUM_CAPACITY = 1073741824
      DEFAULT_LOAD_FACTOR = 0.75
      TREEIFY_THRESHOLD = 8
      UNTREEIFY_THRESHOLD = 6
      MIN_TREEIFY_CAPACITY = 64
      table = class java.util.HashMap$Node[64]
      entrySet = null
      size = 30
      modCount = 30
      threshold = 48
      loadFactor = 0.75
      keySet = null
      values = null
    lastReportedLength = 0
    totalLength = 361
    serialVersionUID = -5461277679491511795
  packageInfos = class java.util.HashMap@469cd05f
    serialVersionUID = 362498820763181265
    DEFAULT_INITIAL_CAPACITY = 16
    MAXIMUM_CAPACITY = 1073741824
    DEFAULT_LOAD_FACTOR = 0.75
    TREEIFY_THRESHOLD = 8
    UNTREEIFY_THRESHOLD = 6
    MIN_TREEIFY_CAPACITY = 64
    table = null
    entrySet = null
    size = 0
    modCount = 0
    threshold = 0
    loadFactor = 0.75
    keySet = null
    values = null
  DO_FORCE_PACKAGE = true
  DO_NOT_FORCE_PACKAGE = false
  FOR_FAILED_LOAD = true
  NOT_FOR_FAILED_LOAD = false
  primitiveClassInfos = class java.util.HashMap@7d9593cd
    serialVersionUID = 362498820763181265
    DEFAULT_INITIAL_CAPACITY = 16
    MAXIMUM_CAPACITY = 1073741824
    DEFAULT_LOAD_FACTOR = 0.75
    TREEIFY_THRESHOLD = 8
    UNTREEIFY_THRESHOLD = 6
    MIN_TREEIFY_CAPACITY = 64
    table = null
    entrySet = null
    size = 0
    modCount = 0
    threshold = 0
    loadFactor = 0.75
    keySet = null
    values = null
  DO_ALLOW_PRIMITIVE = true
  DO_NOT_ALLOW_PRIMITIVE = false
  delayedClassInfos = class java.util.HashMap@152d43ab
    serialVersionUID = 362498820763181265
    DEFAULT_INITIAL_CAPACITY = 16
    MAXIMUM_CAPACITY = 1073741824
    DEFAULT_LOAD_FACTOR = 0.75
    TREEIFY_THRESHOLD = 8
    UNTREEIFY_THRESHOLD = 6
    MIN_TREEIFY_CAPACITY = 64
    table = class java.util.HashMap$Node[16]
      Node[0] = class java.util.HashMap$Node@6fbb3b17
      Node[1] = null
      Node[2] = class java.util.HashMap$Node@3be61485
      Node[3] = null
      Node[4] = null
      Node[5] = null
      Node[6] = null
      Node[7] = null
      Node[8] = class java.util.HashMap$Node@24015e6f
      Node[9] = class java.util.HashMap$Node@7902ad01
      Node[10] = class java.util.HashMap$Node@4f5752b5
      Node[11] = class java.util.HashMap$Node@449e35e6
      Node[12] = null
      Node[13] = class java.util.HashMap$Node@6a42e93c
      Node[14] = null
      Node[15] = class java.util.HashMap$Node@6c42bd0
    entrySet = null
    size = 10
    modCount = 10
    threshold = 12
    loadFactor = 0.75
    keySet = null
    values = null
  CLASSINFO_CACHE_LIMIT_PROPERTY_NAME = "classinfocachesize"
  MIN_CLASSINFO_CACHE_LIMIT = 100
  MAX_CLASSINFO_CACHE_LIMIT = 10000
  DEFAULT_CLASSINFO_CACHE_LIMIT = 2000
  classInfoCacheLimit = 2000
  javaClassInfos = class java.util.HashMap@135fc89d
    serialVersionUID = 362498820763181265
    DEFAULT_INITIAL_CAPACITY = 16
    MAXIMUM_CAPACITY = 1073741824
    DEFAULT_LOAD_FACTOR = 0.75
    TREEIFY_THRESHOLD = 8
    UNTREEIFY_THRESHOLD = 6
    MIN_TREEIFY_CAPACITY = 64
    table = null
    entrySet = null
    size = 0
    modCount = 0
    threshold = 0
    loadFactor = 0.75
    keySet = null
    values = null
  annotatedClassInfos = class java.util.HashMap@42052ac0
    serialVersionUID = 362498820763181265
    DEFAULT_INITIAL_CAPACITY = 16
    MAXIMUM_CAPACITY = 1073741824
    DEFAULT_LOAD_FACTOR = 0.75
    TREEIFY_THRESHOLD = 8
    UNTREEIFY_THRESHOLD = 6
    MIN_TREEIFY_CAPACITY = 64
    table = null
    entrySet = null
    size = 0
    modCount = 0
    threshold = 0
    loadFactor = 0.75
    keySet = null
    values = null
  firstClassInfo = null
  lastClassInfo = null
  classInfos = class java.util.HashMap@3dca1930
    serialVersionUID = 362498820763181265
    DEFAULT_INITIAL_CAPACITY = 16
    MAXIMUM_CAPACITY = 1073741824
    DEFAULT_LOAD_FACTOR = 0.75
    TREEIFY_THRESHOLD = 8
    UNTREEIFY_THRESHOLD = 6
    MIN_TREEIFY_CAPACITY = 64
    table = null
    entrySet = null
    size = 0
    modCount = 0
    threshold = 0
    loadFactor = 0.75
    keySet = null
    values = null
  serialVersionUID = 5822143660628227576

Dump of objectArray[0]
Object type = java.lang.String
  String value = "java.lang.Object"

