------Start of DE processing------ = [25/05/18 11:14:20:171 CEST]
Exception = java.lang.ClassNotFoundException
Source = com.ibm.ws.jdbc.internal.JDBCDriverService
probeid = 234
Stack Dump = java.lang.ClassNotFoundException: org.apache.derby.jdbc.EmbeddedXADataSource40
	at com.ibm.ws.classloading.internal.AppClassLoader.findClassCommonLibraryClassLoaders(AppClassLoader.java:504)
	at com.ibm.ws.classloading.internal.AppClassLoader.findClass(AppClassLoader.java:276)
	at java.base/java.lang.ClassLoader.loadClass(ClassLoader.java:566)
	at com.ibm.ws.classloading.internal.AppClassLoader.findOrDelegateLoadClass(AppClassLoader.java:482)
	at com.ibm.ws.classloading.internal.AppClassLoader.loadClass(AppClassLoader.java:443)
	at java.base/java.lang.ClassLoader.loadClass(ClassLoader.java:499)
	at com.ibm.ws.jdbc.internal.JDBCDriverService$1.run(JDBCDriverService.java:244)
	at com.ibm.ws.jdbc.internal.JDBCDriverService$1.run(JDBCDriverService.java:234)
	at java.base/java.security.AccessController.doPrivileged(Native Method)
	at com.ibm.ws.jdbc.internal.JDBCDriverService.create(JDBCDriverService.java:234)
	at com.ibm.ws.jdbc.internal.JDBCDriverService.createDefaultDataSource(JDBCDriverService.java:413)
	at com.ibm.ws.jdbc.DataSourceService.init(DataSourceService.java:591)
	at com.ibm.ws.jca.cm.AbstractConnectionFactoryService$2.run(AbstractConnectionFactoryService.java:460)
	at com.ibm.ws.jca.cm.AbstractConnectionFactoryService$2.run(AbstractConnectionFactoryService.java:457)
	at java.base/java.security.AccessController.doPrivileged(Native Method)
	at com.ibm.ws.jca.cm.AbstractConnectionFactoryService.initPrivileged(AbstractConnectionFactoryService.java:457)
	at com.ibm.ws.jca.cm.AbstractConnectionFactoryService.createResource(AbstractConnectionFactoryService.java:144)
	at com.ibm.ws.resource.internal.ResourceFactoryTrackerData$1.getService(ResourceFactoryTrackerData.java:120)
	at org.eclipse.osgi.internal.serviceregistry.ServiceFactoryUse$1.run(ServiceFactoryUse.java:212)
	at java.base/java.security.AccessController.doPrivileged(Native Method)
	at org.eclipse.osgi.internal.serviceregistry.ServiceFactoryUse.factoryGetService(ServiceFactoryUse.java:210)
	at org.eclipse.osgi.internal.serviceregistry.ServiceFactoryUse.getService(ServiceFactoryUse.java:111)
	at org.eclipse.osgi.internal.serviceregistry.ServiceConsumer$2.getService(ServiceConsumer.java:45)
	at org.eclipse.osgi.internal.serviceregistry.ServiceRegistrationImpl.getService(ServiceRegistrationImpl.java:508)
	at org.eclipse.osgi.internal.serviceregistry.ServiceRegistry.getService(ServiceRegistry.java:461)
	at org.eclipse.osgi.internal.framework.BundleContextImpl.getService(BundleContextImpl.java:624)
	at com.ibm.ws.jndi.internal.WSContext$4.run(WSContext.java:520)
	at java.base/java.security.AccessController.doPrivileged(Native Method)
	at com.ibm.ws.jndi.internal.WSContext.getReference(WSContext.java:516)
	at com.ibm.ws.jndi.internal.WSContext.resolveObject(WSContext.java:137)
	at com.ibm.ws.jndi.internal.WSContext.lookup(WSContext.java:305)
	at com.ibm.ws.jndi.WSContextBase.lookup(WSContextBase.java:61)
	at org.apache.aries.jndi.DelegateContext.lookup(DelegateContext.java:161)
	at java.naming/javax.naming.InitialContext.lookup(InitialContext.java:409)
	at com.ibm.ws.jpa.container.osgi.internal.OSGiJPAPUnitInfo.lookupDataSource(OSGiJPAPUnitInfo.java:317)
	at com.ibm.ws.jpa.management.JPAPUnitInfo.getJPADataSource(JPAPUnitInfo.java:333)
	at com.ibm.ws.jpa.management.JPAPUnitInfo.getJtaDataSource(JPAPUnitInfo.java:376)
	at com.ibm.ws.jpa.management.JPAPUnitInfo.initialize(JPAPUnitInfo.java:746)
	at com.ibm.ws.jpa.management.JPAPxmlInfo.extractPersistenceUnits(JPAPxmlInfo.java:190)
	at com.ibm.ws.jpa.management.JPAScopeInfo.processPersistenceUnit(JPAScopeInfo.java:90)
	at com.ibm.ws.jpa.management.JPAApplInfo.addPersistenceUnits(JPAApplInfo.java:118)
	at com.ibm.ws.jpa.container.osgi.internal.JPAComponentImpl.processEJBModulePersistenceXml(JPAComponentImpl.java:527)
	at com.ibm.ws.jpa.container.osgi.internal.JPAComponentImpl.applicationStarting(JPAComponentImpl.java:264)
	at com.ibm.ws.container.service.state.internal.ApplicationStateManager.fireStarting(ApplicationStateManager.java:28)
	at com.ibm.ws.container.service.state.internal.StateChangeServiceImpl.fireApplicationStarting(StateChangeServiceImpl.java:50)
	at com.ibm.ws.app.manager.module.internal.DeployedAppInfoBase.preDeployApp(DeployedAppInfoBase.java:383)
	at com.ibm.ws.app.manager.module.internal.DeployedAppInfoBase.deployApp(DeployedAppInfoBase.java:412)
	at com.ibm.ws.app.manager.ear.internal.EARApplicationHandlerImpl.install(EARApplicationHandlerImpl.java:76)
	at com.ibm.ws.app.manager.internal.statemachine.StartAction.execute(StartAction.java:140)
	at com.ibm.ws.app.manager.internal.statemachine.ApplicationStateMachineImpl.enterState(ApplicationStateMachineImpl.java:1258)
	at com.ibm.ws.app.manager.internal.statemachine.ApplicationStateMachineImpl.run(ApplicationStateMachineImpl.java:873)
	at java.base/java.util.concurrent.ThreadPoolExecutor.runWorker(ThreadPoolExecutor.java:1135)
	at java.base/java.util.concurrent.ThreadPoolExecutor$Worker.run(ThreadPoolExecutor.java:635)
	at java.base/java.lang.Thread.run(Thread.java:844)

Dump of callerThis
null
