------Start of DE processing------ = [25/05/18 10:36:22:566 CEST]
Exception = javax.servlet.ServletException
Source = com.ibm.ws.webcontainer.filter.WebAppFilterChain.doFilter
probeid = 82
Stack Dump = javax.servlet.ServletException: TradeServletAction.doLogin(...)Exception logging in user uid:0with passwordxxx
	at com.ibm.websphere.samples.daytrader.web.TradeServletAction.doLogin(TradeServletAction.java:344)
	at com.ibm.websphere.samples.daytrader.web.TradeAppServlet.performTask(TradeAppServlet.java:130)
	at com.ibm.websphere.samples.daytrader.web.TradeAppServlet.doPost(TradeAppServlet.java:98)
	at javax.servlet.http.HttpServlet.service(HttpServlet.java:707)
	at javax.servlet.http.HttpServlet.service(HttpServlet.java:790)
	at com.ibm.ws.webcontainer.servlet.ServletWrapper.service(ServletWrapper.java:1255)
	at com.ibm.ws.webcontainer.servlet.ServletWrapper.handleRequest(ServletWrapper.java:743)
	at com.ibm.ws.webcontainer.servlet.ServletWrapper.handleRequest(ServletWrapper.java:440)
	at com.ibm.ws.webcontainer.filter.WebAppFilterChain.invokeTarget(WebAppFilterChain.java:143)
	at com.ibm.ws.webcontainer.filter.WebAppFilterChain.doFilter(WebAppFilterChain.java:89)
	at com.ibm.websphere.samples.daytrader.web.OrdersAlertFilter.doFilter(OrdersAlertFilter.java:96)
	at com.ibm.ws.webcontainer.filter.FilterInstanceWrapper.doFilter(FilterInstanceWrapper.java:201)
	at com.ibm.ws.webcontainer.filter.WebAppFilterChain.doFilter(WebAppFilterChain.java:86)
	at com.ibm.ws.webcontainer.filter.WebAppFilterManager.doFilter(WebAppFilterManager.java:995)
	at com.ibm.ws.webcontainer.filter.WebAppFilterManager.invokeFilters(WebAppFilterManager.java:1124)
	at com.ibm.ws.webcontainer.filter.WebAppFilterManager.invokeFilters(WebAppFilterManager.java:1004)
	at com.ibm.ws.webcontainer.servlet.CacheServletWrapper.handleRequest(CacheServletWrapper.java:76)
	at com.ibm.ws.webcontainer.WebContainer.handleRequest(WebContainer.java:926)
	at com.ibm.ws.webcontainer.osgi.DynamicVirtualHost$2.run(DynamicVirtualHost.java:279)
	at com.ibm.ws.http.dispatcher.internal.channel.HttpDispatcherLink$TaskWrapper.run(HttpDispatcherLink.java:1009)
	at com.ibm.ws.http.dispatcher.internal.channel.HttpDispatcherLink.wrapHandlerAndExecute(HttpDispatcherLink.java:412)
	at com.ibm.ws.http.dispatcher.internal.channel.HttpDispatcherLink.ready(HttpDispatcherLink.java:371)
	at com.ibm.ws.http.channel.internal.inbound.HttpInboundLink.handleDiscrimination(HttpInboundLink.java:530)
	at com.ibm.ws.http.channel.internal.inbound.HttpInboundLink.handleNewRequest(HttpInboundLink.java:464)
	at com.ibm.ws.http.channel.internal.inbound.HttpInboundLink.processRequest(HttpInboundLink.java:329)
	at com.ibm.ws.http.channel.internal.inbound.HttpInboundLink.ready(HttpInboundLink.java:300)
	at com.ibm.ws.tcpchannel.internal.NewConnectionInitialReadCallback.sendToDiscriminators(NewConnectionInitialReadCallback.java:165)
	at com.ibm.ws.tcpchannel.internal.NewConnectionInitialReadCallback.complete(NewConnectionInitialReadCallback.java:74)
	at com.ibm.ws.tcpchannel.internal.WorkQueueManager.requestComplete(WorkQueueManager.java:501)
	at com.ibm.ws.tcpchannel.internal.WorkQueueManager.attemptIO(WorkQueueManager.java:571)
	at com.ibm.ws.tcpchannel.internal.WorkQueueManager.workerRun(WorkQueueManager.java:926)
	at com.ibm.ws.tcpchannel.internal.WorkQueueManager$Worker.run(WorkQueueManager.java:1015)
	at java.base/java.util.concurrent.ThreadPoolExecutor.runWorker(ThreadPoolExecutor.java:1135)
	at java.base/java.util.concurrent.ThreadPoolExecutor$Worker.run(ThreadPoolExecutor.java:635)
	at java.base/java.lang.Thread.run(Thread.java:844)
Caused by: javax.ejb.EJBException: CWNEN0030E: The server was unable to obtain an object instance for the java:comp/env/com.ibm.websphere.samples.daytrader.ejb3.TradeSLSBBean/entityManager reference.  The exception message was: java.lang.NullPointerException; nested exception is: java.lang.RuntimeException: java.lang.NullPointerException
	at com.ibm.ejs.container.util.ExceptionUtil.EJBException(ExceptionUtil.java:460)
	at com.ibm.ejs.container.ManagedBeanOBase.injectInstance(ManagedBeanOBase.java:153)
	at com.ibm.ejs.container.StatelessBeanO.injectInstance(StatelessBeanO.java:294)
	at com.ibm.ejs.container.StatelessBeanO.initialize(StatelessBeanO.java:168)
	at com.ibm.ejs.container.BeanOFactory.create(BeanOFactory.java:103)
	at com.ibm.ejs.container.EJSHome.createBeanO(EJSHome.java:975)
	at com.ibm.ejs.container.EJSHome.createBeanO(EJSHome.java:1077)
	at com.ibm.ejs.container.activator.UncachedActivationStrategy.atActivate(UncachedActivationStrategy.java:62)
	at com.ibm.ejs.container.activator.Activator.preInvokeActivateBean(Activator.java:263)
	at com.ibm.ejs.container.EJSContainer.preInvokeActivate(EJSContainer.java:3234)
	at com.ibm.ejs.container.EJSContainer.EjbPreInvoke(EJSContainer.java:2571)
	at com.ibm.websphere.samples.daytrader.ejb3.EJSLocal0SLTradeSLSBBean_78e9c356.login(EJSLocal0SLTradeSLSBBean_78e9c356.java)
	at com.ibm.websphere.samples.daytrader.TradeAction.login(TradeAction.java:593)
	at com.ibm.websphere.samples.daytrader.web.TradeServletAction.doLogin(TradeServletAction.java:316)
	... 34 more
Caused by: java.lang.RuntimeException: java.lang.NullPointerException
	at com.ibm.ws.jpa.management.JPAPUnitInfo.getEntityManagerFactory(JPAPUnitInfo.java:804)
	at com.ibm.ws.jpa.management.JPAPUnitInfo.getEntityManagerPool(JPAPUnitInfo.java:994)
	at com.ibm.ws.jpa.management.JPATxEntityManager.<init>(JPATxEntityManager.java:147)
	at com.ibm.ws.jpa.container.v21.JPATxEntityManagerV21.<init>(JPATxEntityManagerV21.java:45)
	at com.ibm.ws.jpa.container.v21.internal.JPA21Runtime.createJPATxEntityManager(JPA21Runtime.java:71)
	at com.ibm.ws.jpa.management.AbstractJPAComponent.getEntityManager(AbstractJPAComponent.java:255)
	at com.ibm.ws.jpa.container.osgi.jndi.JPAJndiLookupObjectFactory.getObjectInstance(JPAJndiLookupObjectFactory.java:149)
	at com.ibm.wsspi.injectionengine.InjectionBinding.getInjectionObjectInstance(InjectionBinding.java:1552)
	at com.ibm.wsspi.injectionengine.InjectionBinding.getInjectionObject(InjectionBinding.java:1428)
	at com.ibm.wsspi.injectionengine.InjectionBinding.getInjectableObject(InjectionBinding.java:1368)
	at com.ibm.wsspi.injectionengine.InjectionTarget.inject(InjectionTarget.java:104)
	at com.ibm.ws.injectionengine.AbstractInjectionEngine.inject(AbstractInjectionEngine.java:851)
	at com.ibm.ejs.container.ManagedBeanOBase.injectInstance(ManagedBeanOBase.java:147)
	... 46 more
Caused by: java.lang.NullPointerException
	at org.eclipse.persistence.internal.jpa.EntityManagerSetupImpl.predeploy(EntityManagerSetupImpl.java:2062)
	at org.eclipse.persistence.jpa.PersistenceProvider.createContainerEntityManagerFactoryImpl(PersistenceProvider.java:334)
	at org.eclipse.persistence.jpa.PersistenceProvider.createContainerEntityManagerFactory(PersistenceProvider.java:305)
	at com.ibm.ws.jpa.management.JPAPUnitInfo.createEMFactory(JPAPUnitInfo.java:910)
	at com.ibm.ws.jpa.management.JPAPUnitInfo.initialize(JPAPUnitInfo.java:762)
	at com.ibm.ws.jpa.management.JPAPxmlInfo.extractPersistenceUnits(JPAPxmlInfo.java:190)
	at com.ibm.ws.jpa.management.JPAScopeInfo.processPersistenceUnit(JPAScopeInfo.java:90)
	at com.ibm.ws.jpa.management.JPAApplInfo.addPersistenceUnits(JPAApplInfo.java:118)
	at com.ibm.ws.jpa.container.osgi.internal.JPAComponentImpl.processEJBModulePersistenceXml(JPAComponentImpl.java:527)
	at com.ibm.ws.jpa.container.osgi.internal.JPAComponentImpl.applicationStarting(JPAComponentImpl.java:264)
	at com.ibm.ws.container.service.state.internal.ApplicationStateManager.fireStarting(ApplicationStateManager.java:28)
	at com.ibm.ws.container.service.state.internal.StateChangeServiceImpl.fireApplicationStarting(StateChangeServiceImpl.java:50)
	at com.ibm.ws.app.manager.module.internal.DeployedAppInfoBase.preDeployApp(DeployedAppInfoBase.java:383)
	at com.ibm.ws.app.manager.module.internal.DeployedAppInfoBase.deployApp(DeployedAppInfoBase.java:412)
	at com.ibm.ws.app.manager.ear.internal.EARApplicationHandlerImpl.install(EARApplicationHandlerImpl.java:76)
	at com.ibm.ws.app.manager.internal.statemachine.StartAction.execute(StartAction.java:140)
	at com.ibm.ws.app.manager.internal.statemachine.ApplicationStateMachineImpl.enterState(ApplicationStateMachineImpl.java:1258)
	at com.ibm.ws.app.manager.internal.statemachine.ApplicationStateMachineImpl.run(ApplicationStateMachineImpl.java:873)
	... 3 more

Dump of callerThis
Object type = com.ibm.ws.webcontainer.filter.WebAppFilterChain
  _filters = class java.util.ArrayList@21e6738c
    serialVersionUID = 8683452581122892189
    DEFAULT_CAPACITY = 10
    EMPTY_ELEMENTDATA = class java.lang.Object[0]
    DEFAULTCAPACITY_EMPTY_ELEMENTDATA = class java.lang.Object[0]
    elementData = class java.lang.Object[5]
      Object[0] = class com.ibm.ws.webcontainer.filter.FilterInstanceWrapper@7e9c1319
      Object[1] = null
      Object[2] = null
      Object[3] = null
      Object[4] = null
    size = 1
    MAX_ARRAY_SIZE = 2147483639
    modCount = 1
    MAX_ARRAY_SIZE = 2147483639
  _currentFilterIndex = 1
  _numberOfFilters = 1
  requestProcessor = class com.ibm.ws.webcontainer.osgi.servlet.ServletWrapper@1f54c348
    serialVersionUID = 1
    _mo = class com.ibm.ws.cdi.impl.managedobject.CDIManagedObject@6bfd7e78
      tc = class com.ibm.websphere.ras.TraceComponent@502193d2
      managedObject = class com.ibm.websphere.samples.daytrader.web.TradeAppServlet@3743a593
      creationalContext = class org.jboss.weld.context.CreationalContextImpl@61631580
      injectionTarget = class org.jboss.weld.injection.producer.BeanInjectionTarget@7c4d9926
      lifecycleManaged = true
      beanScope = "javax.enterprise.context.Dependent"
      identity = "com.ibm.websphere.samples.daytrader.web.TradeAppServlet@3743a593"
      serialVersionUID = -9126917678523682896
    serialVersionUID = -4479626085298397598
    notifyInvocationListeners = false
    UNINITIALIZED_STATE = -1
    AVAILABLE_STATE = 0
    UNAVAILABLE_STATE = 1
    UNAVAILABLE_PERMANENTLY_STATE = 2
    collabHelper = class com.ibm.ws.webcontainer.osgi.collaborator.CollaboratorHelperImpl@7d67fc8b
      webAppInvCollabs = class java.util.Collections$UnmodifiableSet@77059c47
      securityDomainForApp = null
      logger = class com.ibm.ws.logging.internal.WsLogger@1e7abc5
      staticDefaultSecurityCollaborator = class com.ibm.ws.webcontainer.collaborator.WebAppSecurityCollaborator@55c316b8
      logger = class com.ibm.ws.logging.internal.WsLogger@273febc1
      CLASS_NAME = "com.ibm.wsspi.webcontainer.collaborator.CollaboratorHelper"
      webApp = class com.ibm.ws.webcontainer31.osgi.webapp.WebApp31@f04130b
      securityCollaborator = class com.ibm.ws.webcontainer.collaborator.WebAppSecurityCollaborator@55c316b8
      nameSpaceCollaborator = class com.ibm.ws.webcontainer.osgi.collaborator.WebAppNameSpaceCollaboratorImpl@2c8117df
      transactionCollaborator = class com.ibm.ws.transaction.services.WebAppTransactionCollaboratorImpl@60498935
      connectionCollaborator = class com.ibm.ws.webcontainer.collaborator.ConnectionCollaborator@2da94105
      allCollabEnum = class java.util.RegularEnumSet@4d0e0401
      servlet_23_or_greater = true
      DEFER_SERVLET_REQUEST_LISTENER_DESTROY_ON_ERROR = false
    nServicing = class java.util.concurrent.atomic.AtomicInteger@159ca8f
      serialVersionUID = 6214790243416807050
      U = class jdk.internal.misc.Unsafe@1176d4f4
      VALUE = 12
      value = 0
      serialVersionUID = -8742448824652078965
    lastAccessTime = 1527237243617
    state = 0
    logger = class com.ibm.ws.logging.internal.WsLogger@72056406
      tc = class com.ibm.websphere.ras.TraceComponent@f1274f0
      ivCachedResourceBundleName = "com.ibm.ws.webcontainer.resources.Messages"
      ivCachedResourceBundle = class com.ibm.ws.webcontainer.resources.Messages@6c545627
      ivComponent = null
      ivOrganization = null
      ivProduct = null
      ivMinimumLocalizationLevelIntValue = 625
      ivTC = class com.ibm.websphere.ras.TraceComponent@4f23fd50
      loggerRegistrationComponent = class java.lang.ThreadLocal@7340826f
      emptyHandlers = class java.util.logging.Handler[0]
      offValue = 2147483647
      SYSTEM_LOGGER_RB_NAME = "sun.util.logging.resources.logging"
      SYSTEM_BUNDLE = class java.util.logging.Logger$LoggerBundle@6128f598
      NO_RESOURCE_BUNDLE = class java.util.logging.Logger$LoggerBundle@585f2476
      config = class java.util.logging.Logger$ConfigurationData@6eee6ba9
      manager = class com.ibm.ws.kernel.boot.logging.WsLogManager@29fc4820
      name = "com.ibm.ws.webcontainer.servlet"
      loggerBundle = class java.util.logging.Logger$LoggerBundle@80b7a35
      anonymous = false
      catalog = class com.ibm.ws.webcontainer.resources.Messages@6c545627
      catalogName = "com.ibm.ws.webcontainer.resources.Messages"
      catalogLocale = class java.util.Locale@3711111f
      treeLock = class java.lang.Object@7ce7f295
      parent = class com.ibm.ws.logging.internal.WsLogger@4a42ac7
      kids = null
      callerModuleRef = class java.lang.ref.WeakReference@2f489b20
      isSystemLogger = false
      GLOBAL_LOGGER_NAME = "global"
      global = class java.util.logging.Logger@d9aaf14
    CLASS_NAME = "com.ibm.ws.webcontainer.servlet.ServletWrapper"
    nls = class com.ibm.ejs.ras.TraceNLS@45445fe5
      resolver = class com.ibm.ws.logging.internal.TraceNLSResolver@7d792a98
      finder = class com.ibm.ws.logging.internal.StackFinder@2099cd0c
      ivBundleName = "com.ibm.ws.webcontainer.resources.Messages"
      caller = class java.lang.Class@649ec830
    servletConfig = class com.ibm.ws.webcontainer.servlet.ServletConfig@7857062
      logger = class com.ibm.ws.logging.internal.WsLogger@72056406
      CLASS_NAME = "com.ibm.ws.webcontainer.servlet.ServletConfig"
      nls = class com.ibm.ejs.ras.TraceNLS@2dfd350d
      liberty_nls = class com.ibm.ejs.ras.TraceNLS@6d1509da
      enabled = true
      servletName = "TradeAppServlet"
      className = "com.ibm.websphere.samples.daytrader.web.TradeAppServlet"
      mappings = class java.util.ArrayList@4be554f
      startUpWeight = -1
      DEFAULT_STARTUP = -1
      isCachingEnabled = true
      isStatisticsEnabled = true
      isInternal = false
      metaData = class com.ibm.ws.webcontainer.osgi.metadata.WebComponentMetaDataImpl@760a1e96
      singleThreadModelServlet = false
      isJsp = false
      webAppConfig = class com.ibm.ws.webcontainer.osgi.webapp.WebAppConfiguration@75c9fecc
      servletWrapper = class com.ibm.ws.webcontainer.osgi.servlet.ServletWrapper@1f54c348
      servletClass = null
      servlet = null
      addedToLoadOnStartup = true
      previousWeight = null
      multipartConfig = null
      multipartConfigBaseLocation = null
      runAsRole = null
      servletSecurityElement = null
      declareRolesAnnotation = null
      logger = class com.ibm.ws.logging.internal.WsLogger@72056406
      CLASS_NAME = "com.ibm.ws.webcontainer.servlet.TargetConfig"
      initParams = null
      fileName = null
      displayName = null
      name = "TradeAppServlet"
      description = null
      smallIcon = null
      largeIcon = null
      context = class com.ibm.ws.webcontainer31.facade.ServletContextFacade31@29d1f7b7
      className = null
      asyncSupported = false
      _id = "ServletGeneratedId19"
      _attributes = null
      serialVersionUID = 7511545662945734886
      $$$tc$$$ = class com.ibm.websphere.ras.TraceComponent@3b53060c
    context = class com.ibm.ws.webcontainer31.osgi.webapp.WebApp31@f04130b
    target = class com.ibm.websphere.samples.daytrader.web.TradeAppServlet@3743a593
      serialVersionUID = 481530522846648373
      METHOD_DELETE = "DELETE"
      METHOD_HEAD = "HEAD"
      METHOD_GET = "GET"
      METHOD_OPTIONS = "OPTIONS"
      METHOD_POST = "POST"
      METHOD_PUT = "PUT"
      METHOD_TRACE = "TRACE"
      HEADER_IFMODSINCE = "If-Modified-Since"
      HEADER_LASTMOD = "Last-Modified"
      LSTRING_FILE = "javax.servlet.http.LocalStrings"
      lStrings = class java.util.PropertyResourceBundle@22ff0b02
      LSTRING_FILE = "javax.servlet.LocalStrings"
      lStrings = class java.util.PropertyResourceBundle@17ed01f8
      config = class com.ibm.ws.webcontainer.servlet.ServletConfig@7857062
    cacheWrappers = class java.util.ArrayList@48c7cfaf
      serialVersionUID = 8683452581122892189
      DEFAULT_CAPACITY = 10
      EMPTY_ELEMENTDATA = class java.lang.Object[0]
      DEFAULTCAPACITY_EMPTY_ELEMENTDATA = class java.lang.Object[0]
      elementData = class java.lang.Object[10]
      size = 1
      MAX_ARRAY_SIZE = 2147483639
      modCount = 1
      MAX_ARRAY_SIZE = 2147483639
    targetLoader = class com.ibm.ws.classloading.internal.ThreadContextClassLoader@75770f57
      tc = class com.ibm.websphere.ras.TraceComponent@7a01130b
      bundle = class java.util.concurrent.atomic.AtomicReference@4a4a8899
      key = "WebModule:daytrader7#daytrader-ee7-web.war"
      refCount = class java.util.concurrent.atomic.AtomicInteger@33c3ee47
      appLoader = class com.ibm.ws.classloading.internal.AppClassLoader@6d3317ee
      clSvc = class com.ibm.ws.classloading.internal.ClassLoadingServiceImpl@62cd1146
      serialVersionUID = 846416563800781557
      followOnClassLoaders = class java.util.ArrayList@55d2ec52
      serialVersionUID = -5107316606107305512
      $$$tc$$$ = class com.ibm.websphere.ras.TraceComponent@553e056f
      serialVersionUID = -4868702105808481416
      $$$tc$$$ = class com.ibm.websphere.ras.TraceComponent@68c3dbff
      serialVersionUID = 2596921220292114344
      $$$tc$$$ = class com.ibm.websphere.ras.TraceComponent@6376bef0
      initialized = true
      pdcache = class java.util.concurrent.ConcurrentHashMap@18e94686
      parent = class com.ibm.ws.classloading.internal.GatewayClassLoader@65608cab
      name = null
      unnamedModule = class java.lang.Module@6fb9e283
      parallelLockMap = null
      package2certs = class java.util.Hashtable@6790b42
      nocerts = class java.security.cert.Certificate[0]
      classes = class java.util.Vector@2a647c1c
      defaultDomain = class java.security.ProtectionDomain@6816b57e
      packages = class java.util.concurrent.ConcurrentHashMap@3a99038c
      scl = class jdk.internal.loader.ClassLoaders$AppClassLoader@7591083d
      usr_paths = class java.lang.String[35]
      sys_paths = class java.lang.String[1]
      loadedLibraryNames = class java.util.HashSet@2fdac20d
      systemNativeLibraries = class java.util.concurrent.ConcurrentHashMap@161fe95a
      nativeLibraries = null
      assertionLock = class com.ibm.ws.classloading.internal.ThreadContextClassLoader@75770f57
      defaultAssertionStatus = false
      packageAssertionStatus = null
      classAssertionStatus = null
      classLoaderValueMap = class java.util.concurrent.ConcurrentHashMap@74f42c86
      $assertionsDisabled = true
    evtSource = class com.ibm.ws.webcontainer.webapp.WebAppEventSource@11bbb7e5
      _invocationListeners = class com.ibm.ws.webcontainer.util.EventListeners@14472d
      _servletListeners = class com.ibm.ws.webcontainer.util.EventListeners@7e1b5170
      _errorListeners = class com.ibm.ws.webcontainer.util.EventListeners@31d234d8
      _applicationListeners = class com.ibm.ws.webcontainer.util.EventListeners@58b1a227
      _filterInvocationListeners = class com.ibm.ws.webcontainer.util.EventListeners@7abeab33
      _filterListeners = class com.ibm.ws.webcontainer.util.EventListeners@5e8ae5c5
      _filterErrorListeners = class com.ibm.ws.webcontainer.util.EventListeners@7ede7e38
    event = class com.ibm.websphere.servlet.event.ServletEvent@76677940
      serialVersionUID = 3906650803920713522
      _servletName = "TradeAppServlet"
      _servletClassName = "com.ibm.websphere.samples.daytrader.web.TradeAppServlet"
      $$$tc$$$ = class com.ibm.websphere.ras.TraceComponent@6499b07d
      serialVersionUID = 3546927969739289392
      _context = class com.ibm.ws.webcontainer31.facade.ServletContextFacade31@29d1f7b7
      _servletNames = class com.ibm.ws.webcontainer.util.EmptyEnumeration@5d2d3477
      $$$tc$$$ = class com.ibm.websphere.ras.TraceComponent@3bc09665
      serialVersionUID = 5516075349620653480
      source = class com.ibm.ws.webcontainer.osgi.servlet.ServletWrapper@1f54c348
    unavailableMessage = null
    unavailableUntil = -1
    isSTM = false
    internalServlet = false
    webAppInvocationCollaborators = null
    platformHelper = class com.ibm.ws.webcontainer.PlatformHelper@5a4d118e
    webAppNameSpaceCollab = class com.ibm.ws.webcontainer.osgi.collaborator.WebAppNameSpaceCollaboratorImpl@2c8117df
      cmdai = class com.ibm.ws.threadContext.ComponentMetaDataAccessorImpl@13c81c22
    txCollab = class com.ibm.ws.transaction.services.WebAppTransactionCollaboratorImpl@60498935
      tc = class com.ibm.websphere.ras.TraceComponent@334ccc63
      ltCurrentRef = class com.ibm.wsspi.kernel.service.utils.AtomicServiceReference@54b97768
      tranMgrRef = class com.ibm.wsspi.kernel.service.utils.AtomicServiceReference@3da50cf6
      userTranRef = class com.ibm.wsspi.kernel.service.utils.AtomicServiceReference@bcfedaf
      uowCallbackRef = class com.ibm.wsspi.kernel.service.utils.AtomicServiceReference@5ff95d8e
      serialVersionUID = -8319003162899973281
    connCollab = class com.ibm.ws.webcontainer.collaborator.ConnectionCollaborator@2da94105
    suppressServletExceptionLogging = false
    throwExceptionEnum = class java.util.RegularEnumSet@1f5af45f
      serialVersionUID = 3411599620347842686
      elements = 256
      elementType = class java.lang.Class@5ce9c077
      universe = class com.ibm.wsspi.webcontainer.collaborator.CollaboratorInvocationEnum[9]
      MAX_ARRAY_SIZE = 2147483639
    discernUnavailableServlet = false
    reInitServletonInitUnavailableException = true
    destroyServletonServiceUnavailableException = false
    servlet23 = true
    PARAMS_HEAD_TRACE = class java.lang.Class[2]
      Class[0] = class java.lang.Class@f2d6e6b
      Class[1] = class java.lang.Class@19e94f91
    defaultHeadMethodInUse = false
    defaultTraceMethodInUse = false
    checkedForDefaultMethods = null
    defaultTraceRequestBehavior = false
    defaultHeadRequestBehavior = false
    useOriginalRequestState = false
    warningStatusSet = false
    LSTRING_FILE = "javax.servlet.LocalStrings"
    lStrings = class java.util.PropertyResourceBundle@17ed01f8
      encoding = ""
      lookup = class java.util.HashMap@664857e1
      INITIAL_CACHE_SIZE = 32
      NONEXISTENT_BUNDLE = class java.util.ResourceBundle$2@1e0e84ac
      cacheList = class java.util.concurrent.ConcurrentHashMap@661d9d0e
      referenceQueue = class java.lang.ref.ReferenceQueue@35ac7ba2
      parent = null
      locale = class java.util.Locale@466ce972
      name = "javax.servlet.LocalStrings"
      expired = false
      cacheKey = class java.util.ResourceBundle$CacheKey@11ffd5a9
      keySet = null
      UNKNOWN_FORMAT = ""
      TRACE_ON = false
      $assertionsDisabled = true
    config = null
  _filtersDefined = true
  logger = class com.ibm.ws.logging.internal.WsLogger@19e3ec57
    tc = class com.ibm.websphere.ras.TraceComponent@f1274f0
      strings[0] = "TraceComponent[com.ibm.ws.logging.internal.WsLogger,class com.ibm.ws.logging.internal.WsLogger,[logging],com.ibm.ws.logging.internal.resources.LoggingMessages,null]"
    ivCachedResourceBundleName = null
    ivCachedResourceBundle = null
    ivComponent = null
    ivOrganization = null
    ivProduct = null
    ivMinimumLocalizationLevelIntValue = 625
    ivTC = class com.ibm.websphere.ras.TraceComponent@257dcb70
      strings[0] = "TraceComponent[com.ibm.ws.webcontainer.filter,class com.ibm.wsspi.webcontainer.logging.LoggerFactory$1,[com.ibm.ws.webcontainer.filter],null,null]"
    loggerRegistrationComponent = class java.lang.ThreadLocal@7340826f
      threadLocalHashCode = 1914802624
      nextHashCode = class java.util.concurrent.atomic.AtomicInteger@15b2b8fb
      HASH_INCREMENT = 1640531527
    emptyHandlers = class java.util.logging.Handler[0]
    offValue = 2147483647
    SYSTEM_LOGGER_RB_NAME = "sun.util.logging.resources.logging"
    SYSTEM_BUNDLE = class java.util.logging.Logger$LoggerBundle@6128f598
      resourceBundleName = "sun.util.logging.resources.logging"
      userBundle = null
    NO_RESOURCE_BUNDLE = class java.util.logging.Logger$LoggerBundle@585f2476
      resourceBundleName = null
      userBundle = null
    config = class java.util.logging.Logger$ConfigurationData@5e58ea7e
      delegate = class java.util.logging.Logger$ConfigurationData@5e58ea7e
      useParentHandlers = true
      filter = null
      levelObject = class java.util.logging.Level@526e3ff0
      levelValue = 800
      handlers = class java.util.concurrent.CopyOnWriteArrayList@7aba927
    manager = class com.ibm.ws.kernel.boot.logging.WsLogManager@29fc4820
      CLASS_NAME = "com.ibm.ws.kernel.boot.logging.WsLogManager"
      CONFIGURE_BY_SERVER_PROPERTY_NAME = "java.util.logging.configureByServer"
      CONFIGURE_BY_LOGGING_PROPERTIES_FILE = "java.util.logging.configureByLoggingPropertiesFile"
      configureByServer = true
      configureByLoggingProperties = false
      wsLogger = class java.lang.reflect.Constructor@3ce5d09f
      resetEnabled = true
      manager = class com.ibm.ws.kernel.boot.logging.WsLogManager@29fc4820
      props = class java.util.Properties@6bd41d47
      defaultLevel = class java.util.logging.Level@526e3ff0
      systemContext = class java.util.logging.LogManager$SystemLoggerContext@4be9a928
      userContext = class java.util.logging.LogManager$LoggerContext@11941c4c
      rootLogger = class java.util.logging.LogManager$RootLogger@465d6533
      readPrimordialConfiguration = true
      STATE_INITIALIZED = 0
      STATE_INITIALIZING = 1
      STATE_READING_CONFIG = 2
      STATE_UNINITIALIZED = 3
      STATE_SHUTDOWN = 4
      globalHandlersState = 0
      configurationLock = class java.util.concurrent.locks.ReentrantLock@3e747c9
      closeOnResetLoggers = class java.util.concurrent.CopyOnWriteArrayList@48124cd7
      listeners = class java.util.Collections$SynchronizedMap@4eb40c14
      initializedCalled = true
      initializationDone = true
      contextsMap = null
      loggerRefQueue = class java.lang.ref.ReferenceQueue@7ff30ff2
      MAX_ITERATIONS = 400
      controlPermission = class java.util.logging.LoggingPermission@4693d6ca
      LOGGING_MXBEAN_NAME = "java.util.logging:type=Logging"
      $assertionsDisabled = true
    name = "com.ibm.ws.webcontainer.filter"
    loggerBundle = class java.util.logging.Logger$LoggerBundle@fdeecb2
      resourceBundleName = "com.ibm.ws.webcontainer.resources.Messages"
      userBundle = null
    anonymous = false
    catalog = class com.ibm.ws.webcontainer.resources.Messages@2e8305ab
      resources = class [Ljava.lang.Object;[332]
      lookup = null
      INITIAL_CACHE_SIZE = 32
      NONEXISTENT_BUNDLE = class java.util.ResourceBundle$2@1e0e84ac
      cacheList = class java.util.concurrent.ConcurrentHashMap@661d9d0e
      referenceQueue = class java.lang.ref.ReferenceQueue@35ac7ba2
      parent = null
      locale = class java.util.Locale@466ce972
      name = "com.ibm.ws.webcontainer.resources.Messages"
      expired = false
      cacheKey = class java.util.ResourceBundle$CacheKey@24277de8
      keySet = null
      UNKNOWN_FORMAT = ""
      TRACE_ON = false
      $assertionsDisabled = true
    catalogName = "com.ibm.ws.webcontainer.resources.Messages"
    catalogLocale = class java.util.Locale@3711111f
      LOCALECACHE = class java.util.Locale$Cache@6616bbfc
      ENGLISH = class java.util.Locale@57b4eb93
      FRENCH = class java.util.Locale@5391c82c
      GERMAN = class java.util.Locale@5f8ea590
      ITALIAN = class java.util.Locale@c942cc6
      JAPANESE = class java.util.Locale@7c0cb6b4
      KOREAN = class java.util.Locale@2181c1b1
      CHINESE = class java.util.Locale@b894234
      SIMPLIFIED_CHINESE = class java.util.Locale@26d6bd9f
      TRADITIONAL_CHINESE = class java.util.Locale@3f7616e7
      FRANCE = class java.util.Locale@10d5d4f1
      GERMANY = class java.util.Locale@518cac3d
      ITALY = class java.util.Locale@4225c9d6
      JAPAN = class java.util.Locale@4d6b2e5b
      KOREA = class java.util.Locale@73a7195b
      CHINA = class java.util.Locale@26d6bd9f
      PRC = class java.util.Locale@26d6bd9f
      TAIWAN = class java.util.Locale@3f7616e7
      UK = class java.util.Locale@47febe56
      US = class java.util.Locale@2bf9b406
      CANADA = class java.util.Locale@3f744ed4
      CANADA_FRENCH = class java.util.Locale@7452e5a0
      ROOT = class java.util.Locale@466ce972
      PRIVATE_USE_EXTENSION = x
      UNICODE_LOCALE_EXTENSION = u
      serialVersionUID = 9149081749638150636
      DISPLAY_LANGUAGE = 0
      DISPLAY_COUNTRY = 1
      DISPLAY_VARIANT = 2
      DISPLAY_SCRIPT = 3
      DISPLAY_UEXT_KEY = 4
      DISPLAY_UEXT_TYPE = 5
      baseLocale = class sun.util.locale.BaseLocale@3dccd40d
      localeExtensions = null
      hashCodeValue = 104870303
      defaultLocale = class java.util.Locale@3711111f
      defaultDisplayLocale = null
      defaultFormatLocale = class java.util.Locale@3711111f
      languageTag = "nl-BE"
      serialPersistentFields = class java.io.ObjectStreamField[6]
      isoLanguages = null
      isoCountries = null
      $assertionsDisabled = true
    treeLock = class java.lang.Object@7ce7f295
    parent = class com.ibm.ws.logging.internal.WsLogger@4a42ac7
      tc = class com.ibm.websphere.ras.TraceComponent@f1274f0
      ivCachedResourceBundleName = "com.ibm.ws.webcontainer.resources.Messages"
      ivCachedResourceBundle = class com.ibm.ws.webcontainer.resources.Messages@6c545627
      ivComponent = null
      ivOrganization = null
      ivProduct = null
      ivMinimumLocalizationLevelIntValue = 625
      ivTC = class com.ibm.websphere.ras.TraceComponent@61cec5a3
      loggerRegistrationComponent = class java.lang.ThreadLocal@7340826f
      emptyHandlers = class java.util.logging.Handler[0]
      offValue = 2147483647
      SYSTEM_LOGGER_RB_NAME = "sun.util.logging.resources.logging"
      SYSTEM_BUNDLE = class java.util.logging.Logger$LoggerBundle@6128f598
      NO_RESOURCE_BUNDLE = class java.util.logging.Logger$LoggerBundle@585f2476
      config = class java.util.logging.Logger$ConfigurationData@24c38a2b
      manager = class com.ibm.ws.kernel.boot.logging.WsLogManager@29fc4820
      name = "com.ibm.ws.webcontainer"
      loggerBundle = class java.util.logging.Logger$LoggerBundle@2deef7bb
      anonymous = false
      catalog = class com.ibm.ws.webcontainer.resources.Messages@6c545627
      catalogName = "com.ibm.ws.webcontainer.resources.Messages"
      catalogLocale = class java.util.Locale@3711111f
      treeLock = class java.lang.Object@7ce7f295
      parent = class java.util.logging.LogManager$RootLogger@465d6533
      kids = class java.util.ArrayList@20cc6380
      callerModuleRef = class java.lang.ref.WeakReference@51ccbd6c
      isSystemLogger = false
      GLOBAL_LOGGER_NAME = "global"
      global = class java.util.logging.Logger@d9aaf14
    kids = null
    callerModuleRef = class java.lang.ref.WeakReference@323cd9a5
      referent = class java.lang.Module@a28c887
      queue = class java.lang.ref.ReferenceQueue$Null@3a8fda21
      next = null
      discovered = null
      processPendingLock = class java.lang.Object@2d3ddbc0
      processPendingActive = false
    isSystemLogger = false
    GLOBAL_LOGGER_NAME = "global"
    global = class java.util.logging.Logger@d9aaf14
      emptyHandlers = class java.util.logging.Handler[0]
      offValue = 2147483647
      SYSTEM_LOGGER_RB_NAME = "sun.util.logging.resources.logging"
      SYSTEM_BUNDLE = class java.util.logging.Logger$LoggerBundle@6128f598
      NO_RESOURCE_BUNDLE = class java.util.logging.Logger$LoggerBundle@585f2476
      config = class java.util.logging.Logger$ConfigurationData@7f560c30
      manager = class com.ibm.ws.kernel.boot.logging.WsLogManager@29fc4820
      name = "global"
      loggerBundle = class java.util.logging.Logger$LoggerBundle@585f2476
      anonymous = false
      catalog = null
      catalogName = null
      catalogLocale = null
      treeLock = class java.lang.Object@7ce7f295
      parent = class java.util.logging.LogManager$RootLogger@465d6533
      kids = null
      callerModuleRef = null
      isSystemLogger = true
      GLOBAL_LOGGER_NAME = "global"
      global = class java.util.logging.Logger@d9aaf14
  CLASS_NAME = "com.ibm.ws.webcontainer.filter.WebAppFilterChain"
  webapp = class com.ibm.ws.webcontainer31.osgi.webapp.WebApp31@f04130b
    tc = class com.ibm.websphere.ras.TraceComponent@6361dae9
      strings[0] = "TraceComponent[com.ibm.ws.webcontainer31.osgi.webapp.WebApp31,class com.ibm.ws.webcontainer31.osgi.webapp.WebApp31,[webcontainer],com.ibm.ws.webcontainer31.resources.Messages,null]"
    CLASS_NAME = "com.ibm.ws.webcontainer31.osgi.webapp.WebApp31"
    servlet31NLS = class com.ibm.ejs.ras.TraceNLS@70abcb69
      resolver = class com.ibm.ws.logging.internal.TraceNLSResolver@7d792a98
      finder = class com.ibm.ws.logging.internal.StackFinder@2099cd0c
      ivBundleName = "com.ibm.ws.webcontainer31.resources.Messages"
      caller = class java.lang.Class@24dfb418
    validListenerClasses = class java.lang.Class[7]
      Class[0] = class java.lang.Class@7af041d4
      Class[1] = class java.lang.Class@709c1ba1
      Class[2] = class java.lang.Class@7990455a
      Class[3] = class java.lang.Class@34e254ad
      Class[4] = class java.lang.Class@36484f17
      Class[5] = class java.lang.Class@1d408c38
      Class[6] = class java.lang.Class@7ec1e0a2
    wsocServHandler = class com.ibm.ws.wsoc.external.WsocHandlerImpl@a54dcbf
      tc = class com.ibm.websphere.ras.TraceComponent@37fc10ac
      noMoreAddsCalled = true
      serialVersionUID = -2067291126638824067
    tc = class com.ibm.websphere.ras.TraceComponent@1fdf1d33
      strings[0] = "TraceComponent[com.ibm.ws.webcontainer.osgi.webapp.WebApp,class com.ibm.ws.webcontainer.osgi.webapp.WebApp,[webcontainer],com.ibm.ws.webcontainer.resources.LShimMessages,null]"
    CLASS_NAME = "com.ibm.ws.webcontainer.osgi.webapp.WebApp"
    metaDataService = class com.ibm.ws.container.service.metadata.internal.MetaDataServiceImpl@1c9c38ff
      applicationMetaDataManager = class com.ibm.ws.container.service.metadata.internal.ApplicationMetaDataManager@69e6f7ac
      moduleMetaDataManager = class com.ibm.ws.container.service.metadata.internal.ModuleMetaDataManager@33ef9604
      componentMetaDataManager = class com.ibm.ws.container.service.metadata.internal.ComponentMetaDataManager@707c339a
      methodMetaDataManager = class com.ibm.ws.container.service.metadata.internal.MethodMetaDataManager@446fd724
      appModuleNameToModuleContainer = class java.util.concurrent.ConcurrentHashMap@1aea0392
      jeeNameToComponentMetaData = class java.util.concurrent.ConcurrentHashMap@557ae97d
      deferredMetaDataFactories = class com.ibm.wsspi.kernel.service.utils.ConcurrentServiceReferenceSet@448bf0ab
      deferredMetaDataInitializers = class com.ibm.wsspi.kernel.service.utils.ConcurrentServiceReferenceMap@7ee7c9e9
      serialVersionUID = -2494605732980966097
      $$$tc$$$ = class com.ibm.websphere.ras.TraceComponent@640880c5
    namespacePopulated = false
    referenceContext = class com.ibm.ws.injectionengine.osgi.internal.OSGiReferenceContextImpl@13e8f57c
      scopeData = class com.ibm.ws.injectionengine.osgi.internal.OSGiInjectionScopeData@44b32810
      serialVersionUID = 521511923892134915
      $$$tc$$$ = class com.ibm.websphere.ras.TraceComponent@79f860a1
      CLASS_NAME = "com.ibm.ws.injectionengine.ReferenceContextImpl"
      tc = class com.ibm.websphere.ras.TraceComponent@55490163
      ivInjectionEngine = class com.ibm.ws.injectionengine.osgi.internal.OSGiInjectionEngineImpl@4bcf6b9d
      ivProviders = class java.util.ArrayList@2b858e47
      ivComponentJavaContext = null
      ivComponentNameSpace = null
      ivJavaColonCompEnvMap = class java.util.LinkedHashMap@5c5b127b
      ivEjbContext10 = class java.util.Properties@620a75bc
      ivResourceRefConfigList = class com.ibm.ws.resource.internal.ResourceRefConfigListImpl@51c91acb
      isAlreadyProcessed = true
      ivProcessFailure = null
      ivInjectionTargetMap = class java.util.concurrent.ConcurrentHashMap@56394103
      svInjTarMapCacheSize = 256
      ivDeclaredInjectionTargets = class java.util.HashMap@52f55975
      ivProcessedInjectionClasses = class java.util.HashSet@63e37102
      ivProcessedInjectionBindings = class java.util.LinkedHashSet@7a6520f7
      ivAnyProcessDynamic = true
      ivCheckAppConfig = false
    j2eeNameFactory = class com.ibm.ws.container.service.metadata.internal.J2EENameFactoryImpl@28ca197d
      serialVersionUID = 3486344295038028821
      $$$tc$$$ = class com.ibm.websphere.ras.TraceComponent@67845fc
    moduleLoader = class com.ibm.ws.classloading.internal.AppClassLoader@6d3317ee
      tc = class com.ibm.websphere.ras.TraceComponent@2e3ab3f5
      PARENT_FIRST_SEARCH_ORDER = class java.util.Collections$UnmodifiableRandomAccessList@4b0e3c83
      CLASS_LOADING_TRACE_PREFIX = "com.ibm.ws.class.load."
      DEFAULT_PACKAGE = "default.package"
      perPackageClassLoadingTraceComponents = class java.util.concurrent.ConcurrentHashMap@1c3d4e3b
      config = class com.ibm.ws.classloading.internal.ClassLoaderConfigurationImpl@72073504
      privateLibraries = null
      delegateLoaders = class com.ibm.ws.classloading.internal.util.CompositeIterable@156c3829
      nativeLibraryFiles = class java.util.ArrayList@4d1199c8
      transformers = class java.util.ArrayList@3bab4ac7
      apiAccess = class com.ibm.ws.classloading.internal.AppClassLoader@3e8434be
      generator = class com.ibm.ws.classloading.internal.ClassGeneratorManager@5e72aa28
      protectionDomains = class java.util.concurrent.ConcurrentHashMap@70cfe7a3
      parent = class com.ibm.ws.classloading.internal.AppClassLoader@3e8434be
      serialVersionUID = 952643806680066297
      tc = class com.ibm.websphere.ras.TraceComponent@7938cfba
      EMPTY_URL_ARRAY = class java.net.URL[0]
      smartClassPath = class com.ibm.ws.classloading.internal.ContainerClassLoader$SmartClassPathImpl@41634e3
      nativeLibraryContainers = class java.util.ArrayList@45083270
      redefiner = class com.ibm.ws.classloading.internal.util.ClassRedefiner@7496b1d5
      mapCreationQueue = class java.util.concurrent.Executors$FinalizableDelegatedExecutorService@31300f28
      serialVersionUID = 7249739282446266343
      serialVersionUID = -7411549862368381758
      $$$tc$$$ = class com.ibm.websphere.ras.TraceComponent@1e7090c3
      serialVersionUID = -4868702105808481416
      $$$tc$$$ = class com.ibm.websphere.ras.TraceComponent@68c3dbff
      serialVersionUID = 2596921220292114344
      $$$tc$$$ = class com.ibm.websphere.ras.TraceComponent@6376bef0
      initialized = true
      pdcache = class java.util.concurrent.ConcurrentHashMap@2414a564
      parent = class com.ibm.ws.classloading.internal.AppClassLoader@3e8434be
      name = null
      unnamedModule = class java.lang.Module@2be9acba
      parallelLockMap = null
      package2certs = class java.util.Hashtable@1eed3408
      nocerts = class java.security.cert.Certificate[0]
      classes = class java.util.Vector@1af20e17
      defaultDomain = class java.security.ProtectionDomain@1b4cb7a8
      packages = class java.util.concurrent.ConcurrentHashMap@7da65407
      scl = class jdk.internal.loader.ClassLoaders$AppClassLoader@7591083d
      usr_paths = class java.lang.String[35]
      sys_paths = class java.lang.String[1]
      loadedLibraryNames = class java.util.HashSet@2fdac20d
      systemNativeLibraries = class java.util.concurrent.ConcurrentHashMap@161fe95a
      nativeLibraries = null
      assertionLock = class com.ibm.ws.classloading.internal.AppClassLoader@6d3317ee
      defaultAssertionStatus = false
      packageAssertionStatus = null
      classAssertionStatus = null
      classLoaderValueMap = class java.util.concurrent.ConcurrentHashMap@a1c72cf
      $assertionsDisabled = true
    webAppConfig = class com.ibm.ws.webcontainer.osgi.webapp.WebAppConfiguration@75c9fecc
      webModuleMetaData = class com.ibm.ws.webcontainer.osgi.metadata.WebModuleMetaDataImpl@443e910b
      webComponentMetaData = class com.ibm.ws.webcontainer.osgi.metadata.WebComponentMetaDataImpl@3d084319
      dVirtualHost = class com.ibm.ws.webcontainer.osgi.DynamicVirtualHost@591a27a8
      orderedLibPaths = class java.util.Collections$UnmodifiableRandomAccessList@40fab48b
      bundleHeaders = null
      cdiEnabled = true
      CLASS_NAME = "com.ibm.ws.webcontainer.webapp.WebAppConfiguration"
      logger = class com.ibm.ws.logging.internal.WsLogger@7f7674ef
      tc = class com.ibm.websphere.ras.TraceComponent@42afdd76
      nls = class com.ibm.ejs.ras.TraceNLS@2d9c7937
      version = 31
      contextRoot = "/daytrader"
      isDefaultContextRootUsed = false
      sessionTimeout = 30
      moduleSessionTimeoutSet = true
      moduleSessionTrackingModeSet = false
      sessionCookieConfig = class com.ibm.ws.session.SessionCookieConfigImpl@26a18412
      hasProgrammaticCookieConfig = false
      sessionDefaultTrackingModeSet = class java.util.RegularEnumSet@16a7ef04
      sessionManagerConfig = class com.ibm.ws.session.SessionManagerConfig@69487642
      displayName = "DayTrader Web"
      description = null
      reloadInterval = 0
      distributable = false
      denyUncoveredHttpMethods = false
      reloadingEnabled = false
      serveServletsByClassnameEnabled = false
      defaultErrorPage = null
      additionalClassPath = null
      fileServingEnabled = null
      directoryBrowsingEnabled = false
      autoRequestEncoding = false
      autoResponseEncoding = false
      autoLoadFilters = false
      requestListeners = null
      requestAttributeListeners = null
      sessionListeners = null
      localeMap = null
      moduleName = "daytrader-ee7-web"
      j2eeModuleName = "daytrader-ee7-web.war"
      moduleId = null
      isSyncToThreadEnabled = false
      encodeDispatchedRequestURI = false
      isSystemApp = false
      ardEnabled = false
      ardDispatchType = null
      listeners = class java.util.ArrayList@2753ff9d
      welcomeFileList = class java.util.ArrayList@d787e71
      servletMappings = class java.util.HashMap@248e6f15
      lastIndexBeforeDeclaredFilters = 0
      filterMappings = class java.util.ArrayList@edef7a0
      servletInfo = class java.util.concurrent.ConcurrentHashMap@36495ef1
      filterInfo = class java.util.HashMap@780c35bf
      mimeMappings = class java.util.HashMap@2fad0b6c
      mimeFilters = null
      isMimeFilteringEnabled = false
      theWebGroup = null
      jspAttributes = class java.util.HashMap@56b79ace
      fileServingAttributes = class java.util.HashMap@2af5f83f
      invokerAttributes = class java.util.HashMap@334d8113
      contextParams = class java.util.HashMap@74fc0a7d
      virtualHost = "default_host"
      exceptionErrorPages = class java.util.HashMap@1e779fc6
      codeErrorPages = class java.util.HashMap@1b46a837
      tagLibList = null
      precompileJsps = false
      webApp = class com.ibm.ws.webcontainer31.osgi.webapp.WebApp31@f04130b
      virtualHostList = class java.util.Collections$EmptyList@51d53bb0
      appStartupWeight = 0
      moduleStartupWeight = 0
      metaDataComplete = false
      classesToScan = class java.util.ArrayList@44dcf755
      uriFilterMappingInfos = class java.util.ArrayList@5067a251
      servletFilterMappingInfos = null
      dynamicServletRegistrationMap = null
      applicationName = "daytrader7"
      libBinPathList = class java.util.ArrayList@724c9e34
      webXmlDefinedListeners = class java.util.HashSet@5c65875a
      allRefs = class java.util.EnumMap@7f20b5dc
      allRefBindings = class java.util.EnumMap@12b8e543
      envEntryValues = class java.util.HashMap@413741e
      resourceRefConfigList = class com.ibm.ws.resource.internal.ResourceRefConfigListImpl@743c6c91
      disallowAllFileServingProp = "false"
      disallowServeServletsByClassnameProp = "true"
      disableStaticMappingCache = false
      jspCachedLocations = class java.util.HashMap@ec8a99f
      primedSTSHeader = "NoValue"
      enablemultireadofpostdata = false
      requestEncoding = null
      responseEncoding = null
      NULLSERVLETNAME = "com.ibm.ws.webcontainer.NullServletName"
      _id = "WebAppGeneratedId1"
      _attributes = null
      serialVersionUID = 7511545662945734886
      $$$tc$$$ = class com.ibm.websphere.ras.TraceComponent@3b53060c
    extensionProcessingDisabled = false
    managedObjectService = class com.ibm.ws.cdi.impl.managedobject.CDIManagedObjectService@5b97839f
      cdiServiceRef = class com.ibm.wsspi.kernel.service.utils.AtomicServiceReference@5b0fd7f8
      defaultMOSRef = class com.ibm.wsspi.kernel.service.utils.AtomicServiceReference@44a3fb03
      cdiRuntime = class com.ibm.ws.cdi.liberty.CDIRuntimeImpl@13e88ab8
      serialVersionUID = 315221146154657842
      $$$tc$$$ = class com.ibm.websphere.ras.TraceComponent@7d4e9d8
    GenPluginCfgMB = null
    internalServletMetaData = interface com.ibm.wsspi.webcontainer.metadata.WebComponentMetaData[2]
      WebComponentMetaData[0] = null
      WebComponentMetaData[1] = null
    loginProcessor = null
    logoutProcessor = null
    collabHelper = class com.ibm.ws.webcontainer.osgi.collaborator.CollaboratorHelperImpl@7d67fc8b
    envObject = class com.ibm.ws.util.WSThreadLocal@b5ba54b
      tc = class com.ibm.ejs.ras.TraceComponent@5fca67d5
      count = 11
      index = 4
      SUSPECTED_MISUSAGE_THRESHOLD = 200
      threadLocalHashCode = 1080597282
      nextHashCode = class java.util.concurrent.atomic.AtomicInteger@15b2b8fb
      HASH_INCREMENT = 1640531527
    orderedLibPaths = class java.util.Collections$UnmodifiableRandomAccessList@40fab48b
      serialVersionUID = -2542308836966382001
      serialVersionUID = -283967356065247728
      list = class java.util.ArrayList@728ee1a7
      serialVersionUID = 1820017752578914078
      c = class java.util.ArrayList@728ee1a7
    perm = class com.ibm.websphere.security.WebSphereRuntimePermission@b1cd669
      serialVersionUID = -3306242789188168337
      $$$tc$$$ = class com.ibm.websphere.ras.TraceComponent@61b3ae37
      serialVersionUID = 6279438298436773498
      wildcard = false
      path = "accessServletContext"
      exitVM = false
      serialVersionUID = -5636570222231596674
      name = "accessServletContext"
    WELCOME_FILE_LIST = "com.ibm.ws.webcontainer.config.WelcomeFileList"
    DIR_BROWSING_MAPPING = "__dirBrowsing__1527237239362"
    FILTER_PROXY_MAPPING = "/__filterProxy__1527237239362"
    logger = class com.ibm.ws.logging.internal.WsLogger@7f7674ef
      tc = class com.ibm.websphere.ras.TraceComponent@f1274f0
      ivCachedResourceBundleName = null
      ivCachedResourceBundle = null
      ivComponent = null
      ivOrganization = null
      ivProduct = null
      ivMinimumLocalizationLevelIntValue = 625
      ivTC = class com.ibm.websphere.ras.TraceComponent@7403857a
      loggerRegistrationComponent = class java.lang.ThreadLocal@7340826f
      emptyHandlers = class java.util.logging.Handler[0]
      offValue = 2147483647
      SYSTEM_LOGGER_RB_NAME = "sun.util.logging.resources.logging"
      SYSTEM_BUNDLE = class java.util.logging.Logger$LoggerBundle@6128f598
      NO_RESOURCE_BUNDLE = class java.util.logging.Logger$LoggerBundle@585f2476
      config = class java.util.logging.Logger$ConfigurationData@7b3e08de
      manager = class com.ibm.ws.kernel.boot.logging.WsLogManager@29fc4820
      name = "com.ibm.ws.webcontainer.webapp"
      loggerBundle = class java.util.logging.Logger$LoggerBundle@71c11f5a
      anonymous = false
      catalog = class com.ibm.ws.webcontainer.resources.Messages@6c545627
      catalogName = "com.ibm.ws.webcontainer.resources.Messages"
      catalogLocale = class java.util.Locale@3711111f
      treeLock = class java.lang.Object@7ce7f295
      parent = class com.ibm.ws.logging.internal.WsLogger@4a42ac7
      kids = null
      callerModuleRef = class java.lang.ref.WeakReference@27e60bab
      isSystemLogger = false
      GLOBAL_LOGGER_NAME = "global"
      global = class java.util.logging.Logger@d9aaf14
    CLASS_NAME = "com.ibm.ws.webcontainer.webapp.WebApp"
    loader = class com.ibm.ws.classloading.internal.ThreadContextClassLoader@75770f57
    facade = class com.ibm.ws.webcontainer31.facade.ServletContextFacade31@29d1f7b7
      context = class com.ibm.ws.webcontainer31.osgi.webapp.WebApp31@f04130b
    features = class java.util.ArrayList@3c9a50ea
      serialVersionUID = 8683452581122892189
      DEFAULT_CAPACITY = 10
      EMPTY_ELEMENTDATA = class java.lang.Object[0]
      DEFAULTCAPACITY_EMPTY_ELEMENTDATA = class java.lang.Object[0]
      elementData = class java.lang.Object[0]
      size = 0
      MAX_ARRAY_SIZE = 2147483639
      modCount = 0
      MAX_ARRAY_SIZE = 2147483639
    applicationName = "daytrader7"
    config = class com.ibm.ws.webcontainer.osgi.webapp.WebAppConfiguration@75c9fecc
    securityEnabledForApp = false
    webExtensionProcessor = class com.ibm.ws.webcontainer.osgi.extension.WebExtensionProcessor@51d8768e
      webApp = class com.ibm.ws.webcontainer31.osgi.webapp.WebApp31@f04130b
      extensionContext = class com.ibm.ws.webcontainer31.osgi.webapp.WebApp31@f04130b
    production = true
    isServlet23 = true
    contextPath = "/daytrader"
    internalServletList = class [Ljava.lang.String;[2]
      String[][0] = class java.lang.String[2]
      String[][1] = class java.lang.String[2]
    BY_NAME_ONLY = "/_1527237239363_/"
    filterManager = class com.ibm.ws.webcontainer.osgi.filter.WebAppFilterManagerImpl@3b8f9116
      _filterWrappers = class java.util.Hashtable@48dbc063
      chainCache = class java.util.Collections$SynchronizedMap@4328495e
      forwardChainCache = class java.util.Collections$SynchronizedMap@3a6aa5ae
      includeChainCache = class java.util.Collections$SynchronizedMap@2dc65a1b
      errorChainCache = class java.util.Collections$SynchronizedMap@3b884f18
      _filtersDefined = true
      FMI_MAPPING_SINGLE_SLASH = 0
      FMI_MAPPING_PATH_MATCH = 1
      FMI_MAPPING_EXTENSION_MATCH = 2
      FMI_MAPPING_EXACT_MATCH = 3
      logger = class com.ibm.ws.logging.internal.WsLogger@19e3ec57
      CLASS_NAME = "com.ibm.ws.webcontainer.filter.WebAppFilterManager"
      nls = class com.ibm.ejs.ras.TraceNLS@3a6b938e
      webAppConfig = class com.ibm.ws.webcontainer.osgi.webapp.WebAppConfiguration@75c9fecc
      webApp = class com.ibm.ws.webcontainer31.osgi.webapp.WebApp31@f04130b
      collabHelper = class com.ibm.ws.webcontainer.osgi.collaborator.CollaboratorHelperImpl@7d67fc8b
      webAppNameSpaceCollab = class com.ibm.ws.webcontainer.osgi.collaborator.WebAppNameSpaceCollaboratorImpl@2c8117df
      secCollab = class com.ibm.ws.webcontainer.collaborator.WebAppSecurityCollaborator@55c316b8
      sessionSecurityIntegrationEnabled = true
      assumeFilterSuccessOnSecurityError = false
      useOriginalRequestState = false
      _evtSource = class com.ibm.ws.webcontainer.webapp.WebAppEventSource@11bbb7e5
      defaultComponentMetaData = class com.ibm.ws.webcontainer.osgi.metadata.WebComponentMetaDataImpl@3d084319
      DEFER_SERVLET_REQUEST_LISTENER_DESTROY_ON_ERROR = false
    documentRoot = null
    SERVLET_API_VERSION = "Servlet 2.5"
    disableServletAuditLogging = -1
    serverInfo = "IBM WebSphere Liberty/${liberty.service.version}"
    sessionCtx = class com.ibm.ws.webcontainer31.session.impl.HttpSessionContext31Impl@55fc9b8d
      methodClassName = "HttpSessionContextImpl"
      _smc = class com.ibm.ws.session.SessionManagerConfig@69487642
      sessionStoreService = null
      _sap = class com.ibm.ws.session.SessionApplicationParameters@5ac9b45b
      _coreHttpSessionManager = class com.ibm.ws.session.SessionManager@5fcfe57c
      _coreHttpAppSessionManager = null
      _sam = class com.ibm.ws.webcontainer.session.impl.SessionAffinityManagerImpl@7e9c897b
      isSIPApplication = false
      sessionAttributeListener = true
      sessionListener = true
      mHttpSessionAttributeListeners = class java.util.ArrayList@7f54650f
      mHttpSessionListeners = class java.util.ArrayList@68286dd2
      mHttpSessionIdListeners = class java.util.ArrayList@486c81ae
      mHttpSessionAttributeListenersJ2eeNames = class java.util.ArrayList@52a11e89
      mHttpSessionListenersJ2eeNames = class java.util.ArrayList@e0165cf
      mHttpSessionIdListenersJ2eeNames = class java.util.ArrayList@256cdf20
      mLocalHost = null
      _refCount = 1
      currentThreadSacHashtable = null
      methodClassName = "SessionContext"
      ANONYMOUS_USER = "anonymous"
      wasHttpSessionObserver = class com.ibm.ws.session.WasHttpSessionObserver@9a14bd2
      wasHttpSessionAttributeObserver = null
      _invalidator = class com.ibm.ws.session.SessionInvalidatorWithThreadPool@532e5939
      _storer = class com.ibm.ws.session.EOSSessionStorer@5604618e
      wasHttpAppSessionObserver = null
      mHttpAppSessionListeners = null
      cmvcInfo = "CMVC Version 1.9 6/24/07 11:12:24"
      _loggedVersion = true
      CREATE_CORE_SESSION_MANAGER = 0
      GET_REQUESTED_SESSION_ID = 1
      GET_IHTTP_SESSION = 2
      SESSION_PRE_INVOKE = 3
      SESSION_POST_INVOKE = 4
      STOP = 5
      STOP_LISTENERS = 6
      IS_VALID = 7
      ENCODE_URL = 8
      SHOULD_ENCODE_URL = 9
      IS_PROTOCOL_SWITCH = 10
      GET_LOCAL_HOST = 11
      ADD_HTTP_SESSION_ATTRIBUTE_LISTENER = 12
      ADD_HTTP_SESSION_LISTENER = 13
      GET_SESSION_AFFINITY_CONTEXT = 14
      CHECK_SECURITY = 15
      INVALIDATE = 16
      CHECK_SESSSIONID_IS_RIGHT_LENGTH = 17
      LOCK_SESSION = 18
      UNLOCK_SESSION = 19
      ADD_HTTP_SESSION_ID_LISTENER = 20
      methodNames = class java.lang.String[21]
    eventSource = class com.ibm.ws.webcontainer.webapp.WebAppEventSource@11bbb7e5
    nls = class com.ibm.ejs.ras.TraceNLS@4702ebba
      resolver = class com.ibm.ws.logging.internal.TraceNLSResolver@7d792a98
      finder = class com.ibm.ws.logging.internal.StackFinder@2099cd0c
      ivBundleName = "com.ibm.ws.webcontainer.resources.Messages"
      caller = class java.lang.Class@23aeae86
    liberty_nls = class com.ibm.ejs.ras.TraceNLS@777d3d1d
      resolver = class com.ibm.ws.logging.internal.TraceNLSResolver@7d792a98
      finder = class com.ibm.ws.logging.internal.StackFinder@2099cd0c
      ivBundleName = "com.ibm.ws.webcontainer.resources.LShimMessages"
      caller = class java.lang.Class@23aeae86
    error_nls = class com.ibm.ejs.ras.TraceNLS@30bd05c5
      resolver = class com.ibm.ws.logging.internal.TraceNLSResolver@7d792a98
      finder = class com.ibm.ws.logging.internal.StackFinder@2099cd0c
      ivBundleName = "com.ibm.ws.webcontainer.resources.ErrorPage"
      caller = class java.lang.Class@23aeae86
    sessionListeners = class java.util.ArrayList@1acd0ac
      serialVersionUID = 8683452581122892189
      DEFAULT_CAPACITY = 10
      EMPTY_ELEMENTDATA = class java.lang.Object[0]
      DEFAULTCAPACITY_EMPTY_ELEMENTDATA = class java.lang.Object[0]
      elementData = class java.lang.Object[10]
      size = 4
      MAX_ARRAY_SIZE = 2147483639
      modCount = 5
      MAX_ARRAY_SIZE = 2147483639
    sessionIdListeners = class java.util.ArrayList@51a3b418
      serialVersionUID = 8683452581122892189
      DEFAULT_CAPACITY = 10
      EMPTY_ELEMENTDATA = class java.lang.Object[0]
      DEFAULTCAPACITY_EMPTY_ELEMENTDATA = class java.lang.Object[0]
      elementData = class java.lang.Object[0]
      size = 0
      MAX_ARRAY_SIZE = 2147483639
      modCount = 0
      MAX_ARRAY_SIZE = 2147483639
    sessionAttrListeners = class java.util.ArrayList@4f28fee4
      serialVersionUID = 8683452581122892189
      DEFAULT_CAPACITY = 10
      EMPTY_ELEMENTDATA = class java.lang.Object[0]
      DEFAULTCAPACITY_EMPTY_ELEMENTDATA = class java.lang.Object[0]
      elementData = class java.lang.Object[10]
      size = 1
      MAX_ARRAY_SIZE = 2147483639
      modCount = 2
      MAX_ARRAY_SIZE = 2147483639
    addedSessionListeners = class java.util.ArrayList@176349e9
      serialVersionUID = 8683452581122892189
      DEFAULT_CAPACITY = 10
      EMPTY_ELEMENTDATA = class java.lang.Object[0]
      DEFAULTCAPACITY_EMPTY_ELEMENTDATA = class java.lang.Object[0]
      elementData = class java.lang.Object[10]
      size = 1
      MAX_ARRAY_SIZE = 2147483639
      modCount = 1
      MAX_ARRAY_SIZE = 2147483639
    addedSessionAttrListeners = class java.util.ArrayList@702dc219
      serialVersionUID = 8683452581122892189
      DEFAULT_CAPACITY = 10
      EMPTY_ELEMENTDATA = class java.lang.Object[0]
      DEFAULTCAPACITY_EMPTY_ELEMENTDATA = class java.lang.Object[0]
      elementData = class java.lang.Object[10]
      size = 1
      MAX_ARRAY_SIZE = 2147483639
      modCount = 1
      MAX_ARRAY_SIZE = 2147483639
    servletContextListeners = class java.util.ArrayList@3c62ab70
      serialVersionUID = 8683452581122892189
      DEFAULT_CAPACITY = 10
      EMPTY_ELEMENTDATA = class java.lang.Object[0]
      DEFAULTCAPACITY_EMPTY_ELEMENTDATA = class java.lang.Object[0]
      elementData = class java.lang.Object[10]
      size = 5
      MAX_ARRAY_SIZE = 2147483639
      modCount = 6
      MAX_ARRAY_SIZE = 2147483639
    servletContextLAttrListeners = class java.util.ArrayList@34b5bdc6
      serialVersionUID = 8683452581122892189
      DEFAULT_CAPACITY = 10
      EMPTY_ELEMENTDATA = class java.lang.Object[0]
      DEFAULTCAPACITY_EMPTY_ELEMENTDATA = class java.lang.Object[0]
      elementData = class java.lang.Object[10]
      size = 1
      MAX_ARRAY_SIZE = 2147483639
      modCount = 2
      MAX_ARRAY_SIZE = 2147483639
    servletRequestListeners = class java.util.ArrayList@391486b8
      serialVersionUID = 8683452581122892189
      DEFAULT_CAPACITY = 10
      EMPTY_ELEMENTDATA = class java.lang.Object[0]
      DEFAULTCAPACITY_EMPTY_ELEMENTDATA = class java.lang.Object[0]
      elementData = class java.lang.Object[10]
      size = 3
      MAX_ARRAY_SIZE = 2147483639
      modCount = 4
      MAX_ARRAY_SIZE = 2147483639
    servletRequestLAttrListeners = class java.util.ArrayList@27b7b689
      serialVersionUID = 8683452581122892189
      DEFAULT_CAPACITY = 10
      EMPTY_ELEMENTDATA = class java.lang.Object[0]
      DEFAULTCAPACITY_EMPTY_ELEMENTDATA = class java.lang.Object[0]
      elementData = class java.lang.Object[10]
      size = 1
      MAX_ARRAY_SIZE = 2147483639
      modCount = 2
      MAX_ARRAY_SIZE = 2147483639
    prependSlashToResource = false
    destroyed = false
    webAppNameSpaceCollab = class com.ibm.ws.webcontainer.osgi.collaborator.WebAppNameSpaceCollaboratorImpl@2c8117df
    txCollab = class com.ibm.ws.transaction.services.WebAppTransactionCollaboratorImpl@60498935
    sessionActivationListeners = class java.util.ArrayList@e27b024
      serialVersionUID = 8683452581122892189
      DEFAULT_CAPACITY = 10
      EMPTY_ELEMENTDATA = class java.lang.Object[0]
      DEFAULTCAPACITY_EMPTY_ELEMENTDATA = class java.lang.Object[0]
      elementData = class java.lang.Object[0]
      size = 0
      MAX_ARRAY_SIZE = 2147483639
      modCount = 1
      MAX_ARRAY_SIZE = 2147483639
    sessionBindingListeners = class java.util.ArrayList@176567ab
      serialVersionUID = 8683452581122892189
      DEFAULT_CAPACITY = 10
      EMPTY_ELEMENTDATA = class java.lang.Object[0]
      DEFAULTCAPACITY_EMPTY_ELEMENTDATA = class java.lang.Object[0]
      elementData = class java.lang.Object[0]
      size = 0
      MAX_ARRAY_SIZE = 2147483639
      modCount = 1
      MAX_ARRAY_SIZE = 2147483639
    scratchdir = null
    jspClassLoaderLimit = 0
    jspClassLoaderExclusionList = null
    jspClassLoadersMap = null
    jspClassLoaderLimitTrackIF = false
    defaultExtProc = null
    directoryBrowsingServlet = null
    cdiContexts = class java.util.concurrent.ConcurrentHashMap@ad902b9
      serialVersionUID = 7249069246763182397
      MAXIMUM_CAPACITY = 1073741824
      DEFAULT_CAPACITY = 16
      MAX_ARRAY_SIZE = 2147483639
      DEFAULT_CONCURRENCY_LEVEL = 16
      LOAD_FACTOR = 0.75
      TREEIFY_THRESHOLD = 8
      UNTREEIFY_THRESHOLD = 6
      MIN_TREEIFY_CAPACITY = 64
      MIN_TRANSFER_STRIDE = 16
      RESIZE_STAMP_BITS = 16
      MAX_RESIZERS = 65535
      RESIZE_STAMP_SHIFT = 16
      MOVED = -1
      TREEBIN = -2
      RESERVED = -3
      HASH_BITS = 2147483647
      NCPU = 4
      serialPersistentFields = class java.io.ObjectStreamField[3]
      table = class java.util.concurrent.ConcurrentHashMap$Node[16]
      nextTable = null
      baseCount = 1
      sizeCtl = 12
      transferIndex = 0
      cellsBusy = 0
      counterCells = null
      keySet = null
      values = null
      entrySet = null
      U = class jdk.internal.misc.Unsafe@1176d4f4
      SIZECTL = 20
      TRANSFERINDEX = 32
      BASECOUNT = 24
      CELLSBUSY = 36
      CELLVALUE = 144
      ABASE = 16
      ASHIFT = 2
      keySet = null
      values = null
    moduleConfig = class com.ibm.ws.webcontainer.osgi.container.DeployedModule@10c0ee95
      tc = class com.ibm.websphere.ras.TraceComponent@1c2e0fe9
      loader = class com.ibm.ws.classloading.internal.ThreadContextClassLoader@75770f57
      webApp = class com.ibm.ws.webcontainer31.osgi.webapp.WebApp31@f04130b
      webAppConfig = class com.ibm.ws.webcontainer.osgi.webapp.WebAppConfiguration@75c9fecc
      contextRootAdded = null
      properContextRoot = "/daytrader"
      mappingContextRoot = "/daytrader/*"
      serialVersionUID = -2104814060051592457
      $$$tc$$$ = class com.ibm.websphere.ras.TraceComponent@6346013c
    extensionFactories = class java.util.ArrayList@2355ca39
      serialVersionUID = 8683452581122892189
      DEFAULT_CAPACITY = 10
      EMPTY_ELEMENTDATA = class java.lang.Object[0]
      DEFAULTCAPACITY_EMPTY_ELEMENTDATA = class java.lang.Object[0]
      elementData = class java.lang.Object[10]
      size = 3
      MAX_ARRAY_SIZE = 2147483639
      modCount = 7
      MAX_ARRAY_SIZE = 2147483639
    initialized = true
    lock = class com.ibm.ws.webcontainer.webapp.WebApp$1@1f31b9c7
      this$0 = class com.ibm.ws.webcontainer31.osgi.webapp.WebApp31@f04130b
    afterServletContextCreated = false
    redirectContextRoot = false
    errorExceptionTypeFirst = false
    initFilterBeforeServletInit = false
    sortedServletConfigs = class java.util.ArrayList@5dbfac52
      serialVersionUID = 8683452581122892189
      DEFAULT_CAPACITY = 10
      EMPTY_ELEMENTDATA = class java.lang.Object[0]
      DEFAULTCAPACITY_EMPTY_ELEMENTDATA = class java.lang.Object[0]
      elementData = class java.lang.Object[49]
      size = 45
      MAX_ARRAY_SIZE = 2147483639
      modCount = 45
      MAX_ARRAY_SIZE = 2147483639
    effectiveMajorVersion = 3
    effectiveMinorVersion = 1
    canAddServletContextListener = true
    withinContextInitOfProgAddListener = false
    lastProgAddListenerInitialized = "com.ibm.ws.wsoc.WsocServletContextListener"
    webInfLibClassloader = null
    metaInfCache = class com.ibm.ws.webcontainer.webapp.WebApp$2@4a9c4536
      this$0 = class com.ibm.ws.webcontainer31.osgi.webapp.WebApp31@f04130b
      serialVersionUID = 3801124242820219131
      head = null
      tail = null
      accessOrder = true
      serialVersionUID = 362498820763181265
      DEFAULT_INITIAL_CAPACITY = 16
      MAXIMUM_CAPACITY = 1073741824
      DEFAULT_LOAD_FACTOR = 0.75
      TREEIFY_THRESHOLD = 8
      UNTREEIFY_THRESHOLD = 6
      MIN_TREEIFY_CAPACITY = 64
      table = null
      entrySet = null
      size = 0
      modCount = 0
      threshold = 32
      loadFactor = 1.0
      keySet = null
      values = null
    useMetaInfCache = true
    SUN_CONFIGURE_LISTENER_CLASSNAME = "com.sun.faces.config.ConfigureListener"
    MYFACES_LIFECYCLE_LISTENER_CLASSNAME = "org.apache.myfaces.webapp.StartupServletContextListener"
    JSF_IMPL_ENABLED_PARAM = "com.ibm.ws.jsf.JSF_IMPL_ENABLED"
    JSF_IMPL_ENABLED_CUSTOM = "Custom"
    JSF_IMPL_ENABLED_NONE = "None"
    staticDocRoot = class com.ibm.ws.webcontainer.util.DocumentRootUtils@47954a5e
      logger = class com.ibm.ws.logging.internal.WsLogger@5ae50fc
      CLASS_NAME = "com.ibm.ws.webcontainer.util.DocumentRootUtils"
      useContentLength = false
      matchedFile = null
      matchedZipFile = null
      matchedEntry = null
      matchedURL = null
      edrRoot = null
      pfedrRoot = null
      ctxt = class com.ibm.ws.webcontainer31.osgi.webapp.WebApp31@f04130b
      baseDir = null
      edr = null
      pfedr = null
      metaInfRes = null
      searchpfEDR = false
      searchEDR = false
      searchMetaInfRes = true
      matchFromEDR = false
      matchFromMetaInfRes = false
      matchIsADirectory = false
      appConfig = class com.ibm.ws.webcontainer.osgi.webapp.WebAppConfiguration@75c9fecc
      attributeType = "staticFile"
      STATIC_FILE = "staticFile"
      JSP = "jsp"
      PFEDR = "preFragmentExtendedDocumentRoot"
      EDR = "extendedDocumentRoot"
    jspDocRoot = class com.ibm.ws.webcontainer.util.DocumentRootUtils@55783cea
      logger = class com.ibm.ws.logging.internal.WsLogger@5ae50fc
      CLASS_NAME = "com.ibm.ws.webcontainer.util.DocumentRootUtils"
      useContentLength = false
      matchedFile = null
      matchedZipFile = null
      matchedEntry = null
      matchedURL = null
      edrRoot = null
      pfedrRoot = null
      ctxt = class com.ibm.ws.webcontainer31.osgi.webapp.WebApp31@f04130b
      baseDir = null
      edr = null
      pfedr = null
      metaInfRes = null
      searchpfEDR = false
      searchEDR = false
      searchMetaInfRes = true
      matchFromEDR = false
      matchFromMetaInfRes = false
      matchIsADirectory = false
      appConfig = class com.ibm.ws.webcontainer.osgi.webapp.WebAppConfiguration@75c9fecc
      attributeType = "jsp"
      STATIC_FILE = "staticFile"
      JSP = "jsp"
      PFEDR = "preFragmentExtendedDocumentRoot"
      EDR = "extendedDocumentRoot"
    container = class com.ibm.ws.adaptable.module.internal.InterpretedContainerImpl@30903c19
      structureHelper = class com.ibm.ws.app.manager.ear.internal.EARStructureHelper@41e5b51e
      structureHelperSaysWeAreRoot = false
      structureHelperLocalRootDelegate = null
      serialVersionUID = -4533432718946765504
      $$$tc$$$ = class com.ibm.websphere.ras.TraceComponent@39bb7628
      root = class com.ibm.ws.adaptable.module.internal.InterpretedContainerImpl@30903c19
      rootOverlay = class com.ibm.ws.artifact.overlay.internal.DirectoryBasedOverlayContainerImpl@53ec5fe2
      factoryHolder = class com.ibm.ws.adaptable.module.internal.AdaptableModuleFactoryImpl@5add6a57
      delegate = class com.ibm.ws.artifact.overlay.internal.DirectoryBasedOverlayContainerImpl@53ec5fe2
      notifier = class com.ibm.ws.adaptable.module.internal.InterpretedNotifier@18a39051
      serialVersionUID = -5621513278641113667
      $$$tc$$$ = class com.ibm.websphere.ras.TraceComponent@1809e1b1
    metaInfResourceFinder = class com.ibm.ws.webcontainer.util.MetaInfResourceFinder@7585d72b
      jarResourceContainers = class java.util.ArrayList@307a42c1
      container = class com.ibm.ws.adaptable.module.internal.InterpretedContainerImpl@30903c19
    postConstructMethods = class com.ibm.ws.webcontainer.webapp.WebApp$AnnotatedMethods@5d989958
      annotationClass = class java.lang.Class@3aad3cd2
      noOpClassNames = class java.util.HashSet@6d1a9b52
      annotatedMethodNames = class java.util.concurrent.ConcurrentHashMap@187b67e3
      EMPTY_METHODS = class java.lang.reflect.Method[0]
    preDestroyMethods = class com.ibm.ws.webcontainer.webapp.WebApp$AnnotatedMethods@30b2ff0f
      annotationClass = class java.lang.Class@e9ff0d1
      noOpClassNames = class java.util.HashSet@2ffb5df7
      annotatedMethodNames = class java.util.concurrent.ConcurrentHashMap@4d756e83
      EMPTY_METHODS = class java.lang.reflect.Method[0]
    upgraded = false
    OBJ_EMPTY = class java.lang.Object[0]
    CLASS_EMPTY = class java.lang.Class[0]
    DEFAULT_JSP_EXTENSIONS = class java.util.ArrayList@24b90a9f
      serialVersionUID = 8683452581122892189
      DEFAULT_CAPACITY = 10
      EMPTY_ELEMENTDATA = class java.lang.Object[0]
      DEFAULTCAPACITY_EMPTY_ELEMENTDATA = class java.lang.Object[0]
      elementData = class java.lang.Object[10]
      size = 4
      MAX_ARRAY_SIZE = 2147483639
      modCount = 4
      MAX_ARRAY_SIZE = 2147483639
    DEFER_SERVLET_REQUEST_LISTENER_DESTROY_ON_ERROR = false
    DO_ACCEPT_PARTIAL = true
    DO_NOT_ACCEPT_PARTIAL = false
    DO_ACCEPT_EXCLUDED = true
    DO_NOT_ACCEPT_EXCLUDED = false
    commands = class java.util.ArrayList@7fdeadac
      serialVersionUID = 8683452581122892189
      DEFAULT_CAPACITY = 10
      EMPTY_ELEMENTDATA = class java.lang.Object[0]
      DEFAULTCAPACITY_EMPTY_ELEMENTDATA = class java.lang.Object[0]
      elementData = class java.lang.Object[3]
      size = 0
      MAX_ARRAY_SIZE = 2147483639
      modCount = 0
      MAX_ARRAY_SIZE = 2147483639
    requestMapper = class com.ibm.wsspi.webcontainer.util.URIMapper@6695b956
      matcher = class com.ibm.wsspi.webcontainer.util.URIMatcher@5801ece8
    parent = class com.ibm.ws.webcontainer.osgi.webapp.WebGroup@4178680c
      tc = class com.ibm.websphere.ras.TraceComponent@32c6e51f
      logger = class com.ibm.ws.logging.internal.WsLogger@7f7674ef
      CLASS_NAME = "com.ibm.ws.webcontainer.webapp.WebGroup"
      sessUrlRewritePrefix = ";jsessionid="
      qMark = "?"
      config = class com.ibm.ws.webcontainer.osgi.webapp.WebGroupConfiguration@42156c0d
      webApp = class com.ibm.ws.webcontainer31.osgi.webapp.WebApp31@f04130b
      commands = class java.util.ArrayList@464e0257
      requestMapper = null
      parent = class com.ibm.ws.webcontainer.osgi.DynamicVirtualHost@591a27a8
      name = "/daytrader/*"
      isAlive = true
      subElements = class java.util.HashMap@203e8b8b
      attributes = null
      config = null
      serialVersionUID = -8271459000149267764
      $$$tc$$$ = class com.ibm.websphere.ras.TraceComponent@54c4e038
    name = "daytrader-ee7-web"
    isAlive = true
    subElements = null
    attributes = class java.util.concurrent.ConcurrentHashMap@2df97f4e
      serialVersionUID = 7249069246763182397
      MAXIMUM_CAPACITY = 1073741824
      DEFAULT_CAPACITY = 16
      MAX_ARRAY_SIZE = 2147483639
      DEFAULT_CONCURRENCY_LEVEL = 16
      LOAD_FACTOR = 0.75
      TREEIFY_THRESHOLD = 8
      UNTREEIFY_THRESHOLD = 6
      MIN_TREEIFY_CAPACITY = 64
      MIN_TRANSFER_STRIDE = 16
      RESIZE_STAMP_BITS = 16
      MAX_RESIZERS = 65535
      RESIZE_STAMP_SHIFT = 16
      MOVED = -1
      TREEBIN = -2
      RESERVED = -3
      HASH_BITS = 2147483647
      NCPU = 4
      serialPersistentFields = class java.io.ObjectStreamField[3]
      table = class java.util.concurrent.ConcurrentHashMap$Node[64]
      nextTable = null
      baseCount = 47
      sizeCtl = 48
      transferIndex = 0
      cellsBusy = 0
      counterCells = null
      keySet = null
      values = null
      entrySet = null
      U = class jdk.internal.misc.Unsafe@1176d4f4
      SIZECTL = 20
      TRANSFERINDEX = 32
      BASECOUNT = 24
      CELLSBUSY = 36
      CELLVALUE = 144
      ABASE = 16
      ASHIFT = 2
      keySet = null
      values = null
    config = null
    serialVersionUID = -8271459000149267764
    $$$tc$$$ = class com.ibm.websphere.ras.TraceComponent@54c4e038
      strings[0] = "TraceComponent[com.ibm.ws.container.AbstractContainer,class com.ibm.ws.container.AbstractContainer,[],null,null]"

