------Start of DE processing------ = [25/05/18 10:32:50:875 CEST]
Exception = java.lang.IllegalArgumentException
Source = com.ibm.ws.anno.info.internal.InfoStoreImpl
probeid = 247
Stack Dump = java.lang.IllegalArgumentException
	at org.objectweb.asm.ClassReader.<init>(ClassReader.java:160)
	at org.objectweb.asm.ClassReader.<init>(ClassReader.java:143)
	at org.objectweb.asm.ClassReader.<init>(ClassReader.java:418)
	at com.ibm.ws.anno.info.internal.InfoStoreImpl.scanNewClass(InfoStoreImpl.java:245)
	at com.ibm.ws.anno.info.internal.InfoStoreImpl.scanNewClass(InfoStoreImpl.java:190)
	at com.ibm.ws.anno.info.internal.InfoStoreImpl.scanClass(InfoStoreImpl.java:145)
	at com.ibm.ws.anno.info.internal.ClassInfoCache.scanClass(ClassInfoCache.java:158)
	at com.ibm.ws.anno.info.internal.ClassInfoCache.resolveClassInfo(ClassInfoCache.java:1077)
	at com.ibm.ws.anno.info.internal.InfoStoreImpl.resolveClassInfo(InfoStoreImpl.java:367)
	at com.ibm.ws.anno.info.internal.DelayedClassInfo.getClassInfo(DelayedClassInfo.java:129)
	at com.ibm.ws.anno.info.internal.DelayedClassInfo.getAnnotations(DelayedClassInfo.java:475)
	at com.ibm.ws.anno.info.internal.NonDelayedClassInfo.getAnnotations(NonDelayedClassInfo.java:390)
	at com.ibm.ws.anno.info.internal.InfoImpl.isAnnotationPresent(InfoImpl.java:210)
	at com.ibm.ws.anno.info.internal.ClassInfoCache.addClassInfo(ClassInfoCache.java:949)
	at com.ibm.ws.anno.info.internal.InfoStoreImpl.addClassInfo(InfoStoreImpl.java:357)
	at com.ibm.ws.anno.info.internal.InfoVisitor.visitEndClass(InfoVisitor.java:563)
	at com.ibm.ws.anno.info.internal.InfoVisitor.visitEnd(InfoVisitor.java:535)
	at org.objectweb.asm.ClassReader.accept(ClassReader.java:702)
	at org.objectweb.asm.ClassReader.accept(ClassReader.java:500)
	at com.ibm.ws.anno.info.internal.InfoStoreImpl.scanNewClass(InfoStoreImpl.java:258)
	at com.ibm.ws.anno.info.internal.InfoStoreImpl.scanNewClass(InfoStoreImpl.java:190)
	at com.ibm.ws.anno.info.internal.InfoStoreImpl.scanClass(InfoStoreImpl.java:145)
	at com.ibm.ws.anno.info.internal.ClassInfoCache.scanClass(ClassInfoCache.java:158)
	at com.ibm.ws.anno.info.internal.ClassInfoCache.resolveClassInfo(ClassInfoCache.java:1077)
	at com.ibm.ws.anno.info.internal.InfoStoreImpl.resolveClassInfo(InfoStoreImpl.java:367)
	at com.ibm.ws.anno.info.internal.DelayedClassInfo.getClassInfo(DelayedClassInfo.java:129)
	at com.ibm.ws.anno.info.internal.DelayedClassInfo.getAnnotation(DelayedClassInfo.java:485)
	at com.ibm.ws.anno.info.internal.InfoImpl.getAnnotation(InfoImpl.java:245)
	at com.ibm.ws.anno.info.internal.InfoImpl.getAnnotation(InfoImpl.java:28)
	at com.ibm.ws.ejbcontainer.osgi.internal.ModuleInitDataFactory.mergeComponentDefiningAnnotations(ModuleInitDataFactory.java:687)
	at com.ibm.ws.ejbcontainer.osgi.internal.ModuleInitDataFactory.createModuleInitData(ModuleInitDataFactory.java:457)
	at com.ibm.ws.ejbcontainer.osgi.internal.ModuleInitDataAdapter.createModuleInitData(ModuleInitDataAdapter.java:145)
	at com.ibm.ws.ejbcontainer.osgi.internal.ModuleInitDataAdapter.adapt(ModuleInitDataAdapter.java:98)
	at com.ibm.ws.ejbcontainer.osgi.internal.ModuleInitDataAdapter.adapt(ModuleInitDataAdapter.java:40)
	at com.ibm.ws.adaptable.module.internal.AdapterFactoryServiceImpl.adapt(AdapterFactoryServiceImpl.java:193)
	at com.ibm.ws.adaptable.module.internal.AdaptableContainerImpl.adapt(AdaptableContainerImpl.java:170)
	at com.ibm.ws.adaptable.module.internal.InterpretedContainerImpl.adapt(InterpretedContainerImpl.java:203)
	at com.ibm.ws.ejbcontainer.osgi.internal.EJBModuleRuntimeContainerImpl.createModuleMetaData(EJBModuleRuntimeContainerImpl.java:95)
	at com.ibm.ws.app.manager.module.internal.ModuleHandlerBase.createModuleMetaData(ModuleHandlerBase.java:63)
	at com.ibm.ws.app.manager.module.internal.SimpleDeployedAppInfoBase$ModuleContainerInfoBase.createModuleMetaData(SimpleDeployedAppInfoBase.java:168)
	at com.ibm.ws.app.manager.module.internal.DeployedAppInfoBase.preDeployApp(DeployedAppInfoBase.java:368)
	at com.ibm.ws.app.manager.module.internal.DeployedAppInfoBase.deployApp(DeployedAppInfoBase.java:412)
	at com.ibm.ws.app.manager.ear.internal.EARApplicationHandlerImpl.install(EARApplicationHandlerImpl.java:76)
	at com.ibm.ws.app.manager.internal.statemachine.StartAction.execute(StartAction.java:140)
	at com.ibm.ws.app.manager.internal.statemachine.ApplicationStateMachineImpl.enterState(ApplicationStateMachineImpl.java:1258)
	at com.ibm.ws.app.manager.internal.statemachine.ApplicationStateMachineImpl.run(ApplicationStateMachineImpl.java:873)
	at java.base/java.util.concurrent.ThreadPoolExecutor.runWorker(ThreadPoolExecutor.java:1135)
	at java.base/java.util.concurrent.ThreadPoolExecutor$Worker.run(ThreadPoolExecutor.java:635)
	at java.base/java.lang.Thread.run(Thread.java:844)

Dump of callerThis
Object type = com.ibm.ws.anno.info.internal.InfoStoreImpl
  tc = class com.ibm.websphere.ras.TraceComponent@70b46c7a
    strings[0] = "TraceComponent[com.ibm.ws.anno.info.internal.InfoStoreImpl,class com.ibm.ws.anno.info.internal.InfoStoreImpl,[com.ibm.ws.anno],com.ibm.ws.anno.resources.internal.AnnoMessages,null]"
  scanStateLogger = class com.ibm.websphere.ras.TraceComponent@5686d1db
    strings[0] = "TraceComponent[com.ibm.ws.anno.service.internal.AnnotationServiceImpl_Logging,class com.ibm.ws.anno.service.internal.AnnotationServiceImpl_Logging,[com.ibm.ws.anno.state],com.ibm.ws.anno.resources.internal.AnnoMessages,null]"
  CLASS_NAME = "com.ibm.ws.anno.info.internal.InfoStoreImpl"
  hashText = "InfoStoreImpl@1635418171( 1055513858 )"
  infoStoreFactory = class com.ibm.ws.anno.info.internal.InfoStoreFactoryImpl@7d77a624
    tc = class com.ibm.websphere.ras.TraceComponent@68900836
      strings[0] = "TraceComponent[com.ibm.ws.anno.info.internal.InfoStoreFactoryImpl,class com.ibm.ws.anno.info.internal.InfoStoreFactoryImpl,[com.ibm.ws.anno],com.ibm.ws.anno.resources.internal.AnnoMessages,null]"
    CLASS_NAME = "com.ibm.ws.anno.info.internal.InfoStoreFactoryImpl"
    hashText = "InfoStoreFactoryImpl@1369708994"
    utilFactory = class com.ibm.ws.anno.util.internal.UtilImpl_Factory@6c63a22c
      tc = class com.ibm.websphere.ras.TraceComponent@2d87ffd9
      CLASS_NAME = "com.ibm.ws.anno.util.internal.UtilImpl_Factory"
      hashText = "UtilImpl_Factory@656994539"
      serialVersionUID = -7802370278509421821
    serialVersionUID = 322548826735188025
  classSource = class com.ibm.ws.anno.classsource.internal.ClassSourceImpl_Aggregate@3ee9dd02
    CLASS_NAME = "com.ibm.ws.anno.classsource.internal.ClassSourceImpl_Aggregate"
    tc = class com.ibm.websphere.ras.TraceComponent@59d7e802
      strings[0] = "TraceComponent[com.ibm.ws.anno.classsource.internal.ClassSourceImpl_Aggregate,class com.ibm.ws.anno.classsource.internal.ClassSourceImpl_Aggregate,[com.ibm.ws.anno],com.ibm.ws.anno.resources.internal.AnnoMessages,null]"
    openCount = 0
    successfulOpens = class java.util.ArrayList@729b8ae
      serialVersionUID = 8683452581122892189
      DEFAULT_CAPACITY = 10
      EMPTY_ELEMENTDATA = class java.lang.Object[0]
      DEFAULTCAPACITY_EMPTY_ELEMENTDATA = class java.lang.Object[0]
      elementData = class java.lang.Object[10]
      size = 2
      MAX_ARRAY_SIZE = 2147483639
      modCount = 2
      MAX_ARRAY_SIZE = 2147483639
    failedOpens = class java.util.HashSet@45ba7e54
      serialVersionUID = -5024744406713321676
      map = class java.util.HashMap@3026c9c8
      PRESENT = class java.lang.Object@54eda1fd
      MAX_ARRAY_SIZE = 2147483639
    classSources = class java.util.ArrayList@1b7f5423
      serialVersionUID = 8683452581122892189
      DEFAULT_CAPACITY = 10
      EMPTY_ELEMENTDATA = class java.lang.Object[0]
      DEFAULTCAPACITY_EMPTY_ELEMENTDATA = class java.lang.Object[0]
      elementData = class java.lang.Object[10]
      size = 2
      MAX_ARRAY_SIZE = 2147483639
      modCount = 2
      MAX_ARRAY_SIZE = 2147483639
    classSourceNames = class java.util.HashMap@3b3047ed
      serialVersionUID = 362498820763181265
      DEFAULT_INITIAL_CAPACITY = 16
      MAXIMUM_CAPACITY = 1073741824
      DEFAULT_LOAD_FACTOR = 0.75
      TREEIFY_THRESHOLD = 8
      UNTREEIFY_THRESHOLD = 6
      MIN_TREEIFY_CAPACITY = 64
      table = class java.util.HashMap$Node[16]
      entrySet = null
      size = 2
      modCount = 2
      threshold = 12
      loadFactor = 0.75
      keySet = null
      values = null
    seedClassSources = class java.util.HashSet@711674ed
      serialVersionUID = -5024744406713321676
      map = class java.util.HashMap@4fd3359d
      PRESENT = class java.lang.Object@54eda1fd
      MAX_ARRAY_SIZE = 2147483639
    partialClassSources = class java.util.HashSet@6748ec45
      serialVersionUID = -5024744406713321676
      map = class java.util.HashMap@718904a8
      PRESENT = class java.lang.Object@54eda1fd
      MAX_ARRAY_SIZE = 2147483639
    excludedClassSources = class java.util.HashSet@6f772c3
      serialVersionUID = -5024744406713321676
      map = class java.util.HashMap@6022badf
      PRESENT = class java.lang.Object@54eda1fd
      MAX_ARRAY_SIZE = 2147483639
    externalClassSources = class java.util.HashSet@3fc152df
      serialVersionUID = -5024744406713321676
      map = class java.util.HashMap@6c086089
      PRESENT = class java.lang.Object@54eda1fd
      MAX_ARRAY_SIZE = 2147483639
    totalLookups = 2
    repeatLookups = 0
    i_lookupCounts = class java.util.IdentityHashMap@7db2f8d6
      DEFAULT_CAPACITY = 32
      MINIMUM_CAPACITY = 4
      MAXIMUM_CAPACITY = 536870912
      table = class java.lang.Object[64]
      size = 2
      modCount = 2
      NULL_KEY = class java.lang.Object@63aec52e
      entrySet = null
      serialVersionUID = 8188218128353913216
      keySet = null
      values = null
    i_globalResults = class java.util.IdentityHashMap@5db809e1
      DEFAULT_CAPACITY = 32
      MINIMUM_CAPACITY = 4
      MAXIMUM_CAPACITY = 536870912
      table = class java.lang.Object[64]
      size = 2
      modCount = 2
      NULL_KEY = class java.lang.Object@63aec52e
      entrySet = null
      serialVersionUID = 8188218128353913216
      keySet = null
      values = null
    i_failedLookups = class java.util.IdentityHashMap@606419ff
      DEFAULT_CAPACITY = 32
      MINIMUM_CAPACITY = 4
      MAXIMUM_CAPACITY = 536870912
      table = class java.lang.Object[64]
      size = 1
      modCount = 1
      NULL_KEY = class java.lang.Object@63aec52e
      entrySet = null
      serialVersionUID = 8188218128353913216
      keySet = null
      values = null
    i_firstSuccesses = class java.util.IdentityHashMap@5506e886
      DEFAULT_CAPACITY = 32
      MINIMUM_CAPACITY = 4
      MAXIMUM_CAPACITY = 536870912
      table = class java.lang.Object[64]
      size = 2
      modCount = 2
      NULL_KEY = class java.lang.Object@63aec52e
      entrySet = null
      serialVersionUID = 8188218128353913216
      keySet = null
      values = null
    serialVersionUID = -8573589362925818400
    tc = class com.ibm.websphere.ras.TraceComponent@185cdd2f
      strings[0] = "TraceComponent[com.ibm.ws.anno.classsource.internal.ClassSourceImpl,class com.ibm.ws.anno.classsource.internal.ClassSourceImpl,[com.ibm.ws.anno],com.ibm.ws.anno.resources.internal.AnnoMessages,null]"
    CLASS_NAME = "com.ibm.ws.anno.classsource.internal.ClassSourceImpl"
    hashText = "ClassSourceImpl_Aggregate@925938523(/)"
    factory = class com.ibm.ws.anno.classsource.internal.ClassSourceImpl_Factory@3f18deb8
      CLASS_NAME = "com.ibm.ws.anno.classsource.internal.ClassSourceImpl_Factory"
      tc = class com.ibm.websphere.ras.TraceComponent@7af7b404
      hashText = "ClassSourceImpl_Factory@1575848981"
      utilFactory = class com.ibm.ws.anno.util.internal.UtilImpl_Factory@6c63a22c
      serialVersionUID = 1139799791871911911
    name = "/"
    canonicalName = "/"
    parentSource = null
    internMap = class com.ibm.ws.anno.util.internal.UtilImpl_InternMap@22f22fbb
      tc = class com.ibm.websphere.ras.TraceComponent@19ebed66
      CLASS_NAME = "com.ibm.ws.anno.util.internal.UtilImpl_InternMap"
      hashText = "UtilImpl_InternMap@1210563337(classes and packages)"
      DEFAULT_LOG_THRESHHOLD = 4096
      logThreshHold = 4096
      factory = class com.ibm.ws.anno.util.internal.UtilImpl_Factory@6c63a22c
      valueType = class com.ibm.wsspi.anno.util.Util_InternMap$ValueType@9ebbaed
      checkValues = false
      name = "classes and packages"
      internMap = class java.util.HashMap@d150a9e
      lastReportedLength = 0
      totalLength = 1546
      serialVersionUID = -5461277679491511795
    scanCounts = class com.ibm.ws.anno.classsource.internal.ClassSourceImpl_ScanCounts@621961fb
      results = {14,8,0,6,0,1,7,0,0,7} /* array length = 10 */
      serialVersionUID = -8917709647280336091
      $$$tc$$$ = class com.ibm.websphere.ras.TraceComponent@6dab29cb
    resourceExclusionCount = 0
    classExclusionCount = 0
    classInclusionCount = 0
    serialVersionUID = 283037046212447331
  classInfoCache = class com.ibm.ws.anno.info.internal.ClassInfoCache@6b519b1b
    tc = class com.ibm.websphere.ras.TraceComponent@59fde5c5
      strings[0] = "TraceComponent[com.ibm.ws.anno.info.internal.ClassInfoCache,class com.ibm.ws.anno.info.internal.ClassInfoCache,[com.ibm.ws.anno],com.ibm.ws.anno.resources.internal.AnnoMessages,null]"
    CLASS_NAME = "com.ibm.ws.anno.info.internal.ClassInfoCache"
    hashText = "com.ibm.ws.anno.info.internal.ClassInfoCache@1125103352"
    infoStore = class com.ibm.ws.anno.info.internal.InfoStoreImpl@6051c717
    descriptionInternMap = class com.ibm.ws.anno.util.internal.UtilImpl_InternMap@14c4ee88
      tc = class com.ibm.websphere.ras.TraceComponent@19ebed66
      CLASS_NAME = "com.ibm.ws.anno.util.internal.UtilImpl_InternMap"
      hashText = "UtilImpl_InternMap@372339860(DescriptionMap)"
      DEFAULT_LOG_THRESHHOLD = 4096
      logThreshHold = 4096
      factory = class com.ibm.ws.anno.util.internal.UtilImpl_Factory@6c63a22c
      valueType = class com.ibm.wsspi.anno.util.Util_InternMap$ValueType@43bd33f6
      checkValues = false
      name = "DescriptionMap"
      internMap = class java.util.HashMap@1755c5be
      lastReportedLength = 0
      totalLength = 2192
      serialVersionUID = -5461277679491511795
    packageNameInternMap = class com.ibm.ws.anno.util.internal.UtilImpl_InternMap@2df61d6
      tc = class com.ibm.websphere.ras.TraceComponent@19ebed66
      CLASS_NAME = "com.ibm.ws.anno.util.internal.UtilImpl_InternMap"
      hashText = "UtilImpl_InternMap@1060705479(PackageNameMap)"
      DEFAULT_LOG_THRESHHOLD = 4096
      logThreshHold = 4096
      factory = class com.ibm.ws.anno.util.internal.UtilImpl_Factory@6c63a22c
      valueType = class com.ibm.wsspi.anno.util.Util_InternMap$ValueType@9ebbaed
      checkValues = false
      name = "PackageNameMap"
      internMap = class java.util.HashMap@70b2d105
      lastReportedLength = 0
      totalLength = 111
      serialVersionUID = -5461277679491511795
    classNameInternMap = class com.ibm.ws.anno.util.internal.UtilImpl_InternMap@627a75d9
      tc = class com.ibm.websphere.ras.TraceComponent@19ebed66
      CLASS_NAME = "com.ibm.ws.anno.util.internal.UtilImpl_InternMap"
      hashText = "UtilImpl_InternMap@138964626(ClassNameMap)"
      DEFAULT_LOG_THRESHHOLD = 4096
      logThreshHold = 4096
      factory = class com.ibm.ws.anno.util.internal.UtilImpl_Factory@6c63a22c
      valueType = class com.ibm.wsspi.anno.util.Util_InternMap$ValueType@9ebbaed
      checkValues = false
      name = "ClassNameMap"
      internMap = class java.util.HashMap@195931b2
      lastReportedLength = 0
      totalLength = 1035
      serialVersionUID = -5461277679491511795
    fieldNameInternMap = class com.ibm.ws.anno.util.internal.UtilImpl_InternMap@13f9d978
      tc = class com.ibm.websphere.ras.TraceComponent@19ebed66
      CLASS_NAME = "com.ibm.ws.anno.util.internal.UtilImpl_InternMap"
      hashText = "UtilImpl_InternMap@911122709(FieldNameMap)"
      DEFAULT_LOG_THRESHHOLD = 4096
      logThreshHold = 4096
      factory = class com.ibm.ws.anno.util.internal.UtilImpl_Factory@6c63a22c
      valueType = class com.ibm.wsspi.anno.util.Util_InternMap$ValueType@3d79ae9d
      checkValues = false
      name = "FieldNameMap"
      internMap = class java.util.HashMap@69a29f02
      lastReportedLength = 0
      totalLength = 140
      serialVersionUID = -5461277679491511795
    methodNameInternMap = class com.ibm.ws.anno.util.internal.UtilImpl_InternMap@20fac521
      tc = class com.ibm.websphere.ras.TraceComponent@19ebed66
      CLASS_NAME = "com.ibm.ws.anno.util.internal.UtilImpl_InternMap"
      hashText = "UtilImpl_InternMap@726070940(MethodNameMap)"
      DEFAULT_LOG_THRESHHOLD = 4096
      logThreshHold = 4096
      factory = class com.ibm.ws.anno.util.internal.UtilImpl_Factory@6c63a22c
      valueType = class com.ibm.wsspi.anno.util.Util_InternMap$ValueType@11899372
      checkValues = false
      name = "MethodNameMap"
      internMap = class java.util.HashMap@748abf59
      lastReportedLength = 0
      totalLength = 361
      serialVersionUID = -5461277679491511795
    packageInfos = class java.util.HashMap@59d2d139
      serialVersionUID = 362498820763181265
      DEFAULT_INITIAL_CAPACITY = 16
      MAXIMUM_CAPACITY = 1073741824
      DEFAULT_LOAD_FACTOR = 0.75
      TREEIFY_THRESHOLD = 8
      UNTREEIFY_THRESHOLD = 6
      MIN_TREEIFY_CAPACITY = 64
      table = null
      entrySet = null
      size = 0
      modCount = 0
      threshold = 0
      loadFactor = 0.75
      keySet = null
      values = null
    DO_FORCE_PACKAGE = true
    DO_NOT_FORCE_PACKAGE = false
    FOR_FAILED_LOAD = true
    NOT_FOR_FAILED_LOAD = false
    primitiveClassInfos = class java.util.HashMap@6837b367
      serialVersionUID = 362498820763181265
      DEFAULT_INITIAL_CAPACITY = 16
      MAXIMUM_CAPACITY = 1073741824
      DEFAULT_LOAD_FACTOR = 0.75
      TREEIFY_THRESHOLD = 8
      UNTREEIFY_THRESHOLD = 6
      MIN_TREEIFY_CAPACITY = 64
      table = null
      entrySet = null
      size = 0
      modCount = 0
      threshold = 0
      loadFactor = 0.75
      keySet = null
      values = null
    DO_ALLOW_PRIMITIVE = true
    DO_NOT_ALLOW_PRIMITIVE = false
    delayedClassInfos = class java.util.HashMap@35d89500
      serialVersionUID = 362498820763181265
      DEFAULT_INITIAL_CAPACITY = 16
      MAXIMUM_CAPACITY = 1073741824
      DEFAULT_LOAD_FACTOR = 0.75
      TREEIFY_THRESHOLD = 8
      UNTREEIFY_THRESHOLD = 6
      MIN_TREEIFY_CAPACITY = 64
      table = class java.util.HashMap$Node[16]
      entrySet = null
      size = 10
      modCount = 10
      threshold = 12
      loadFactor = 0.75
      keySet = null
      values = null
    CLASSINFO_CACHE_LIMIT_PROPERTY_NAME = "classinfocachesize"
    MIN_CLASSINFO_CACHE_LIMIT = 100
    MAX_CLASSINFO_CACHE_LIMIT = 10000
    DEFAULT_CLASSINFO_CACHE_LIMIT = 2000
    classInfoCacheLimit = 2000
    javaClassInfos = class java.util.HashMap@ce9c718
      serialVersionUID = 362498820763181265
      DEFAULT_INITIAL_CAPACITY = 16
      MAXIMUM_CAPACITY = 1073741824
      DEFAULT_LOAD_FACTOR = 0.75
      TREEIFY_THRESHOLD = 8
      UNTREEIFY_THRESHOLD = 6
      MIN_TREEIFY_CAPACITY = 64
      table = null
      entrySet = null
      size = 0
      modCount = 0
      threshold = 0
      loadFactor = 0.75
      keySet = null
      values = null
    annotatedClassInfos = class java.util.HashMap@5990e169
      serialVersionUID = 362498820763181265
      DEFAULT_INITIAL_CAPACITY = 16
      MAXIMUM_CAPACITY = 1073741824
      DEFAULT_LOAD_FACTOR = 0.75
      TREEIFY_THRESHOLD = 8
      UNTREEIFY_THRESHOLD = 6
      MIN_TREEIFY_CAPACITY = 64
      table = null
      entrySet = null
      size = 0
      modCount = 0
      threshold = 0
      loadFactor = 0.75
      keySet = null
      values = null
    firstClassInfo = null
    lastClassInfo = null
    classInfos = class java.util.HashMap@28911fce
      serialVersionUID = 362498820763181265
      DEFAULT_INITIAL_CAPACITY = 16
      MAXIMUM_CAPACITY = 1073741824
      DEFAULT_LOAD_FACTOR = 0.75
      TREEIFY_THRESHOLD = 8
      UNTREEIFY_THRESHOLD = 6
      MIN_TREEIFY_CAPACITY = 64
      table = null
      entrySet = null
      size = 0
      modCount = 0
      threshold = 0
      loadFactor = 0.75
      keySet = null
      values = null
    serialVersionUID = 5822143660628227576
  streamCount = 2
  activityTimer = class com.ibm.ws.anno.info.internal.ActivityTimer@4b8ba0d6
    activityStarts = class java.util.ArrayList@39f7e6
      serialVersionUID = 8683452581122892189
      DEFAULT_CAPACITY = 10
      EMPTY_ELEMENTDATA = class java.lang.Object[0]
      DEFAULTCAPACITY_EMPTY_ELEMENTDATA = class java.lang.Object[0]
      elementData = class java.lang.Object[10]
      size = 4
      MAX_ARRAY_SIZE = 2147483639
      modCount = 4
      MAX_ARRAY_SIZE = 2147483639
    activityWindows = class java.util.ArrayList@792d0447
      serialVersionUID = 8683452581122892189
      DEFAULT_CAPACITY = 10
      EMPTY_ELEMENTDATA = class java.lang.Object[0]
      DEFAULTCAPACITY_EMPTY_ELEMENTDATA = class java.lang.Object[0]
      elementData = class java.lang.Object[10]
      size = 4
      MAX_ARRAY_SIZE = 2147483639
      modCount = 4
      MAX_ARRAY_SIZE = 2147483639
    serialVersionUID = -2889063667734053051
    $$$tc$$$ = class com.ibm.websphere.ras.TraceComponent@fc48b53
      strings[0] = "TraceComponent[com.ibm.ws.anno.info.internal.ActivityTimer,class com.ibm.ws.anno.info.internal.ActivityTimer,[com.ibm.ws.anno],com.ibm.ws.anno.resources.internal.AnnoMessages,null]"
  streamTime = 0
  scanTime = 0
  ruleTime = 0
  serialVersionUID = -174359648717412744

Dump of objectArray[0]
Object type = java.lang.String
  String value = "java/lang/Object.class"

Dump of objectArray[1]
Object type = java.lang.String
  String value = "java.lang.Object"

Dump of objectArray[2]
Object type = java.io.ByteArrayInputStream
  buf = {-54,-2,-70,-66,0,0,0,54,0,92,7,0,63,10,0,1,0,64,10,0,17,0,65,10,0,66,0,67,10,0,1,0,68,8,0,69,10,0,17,0,70,10,0,71,0,72,10,0,1,0,73,10,0,17,0,74,7,0,75,8,0,76,10,0,11,0,77,3,0,15,66,63,8,0,78,10,0,17,0,79,7,0,80,1,0,15,114,101,103,105,115,116,101,114,78,97,116,105,118,101,115,1,0,3,40,41,86,1,0,6,60,105,110,105,116,62,1,0,4,67,111,100,101,1,0,15,76,105,110,101,78,117,109,98,101,114,84,97,98,108,101,1,0,18,76,111,99,97,108,86,97,114,105,97,98,108,101,84,97,98,108,101,1,0,4,116,104,105,115,1,0,18,76,106,97,118,97,47,108,97,110,103,47,79,98,106,101,99,116,59,1,0,25,82,117,110,116,105,109,101,86,105,115,105,98,108,101,65,110,110,111,116,97,116,105,111,110,115,1,0,40,76,106,100,107,47,105,110,116,101,114,110,97,108,47,72,111,116,83,112,111,116,73,110,116,114,105,110,115,105,99,67,97,110,100,105,100,97,116,101,59,1,0,8,103,101,116,67,108,97,115,115,1,0,19,40,41,76,106,97,118,97,47,108,97,110,103,47,67,108,97,115,115,59,1,0,9,83,105,103,110,97,116,117,114,101,1,0,22,40,41,76,106,97,118,97,47,108,97,110,103,47,67,108,97,115,115,60,42,62,59,1,0,8,104,97,115,104,67,111,100,101,1,0,3,40,41,73,1,0,6,101,113,117,97,108,115,1,0,21,40,76,106,97,118,97,47,108,97,110,103,47,79,98,106,101,99,116,59,41,90,1,0,3,111,98,106,1,0,13,83,116,97,99,107,77,97,112,84,97,98,108,101,1,0,5,99,108,111,110,101,1,0,20,40,41,76,106,97,118,97,47,108,97,110,103,47,79,98,106,101,99,116,59,1,0,10,69,120,99,101,112,116,105,111,110,115,7,0,81,1,0,8,116,111,83,116,114,105,110,103,1,0,20,40,41,76,106,97,118,97,47,108,97,110,103,47,83,116,114,105,110,103,59,1,0,6,110,111,116,105,102,121,1,0,9,110,111,116,105,102,121,65,108,108,1,0,4,119,97,105,116,7,0,82,1,0,4,40,74,41,86,1,0,5,40,74,73,41,86,1,0,7,116,105,109,101,111,117,116,1,0,1,74,1,0,5,110,97,110,111,115,1,0,1,73,1,0,8,102,105,110,97,108,105,122,101,7,0,83,1,0,10,68,101,112,114,101,99,97,116,101,100,1,0,22,76,106,97,118,97,47,108,97,110,103,47,68,101,112,114,101,99,97,116,101,100,59,1,0,5,115,105,110,99,101,1,0,1,57,1,0,8,60,99,108,105,110,105,116,62,1,0,10,83,111,117,114,99,101,70,105,108,101,1,0,11,79,98,106,101,99,116,46,106,97,118,97,1,0,23,106,97,118,97,47,108,97,110,103,47,83,116,114,105,110,103,66,117,105,108,100,101,114,12,0,20,0,19,12,0,28,0,29,7,0,84,12,0,85,0,43,12,0,86,0,87,1,0,1,64,12,0,32,0,33,7,0,88,12,0,89,0,90,12,0,42,0,43,12,0,46,0,48,1,0,34,106,97,118,97,47,108,97,110,103,47,73,108,108,101,103,97,108,65,114,103,117,109,101,110,116,69,120,99,101,112,116,105,111,110,1,0,25,116,105,109,101,111,117,116,32,118,97,108,117,101,32,105,115,32,110,101,103,97,116,105,118,101,12,0,20,0,91,1,0,37,110,97,110,111,115,101,99,111,110,100,32,116,105,109,101,111,117,116,32,118,97,108,117,101,32,111,117,116,32,111,102,32,114,97,110,103,101,12,0,18,0,19,1,0,16,106,97,118,97,47,108,97,110,103,47,79,98,106,101,99,116,1,0,36,106,97,118,97,47,108,97,110,103,47,67,108,111,110,101,78,111,116,83,117,112,112,111,114,116,101,100,69,120,99,101,112,116,105,111,110,1,0,30,106,97,118,97,47,108,97,110,103,47,73,110,116,101,114,114,117,112,116,101,100,69,120,99,101,112,116,105,111,110,1,0,19,106,97,118,97,47,108,97,110,103,47,84,104,114,111,119,97,98,108,101,1,0,15,106,97,118,97,47,108,97,110,103,47,67,108,97,115,115,1,0,7,103,101,116,78,97,109,101,1,0,6,97,112,112,101,110,100,1,0,45,40,76,106,97,118,97,47,108,97,110,103,47,83,116,114,105,110,103,59,41,76,106,...} /* array length = 1932 */
  pos = 1932
  mark = 0
  count = 1932
  MAX_SKIP_BUFFER_SIZE = 2048
  DEFAULT_BUFFER_SIZE = 8192
  MAX_BUFFER_SIZE = 2147483639

