------Start of DE processing------ = [25/05/18 11:14:20:187 CEST]
Exception = java.sql.SQLNonTransientException
Source = com.ibm.ws.jdbc.DataSourceService
probeid = 587
Stack Dump = java.sql.SQLNonTransientException: DSRA4000E: A valid JDBC driver implementation class was not found for the jdbcDriver jdbcDriver[DerbyEmbedded] using the library DerbyLib. []
	at com.ibm.ws.jdbc.internal.JDBCDriverService.classNotFound(JDBCDriverService.java:207)
	at com.ibm.ws.jdbc.internal.JDBCDriverService.create(JDBCDriverService.java:309)
	at com.ibm.ws.jdbc.internal.JDBCDriverService.createDefaultDataSource(JDBCDriverService.java:413)
	at com.ibm.ws.jdbc.DataSourceService.init(DataSourceService.java:591)
	at com.ibm.ws.jca.cm.AbstractConnectionFactoryService$2.run(AbstractConnectionFactoryService.java:460)
	at com.ibm.ws.jca.cm.AbstractConnectionFactoryService$2.run(AbstractConnectionFactoryService.java:457)
	at java.base/java.security.AccessController.doPrivileged(Native Method)
	at com.ibm.ws.jca.cm.AbstractConnectionFactoryService.initPrivileged(AbstractConnectionFactoryService.java:457)
	at com.ibm.ws.jca.cm.AbstractConnectionFactoryService.createResource(AbstractConnectionFactoryService.java:144)
	at com.ibm.ws.resource.internal.ResourceFactoryTrackerData$1.getService(ResourceFactoryTrackerData.java:120)
	at org.eclipse.osgi.internal.serviceregistry.ServiceFactoryUse$1.run(ServiceFactoryUse.java:212)
	at java.base/java.security.AccessController.doPrivileged(Native Method)
	at org.eclipse.osgi.internal.serviceregistry.ServiceFactoryUse.factoryGetService(ServiceFactoryUse.java:210)
	at org.eclipse.osgi.internal.serviceregistry.ServiceFactoryUse.getService(ServiceFactoryUse.java:111)
	at org.eclipse.osgi.internal.serviceregistry.ServiceConsumer$2.getService(ServiceConsumer.java:45)
	at org.eclipse.osgi.internal.serviceregistry.ServiceRegistrationImpl.getService(ServiceRegistrationImpl.java:508)
	at org.eclipse.osgi.internal.serviceregistry.ServiceRegistry.getService(ServiceRegistry.java:461)
	at org.eclipse.osgi.internal.framework.BundleContextImpl.getService(BundleContextImpl.java:624)
	at com.ibm.ws.jndi.internal.WSContext$4.run(WSContext.java:520)
	at java.base/java.security.AccessController.doPrivileged(Native Method)
	at com.ibm.ws.jndi.internal.WSContext.getReference(WSContext.java:516)
	at com.ibm.ws.jndi.internal.WSContext.resolveObject(WSContext.java:137)
	at com.ibm.ws.jndi.internal.WSContext.lookup(WSContext.java:305)
	at com.ibm.ws.jndi.WSContextBase.lookup(WSContextBase.java:61)
	at org.apache.aries.jndi.DelegateContext.lookup(DelegateContext.java:161)
	at java.naming/javax.naming.InitialContext.lookup(InitialContext.java:409)
	at com.ibm.ws.jpa.container.osgi.internal.OSGiJPAPUnitInfo.lookupDataSource(OSGiJPAPUnitInfo.java:317)
	at com.ibm.ws.jpa.management.JPAPUnitInfo.getJPADataSource(JPAPUnitInfo.java:333)
	at com.ibm.ws.jpa.management.JPAPUnitInfo.getJtaDataSource(JPAPUnitInfo.java:376)
	at com.ibm.ws.jpa.management.JPAPUnitInfo.initialize(JPAPUnitInfo.java:746)
	at com.ibm.ws.jpa.management.JPAPxmlInfo.extractPersistenceUnits(JPAPxmlInfo.java:190)
	at com.ibm.ws.jpa.management.JPAScopeInfo.processPersistenceUnit(JPAScopeInfo.java:90)
	at com.ibm.ws.jpa.management.JPAApplInfo.addPersistenceUnits(JPAApplInfo.java:118)
	at com.ibm.ws.jpa.container.osgi.internal.JPAComponentImpl.processEJBModulePersistenceXml(JPAComponentImpl.java:527)
	at com.ibm.ws.jpa.container.osgi.internal.JPAComponentImpl.applicationStarting(JPAComponentImpl.java:264)
	at com.ibm.ws.container.service.state.internal.ApplicationStateManager.fireStarting(ApplicationStateManager.java:28)
	at com.ibm.ws.container.service.state.internal.StateChangeServiceImpl.fireApplicationStarting(StateChangeServiceImpl.java:50)
	at com.ibm.ws.app.manager.module.internal.DeployedAppInfoBase.preDeployApp(DeployedAppInfoBase.java:383)
	at com.ibm.ws.app.manager.module.internal.DeployedAppInfoBase.deployApp(DeployedAppInfoBase.java:412)
	at com.ibm.ws.app.manager.ear.internal.EARApplicationHandlerImpl.install(EARApplicationHandlerImpl.java:76)
	at com.ibm.ws.app.manager.internal.statemachine.StartAction.execute(StartAction.java:140)
	at com.ibm.ws.app.manager.internal.statemachine.ApplicationStateMachineImpl.enterState(ApplicationStateMachineImpl.java:1258)
	at com.ibm.ws.app.manager.internal.statemachine.ApplicationStateMachineImpl.run(ApplicationStateMachineImpl.java:873)
	at java.base/java.util.concurrent.ThreadPoolExecutor.runWorker(ThreadPoolExecutor.java:1135)
	at java.base/java.util.concurrent.ThreadPoolExecutor$Worker.run(ThreadPoolExecutor.java:635)
	at java.base/java.lang.Thread.run(Thread.java:844)
Caused by: java.lang.ClassNotFoundException: org.apache.derby.jdbc.EmbeddedXADataSource40
	at com.ibm.ws.classloading.internal.AppClassLoader.findClassCommonLibraryClassLoaders(AppClassLoader.java:504)
	at com.ibm.ws.classloading.internal.AppClassLoader.findClass(AppClassLoader.java:276)
	at java.base/java.lang.ClassLoader.loadClass(ClassLoader.java:566)
	at com.ibm.ws.classloading.internal.AppClassLoader.findOrDelegateLoadClass(AppClassLoader.java:482)
	at com.ibm.ws.classloading.internal.AppClassLoader.loadClass(AppClassLoader.java:443)
	at java.base/java.lang.ClassLoader.loadClass(ClassLoader.java:499)
	at com.ibm.ws.jdbc.internal.JDBCDriverService$1.run(JDBCDriverService.java:244)
	at com.ibm.ws.jdbc.internal.JDBCDriverService$1.run(JDBCDriverService.java:234)
	at java.base/java.security.AccessController.doPrivileged(Native Method)
	at com.ibm.ws.jdbc.internal.JDBCDriverService.create(JDBCDriverService.java:234)
	... 44 more

Dump of callerThis
Object type = com.ibm.ws.jdbc.DataSourceService
  BASE_PREFIX = "properties"
  BASE_PREFIX_LENGTH = 10
  TOTAL_PREFIX_LENGTH = 13
  tc = class com.ibm.websphere.ras.TraceComponent@664e0288
    strings[0] = "TraceComponent[com.ibm.ws.jdbc.DataSourceService,class com.ibm.ws.jdbc.DataSourceService,[RRA],com.ibm.ws.rsadapter.resources.IBMDataStoreAdapterNLS,null]"
  CONNECTION_MANAGER = "connectionManager"
  DATASOURCE = "dataSource"
  FACTORY_PID = "com.ibm.ws.jdbc.dataSource"
  JDBC_DRIVER = "driver"
  SUPPORT_EXTENSIONS = "supportExtensions"
  TARGET_CONNECTION_MANAGER = "connectionManager.target"
  TARGET_CONTAINER_AUTH_DATA = "containerAuthData.target"
  TARGET_JDBC_DRIVER = "driver.target"
  TARGET_RECOVERY_AUTH_DATA = "recoveryAuthData.target"
  UNIQUE_JNDI_NAME = "jndiName.unique"
  DECLARING_APPLICATION = "declaringApplication"
  getContextClassLoader = class com.ibm.ws.jdbc.DataSourceService$1@293f380b
  WPROPS_TO_SKIP = class java.util.HashSet@7c2cca2
    serialVersionUID = -5024744406713321676
    map = class java.util.HashMap@22ab2d49
      serialVersionUID = 362498820763181265
      DEFAULT_INITIAL_CAPACITY = 16
      MAXIMUM_CAPACITY = 1073741824
      DEFAULT_LOAD_FACTOR = 0.75
      TREEIFY_THRESHOLD = 8
      UNTREEIFY_THRESHOLD = 6
      MIN_TREEIFY_CAPACITY = 64
      table = class java.util.HashMap$Node[16]
      entrySet = null
      size = 9
      modCount = 9
      threshold = 12
      loadFactor = 0.75
      keySet = null
      values = null
    PRESENT = class java.lang.Object@70a02936
    MAX_ARRAY_SIZE = 2147483639
  componentContext = class org.apache.felix.scr.impl.manager.ComponentContextImpl@1e3a730f
    m_componentManager = class org.apache.felix.scr.impl.manager.SingleComponentManager@3c240a98
      m_useCount = class java.util.concurrent.atomic.AtomicInteger@17602bb7
      m_componentContext = class org.apache.felix.scr.impl.manager.ComponentContextImpl@1e3a730f
      m_configurationProperties = class java.util.HashMap@dec8a21
      m_factoryProperties = null
      m_properties = class java.util.HashMap@a4c86cd
      m_serviceProperties = null
      REASONS = class java.lang.String[7]
      m_container = class org.apache.felix.scr.impl.ComponentRegistry$DefaultConfigurableComponentHolder@5ca641bf
      m_factoryInstance = false
      m_componentId = 339
      m_componentMethods = class org.apache.felix.scr.impl.inject.ComponentMethodsImpl@35f27588
      m_dependencyManagers = class java.util.ArrayList@5be6f715
      m_dependencyManagersInitialized = true
      m_trackingCount = class java.util.concurrent.atomic.AtomicInteger@7ef87195
      m_stateLock = class java.util.concurrent.locks.ReentrantLock@103d6c4c
      m_enabledLatchRef = class java.util.concurrent.atomic.AtomicReference@364505f6
      state = class java.util.concurrent.atomic.AtomicReference@5af70274
      m_floor = 5
      m_ceiling = 5
      m_missingLock = class java.util.concurrent.locks.ReentrantLock@673eb466
      m_missingCondition = class java.util.concurrent.locks.AbstractQueuedSynchronizer$ConditionObject@1c9aebc1
      m_missing = class java.util.TreeSet@2ee2711
      m_activationLock = class java.util.concurrent.locks.ReentrantReadWriteLock@6068719a
      taskCounter = class java.util.concurrent.atomic.AtomicLong@72677475
      registrationManager = class org.apache.felix.scr.impl.manager.AbstractComponentManager$3@39e85d1b
    edgeInfos = class org.apache.felix.scr.impl.manager.EdgeInfo[8]
      EdgeInfo[0] = class org.apache.felix.scr.impl.manager.EdgeInfo@1f40c11e
      EdgeInfo[1] = class org.apache.felix.scr.impl.manager.EdgeInfo@75ff4c26
      EdgeInfo[2] = class org.apache.felix.scr.impl.manager.EdgeInfo@6cd44c0a
      EdgeInfo[3] = class org.apache.felix.scr.impl.manager.EdgeInfo@31d521ea
      EdgeInfo[4] = class org.apache.felix.scr.impl.manager.EdgeInfo@28044eff
      EdgeInfo[5] = class org.apache.felix.scr.impl.manager.EdgeInfo@2795a9a5
      EdgeInfo[6] = class org.apache.felix.scr.impl.manager.EdgeInfo@696f0541
      EdgeInfo[7] = class org.apache.felix.scr.impl.manager.EdgeInfo@71ada3f7
    m_componentInstance = class org.apache.felix.scr.impl.manager.ComponentContextImpl$ComponentInstanceImpl@e8fe67
      m_componentContext = class org.apache.felix.scr.impl.manager.ComponentContextImpl@1e3a730f
    m_usingBundle = class org.eclipse.osgi.internal.framework.EquinoxBundle@444a0546
      equinoxContainer = class org.eclipse.osgi.internal.framework.EquinoxContainer@29590179
      module = class org.eclipse.osgi.internal.framework.EquinoxBundle$EquinoxModule@6d36eea7
      monitor = class java.lang.Object@201ee07d
      context = class org.eclipse.osgi.internal.framework.BundleContextImpl@36b21dba
      signerInfos = null
      $SWITCH_TABLE$org$eclipse$osgi$container$Module$State = {1,2,3,4,5,6,7} /* array length = 7 */
    m_serviceRegistration = class org.eclipse.osgi.internal.serviceregistry.ServiceRegistrationImpl@378830f8
      registry = class org.eclipse.osgi.internal.serviceregistry.ServiceRegistry@28e728f2
      context = class org.eclipse.osgi.internal.framework.BundleContextImpl@36b21dba
      bundle = class org.eclipse.osgi.internal.framework.EquinoxBundle@444a0546
      clazzes = class java.lang.String[4]
      service = class org.apache.felix.scr.impl.manager.SingleComponentManager@3c240a98
      reference = class org.eclipse.osgi.internal.serviceregistry.ServiceReferenceImpl@7ef2ecd0
      contextsUsing = class java.util.ArrayList@280bbce0
      properties = class java.util.Collections$UnmodifiableMap@393aa1ab
      serviceid = 422
      serviceranking = 100
      registrationLock = class java.lang.Object@49db50fb
      state = 0
      REGISTERED = 0
      UNREGISTERING = 1
      UNREGISTERED = 2
      FRAMEWORK_SET_SERVICE_PROPERTIES_COUNT = 4
      $assertionsDisabled = true
    m_implementationObject = class com.ibm.ws.jdbc.DataSourceService@2e6d7421
    m_implementationAccessible = true
    accessibleLatch = class java.util.concurrent.CountDownLatch@3b4ed174
      sync = class java.util.concurrent.CountDownLatch$Sync@7bd4688b
    serviceObjectsHelper = class org.apache.felix.scr.impl.helper.ComponentServiceObjectsHelper@27a26c4f
      bundleContext = class org.eclipse.osgi.internal.framework.BundleContextImpl@36b21dba
      services = class java.util.concurrent.ConcurrentHashMap@5a2dff9
      closedServices = class java.util.ArrayList@184bbab7
      prototypeInstances = class java.util.concurrent.ConcurrentHashMap@2eaf001e
  connectorSvc = class com.ibm.ejs.j2c.ConnectorServiceImpl@706439b8
    tc = class com.ibm.websphere.ras.TraceComponent@56cfacef
      strings[0] = "TraceComponent[com.ibm.ejs.j2c.ConnectorServiceImpl,class com.ibm.ejs.j2c.ConnectorServiceImpl,[WAS.j2c],com.ibm.ws.jca.cm.internal.resources.J2CAMessages,null]"
    authDataServiceRef = class com.ibm.wsspi.kernel.service.utils.AtomicServiceReference@5f0cd895
      referenceName = "authDataService"
      tuple = class java.util.concurrent.atomic.AtomicReference@66333abe
      serialVersionUID = 2226592364007985000
      $$$tc$$$ = class com.ibm.websphere.ras.TraceComponent@7cd0277e
    classLoaderIdentifierService = class com.ibm.ws.classloading.internal.ClassLoadingServiceImpl@53857bf6
      tc = class com.ibm.websphere.ras.TraceComponent@965b863
      leakDetectionMap = class java.util.HashMap@553fe534
      TCCL_LOCK_WAIT = 15000
      REFERENCE_GENERATORS = "generators"
      bundleContext = class org.eclipse.osgi.internal.framework.BundleContextImpl@74b0763a
      aclStore = class com.ibm.ws.classloading.internal.util.CanonicalStore@396421c1
      tcclStore = class com.ibm.ws.classloading.internal.util.CanonicalStore@2a2bf29e
      tcclStoreLock = class java.util.concurrent.locks.ReentrantLock@3f138bf6
      digraph = class org.eclipse.equinox.internal.region.StandardRegionDigraph@15afdf65
      redefiner = class com.ibm.ws.classloading.internal.util.ClassRedefiner@2d9585e
      listener = class com.ibm.ws.classloading.internal.ClassLoadingServiceImpl$1@ddd8e38
      classloaders = class java.util.Collections$SynchronizedMap@7817221f
      resourceProviders = class com.ibm.ws.classloading.internal.CompositeResourceProvider@5bf84ad0
      rememberedBundles = class java.util.concurrent.ConcurrentHashMap@3047e23d
      collectedBundles = class java.lang.ref.ReferenceQueue@518a1643
      generatorRefs = class com.ibm.wsspi.kernel.service.utils.ConcurrentServiceReferenceSet@10ccd1b7
      generatorManager = class com.ibm.ws.classloading.internal.ClassGeneratorManager@484985f0
      appExtLibs = class java.util.concurrent.CopyOnWriteArrayList@9fba7b4
      metaInfServicesProviders = class java.util.concurrent.ConcurrentHashMap@622fabc
      metaInfServicesRefs = class com.ibm.wsspi.kernel.service.utils.ConcurrentServiceReferenceMap@79bdc35
      protectionDomainMap = class java.util.HashMap@712cf418
      metadataIdentifierService = class com.ibm.ws.container.service.metadata.internal.MetaDataServiceImpl@253e2b8e
      serialVersionUID = 3750725462702355330
    deferrableSchedXSvcRef = class com.ibm.wsspi.kernel.service.utils.AtomicServiceReference@4d82e8a7
      referenceName = "deferrableScheduledExecutor"
      tuple = class java.util.concurrent.atomic.AtomicReference@45f894f1
      serialVersionUID = 2226592364007985000
      $$$tc$$$ = class com.ibm.websphere.ras.TraceComponent@7cd0277e
    execSvcRef = class com.ibm.wsspi.kernel.service.utils.AtomicServiceReference@1ad0a31
      referenceName = "executor"
      tuple = class java.util.concurrent.atomic.AtomicReference@5f5875a2
      serialVersionUID = 2226592364007985000
      $$$tc$$$ = class com.ibm.websphere.ras.TraceComponent@7cd0277e
    nonDeferrableSchedXSvcRef = class com.ibm.wsspi.kernel.service.utils.AtomicServiceReference@38dcb2e1
      referenceName = "nonDeferrableScheduledExecutor"
      tuple = class java.util.concurrent.atomic.AtomicReference@4acd2398
      serialVersionUID = 2226592364007985000
      $$$tc$$$ = class com.ibm.websphere.ras.TraceComponent@7cd0277e
    rrsXAResFactorySvcRef = class com.ibm.wsspi.kernel.service.utils.AtomicServiceReference@407e34c7
      referenceName = "rRSXAResourceFactory"
      tuple = class java.util.concurrent.atomic.AtomicReference@29be9c56
      serialVersionUID = 2226592364007985000
      $$$tc$$$ = class com.ibm.websphere.ras.TraceComponent@7cd0277e
    transactionManager = class com.ibm.ws.transaction.services.TransactionManagerService@1a632bbf
      tc = class com.ibm.websphere.ras.TraceComponent@c24b873
      isClient = false
      xaFlowCallbacksInitialised = true
      _bundleContext = class org.eclipse.osgi.internal.framework.BundleContextImpl@38306560
      serialVersionUID = 4736484431543418052
    variableRegistrySvcRef = class com.ibm.wsspi.kernel.service.utils.AtomicServiceReference@73f64640
      referenceName = "variableRegistry"
      tuple = class java.util.concurrent.atomic.AtomicReference@2797d4bf
      serialVersionUID = 2226592364007985000
      $$$tc$$$ = class com.ibm.websphere.ras.TraceComponent@7cd0277e
    tc = class com.ibm.websphere.ras.TraceComponent@24f267ad
      strings[0] = "TraceComponent[com.ibm.ws.jca.cm.ConnectorService,class com.ibm.ws.jca.cm.ConnectorService,[WAS.j2c],com.ibm.ws.jca.cm.internal.resources.J2CAMessages,null]"
    NLS = class com.ibm.ejs.ras.TraceNLS@2ee0a965
      resolver = class com.ibm.ws.logging.internal.TraceNLSResolver@6a923a18
      finder = class com.ibm.ws.logging.internal.StackFinder@57226134
      ivBundleName = "com.ibm.ws.jca.cm.internal.resources.J2CAMessages"
      caller = class java.lang.Class@1ba4c671
  dsConfigRef = class java.util.concurrent.atomic.AtomicReference@204ba8df
    serialVersionUID = -1848883965231344442
    VALUE = class java.lang.invoke.VarHandleObjects$FieldInstanceReadWrite@590c422c
      FORM = class java.lang.invoke.VarForm@1bd71fb3
      fieldOffset = 12
      receiverType = class java.lang.Class@3578436e
      fieldType = class java.lang.Class@55054057
      FORM = class java.lang.invoke.VarForm@5422a77a
      vform = class java.lang.invoke.VarForm@1bd71fb3
      typesAndInvokers = null
      AIOOBE_SUPPLIER = class jdk.internal.util.Preconditions$1@3034c26d
      VFORM_OFFSET = 12
      $assertionsDisabled = true
    value = null
  dsImplClassName = null
  destroyWasDeferred = false
  embDerbyRefCount = class java.util.concurrent.ConcurrentLinkedQueue@317dc7a8
    serialVersionUID = 196745693267521676
    head = class java.util.concurrent.ConcurrentLinkedQueue$Node@40fcb4e0
      item = null
      next = null
    tail = class java.util.concurrent.ConcurrentLinkedQueue$Node@40fcb4e0
    MAX_HOPS = 8
    HEAD = class java.lang.invoke.VarHandleObjects$FieldInstanceReadWrite@720715e
      FORM = class java.lang.invoke.VarForm@1bd71fb3
      fieldOffset = 12
      receiverType = class java.lang.Class@587d1d39
      fieldType = class java.lang.Class@58c1670b
      FORM = class java.lang.invoke.VarForm@5422a77a
      vform = class java.lang.invoke.VarForm@1bd71fb3
      typesAndInvokers = null
      AIOOBE_SUPPLIER = class jdk.internal.util.Preconditions$1@3034c26d
      VFORM_OFFSET = 12
      $assertionsDisabled = true
    TAIL = class java.lang.invoke.VarHandleObjects$FieldInstanceReadWrite@4aa8c5bf
      FORM = class java.lang.invoke.VarForm@1bd71fb3
      fieldOffset = 16
      receiverType = class java.lang.Class@587d1d39
      fieldType = class java.lang.Class@58c1670b
      FORM = class java.lang.invoke.VarForm@5422a77a
      vform = class java.lang.invoke.VarForm@1bd71fb3
      typesAndInvokers = null
      AIOOBE_SUPPLIER = class jdk.internal.util.Preconditions$1@3034c26d
      VFORM_OFFSET = 12
      $assertionsDisabled = true
    ITEM = class java.lang.invoke.VarHandleObjects$FieldInstanceReadWrite@7edc18b1
      FORM = class java.lang.invoke.VarForm@1bd71fb3
      fieldOffset = 12
      receiverType = class java.lang.Class@58c1670b
      fieldType = class java.lang.Class@55054057
      FORM = class java.lang.invoke.VarForm@5422a77a
      vform = class java.lang.invoke.VarForm@1bd71fb3
      typesAndInvokers = null
      AIOOBE_SUPPLIER = class jdk.internal.util.Preconditions$1@3034c26d
      VFORM_OFFSET = 12
      $assertionsDisabled = true
    NEXT = class java.lang.invoke.VarHandleObjects$FieldInstanceReadWrite@5ba2e83e
      FORM = class java.lang.invoke.VarForm@1bd71fb3
      fieldOffset = 16
      receiverType = class java.lang.Class@58c1670b
      fieldType = class java.lang.Class@58c1670b
      FORM = class java.lang.invoke.VarForm@5422a77a
      vform = class java.lang.invoke.VarForm@1bd71fb3
      typesAndInvokers = null
      AIOOBE_SUPPLIER = class jdk.internal.util.Preconditions$1@3034c26d
      VFORM_OFFSET = 12
      $assertionsDisabled = true
    MAX_ARRAY_SIZE = 2147483639
  id = "dataSource[DefaultDataSource]"
  isDerbyEmbedded = false
  jdbcDriverSvc = class com.ibm.ws.jdbc.internal.JDBCDriverService@7c926883
    tc = class com.ibm.websphere.ras.TraceComponent@5f545139
      strings[0] = "TraceComponent[com.ibm.ws.jdbc.internal.JDBCDriverService,class com.ibm.ws.jdbc.internal.JDBCDriverService,[RRA],com.ibm.ws.rsadapter.resources.IBMDataStoreAdapterNLS,null]"
    FACTORY_PID = "com.ibm.ws.jdbc.jdbcDriver"
    ID = "id"
    LIBRARY_REF = "libraryRef"
    JDBC_DRIVER = "jdbcDriver"
    TARGET_LIBRARY = "sharedLib.target"
    PROPS_FOR_XA_ONLY = class java.util.Arrays$ArrayList@3681b790
      serialVersionUID = -2764017481108945198
      a = class java.lang.String[1]
      modCount = 0
      MAX_ARRAY_SIZE = 2147483639
    PROPS_NOT_SET_ON_DRIVER = class java.util.Arrays$ArrayList@2dc887b5
      serialVersionUID = -2764017481108945198
      a = class java.lang.String[1]
      modCount = 0
      MAX_ARRAY_SIZE = 2147483639
    classloader = class com.ibm.ws.classloading.internal.AppClassLoader@bb2712c
      tc = class com.ibm.websphere.ras.TraceComponent@687eaeba
      PARENT_FIRST_SEARCH_ORDER = class java.util.Collections$UnmodifiableRandomAccessList@19da90f5
      CLASS_LOADING_TRACE_PREFIX = "com.ibm.ws.class.load."
      DEFAULT_PACKAGE = "default.package"
      perPackageClassLoadingTraceComponents = class java.util.concurrent.ConcurrentHashMap@3194da01
      config = class com.ibm.ws.classloading.internal.ClassLoaderConfigurationImpl@1b91ded0
      privateLibraries = null
      delegateLoaders = class com.ibm.ws.classloading.internal.util.CompositeIterable@7f84d65
      nativeLibraryFiles = class java.util.ArrayList@4a683857
      transformers = class java.util.ArrayList@5dbba7c9
      apiAccess = class com.ibm.ws.classloading.internal.GatewayClassLoader@5767c096
      generator = class com.ibm.ws.classloading.internal.ClassGeneratorManager@484985f0
      protectionDomains = class java.util.concurrent.ConcurrentHashMap@d9f7af9
      parent = class com.ibm.ws.classloading.internal.GatewayClassLoader@5767c096
      serialVersionUID = 952643806680066297
      tc = class com.ibm.websphere.ras.TraceComponent@6c2bc348
      EMPTY_URL_ARRAY = class java.net.URL[0]
      smartClassPath = class com.ibm.ws.classloading.internal.ContainerClassLoader$SmartClassPathImpl@63e519d
      nativeLibraryContainers = class java.util.ArrayList@6bb3b7c
      redefiner = class com.ibm.ws.classloading.internal.util.ClassRedefiner@2d9585e
      mapCreationQueue = class java.util.concurrent.Executors$FinalizableDelegatedExecutorService@7467a24e
      serialVersionUID = 7249739282446266343
      serialVersionUID = -7411549862368381758
      $$$tc$$$ = class com.ibm.websphere.ras.TraceComponent@386ab16d
      serialVersionUID = -4868702105808481416
      $$$tc$$$ = class com.ibm.websphere.ras.TraceComponent@28c3cb8f
      serialVersionUID = 2596921220292114344
      $$$tc$$$ = class com.ibm.websphere.ras.TraceComponent@11c62bca
      initialized = true
      pdcache = class java.util.concurrent.ConcurrentHashMap@21b7e6
      parent = class com.ibm.ws.classloading.internal.GatewayClassLoader@5767c096
      name = null
      unnamedModule = class java.lang.Module@5f9e0c45
      parallelLockMap = null
      package2certs = class java.util.Hashtable@174da440
      nocerts = class java.security.cert.Certificate[0]
      classes = class java.util.Vector@5ef10135
      defaultDomain = class java.security.ProtectionDomain@5362038a
      packages = class java.util.concurrent.ConcurrentHashMap@7cb1c187
      scl = class jdk.internal.loader.ClassLoaders$AppClassLoader@7591083d
      usr_paths = class java.lang.String[35]
      sys_paths = class java.lang.String[1]
      loadedLibraryNames = class java.util.HashSet@13b76365
      systemNativeLibraries = class java.util.concurrent.ConcurrentHashMap@6178256d
      nativeLibraries = null
      assertionLock = class com.ibm.ws.classloading.internal.AppClassLoader@bb2712c
      defaultAssertionStatus = false
      packageAssertionStatus = null
      classAssertionStatus = null
      classLoaderValueMap = null
      $assertionsDisabled = true
    connectorSvc = class com.ibm.ejs.j2c.ConnectorServiceImpl@706439b8
    embDerbyRefCount = class java.util.concurrent.ConcurrentLinkedQueue@19cca789
      serialVersionUID = 196745693267521676
      head = class java.util.concurrent.ConcurrentLinkedQueue$Node@698a7ffa
      tail = class java.util.concurrent.ConcurrentLinkedQueue$Node@698a7ffa
      MAX_HOPS = 8
      HEAD = class java.lang.invoke.VarHandleObjects$FieldInstanceReadWrite@720715e
      TAIL = class java.lang.invoke.VarHandleObjects$FieldInstanceReadWrite@4aa8c5bf
      ITEM = class java.lang.invoke.VarHandleObjects$FieldInstanceReadWrite@7edc18b1
      NEXT = class java.lang.invoke.VarHandleObjects$FieldInstanceReadWrite@5ba2e83e
      MAX_ARRAY_SIZE = 2147483639
    introspectedClasses = class java.util.HashSet@22caae17
      serialVersionUID = -5024744406713321676
      map = class java.util.HashMap@3f063460
      PRESENT = class java.lang.Object@70a02936
      MAX_ARRAY_SIZE = 2147483639
    isDerbyEmbedded = class java.util.concurrent.atomic.AtomicBoolean@4bd670d4
      serialVersionUID = 4654671469794556979
      VALUE = class java.lang.invoke.VarHandleInts$FieldInstanceReadWrite@5ce8cb6d
      value = 1
    isInitialized = true
    lock = class java.util.concurrent.locks.ReentrantReadWriteLock@53f54393
      serialVersionUID = -6992448646407690164
      readerLock = class java.util.concurrent.locks.ReentrantReadWriteLock$ReadLock@13d23455
      writerLock = class java.util.concurrent.locks.ReentrantReadWriteLock$WriteLock@43bbd9fb
      sync = class java.util.concurrent.locks.ReentrantReadWriteLock$NonfairSync@574c33cb
    name = "jdbcDriver[DerbyEmbedded]"
    properties = class org.apache.felix.scr.impl.helper.ReadOnlyDictionary@2f79468b
      m_delegate = class java.util.Hashtable@20a6b17c
      m_serviceReference = null
    sharedLib = class com.ibm.ws.library.internal.SharedLibraryImpl@58b4ff65
      tc = class com.ibm.websphere.ras.TraceComponent@a3c204e
      EMPTY_LIBRARY_LISTENERS = interface com.ibm.wsspi.library.LibraryChangeListener[0]
      deleted = false
      libraryListenersTracker = class org.osgi.util.tracker.ServiceTracker@5b7cebfc
      libraryReg = class org.eclipse.osgi.internal.serviceregistry.ServiceRegistrationImpl@14f98fb9
      ctx = class org.eclipse.osgi.internal.framework.BundleContextImpl@74b0763a
      classLoadingService = class com.ibm.ws.classloading.internal.ClassLoadingServiceImpl@53857bf6
      configAdmin = class com.ibm.ws.config.admin.internal.ConfigurationAdminImpl@780ed2e8
      resolvedBasePath = "C:/daytrader7/daytrader-ee7/target/liberty/wlp/usr/servers/daytrader7Sample/"
      generationLock = class com.ibm.ws.library.internal.SharedLibraryImpl$1@424117bc
      currentGeneration = class com.ibm.ws.library.internal.LibraryGeneration@590e21ec
      nextGeneration = class com.ibm.ws.library.internal.LibraryGeneration@590e21ec
      artifactContainerFactory = class com.ibm.ws.library.internal.SharedLibraryFactory$1@6591123a
      packageExporter = class com.ibm.ws.library.internal.LibraryPackageExporter@6b8615f2
      serialVersionUID = 6288237618632180389
    changed = false
    obs = class java.util.Vector@209c6477
      elementData = class java.lang.Object[10]
      elementCount = 1
      capacityIncrement = 0
      serialVersionUID = -2767605614048989439
      MAX_ARRAY_SIZE = 2147483639
      modCount = 1
      MAX_ARRAY_SIZE = 2147483639
  jdbcRuntime = class com.ibm.ws.jdbc.osgi.v41.JDBC41Runtime@2d6a3750
  mcf = null
  mcfPerClassLoader = null
  properties = class org.apache.felix.scr.impl.helper.ReadOnlyDictionary@509a6f72
    m_delegate = class java.util.Hashtable@1e97ddcd
      table = class java.util.Hashtable$Entry[95]
      count = 38
      threshold = 71
      loadFactor = 0.75
      modCount = 41
      serialVersionUID = 1421746759512286392
      MAX_ARRAY_SIZE = 2147483639
      keySet = null
      entrySet = class java.util.Collections$SynchronizedSet@64f49489
      values = null
      KEYS = 0
      VALUES = 1
      ENTRIES = 2
    m_serviceReference = null
  tc = class com.ibm.websphere.ras.TraceComponent@7778dd64
    strings[0] = "TraceComponent[com.ibm.ws.jca.cm.AbstractConnectionFactoryService,class com.ibm.ws.jca.cm.AbstractConnectionFactoryService,[WAS.j2c],com.ibm.ws.jca.cm.internal.resources.J2CAMessages,null]"
  ID = "id"
  DEFAULT_NESTED_PATTERN = class java.util.regex.Pattern@f05b24e
    UNIX_LINES = 1
    CASE_INSENSITIVE = 2
    COMMENTS = 4
    MULTILINE = 8
    LITERAL = 16
    DOTALL = 32
    UNICODE_CASE = 64
    CANON_EQ = 128
    UNICODE_CHARACTER_CLASS = 256
    ALL_FLAGS = 511
    serialVersionUID = 5073258162644648461
    pattern = ".*(\[default-\d*\])$"
    flags = 0
    compiled = true
    normalizedPattern = ".*(\[default-\d*\])$"
    root = class java.util.regex.Pattern$Start@3f892a7e
      minLength = 10
      next = class java.util.regex.Pattern$CharPropertyGreedy@657de9ff
    matchRoot = class java.util.regex.Pattern$CharPropertyGreedy@657de9ff
      predicate = class java.util.regex.Pattern$$Lambda$8/2008362258@1f896872
      cmin = 0
      next = class java.util.regex.Pattern$GroupHead@1c3486ef
    buffer = null
    predicate = class java.util.regex.CharPredicates$$Lambda$74/558569884@93eef2f
    namedGroups = null
    groupNodes = null
    topClosureNodes = null
    localTCNCount = 0
    hasGroupRef = false
    temp = null
    capturingGroupCount = 2
    localCount = 1
    cursor = 20
    patternLength = 0
    hasSupplementary = false
    MAX_REPS = 2147483647
    lookbehindEnd = class java.util.regex.Pattern$1@c79d88d
    accept = class java.util.regex.Pattern$Node@7ef9f439
    lastAccept = class java.util.regex.Pattern$LastNode@22511f9f
    $assertionsDisabled = true
  DEFAULT_PATTERN = class java.util.regex.Pattern@603c155d
    UNIX_LINES = 1
    CASE_INSENSITIVE = 2
    COMMENTS = 4
    MULTILINE = 8
    LITERAL = 16
    DOTALL = 32
    UNICODE_CASE = 64
    CANON_EQ = 128
    UNICODE_CHARACTER_CLASS = 256
    ALL_FLAGS = 511
    serialVersionUID = 5073258162644648461
    pattern = "(default-\d*)$"
    flags = 0
    compiled = true
    normalizedPattern = "(default-\d*)$"
    root = class java.util.regex.Pattern$Start@1d0dffe4
      minLength = 8
      next = class java.util.regex.Pattern$GroupHead@66375869
    matchRoot = class java.util.regex.Pattern$GroupHead@66375869
      localIndex = 0
      tail = class java.util.regex.Pattern$GroupTail@1e09c602
      next = class java.util.regex.Pattern$Slice@5d693146
    buffer = null
    predicate = class java.util.regex.CharPredicates$$Lambda$74/558569884@93eef2f
    namedGroups = null
    groupNodes = null
    topClosureNodes = null
    localTCNCount = 0
    hasGroupRef = false
    temp = null
    capturingGroupCount = 2
    localCount = 1
    cursor = 14
    patternLength = 0
    hasSupplementary = false
    MAX_REPS = 2147483647
    lookbehindEnd = class java.util.regex.Pattern$1@c79d88d
      next = null
    accept = class java.util.regex.Pattern$Node@7ef9f439
      next = null
    lastAccept = class java.util.regex.Pattern$LastNode@22511f9f
      next = class java.util.regex.Pattern$Node@7ef9f439
    $assertionsDisabled = true
  THREAD_IDENTITY_NOT_ALLOWED = 0
  THREAD_IDENTITY_ALLOWED = 1
  THREAD_IDENTITY_REQUIRED = 2
  appsToRecycle = class java.util.Collections$SetFromMap@1c906ebd
    m = class java.util.concurrent.ConcurrentHashMap@2fe23d50
      serialVersionUID = 7249069246763182397
      MAXIMUM_CAPACITY = 1073741824
      DEFAULT_CAPACITY = 16
      MAX_ARRAY_SIZE = 2147483639
      DEFAULT_CONCURRENCY_LEVEL = 16
      LOAD_FACTOR = 0.75
      TREEIFY_THRESHOLD = 8
      UNTREEIFY_THRESHOLD = 6
      MIN_TREEIFY_CAPACITY = 64
      MIN_TRANSFER_STRIDE = 16
      RESIZE_STAMP_BITS = 16
      MAX_RESIZERS = 65535
      RESIZE_STAMP_SHIFT = 16
      MOVED = -1
      TREEBIN = -2
      RESERVED = -3
      HASH_BITS = 2147483647
      NCPU = 4
      serialPersistentFields = class java.io.ObjectStreamField[3]
      table = null
      nextTable = null
      baseCount = 0
      sizeCtl = 0
      transferIndex = 0
      cellsBusy = 0
      counterCells = null
      keySet = class java.util.concurrent.ConcurrentHashMap$KeySetView@370542d5
      values = null
      entrySet = null
      U = class jdk.internal.misc.Unsafe@4c9d1355
      SIZECTL = 20
      TRANSFERINDEX = 32
      BASECOUNT = 24
      CELLSBUSY = 36
      CELLVALUE = 144
      ABASE = 16
      ASHIFT = 2
      keySet = null
      values = null
    s = class java.util.concurrent.ConcurrentHashMap$KeySetView@370542d5
      serialVersionUID = 7249069246763182397
      value = null
      serialVersionUID = 7249069246763182397
      map = class java.util.concurrent.ConcurrentHashMap@2fe23d50
      OOME_MSG = "Required array size too large"
    serialVersionUID = 2454657854757543876
    MAX_ARRAY_SIZE = 2147483639
  conMgrSvc = class com.ibm.ejs.j2c.ConnectionManagerServiceImpl@1f7263a2
    tc = class com.ibm.websphere.ras.TraceComponent@4d1b0b06
      strings[0] = "TraceComponent[com.ibm.ejs.j2c.ConnectionManagerServiceImpl,class com.ibm.ejs.j2c.ConnectionManagerServiceImpl,[WAS.j2c],com.ibm.ws.jca.cm.internal.resources.J2CAMessages,null]"
    cfKeyToCM = class java.util.concurrent.ConcurrentHashMap@552f9ab9
      serialVersionUID = 7249069246763182397
      MAXIMUM_CAPACITY = 1073741824
      DEFAULT_CAPACITY = 16
      MAX_ARRAY_SIZE = 2147483639
      DEFAULT_CONCURRENCY_LEVEL = 16
      LOAD_FACTOR = 0.75
      TREEIFY_THRESHOLD = 8
      UNTREEIFY_THRESHOLD = 6
      MIN_TREEIFY_CAPACITY = 64
      MIN_TRANSFER_STRIDE = 16
      RESIZE_STAMP_BITS = 16
      MAX_RESIZERS = 65535
      RESIZE_STAMP_SHIFT = 16
      MOVED = -1
      TREEBIN = -2
      RESERVED = -3
      HASH_BITS = 2147483647
      NCPU = 4
      serialPersistentFields = class java.io.ObjectStreamField[3]
      table = null
      nextTable = null
      baseCount = 0
      sizeCtl = 0
      transferIndex = 0
      cellsBusy = 0
      counterCells = null
      keySet = null
      values = null
      entrySet = null
      U = class jdk.internal.misc.Unsafe@4c9d1355
      SIZECTL = 20
      TRANSFERINDEX = 32
      BASECOUNT = 24
      CELLSBUSY = 36
      CELLVALUE = 144
      ABASE = 16
      ASHIFT = 2
      keySet = null
      values = null
    connectorSvc = class com.ibm.ejs.j2c.ConnectorServiceImpl@706439b8
    lock = class java.util.concurrent.locks.ReentrantReadWriteLock@532d048a
      serialVersionUID = -6992448646407690164
      readerLock = class java.util.concurrent.locks.ReentrantReadWriteLock$ReadLock@6dfc7b60
      writerLock = class java.util.concurrent.locks.ReentrantReadWriteLock$WriteLock@4d0f78ff
      sync = class java.util.concurrent.locks.ReentrantReadWriteLock$NonfairSync@2649939b
    name = "connectionManager[conMgr1]"
    pm = null
    pmMBean = null
    properties = class org.apache.felix.scr.impl.helper.ReadOnlyDictionary@8b26c11
      m_delegate = class java.util.Hashtable@47d59f0a
      m_serviceReference = null
    bndCtx = class org.eclipse.osgi.internal.framework.BundleContextImpl@64ef1973
      findHookName = "org.osgi.framework.hooks.bundle.FindHook"
      valid = true
      bundle = class org.eclipse.osgi.internal.framework.EquinoxBundle@a3a260
      container = class org.eclipse.osgi.internal.framework.EquinoxContainer@29590179
      debug = class org.eclipse.osgi.internal.debug.Debug@42109a96
      servicesInUse = class java.util.HashMap@61192fe0
      activator = null
      contextLock = class java.lang.Object@20c15dce
    raClassLoader = null
    CONNECTION_MANAGER = "connectionManager"
    FACTORY_PID = "com.ibm.ws.jca.connectionManager"
    ID = "id"
    MAX_CONNECTIONS_PER_THREAD = "maxConnectionsPerThread"
    MAX_IDLE_TIME = "maxIdleTime"
    MAX_POOL_SIZE = "maxPoolSize"
    MIN_POOL_SIZE = "minPoolSize"
    NUM_CONNECTIONS_PER_THREAD_LOCAL = "numConnectionsPerThreadLocal"
    CONNECTION_MANAGER_PROPS = class java.util.Collections$UnmodifiableRandomAccessList@2460479f
      serialVersionUID = -2542308836966382001
      serialVersionUID = -283967356065247728
      list = class java.util.Arrays$ArrayList@6dfbda45
      serialVersionUID = 1820017752578914078
      c = class java.util.Arrays$ArrayList@6dfbda45
    changed = false
    obs = class java.util.Vector@db3ebf8
      elementData = class java.lang.Object[10]
      elementCount = 1
      capacityIncrement = 0
      serialVersionUID = -2767605614048989439
      MAX_ARRAY_SIZE = 2147483639
      modCount = 1
      MAX_ARRAY_SIZE = 2147483639
  containerAuthDataRef = null
  jaasLoginContextEntryName = null
  isInitialized = class java.util.concurrent.atomic.AtomicBoolean@3dc725c0
    serialVersionUID = 4654671469794556979
    VALUE = class java.lang.invoke.VarHandleInts$FieldInstanceReadWrite@5ce8cb6d
      FORM = class java.lang.invoke.VarForm@5db1176f
      fieldOffset = 12
      receiverType = class java.lang.Class@22a71081
      FORM = class java.lang.invoke.VarForm@222f1a61
      vform = class java.lang.invoke.VarForm@5db1176f
      typesAndInvokers = null
      AIOOBE_SUPPLIER = class jdk.internal.util.Preconditions$1@3034c26d
      VFORM_OFFSET = 12
      $assertionsDisabled = true
    value = 0
  isServerDefined = true
  lock = class java.util.concurrent.locks.ReentrantReadWriteLock@3d5159d8
    serialVersionUID = -6992448646407690164
    readerLock = class java.util.concurrent.locks.ReentrantReadWriteLock$ReadLock@2f7eba1a
      serialVersionUID = -5992448646407690164
      sync = class java.util.concurrent.locks.ReentrantReadWriteLock$NonfairSync@1f50f5ec
    writerLock = class java.util.concurrent.locks.ReentrantReadWriteLock$WriteLock@579e58d
      serialVersionUID = -4992448646407690164
      sync = class java.util.concurrent.locks.ReentrantReadWriteLock$NonfairSync@1f50f5ec
    sync = class java.util.concurrent.locks.ReentrantReadWriteLock$NonfairSync@1f50f5ec
      serialVersionUID = -8159625535654395037
      serialVersionUID = 6317671515068378041
      SHARED_SHIFT = 16
      SHARED_UNIT = 65536
      MAX_COUNT = 65535
      EXCLUSIVE_MASK = 65535
      readHolds = class java.util.concurrent.locks.ReentrantReadWriteLock$Sync$ThreadLocalHoldCounter@71863ed5
      cachedHoldCounter = null
      firstReader = null
      firstReaderHoldCount = 1
      serialVersionUID = 7373984972572414691
      head = null
      tail = null
      state = 1
      SPIN_FOR_TIMEOUT_THRESHOLD = 1000
      STATE = class java.lang.invoke.VarHandleInts$FieldInstanceReadWrite@60d268a9
      HEAD = class java.lang.invoke.VarHandleObjects$FieldInstanceReadWrite@7c7cdd5f
      TAIL = class java.lang.invoke.VarHandleObjects$FieldInstanceReadWrite@2434626b
      serialVersionUID = 3737899427754241961
      exclusiveOwnerThread = class java.lang.Thread@648480ae
  recoveryAuthDataRef = null

