------Start of DE processing------ = [25/05/18 10:36:22:384 CEST]
Exception = com.ibm.wsspi.injectionengine.InjectionException
Source = com.ibm.ejs.container.ManagedBeanOBase.injectInstance
probeid = 134
Stack Dump = com.ibm.wsspi.injectionengine.InjectionException: CWNEN0030E: The server was unable to obtain an object instance for the java:comp/env/com.ibm.websphere.samples.daytrader.ejb3.TradeSLSBBean/entityManager reference.  The exception message was: java.lang.NullPointerException
	at com.ibm.wsspi.injectionengine.InjectionBinding.getInjectionObject(InjectionBinding.java:1454)
	at com.ibm.wsspi.injectionengine.InjectionBinding.getInjectableObject(InjectionBinding.java:1368)
	at com.ibm.wsspi.injectionengine.InjectionTarget.inject(InjectionTarget.java:104)
	at com.ibm.ws.injectionengine.AbstractInjectionEngine.inject(AbstractInjectionEngine.java:851)
	at com.ibm.ejs.container.ManagedBeanOBase.injectInstance(ManagedBeanOBase.java:147)
	at com.ibm.ejs.container.StatelessBeanO.injectInstance(StatelessBeanO.java:294)
	at com.ibm.ejs.container.StatelessBeanO.initialize(StatelessBeanO.java:168)
	at com.ibm.ejs.container.BeanOFactory.create(BeanOFactory.java:103)
	at com.ibm.ejs.container.EJSHome.createBeanO(EJSHome.java:975)
	at com.ibm.ejs.container.EJSHome.createBeanO(EJSHome.java:1077)
	at com.ibm.ejs.container.activator.UncachedActivationStrategy.atActivate(UncachedActivationStrategy.java:62)
	at com.ibm.ejs.container.activator.Activator.preInvokeActivateBean(Activator.java:263)
	at com.ibm.ejs.container.EJSContainer.preInvokeActivate(EJSContainer.java:3234)
	at com.ibm.ejs.container.EJSContainer.EjbPreInvoke(EJSContainer.java:2571)
	at com.ibm.websphere.samples.daytrader.ejb3.EJSLocal0SLTradeSLSBBean_78e9c356.getClosedOrders(EJSLocal0SLTradeSLSBBean_78e9c356.java)
	at com.ibm.websphere.samples.daytrader.TradeAction.getClosedOrders(TradeAction.java:404)
	at com.ibm.websphere.samples.daytrader.web.OrdersAlertFilter.doFilter(OrdersAlertFilter.java:81)
	at com.ibm.ws.webcontainer.filter.FilterInstanceWrapper.doFilter(FilterInstanceWrapper.java:201)
	at com.ibm.ws.webcontainer.filter.WebAppFilterChain.doFilter(WebAppFilterChain.java:86)
	at com.ibm.ws.webcontainer.filter.WebAppFilterManager.doFilter(WebAppFilterManager.java:995)
	at com.ibm.ws.webcontainer.filter.WebAppFilterManager.invokeFilters(WebAppFilterManager.java:1124)
	at com.ibm.ws.webcontainer.filter.WebAppFilterManager.invokeFilters(WebAppFilterManager.java:1004)
	at com.ibm.ws.webcontainer.servlet.CacheServletWrapper.handleRequest(CacheServletWrapper.java:76)
	at com.ibm.ws.webcontainer.WebContainer.handleRequest(WebContainer.java:926)
	at com.ibm.ws.webcontainer.osgi.DynamicVirtualHost$2.run(DynamicVirtualHost.java:279)
	at com.ibm.ws.http.dispatcher.internal.channel.HttpDispatcherLink$TaskWrapper.run(HttpDispatcherLink.java:1009)
	at com.ibm.ws.http.dispatcher.internal.channel.HttpDispatcherLink.wrapHandlerAndExecute(HttpDispatcherLink.java:412)
	at com.ibm.ws.http.dispatcher.internal.channel.HttpDispatcherLink.ready(HttpDispatcherLink.java:371)
	at com.ibm.ws.http.channel.internal.inbound.HttpInboundLink.handleDiscrimination(HttpInboundLink.java:530)
	at com.ibm.ws.http.channel.internal.inbound.HttpInboundLink.handleNewRequest(HttpInboundLink.java:464)
	at com.ibm.ws.http.channel.internal.inbound.HttpInboundLink.processRequest(HttpInboundLink.java:329)
	at com.ibm.ws.http.channel.internal.inbound.HttpInboundLink.ready(HttpInboundLink.java:300)
	at com.ibm.ws.tcpchannel.internal.NewConnectionInitialReadCallback.sendToDiscriminators(NewConnectionInitialReadCallback.java:165)
	at com.ibm.ws.tcpchannel.internal.NewConnectionInitialReadCallback.complete(NewConnectionInitialReadCallback.java:74)
	at com.ibm.ws.tcpchannel.internal.WorkQueueManager.requestComplete(WorkQueueManager.java:501)
	at com.ibm.ws.tcpchannel.internal.WorkQueueManager.attemptIO(WorkQueueManager.java:571)
	at com.ibm.ws.tcpchannel.internal.WorkQueueManager.workerRun(WorkQueueManager.java:926)
	at com.ibm.ws.tcpchannel.internal.WorkQueueManager$Worker.run(WorkQueueManager.java:1015)
	at java.base/java.util.concurrent.ThreadPoolExecutor.runWorker(ThreadPoolExecutor.java:1135)
	at java.base/java.util.concurrent.ThreadPoolExecutor$Worker.run(ThreadPoolExecutor.java:635)
	at java.base/java.lang.Thread.run(Thread.java:844)
Caused by: java.lang.RuntimeException: java.lang.NullPointerException
	at com.ibm.ws.jpa.management.JPAPUnitInfo.getEntityManagerFactory(JPAPUnitInfo.java:804)
	at com.ibm.ws.jpa.management.JPAPUnitInfo.getEntityManagerPool(JPAPUnitInfo.java:994)
	at com.ibm.ws.jpa.management.JPATxEntityManager.<init>(JPATxEntityManager.java:147)
	at com.ibm.ws.jpa.container.v21.JPATxEntityManagerV21.<init>(JPATxEntityManagerV21.java:45)
	at com.ibm.ws.jpa.container.v21.internal.JPA21Runtime.createJPATxEntityManager(JPA21Runtime.java:71)
	at com.ibm.ws.jpa.management.AbstractJPAComponent.getEntityManager(AbstractJPAComponent.java:255)
	at com.ibm.ws.jpa.container.osgi.jndi.JPAJndiLookupObjectFactory.getObjectInstance(JPAJndiLookupObjectFactory.java:149)
	at com.ibm.wsspi.injectionengine.InjectionBinding.getInjectionObjectInstance(InjectionBinding.java:1552)
	at com.ibm.wsspi.injectionengine.InjectionBinding.getInjectionObject(InjectionBinding.java:1428)
	... 40 more
Caused by: java.lang.NullPointerException
	at org.eclipse.persistence.internal.jpa.EntityManagerSetupImpl.predeploy(EntityManagerSetupImpl.java:2062)
	at org.eclipse.persistence.jpa.PersistenceProvider.createContainerEntityManagerFactoryImpl(PersistenceProvider.java:334)
	at org.eclipse.persistence.jpa.PersistenceProvider.createContainerEntityManagerFactory(PersistenceProvider.java:305)
	at com.ibm.ws.jpa.management.JPAPUnitInfo.createEMFactory(JPAPUnitInfo.java:910)
	at com.ibm.ws.jpa.management.JPAPUnitInfo.initialize(JPAPUnitInfo.java:762)
	at com.ibm.ws.jpa.management.JPAPxmlInfo.extractPersistenceUnits(JPAPxmlInfo.java:190)
	at com.ibm.ws.jpa.management.JPAScopeInfo.processPersistenceUnit(JPAScopeInfo.java:90)
	at com.ibm.ws.jpa.management.JPAApplInfo.addPersistenceUnits(JPAApplInfo.java:118)
	at com.ibm.ws.jpa.container.osgi.internal.JPAComponentImpl.processEJBModulePersistenceXml(JPAComponentImpl.java:527)
	at com.ibm.ws.jpa.container.osgi.internal.JPAComponentImpl.applicationStarting(JPAComponentImpl.java:264)
	at com.ibm.ws.container.service.state.internal.ApplicationStateManager.fireStarting(ApplicationStateManager.java:28)
	at com.ibm.ws.container.service.state.internal.StateChangeServiceImpl.fireApplicationStarting(StateChangeServiceImpl.java:50)
	at com.ibm.ws.app.manager.module.internal.DeployedAppInfoBase.preDeployApp(DeployedAppInfoBase.java:383)
	at com.ibm.ws.app.manager.module.internal.DeployedAppInfoBase.deployApp(DeployedAppInfoBase.java:412)
	at com.ibm.ws.app.manager.ear.internal.EARApplicationHandlerImpl.install(EARApplicationHandlerImpl.java:76)
	at com.ibm.ws.app.manager.internal.statemachine.StartAction.execute(StartAction.java:140)
	at com.ibm.ws.app.manager.internal.statemachine.ApplicationStateMachineImpl.enterState(ApplicationStateMachineImpl.java:1258)
	at com.ibm.ws.app.manager.internal.statemachine.ApplicationStateMachineImpl.run(ApplicationStateMachineImpl.java:873)
	... 3 more

Dump of callerThis
Object type = com.ibm.ejs.container.CMStatelessBeanO
  serialVersionUID = 6553421454354990950
  tc = class com.ibm.websphere.ras.TraceComponent@5cacacea
    strings[0] = "TraceComponent[com.ibm.ejs.container.CMStatelessBeanO,class com.ibm.ejs.container.CMStatelessBeanO,[EJBContainer],com.ibm.ejs.container.container,null]"
  CLASS_NAME = "com.ibm.ejs.container.StatelessBeanO"
  tc = class com.ibm.websphere.ras.TraceComponent@df95db6
    strings[0] = "TraceComponent[com.ibm.ejs.container.StatelessBeanO,class com.ibm.ejs.container.StatelessBeanO,[EJBContainer],com.ibm.ejs.container.container,null]"
  reentrant = false
  allowRollbackOnly = false
  discarded = false
  ivNumberOfBeansLimited = false
  POOLED = 3
  IN_METHOD = 4
  StateStrs = class java.lang.String[5]
    String[0] = "DESTROYED"
    String[1] = "PRE_CREATE"
    String[2] = "CREATING"
    String[3] = "POOLED"
    String[4] = "IN_METHOD"
  tc = class com.ibm.websphere.ras.TraceComponent@55666918
    strings[0] = "TraceComponent[com.ibm.ejs.container.SessionBeanO,class com.ibm.ejs.container.SessionBeanO,[EJBContainer],com.ibm.ejs.container.container,null]"
  CLASS_NAME = "com.ibm.ejs.container.SessionBeanO"
  DESTROYED = 0
  PRE_CREATE = 1
  CREATING = 2
  messageContextMethod = null
  sessionBean = null
  currentIsolationLevel = 0
  ivCallbackKind = class com.ibm.ws.ejbcontainer.CallbackKind@1ba8ec65
    None = class com.ibm.ws.ejbcontainer.CallbackKind@4eef5160
      None = class com.ibm.ws.ejbcontainer.CallbackKind@4eef5160
      SessionBean = class com.ibm.ws.ejbcontainer.CallbackKind@6025ba51
      MessageDrivenBean = class com.ibm.ws.ejbcontainer.CallbackKind@d2a274f
      InvocationContext = class com.ibm.ws.ejbcontainer.CallbackKind@1ba8ec65
      $VALUES = class com.ibm.ws.ejbcontainer.CallbackKind[4]
      name = "None"
      ordinal = 0
    SessionBean = class com.ibm.ws.ejbcontainer.CallbackKind@6025ba51
      None = class com.ibm.ws.ejbcontainer.CallbackKind@4eef5160
      SessionBean = class com.ibm.ws.ejbcontainer.CallbackKind@6025ba51
      MessageDrivenBean = class com.ibm.ws.ejbcontainer.CallbackKind@d2a274f
      InvocationContext = class com.ibm.ws.ejbcontainer.CallbackKind@1ba8ec65
      $VALUES = class com.ibm.ws.ejbcontainer.CallbackKind[4]
      name = "SessionBean"
      ordinal = 1
    MessageDrivenBean = class com.ibm.ws.ejbcontainer.CallbackKind@d2a274f
      None = class com.ibm.ws.ejbcontainer.CallbackKind@4eef5160
      SessionBean = class com.ibm.ws.ejbcontainer.CallbackKind@6025ba51
      MessageDrivenBean = class com.ibm.ws.ejbcontainer.CallbackKind@d2a274f
      InvocationContext = class com.ibm.ws.ejbcontainer.CallbackKind@1ba8ec65
      $VALUES = class com.ibm.ws.ejbcontainer.CallbackKind[4]
      name = "MessageDrivenBean"
      ordinal = 2
    InvocationContext = class com.ibm.ws.ejbcontainer.CallbackKind@1ba8ec65
    $VALUES = class com.ibm.ws.ejbcontainer.CallbackKind[4]
      CallbackKind[0] = class com.ibm.ws.ejbcontainer.CallbackKind@4eef5160
      CallbackKind[1] = class com.ibm.ws.ejbcontainer.CallbackKind@6025ba51
      CallbackKind[2] = class com.ibm.ws.ejbcontainer.CallbackKind@d2a274f
      CallbackKind[3] = class com.ibm.ws.ejbcontainer.CallbackKind@1ba8ec65
    name = "InvocationContext"
    ordinal = 3
  CLASS_NAME = "com.ibm.ejs.container.ManagedBeanOBase"
  tc = class com.ibm.websphere.ras.TraceComponent@1acf475f
    strings[0] = "TraceComponent[com.ibm.ejs.container.ManagedBeanOBase,class com.ibm.ejs.container.ManagedBeanOBase,[EJBContainer],com.ibm.ejs.container.container,null]"
  ivEjbInstance = class com.ibm.websphere.samples.daytrader.ejb3.TradeSLSBBean@30f2d5ee
    queueConnectionFactory = class com.ibm.ws.sib.api.jms.impl.JmsManagedQueueConnectionFactoryImpl@7402be5
      serialVersionUID = 4066931914700154117
      tc = class com.ibm.websphere.ras.TraceComponent@1b71d2a7
      serialVersionUID = 2796080016458361701
      tc = class com.ibm.websphere.ras.TraceComponent@7e813bbc
      jcaConnectionFactory = class com.ibm.ws.sib.api.jmsra.impl.JmsJcaConnectionFactoryImpl@1e3c3999
    topicConnectionFactory = class com.ibm.ws.sib.api.jms.impl.JmsManagedTopicConnectionFactoryImpl@61173ed5
      serialVersionUID = 1325516850522533785
      tc = class com.ibm.websphere.ras.TraceComponent@70a074cc
      serialVersionUID = 2796080016458361701
      tc = class com.ibm.websphere.ras.TraceComponent@7e813bbc
      jcaConnectionFactory = class com.ibm.ws.sib.api.jmsra.impl.JmsJcaConnectionFactoryImpl@33e07ae5
    tradeStreamerTopic = class com.ibm.ws.sib.api.jms.impl.JmsTopicImpl@63b4391c
      serialVersionUID = -901264079384537654
      tc = class com.ibm.websphere.ras.TraceComponent@449c055d
      TOPIC_STEM = "topic"
      TOPIC_PREFIX = "topic://"
      DEFAULT_TOPIC_SPACE = "Default.Topic.Space"
      _resourceAdapter = class com.ibm.ws.sib.ra.inbound.impl.SibRaResourceAdapterImpl@44d68e1e
      tc = class com.ibm.websphere.ras.TraceComponent@4204bce2
      serialVersionUID = 1503547629070926432
      NAME_SEPARATOR = "://"
      DEST_PREFIX = "dest://"
      refUtils = class com.ibm.ws.sib.api.jmsra.impl.JmsJcaReferenceUtilsImpl@3bd987ec
      destEncoder = class com.ibm.ws.sib.api.jms.impl.MsgDestEncodingUtilsImpl@333e83ec
      properties = class java.util.HashMap@5331bf66
      replyReliabilityByte = -1
      cachedEncodedString = null
      cachedPartialEncodedString = null
      cachedEncoding = class [B[3]
      producerDestinationAddress = null
      consumerDestinationAddress = null
    tradeBrokerQueue = class com.ibm.ws.sib.api.jms.impl.JmsQueueImpl@58c5f13c
      serialVersionUID = -5199495499235437304
      tc = class com.ibm.websphere.ras.TraceComponent@3be59477
      QUEUE_PREFIX = "queue://"
      _resourceAdapter = class com.ibm.ws.sib.ra.inbound.impl.SibRaResourceAdapterImpl@44d68e1e
      tc = class com.ibm.websphere.ras.TraceComponent@4204bce2
      serialVersionUID = 1503547629070926432
      NAME_SEPARATOR = "://"
      DEST_PREFIX = "dest://"
      refUtils = class com.ibm.ws.sib.api.jmsra.impl.JmsJcaReferenceUtilsImpl@3bd987ec
      destEncoder = class com.ibm.ws.sib.api.jms.impl.MsgDestEncodingUtilsImpl@333e83ec
      properties = class java.util.HashMap@22cfbe07
      replyReliabilityByte = -1
      cachedEncodedString = null
      cachedPartialEncodedString = null
      cachedEncoding = class [B[3]
      producerDestinationAddress = null
      consumerDestinationAddress = null
    managedThreadFactory = class com.ibm.ws.concurrent.internal.ManagedThreadFactoryService$ManagedThreadFactoryImpl@5edcf6c2
      identifier = "EJB#daytrader7#daytrader-ee7-ejb.jar#TradeSLSBBean"
      serverAccessControlContext = class java.security.AccessControlContext@3d120e8a
      service = class com.ibm.ws.concurrent.internal.ManagedThreadFactoryService@d156c9f
      threadContextDescriptor = class com.ibm.ws.context.service.serializable.ThreadContextDescriptorImpl@18b64398
      threadGroup = class java.lang.ThreadGroup@4c2bcd21
      this$0 = class com.ibm.ws.concurrent.internal.ManagedThreadFactoryService@d156c9f
      serialVersionUID = 1374926149981201455
      $$$tc$$$ = class com.ibm.websphere.ras.TraceComponent@746ca492
    entityManager = null
    context = class com.ibm.ejs.container.CMStatelessBeanO@74e8ef0d
    marketSummarySingleton = class com.ibm.websphere.samples.daytrader.ejb3.EJSLocalNSGMarketSummarySingleton_a06afdef@6e59a5a
      ivWrapperBase = class com.ibm.ejs.container.BusinessLocalWrapper@7d7a3484
      marketSummaryDataBean = null
      entityManager = null
  ivEjbManagedObjectContext = class com.ibm.ws.cdi.impl.managedobject.CDIManagedObjectState@6979e5cf
    serialVersionUID = 1
    _cc = class org.jboss.weld.context.CreationalContextImpl@184b2a22
    $$$tc$$$ = class com.ibm.websphere.ras.TraceComponent@4eed766d
      strings[0] = "TraceComponent[com.ibm.ws.cdi.impl.managedobject.CDIManagedObjectState,class com.ibm.ws.cdi.impl.managedobject.CDIManagedObjectState,[JCDI],com.ibm.ws.cdi.impl.resources.CDI,null]"
  ivManagedObject = class com.ibm.ws.cdi.impl.managedobject.CDIManagedObject@7a802b91
    tc = class com.ibm.websphere.ras.TraceComponent@502193d2
      strings[0] = "TraceComponent[com.ibm.ws.cdi.impl.managedobject.CDIManagedObject,class com.ibm.ws.cdi.impl.managedobject.CDIManagedObject,[JCDI],com.ibm.ws.cdi.impl.resources.CDI,null]"
    managedObject = class com.ibm.websphere.samples.daytrader.ejb3.TradeSLSBBean@30f2d5ee
    creationalContext = class org.jboss.weld.context.CreationalContextImpl@184b2a22
      serialVersionUID = 7375854583908262422
      SERIALIZATION_PROXY = class org.jboss.weld.context.CreationalContextImpl$SerializationProxy@38ee68b3
      incompleteInstances = null
      contextual = class org.jboss.weld.bean.SessionBean@66e06d52
      dependentInstances = class java.util.Collections$SynchronizedRandomAccessList@1310b096
      parentDependentInstances = class java.util.Collections$SynchronizedRandomAccessList@4d84e71d
      parentCreationalContext = null
      resourceReferences = null
      constructorInterceptionSuppressed = true
      aroundConstructCallbacks = class java.util.LinkedList@55100fb0
      aroundConstructInterceptionContext = null
    injectionTarget = class org.jboss.weld.injection.producer.ejb.SessionBeanInjectionTarget@2f51d4f2
      bean = class org.jboss.weld.bean.SessionBean@66e06d52
      bean = class org.jboss.weld.bean.SessionBean@66e06d52
      beanManager = class org.jboss.weld.manager.BeanManagerImpl@59463388
      type = class org.jboss.weld.annotated.slim.backed.BackedAnnotatedType@32a697d0
      injectionPoints = class java.util.Collections$UnmodifiableSet@70f46f82
      instantiator = class org.jboss.weld.injection.producer.DefaultInstantiator@7b0d1d0a
      injector = class org.jboss.weld.injection.producer.DynamicInjectionPointInjector@1ee265c4
      invoker = class org.jboss.weld.injection.producer.DefaultLifecycleCallbackInvoker@18fc69df
    lifecycleManaged = true
    beanScope = "javax.enterprise.context.Dependent"
    identity = "com.ibm.websphere.samples.daytrader.ejb3.TradeSLSBBean@30f2d5ee"
    serialVersionUID = -9126917678523682896
  ivInterceptors = class java.lang.Object[2]
    Object[0] = class com.ibm.ws.cdi.ejb.interceptor.WeldSessionBeanInterceptorWrapper@33ca4ddd
      serialVersionUID = -4630548195644884051
      tc = class com.ibm.websphere.ras.TraceComponent@3e777260
      beanManagerImpl = null
      ejbContext = class com.ibm.ejs.container.CMStatelessBeanO@74e8ef0d
      serialVersionUID = 7327757031821596782
      requestInitializedEvent = class org.jboss.weld.ejb.AbstractEJBRequestScopeActivationInterceptor$1@ab3f0bd
      requestDestroyedEvent = class org.jboss.weld.ejb.AbstractEJBRequestScopeActivationInterceptor$2@20ae8cfb
    Object[1] = class com.ibm.ws.cdi.ejb.impl.EJBCDIInterceptorWrapper@7e44c8ef
      tc = class com.ibm.websphere.ras.TraceComponent@75980d48
      beanManager = class org.jboss.weld.bean.builtin.BeanManagerProxy@2443f19b
      activeInterceptors = class java.util.concurrent.ConcurrentHashMap@4e154601
      serialVersionUID = -5367087917382782149
  CLASS_NAME = "com.ibm.ejs.container.BeanO"
  tc = class com.ibm.websphere.ras.TraceComponent@53605c87
    strings[0] = "TraceComponent[com.ibm.ejs.container.BeanO,class com.ibm.ejs.container.BeanO,[EJBContainer],com.ibm.ejs.container.container,null]"
  isZOS = false
  state = 1
  container = class com.ibm.ejs.container.EJSContainer@510d9fb7
  home = class com.ibm.ejs.container.SessionHome@6d84973e
    serialVersionUID = -5599958674558718699
    tc = class com.ibm.websphere.ras.TraceComponent@5c06063a
      strings[0] = "TraceComponent[com.ibm.ejs.container.EJSHome,class com.ibm.ejs.container.EJSHome,[EJBContainer],com.ibm.ejs.container.container,null]"
    CLASS_NAME = "com.ibm.ejs.container.EJSHome"
    ivCMDAccessor = class com.ibm.ws.threadContext.ComponentMetaDataAccessorImpl@13c81c22
      tc = class com.ibm.websphere.ras.TraceComponent@1919f865
      cmdai = class com.ibm.ws.threadContext.ComponentMetaDataAccessorImpl@13c81c22
      threadContext = class com.ibm.ws.threadContext.ThreadContextImpl@1146b19d
      defaultCMD = null
    beanOFactory = class com.ibm.ejs.container.CMStatelessBeanOFactory@55869549
      tc = class com.ibm.websphere.ras.TraceComponent@3cfe5a07
    container = class com.ibm.ejs.container.EJSContainer@510d9fb7
    ivEntityHelper = null
    noLocalCopies = false
    allowPrimaryKeyMutation = false
    noPrimaryKeyMutation = false
    jndiName = null
    j2eeName = class com.ibm.ws.container.service.metadata.internal.J2EENameImpl@6baaabca
    statelessSessionHome = true
    statefulSessionHome = false
    messageDrivenHome = false
    ivSingletonSessionHome = false
    hashValue = 1466002932
    ivHomeId = class com.ibm.ejs.container.BeanId@111bde29
      tc = class com.ibm.websphere.ras.TraceComponent@1d229fbc
      CLASS_NAME = "com.ibm.ejs.container.BeanId"
      _isHome = true
      pkey = class com.ibm.ws.container.service.metadata.internal.J2EENameImpl@6baaabca
      j2eeName = class com.ibm.ws.container.service.metadata.internal.J2EENameImpl@78132ca7
      byteArray = null
      home = class com.ibm.ejs.container.HomeOfHomes@5f8bec2d
      activationStrategy = null
      hashValue = 2004216201
      ivFailoverKey = null
      HOME_BEAN = 0
      STATELESS_BEAN = 1
      STATEFUL_BEAN = 2
      ENTITY_BEAN = 3
      MESSAGEDRIVEN_BEAN = 4
      SINGLETON_BEAN = 5
      USES_BEAN_MANAGED_TX = 16
      MODULE_VERSION_CAPABLE = 32
      TYPE_TO_TYPE_ID_MAP = {0,0,5,1,2,3,3,4} /* array length = 8 */
      SERIALIZED_PKEY = 0
      INTEGER_PKEY = 1
      STRING_PKEY = 3
      LONG_PKEY = 4
      BYTE_ARRAY_PKEY = 8
      BEAN_TYPE_LEN = 1
      J2EE_NAME_LEN = 4
      PKEY_TYPE_LEN = 1
      header = {-84,-84,0,2,0,1} /* array length = 6 */
      HEADER_LEN = 6
      svBAOSs = class java.io.ByteArrayOutputStream[50]
      svBAOSsSize = 1
    ivHomeWrappers = null
    ivStatelessId = class com.ibm.ejs.container.BeanId@4bf540dc
    ivStatelessWrappers = class com.ibm.ejs.container.EJSWrapperCommon@301a5e79
      tc = class com.ibm.websphere.ras.TraceComponent@43bcb02f
      CLASS_NAME = "com.ibm.ejs.container.EJSWrapperCommon"
      isZOS = false
      remoteWrapper = null
      ivRemoteObjectWrapper = null
      localWrapper = null
      localObject = null
      localWrapperProxyState = null
      ivBusinessLocal = class java.lang.Object[1]
      ivBusinessLocalProxies = class java.lang.Object[1]
      ivBusinessLocalWrapperProxyStates = null
      ivBusinessRemote = class com.ibm.ejs.container.BusinessRemoteWrapper[1]
      ivBusinessRemoteRegistered = {true} /* array length = 1 */
      isRemoteRegistered = false
      ivCachedBeanO = null
      ivBeanId = class com.ibm.ejs.container.BeanId@4bf540dc
      ivBMD = class com.ibm.ws.ejbcontainer.osgi.internal.metadata.OSGiBeanMetaData@71417862
      svThreadContextAccessor = class com.ibm.ws.util.ThreadContextAccessor$ThreadContextAccessorImpl@42a13bbc
      svLocalBeanWrapperBaseFieldClassValue = class com.ibm.ws.ejbcontainer.util.FieldClassValueFactory$Impl$FieldClassValueImpl@5590be85
      svLocalBeanWrapperProxyStateFieldClassValue = class com.ibm.ws.ejbcontainer.util.FieldClassValueFactory$Impl$FieldClassValueImpl@2ed98779
      ivBucket = class com.ibm.ejs.util.cache.WrapperBucket@5960b9ea
      key = class com.ibm.ejs.container.util.ByteArray@30723a41
      object = class com.ibm.ejs.container.EJSWrapperCommon@301a5e79
      pinned = 0
      accessedSweep = 8
      ivEvictionIneligible = false
    ivStatefulBusinessHomeWrapper = null
    enterpriseBeanClass = class java.lang.Class@3e1d343b
      ANNOTATION = 8192
      ENUM = 16384
      SYNTHETIC = 4096
      cachedConstructor = null
      newInstanceCallerCache = null
      name = "com.ibm.websphere.samples.daytrader.ejb3.TradeSLSBBean"
      module = class java.lang.Module@31ad8d63
      packageName = "com.ibm.websphere.samples.daytrader.ejb3"
      componentType = null
      allPermDomain = class java.security.ProtectionDomain@22275d04
      reflectionData = class java.lang.ref.SoftReference@724f4407
      classRedefinedCount = 0
      genericInfo = class sun.reflect.generics.repository.ClassRepository@2130a758
      EMPTY_CLASS_ARRAY = class java.lang.Class[0]
      serialVersionUID = 3206093459760846163
      serialPersistentFields = class java.io.ObjectStreamField[0]
      reflectionFactory = class jdk.internal.reflect.ReflectionFactory@6238b0f8
      enumConstants = null
      enumConstantDirectory = null
      annotationData = class java.lang.Class$AnnotationData@50461538
      annotationType = null
      classValueMap = null
    remoteEJBObjectClass = null
    localEJBObjectClass = null
    beanMetaData = class com.ibm.ws.ejbcontainer.osgi.internal.metadata.OSGiBeanMetaData@71417862
      tc = class com.ibm.websphere.ras.TraceComponent@58756a59
      beanRuntime = class com.ibm.ws.ejbcontainer.session.internal.SessionBeanRuntimeImpl@353dda30
      systemHomeBindingName = null
      mbeanServiceReg = null
      serialVersionUID = 4571786972187397809
      tc = class com.ibm.websphere.ras.TraceComponent@56fc4a7
      svTimedObjectClass = class java.lang.Class@4b8f3fba
      svTimedObjectMethod = class java.lang.reflect.Method@79294485
      ACCESS_INTENT_READ = 0
      ACCESS_INTENT_UPDATE = 1
      ACTIVATION_POLICY_ONCE = 0
      ACTIVATION_POLICY_ACTIVITY_SESSION = 1
      ACTIVATION_POLICY_TRANSACTION = 2
      CONCURRENCY_CONTROL_PESSIMISTIC = 0
      CONCURRENCY_CONTROL_OPTIMISTIC = 1
      J2EE_EJB_VERSION_UNKNOWN = 0
      J2EE_EJB_VERSION_1_0 = 10
      J2EE_EJB_VERSION_1_1 = 11
      J2EE_EJB_VERSION_2_0 = 20
      J2EE_EJB_VERSION_2_1 = 21
      J2EE_EJB_VERSION_3_0 = 30
      J2EE_EJB_VERSION_3_1 = 31
      J2EE_EJB_VERSION_3_2 = 32
      JAVAEE_VERSION_5 = 50
      LOAD_POLICY_ACTIVATION = 0
      LOAD_POLICY_TRANSACTION = 1
      LOAD_POLICY_INTERVAL = 2
      LOAD_POLICY_DAILY = 3
      LOAD_POLICY_WEEKLY = 4
      LOCAL_TX_UNRESOLVED_ACTION_ROLLBACK = 0
      LOCAL_TX_UNRESOLVED_ACTION_COMMIT = 1
      METHOD_TYPE_UNSPECIFIED = 0
      METHOD_TYPE_REMOTE = 1
      METHOD_TYPE_REMOTE_HOME = 2
      METHOD_TYPE_LOCAL = 3
      METHOD_TYPE_LOCAL_HOME = 4
      METHOD_TYPE_SERVICE_ENDPOINT = 5
      PERSISTENCE_BEAN_MANAGED = 0
      PERSISTENCE_CONTAINER_MANAGED = 1
      PIN_POLICY_ACTIVATION_PERIOD = 0
      PIN_POLICY_ACTIVITY_SESSION = 1
      PIN_POLICY_TRANSACTION = 2
      PIN_POLICY_BUSINESS_METHOD = 3
      TX_ATTRIBUTE_TYPE_NOT_SUPPORTED = 0
      TX_ATTRIBUTE_TYPE_SUPPORTS = 1
      TX_ATTRIBUTE_TYPE_REQUIRED = 2
      TX_ATTRIBUTE_TYPE_REQUIRES_NEW = 3
      TX_ATTRIBUTE_TYPE_MANDATORY = 4
      TX_ATTRIBUTE_TYPE_NEVER = 5
      TX_ATTRIBUTE_TYPE_BEAN_MANAGED = 6
      TX_BEAN_MANAGED = 0
      TX_CONTAINER_MANAGED = 1
      TX_ISOLATION_LEVEL_REPEATABLE_READ = 0
      TX_ISOLATION_LEVEL_READ_COMMITTED = 1
      TX_ISOLATION_LEVEL_READ_UNCOMMITTED = 2
      TX_ISOLATION_LEVEL_SERIALIZABLE = 3
      ivInitData = null
      _javaNameSpaceContext = null
      _moduleMetaData = class com.ibm.ws.ejbcontainer.osgi.internal.metadata.OSGiEJBModuleMetaDataImpl@396bfd1b
      _resourceRefList = class com.ibm.ws.resource.internal.ResourceRefConfigListImpl@800cf94
      _localTran = class com.ibm.ws.ejbcontainer.osgi.internal.metadata.LocalTranConfigDataImpl@58342c87
      _globalTran = class com.ibm.ws.ejbcontainer.osgi.internal.metadata.GlobalTranConfigDataImpl@3a349ab7
      j2eeName = class com.ibm.ws.container.service.metadata.internal.J2EENameImpl@6baaabca
      ivUnversionedJ2eeName = null
      type = 3
      ivDependsOn = null
      entityRemoteNoTxAttrMethods = class java.lang.String[4]
      entityRemoteNoTxAttrMethodSignatures = class java.lang.String[4]
      entityLocalNoTxAttrMethods = class java.lang.String[3]
      entityLocalNoTxAttrMethodSignatures = class java.lang.String[3]
      entityRemoteHomeNoTxAttrMethods = class java.lang.String[2]
      entityRemoteHomeNoTxAttrMethodSignatures = class java.lang.String[2]
      entityLocalHomeNoTxAttrMethods = class java.lang.String[1]
      entityLocalHomeNoTxAttrMethodSignatures = class java.lang.String[1]
      sessionLocalHomeNoTxAttrMethods = class java.lang.String[1]
      sessionLocalHomeNoTxAttrMethodSignatures = class java.lang.String[1]
      sessionRemoteHomeNoTxAttrMethods = class java.lang.String[1]
      sessionRemoteHomeNoTxAttrMethodSignatures = class java.lang.String[1]
      ivModuleVersion = 32
      enterpriseBeanClassName = "com.ibm.websphere.samples.daytrader.ejb3.TradeSLSBBean"
      enterpriseBeanClass = class java.lang.Class@3e1d343b
      enterpriseBeanAbstractClass = class java.lang.Class@3e1d343b
      homeBeanClass = class java.lang.Class@50a3e0e
      ivEnterpriseBeanFactory = class com.ibm.ws.cdi.impl.managedobject.CDIEJBManagedObjectFactoryImpl@6647dbf2
      ivEnterpriseBeanClassConstructor = null
      managedObjectManagesInjectionAndInterceptors = false
      fullyInitialized = true
      pKeyClass = null
      m_syncToOSThreadValue = false
      ivPersistenceRefNames = null
      ivJpaPuIdSTUnsyncSet = null
      ivExPcPuIds = class com.ibm.ws.jpa.JPAPuId[0]
      homeInterfaceClassName = null
      homeInterfaceClass = null
      remoteInterfaceClass = null
      remoteImplClass = null
      remoteTieClass = null
      homeRemoteImplClass = null
      homeRemoteTieClass = null
      localHomeInterfaceClassName = null
      localHomeInterfaceClass = null
      localInterfaceClass = null
      localImplClass = null
      localImplProxyConstructor = null
      homeLocalImplClass = null
      homeLocalImplProxyConstructor = null
      ivHasWebServiceEndpoint = true
      webserviceEndpointInterfaceClass = null
      ivWebServiceEndpointProxyName = "com.ibm.websphere.samples.daytrader.ejb3.WSEJBProxySLTradeSLSBBean_78e9c356"
      ivWebServiceEndpointProxyClass = null
      ivWebServiceEndpointCreated = false
      ivBusinessLocalInterfaceClassNames = class java.lang.String[1]
      ivBusinessLocalInterfaceClasses = class java.lang.Class[1]
      ivBusinessRemoteInterfaceClassNames = class java.lang.String[1]
      ivBusinessRemoteInterfaceClasses = class java.lang.Class[1]
      ivBusinessLocalImplClasses = class java.lang.Class[1]
      ivBusinessLocalImplProxyConstructors = null
      ivBusinessRemoteImplClasses = class java.lang.Class[1]
      ivBusinessRemoteTieClasses = class java.lang.Class[1]
      ivAggregateLocalImplClass = null
      ivLocalBean = false
      ivLocalBeanWrapperField = null
      ivMessageEndpointBaseField = null
      ivManagedBeanBeanOField = null
      ivIndirectLocalProxies = false
      cmpResetFields = null
      connFactoryName = null
      envProps = class java.util.Properties@5016c4fc
      simpleJndiBindingName = null
      localHomeJndiBindingName = null
      remoteHomeJndiBindingName = null
      ivRemoteHomeJndiName = null
      ivLocalHomeJndiName = null
      businessInterfaceJndiBindingNames = null
      enterpriseBeanName = "TradeSLSBBean"
      reentrant = false
      passivationCapable = true
      sessionTimeout = 0
      ivSFSBFailover = false
      ivSfFailoverClient = null
      sessionActivateTran = false
      sessionActivateSession = false
      optionACommitOption = false
      optionBCommitOption = false
      optionCCommitOption = false
      ivReadOnlyCommitOption = false
      entitySessionalTranOption = false
      optimisticConcurrencyControl = false
      CACHE_RELOAD_NONE = 0
      CACHE_RELOAD_INTERVAL = 1
      CACHE_RELOAD_DAILY = 2
      CACHE_RELOAD_WEEKLY = 3
      ivCacheReloadType = 0
      ivCacheReloadInterval = -1
      activationPolicy = 0
      methodNames = class java.lang.String[25]
      localMethodNames = class java.lang.String[25]
      timedMethodNames = null
      wsEndpointMethodNames = class java.lang.String[35]
      lifecycleInterceptorMethodNames = null
      methodInfos = class com.ibm.ejs.container.EJBMethodInfoImpl[25]
      localMethodInfos = class com.ibm.ejs.container.EJBMethodInfoImpl[25]
      timedMethodInfos = null
      wsEndpointMethodInfos = class com.ibm.ejs.container.EJBMethodInfoImpl[35]
      lifecycleInterceptorMethodInfos = null
      isolationAttrs = {0,0,0,0,0,0,0,0,0,0,0,0,0,0,0,0,0,0,0,0,0,0,0,0,0} /* array length = 25 */
      readOnlyAttrs = {false,false,false,false,false,false,false,false,false,false,false,false,false,false,false,false,false,false,false,false,false,false,false,false,false} /* array length = 25 */
      homeMethodNames = null
      localHomeMethodNames = null
      homeMethodInfos = null
      localHomeMethodInfos = null
      homeIsolationAttrs = null
      homeReadOnlyAttrs = null
      commitDanglingWork = false
      ivHasInheritance = false
      ivHasAppManagedPersistenceContext = false
      ivHasCMExtendedPersistenceContext = false
      usesBeanManagedTx = false
      usesBeanManagedAS = false
      cmpVersion = 0
      persister = null
      classLoader = class com.ibm.ws.classloading.internal.AppClassLoader@3e8434be
      ivContextClassLoader = class com.ibm.ws.classloading.internal.ThreadContextClassLoader@60d40a0f
      minPoolSize = 50
      maxPoolSize = 500
      allowCachedTimerDataForMethods = 0
      ivInitialPoolSize = 0
      ivMaxCreation = 0
      ivMaxCreationTimeout = 300000
      isPreFindFlushEnabled = true
      isCleanEJBStoreEnabled = true
      fbpkReadOnlyOverrideAllBeans = false
      allowCustomFinderSQLForUpdateALLBeans = false
      allowCustomFinderSQLForUpdateThisBean = false
      allowCustomFinderSQLForUpdateMethodLevel = false
      allowWAS390CustomFinderAtBeanLevel = false
      CF_METHOD_NAME_OFFSET = 0
      CF_METHOD_SIG_OFFSET = 1
      isTimedObject = false
      ivTimeoutMethod = null
      isLightweight = false
      ivActivationSpecJndiName = null
      ivActivationSpecAuthAlias = null
      ivMessageDestinationJndiName = null
      ivMessageListenerPortName = null
      ivMessagingTypeClassName = null
      ivApplicationVersionId = 50
      ivActivationConfig = null
      ivDeferEJBInitialization = true
      ivCluster = null
      ivBeanInjectionTargets = class com.ibm.wsspi.injectionengine.InjectionTarget[8]
      ivJavaColonCompEnvMap = class java.util.LinkedHashMap@38c71bdb
      wccm = null
      ivComponent_Id = null
      removeTxAttr = 0
      container = class com.ibm.ejs.container.EJSContainer@510d9fb7
      homeRecord = class com.ibm.ws.ejbcontainer.osgi.internal.HomeRecordImpl@7db8ce58
      accessIntentList = null
      isoLevelList = null
      ivCallbackKind = class com.ibm.ws.ejbcontainer.CallbackKind@1ba8ec65
      ivInterceptorMetaData = class com.ibm.ejs.container.interceptors.InterceptorMetaData@721abbeb
      ivInitMethodMap = null
      ivRoleLinkMap = null
      metadataComplete = false
      ivUseCallerIdentity = false
      ivRunAs = null
      ivEjbCreateMethod = null
      ivMetaDataDestroyRequired = true
      supportsFluffOnFind = false
      ivSingletonUsesBeanManagedConcurrency = false
      ivHasAsynchMethod = false
      ivAfterBegin = null
      ivBeforeCompletion = null
      ivAfterCompletion = null
      methodsExposedOnLocalInterface = null
      methodsExposedOnRemoteInterface = null
      methodsExposedOnLocalHomeInterface = null
      methodsExposedOnRemoteHomeInterface = null
      allPublicMethodsOnBean = null
      methodsToMethodInfos = null
      ivReferenceContext = class com.ibm.ws.injectionengine.osgi.internal.OSGiReferenceContextImpl@790e2789
      ivPassivatorFields = null
      ivIsNoMethodInterfaceMDB = false
      tc = class com.ibm.websphere.ras.TraceComponent@66188a81
      NUM_STATIC_SLOTS = 4
      ID_UNINITIALIZED = -1
      id = 51
      metaDataInterface = class java.lang.Class@1ab00244
      staticSlots = class java.lang.Object[4]
      dynamicSlots = null
    ejbMetaData = null
    environment = class java.util.Properties@5016c4fc
      serialVersionUID = 4112578634029874840
      defaults = null
      map = class java.util.concurrent.ConcurrentHashMap@32c16355
      hexDigit = {0123456789ABCDEF} /* array length = 16 */
      table = null
      count = 0
      threshold = 0
      loadFactor = 0.0
      modCount = 0
      serialVersionUID = 1421746759512286392
      MAX_ARRAY_SIZE = 2147483639
      keySet = null
      entrySet = null
      values = null
      KEYS = 0
      VALUES = 1
      ENTRIES = 2
    activationStrategy = class com.ibm.ejs.container.activator.UncachedActivationStrategy@2f24118
    pmiBean = null
    persister = null
    lockStrategy = class com.ibm.ejs.container.lock.LockStrategy@32189881
      EXCLUSIVE_LOCK_STRATEGY = class com.ibm.ejs.container.lock.ExclusiveLockStrategy@7187d615
      NULL_LOCK_STRATEGY = class com.ibm.ejs.container.lock.LockStrategy@32189881
    wrapperManager = class com.ibm.ejs.container.WrapperManager@3ec4d401
      tc = class com.ibm.websphere.ras.TraceComponent@52b29a73
      CLASS_NAME = "com.ibm.ejs.container.WrapperManager"
      wrapperCache = class com.ibm.ejs.util.cache.Cache@61c1c1e7
      container = class com.ibm.ejs.container.EJSContainer@510d9fb7
      beanIdCache = class com.ibm.ejs.container.BeanIdCache@571a0272
    enabled = true
    beanPool = class com.ibm.ws.ejbcontainer.util.PoolImplThreadSafe@30522690
    ivNumberBeansCreated = 0
    BEAN_POOL_WAIT_INTERVAL = 10000
    ivAIServiceEnabled = false
    defaultAIMethodInfo = class com.ibm.ws.ejbcontainer.osgi.internal.metadata.OSGiEJBMethodMetaDataImpl@1fb3a241
      runAs = null
      useCallerPrincipal = false
      useSystemPrincipal = false
      serialVersionUID = 6211349835382155010
      $$$tc$$$ = class com.ibm.websphere.ras.TraceComponent@7977c718
      tc = class com.ibm.websphere.ras.TraceComponent@7d55227b
      methodSignature = "__defaultAIMethodInfo__"
      jdiMethodSignature = "- NO JDI SIGNATURE AVAILABLE - "
      txAttr = class com.ibm.websphere.csi.TransactionAttribute@54c568ac
      asAttr = class com.ibm.websphere.csi.ActivitySessionAttribute@67ed0a91
      ivInterface = class com.ibm.websphere.csi.MethodInterface@6a722fa1
      methodName = "__defaultAIMethodInfo__NameOnly"
      isHome = false
      isStatefulSessionBean = false
      bmd = class com.ibm.ws.ejbcontainer.osgi.internal.metadata.OSGiBeanMetaData@71417862
      isStatelessSessionBean = true
      isSingletonSessionBean = false
      isHomeCreate = false
      isComponentRemove = false
      isolationAttr = 0
      readOnlyAttr = false
      isaCMP11CustomFinderWithForUpdateAI = false
      isaCMP11FBPK = false
      isLocal = false
      setClassLoader = false
      isCMRSetMethod = false
      isLightweight = false
      isLightweightTxCapable = false
      ivJPATaskName = null
      ivAroundInterceptors = null
      ivMethod = null
      ivNumberOfMethodParms = 0
      ivBridgeMethod = null
      ivSFSBRemove = false
      ivRetainIfException = false
      ivAccessTimeout = -1
      ivLockType = null
      ivAsynchMethod = false
      ivDeclaredExceptions = null
      ivDeclaredExceptionsComp = null
      ivDenyAll = false
      ivPermitAll = false
      ivRolesAllowed = null
      tc = class com.ibm.websphere.ras.TraceComponent@66188a81
      NUM_STATIC_SLOTS = 4
      ID_UNINITIALIZED = -1
      id = -1
      metaDataInterface = class java.lang.Class@635d149b
      staticSlots = class java.lang.Object[4]
      dynamicSlots = null
    CachedAI_NotInitialize = 0
    CachedAI_HasMethodLevelAI = 1
    CachedAI_HasNoMethodLevelAI = -1
    cachedHasMethodLevelAI = 0
    ivCachedBeanLevelAccessIntent = null
    cvUsePortableClass = true
    ivAllowEarlyInsert = false
    homeRecord = class com.ibm.ws.ejbcontainer.osgi.internal.HomeRecordImpl@7db8ce58
      systemHomeBindingName = null
      remoteBindingData = class com.ibm.ws.ejbcontainer.remote.internal.EJBRemoteRuntimeImpl$BindingData@61e0ec70
      serialVersionUID = -7648623497327828699
      $$$tc$$$ = class com.ibm.websphere.ras.TraceComponent@7b77e64e
      beanO = class com.ibm.ejs.container.CMStatelessBeanO@47370547
      homeInternal = class com.ibm.ejs.container.SessionHome@6d84973e
      bmd = class com.ibm.ws.ejbcontainer.osgi.internal.metadata.OSGiBeanMetaData@71417862
      ejbMmd = class com.ibm.ws.ejbcontainer.osgi.internal.metadata.OSGiEJBModuleMetaDataImpl@396bfd1b
      homeOfHomes = class com.ibm.ejs.container.HomeOfHomes@5f8bec2d
      j2eeName = class com.ibm.ws.container.service.metadata.internal.J2EENameImpl@6baaabca
      cmpVersion = 0
      connFactoryName = null
      ejbName = "TradeSLSBBean"
      classLoader = class com.ibm.ws.classloading.internal.AppClassLoader@3e8434be
      beanType = 3
      ivRemoteBindingsHelper = null
      ivLocalBindingsHelper = null
      ivJavaGlobalBindings = class java.util.ArrayList@6db734ba
      ivJavaAppBindings = class java.util.ArrayList@7f67aee8
      childBeans = class java.util.Hashtable@19824e18
      ivHasInheritance = false
      ivIsChild = false
      ivShortDefaultBindingsEnabled = null
    ivSingletonBeanO = null
    ivCreatingSingletonBeanO = false
    ivSingletonBeanOCreateFailed = false
    ivApplicationStarted = true
  pmiBean = null
  beanId = class com.ibm.ejs.container.BeanId@4bf540dc
    tc = class com.ibm.websphere.ras.TraceComponent@1d229fbc
      strings[0] = "TraceComponent[com.ibm.ejs.container.BeanId,class com.ibm.ejs.container.BeanId,[EJBContainer],com.ibm.ejs.container.container,null]"
    CLASS_NAME = "com.ibm.ejs.container.BeanId"
    _isHome = false
    pkey = null
    j2eeName = class com.ibm.ws.container.service.metadata.internal.J2EENameImpl@6baaabca
      serialVersionUID = 7488184044073147667
      application = "daytrader7"
      module = "daytrader-ee7-ejb.jar"
      component = "TradeSLSBBean"
      string = "daytrader7#daytrader-ee7-ejb.jar#TradeSLSBBean"
      j2eeNameBytes = {100,97,121,116,114,97,100,101,114,55,35,100,97,121,116,114,97,100,101,114,45,101,101,55,45,101,106,98,46,106,97,114,35,84,114,97,100,101,83,76,83,66,66,101,97,110} /* array length = 46 */
      $$$tc$$$ = class com.ibm.websphere.ras.TraceComponent@71946759
    byteArray = class com.ibm.ejs.container.util.ByteArray@30723a41
      beanId = class com.ibm.ejs.container.BeanId@4bf540dc
      CLASS_NAME = "com.ibm.ejs.container.util.ByteArray"
      data = {-84,-84,0,2,0,1,1,46,0,0,0,100,97,121,116,114,97,100,101,114,55,35,100,97,121,116,114,97,100,101,114,45,101,101,55,45,101,106,98,46,106,97,114,35,84,114,97,100,101,83,76,83,66,66,101,97,110} /* array length = 57 */
      hashcode = 3288708805392012788
      hashcode32 = -683937001
      HEX_CHARS = {0123456789abcdef} /* array length = 16 */
      initial_hash = -2223765811167872118
      mix_master = {4933139351476610159,5005341462544428057,-1453159914355205806,8281325462521708801,4607748714844293732,-3764111934339875086,8320409100192189548,8420247983362759768,-7597847052445934233,-3173910141822783079,-7688989699042292238,3429396389939155751,-5062430034552481777,-5823362867119656213,-8801844128422882523,-5052715516771863111,-870733797230659614,-362319592869525219,4788732200433335801,4548830613927191315,7544806401538812819,7586374831082653871,-1239807311421564983,-1025074758523306758,-6461364975704083531,4980358060886603154,4930714604177104463,2056556441885503234,6415600006540841207,5752606625249102471,-6901047628927138211,4380804002232388461,2136177531279569616,-349124148475530926,5812918152301571081,2653996859211630983,-8964669850071968930,-4437664257013106290,-4451793919529815848,-6106447162657623665,-2784513668583920662,-8414094705339005679,-2207660270505147217,6507182462343745303,3998020595653193692,-4905660070025874796,8975096142356144569,-5041136955134566960,6326461847893020390,-8334182183764239684,8556220744479549098,5952375207892112881,-7978188702101473111,3429112276528980994,-1988898937000646866,2486915316353720383,2757556857947252991,-8035426787455266998,-5909132100679174360,-6318099829270576077,3275413890805227550,8566783651680167794,-8052141503744051402,6010845682144071745,-8304400873715963628,-5908078436425678820,2008553160573808559,-2819166021021999412,5382424027072043613,4009717960598662055,1847990988848319135,1553736051808583315,859749159554435887,7617586268418296496,1137154929561829007,5852822296314685177,-4508192713666290713,-5301006392906118754,1288351301968457687,-8732661820775296997,3743401301997395901,-2419474111827280115,7681208082025123430,3296754401383622098,-7619743871140571789,-5444468319237031174,-1826393263972127734,7226290837104890605,-5114545287089190416,-864060354928875654,-8684023854450108313,-5194241922878987455,-4591192147793544772,1234006919577364415,-3936336625490884591,-6593724713396498301,2779431284120425192,6701924018397514024,-8377286492131653356,-3036688545137929654,3532479440175035477,-2486020288450892679,2250253404502830513,-2809438569251519750,4756054313855198704,1049792658466837024,6008045257375748577,-6694551306109829524,1436162486427990919,1953260999445835298,-9096306926072925342,-4447170959021479724,2281765276900129197,7018045439268088125,3530326859556441572,8928500367007969872,-7548504910768415306,8491174918848727063,2725427544642412950,-1846557650567198975,7692844570254237316,-2329275471928509258,-6598670108873750485,7286879004720242648,1262623724617059856,-244363932095942076,724052077250196479,7172078234317036693,6811892593491539548,-1152819477767237299,5138119163643488320,3665390357066136642,3191793013164901058,-3685846739734149158,3982065459219965474,4822562617140336199,-7365836214641480259,3271367842686489154,8724038983453203841,-5457652260866279808,-7732217390738789556,6693059324359418400,-1682134157496827727,2418769104580471956,8879551251272072751,-4997356740189703104,-9071099120143888272,-680892989853392074,1739587042988643069,3373404624189000959,5680319921195915068,-200507342791498747,-9024929211895825182,-5932255459591969881,6490413647370805508,-1547832658927226783,5735044581415517929,-7479951246403808438,5523990179621710356,218706823903385161,7226912064490112629,-6484667915835023296,3807960521479491588,-6480648837128221188,-4423332479301058453,-4129662350876414705,-3595141808378884930,-418947722213327333,-2844517618114579613,232829063699966274,8466137507511586716,-1118264937587278139,1543018742721807459,-417715424100470517,7978015287561484139,1544841464337700354,2730772503959541077,6769471625959199573,2547724611065914717,-1940936672524046959,5025251617293336350,7320004681537167149,-3912074961302627416,7320690559666328252,5383105008300071328,-174245335696147700,-3487002892556502424,-7875405188139200998,-4846224533375351692,-8233369710693908789,-2513185776770054861,7044164889131634069,-989536329366695740,-2653183515149969267,-6050910942263229355,-6767225479892761414,-8730286237691595927,-7012453055387909991,1133255728415756315,6499423626313885142,-8300437812355002225,9084539283118027484,-6585717722744514702,4401193149167703339,-6984141159414974299,6813307151674075053,-3736939605366610537,2230231106005033322,7182850806518785871,6609805295487548421,-6053556321550009287,-7101717864338141727,-2748614509684029005,-2214104135226745859,1458022522121146992,-6277575509698422280,-3752164500142762032,-7386173236844847452,72421085476613114,8124536607956790703,-543955773244899281,-8431654451114250658,1016600102774762451,5528967934420998822,-3124619278526463133,-2661902829300881246,4614101272245083638,7665806731349260979,-502154115469221375,-2229763030801674433,-5656627420725844516,7754751075884126842,-8397886589148919922,178266931321858041,-3426667875362162740,-894029959067713205,424720112276865871,3940003122762310991,6952877505786372216,-5316198582568905216,-3412595509278337916,4377191117302511558,5078204108498312433,-5686359500817622618,-5011364611249461122,-5411888686611253299,-3917988986397697302,3323582688409225420,-709625314233156680,4388451852439127499,5109473580125722386,-8350301363804656390,8883392537907563280,2983318135082155233,-4968080463103317282,959966860625488182} /* array length = 256 */
    home = class com.ibm.ejs.container.SessionHome@6d84973e
    activationStrategy = class com.ibm.ejs.container.activator.UncachedActivationStrategy@2f24118
      tc = class com.ibm.websphere.ras.TraceComponent@658d88e3
      CLASS_NAME = "com.ibm.ejs.container.activator.UncachedActivationStrategy"
      cache = class com.ibm.ejs.util.cache.Cache@28787947
      locks = class com.ibm.ejs.container.util.locking.LockTable@587d260e
      tc = class com.ibm.websphere.ras.TraceComponent@646729f9
      CLASS_NAME = "com.ibm.ejs.container.activator.ActivationStrategy"
    hashValue = 1466002932
    ivFailoverKey = null
    HOME_BEAN = 0
    STATELESS_BEAN = 1
    STATEFUL_BEAN = 2
    ENTITY_BEAN = 3
    MESSAGEDRIVEN_BEAN = 4
    SINGLETON_BEAN = 5
    USES_BEAN_MANAGED_TX = 16
    MODULE_VERSION_CAPABLE = 32
    TYPE_TO_TYPE_ID_MAP = {0,0,5,1,2,3,3,4} /* array length = 8 */
    SERIALIZED_PKEY = 0
    INTEGER_PKEY = 1
    STRING_PKEY = 3
    LONG_PKEY = 4
    BYTE_ARRAY_PKEY = 8
    BEAN_TYPE_LEN = 1
    J2EE_NAME_LEN = 4
    PKEY_TYPE_LEN = 1
    header = {-84,-84,0,2,0,1} /* array length = 6 */
    HEADER_LEN = 6
    svBAOSs = class java.io.ByteArrayOutputStream[50]
      ByteArrayOutputStream[0] = class java.io.ByteArrayOutputStream@5c3d4a1f
      ByteArrayOutputStream[1] = null
      ByteArrayOutputStream[2] = null
      ByteArrayOutputStream[3] = null
      ByteArrayOutputStream[4] = null
      ByteArrayOutputStream[5] = null
      ByteArrayOutputStream[6] = null
      ByteArrayOutputStream[7] = null
      ByteArrayOutputStream[8] = null
      ByteArrayOutputStream[9] = null
      ByteArrayOutputStream[10] = null
      ByteArrayOutputStream[11] = null
      ByteArrayOutputStream[12] = null
      ByteArrayOutputStream[13] = null
      ByteArrayOutputStream[14] = null
      ByteArrayOutputStream[15] = null
      ByteArrayOutputStream[16] = null
      ByteArrayOutputStream[17] = null
      ByteArrayOutputStream[18] = null
      ByteArrayOutputStream[19] = null
      ByteArrayOutputStream[20] = null
      ByteArrayOutputStream[21] = null
      ByteArrayOutputStream[22] = null
      ByteArrayOutputStream[23] = null
      ByteArrayOutputStream[24] = null
      ByteArrayOutputStream[25] = null
      ByteArrayOutputStream[26] = null
      ByteArrayOutputStream[27] = null
      ByteArrayOutputStream[28] = null
      ByteArrayOutputStream[29] = null
      ByteArrayOutputStream[30] = null
      ByteArrayOutputStream[31] = null
      ByteArrayOutputStream[32] = null
      ByteArrayOutputStream[33] = null
      ByteArrayOutputStream[34] = null
      ByteArrayOutputStream[35] = null
      ByteArrayOutputStream[36] = null
      ByteArrayOutputStream[37] = null
      ByteArrayOutputStream[38] = null
      ByteArrayOutputStream[39] = null
      ByteArrayOutputStream[40] = null
      ByteArrayOutputStream[41] = null
      ByteArrayOutputStream[42] = null
      ByteArrayOutputStream[43] = null
      ByteArrayOutputStream[44] = null
      ByteArrayOutputStream[45] = null
      ByteArrayOutputStream[46] = null
      ByteArrayOutputStream[47] = null
      ByteArrayOutputStream[48] = null
      ByteArrayOutputStream[49] = null
    svBAOSsSize = 1
  beanPool = class com.ibm.ws.ejbcontainer.util.PoolImplThreadSafe@30522690
    tc = class com.ibm.websphere.ras.TraceComponent@9e4f30b
      strings[0] = "TraceComponent[com.ibm.ws.ejbcontainer.util.PoolImplThreadSafe,class com.ibm.ws.ejbcontainer.util.PoolImplThreadSafe,[EJBContainer],null,null]"
    DrainAggressivenessPercentage = 20
    DISABLED_SIZE = class com.ibm.ws.ejbcontainer.util.PoolImplThreadSafe$SizeData@52cc4771
      minSize = 0
      maxSize = 0
      maxDrainAmount = 0
    poolSize = class com.ibm.ws.ejbcontainer.util.PoolImplThreadSafe$SizeData@1b380771
      minSize = 50
      maxSize = 500
      maxDrainAmount = 90
    buffer = class com.ibm.ws.util.LockFreeIndexedStack@7aaa576a
      top = class java.util.concurrent.atomic.AtomicReference@445b3f43
    discardStrategy = class com.ibm.ejs.container.SessionHome@6d84973e
    ivInactiveNoDrainCount = 0
    ivManaged = false
    beanPerf = null
    inactive = true
    poolMgr = class com.ibm.ws.ejbcontainer.util.PoolManagerImpl@5bed9809
      tc = class com.ibm.websphere.ras.TraceComponent@6c197b55
      pools = class java.util.ArrayList@7d9221b8
      poolArray = class com.ibm.ws.ejbcontainer.util.PoolImplBase[10]
      drainInterval = 30000
      ivScheduledFuture = class com.ibm.ws.threading.internal.SchedulingHelper@5ae9ddab
      ivScheduledExecutorService = class com.ibm.ws.threading.internal.ScheduledExecutorImpl@6b8328b5
      ivIsCanceled = false
      ivIsRunning = false
  connectionHandleList = null
  ivContainerTx = null
  ivActivationStrategy = null
  ivCacheKey = null

