------Start of DE processing------ = [25/05/18 09:46:28:996 CEST]
Exception = java.lang.NullPointerException
Source = com.ibm.ws.jpa.management.JPAPUnitInfo.createEMFactory
probeid = 773
Stack Dump = java.lang.NullPointerException
	at org.eclipse.persistence.internal.jpa.EntityManagerSetupImpl.predeploy(EntityManagerSetupImpl.java:2062)
	at org.eclipse.persistence.jpa.PersistenceProvider.createContainerEntityManagerFactoryImpl(PersistenceProvider.java:334)
	at org.eclipse.persistence.jpa.PersistenceProvider.createContainerEntityManagerFactory(PersistenceProvider.java:305)
	at com.ibm.ws.jpa.management.JPAPUnitInfo.createEMFactory(JPAPUnitInfo.java:910)
	at com.ibm.ws.jpa.management.JPAPUnitInfo.initialize(JPAPUnitInfo.java:762)
	at com.ibm.ws.jpa.management.JPAPxmlInfo.extractPersistenceUnits(JPAPxmlInfo.java:190)
	at com.ibm.ws.jpa.management.JPAScopeInfo.processPersistenceUnit(JPAScopeInfo.java:90)
	at com.ibm.ws.jpa.management.JPAApplInfo.addPersistenceUnits(JPAApplInfo.java:118)
	at com.ibm.ws.jpa.container.osgi.internal.JPAComponentImpl.processEJBModulePersistenceXml(JPAComponentImpl.java:527)
	at com.ibm.ws.jpa.container.osgi.internal.JPAComponentImpl.applicationStarting(JPAComponentImpl.java:264)
	at com.ibm.ws.container.service.state.internal.ApplicationStateManager.fireStarting(ApplicationStateManager.java:28)
	at com.ibm.ws.container.service.state.internal.StateChangeServiceImpl.fireApplicationStarting(StateChangeServiceImpl.java:50)
	at com.ibm.ws.app.manager.module.internal.DeployedAppInfoBase.preDeployApp(DeployedAppInfoBase.java:383)
	at com.ibm.ws.app.manager.module.internal.DeployedAppInfoBase.deployApp(DeployedAppInfoBase.java:412)
	at com.ibm.ws.app.manager.ear.internal.EARApplicationHandlerImpl.install(EARApplicationHandlerImpl.java:76)
	at com.ibm.ws.app.manager.internal.statemachine.StartAction.execute(StartAction.java:140)
	at com.ibm.ws.app.manager.internal.statemachine.ApplicationStateMachineImpl.enterState(ApplicationStateMachineImpl.java:1258)
	at com.ibm.ws.app.manager.internal.statemachine.ApplicationStateMachineImpl.run(ApplicationStateMachineImpl.java:873)
	at java.base/java.util.concurrent.ThreadPoolExecutor.runWorker(ThreadPoolExecutor.java:1135)
	at java.base/java.util.concurrent.ThreadPoolExecutor$Worker.run(ThreadPoolExecutor.java:635)
	at java.base/java.lang.Thread.run(Thread.java:844)

Dump of callerThis
Object type = com.ibm.ws.jpa.container.osgi.internal.OSGiJPAPUnitInfo
  tc = class com.ibm.websphere.ras.TraceComponent@d2ef3d5
    strings[0] = "TraceComponent[com.ibm.ws.jpa.container.osgi.internal.OSGiJPAPUnitInfo,class com.ibm.ws.jpa.container.osgi.internal.OSGiJPAPUnitInfo,[JPA],com.ibm.ws.jpa.jpa,null]"
  disableWsJpaUrlProcessing = false
  ECLIPSELINK_TARGET_SERVER = "WebSphere_Liberty"
  scopeInfo = class com.ibm.ws.jpa.management.JPAScopeInfo@387e9476
    tc = class com.ibm.websphere.ras.TraceComponent@2080efd8
      strings[0] = "TraceComponent[com.ibm.ws.jpa.management.JPAScopeInfo,class com.ibm.ws.jpa.management.JPAScopeInfo,[JPA],com.ibm.ws.jpa.jpa,null]"
    scopeName = "daytrader-ee7-ejb.jar"
    scope = class com.ibm.ws.jpa.management.JPAPuScope@270843f3
      EJB_Scope = class com.ibm.ws.jpa.management.JPAPuScope@270843f3
      Web_Scope = class com.ibm.ws.jpa.management.JPAPuScope@7590503d
      EAR_Scope = class com.ibm.ws.jpa.management.JPAPuScope@26f25547
      Client_Scope = class com.ibm.ws.jpa.management.JPAPuScope@64da1605
      $VALUES = class com.ibm.ws.jpa.management.JPAPuScope[4]
      name = "EJB_Scope"
      ordinal = 0
    pxmlsInfo = class java.util.HashMap@2f6c3a02
      serialVersionUID = 362498820763181265
      DEFAULT_INITIAL_CAPACITY = 16
      MAXIMUM_CAPACITY = 1073741824
      DEFAULT_LOAD_FACTOR = 0.75
      TREEIFY_THRESHOLD = 8
      UNTREEIFY_THRESHOLD = 6
      MIN_TREEIFY_CAPACITY = 64
      table = class java.util.HashMap$Node[16]
      entrySet = null
      size = 1
      modCount = 1
      threshold = 12
      loadFactor = 0.75
      keySet = null
      values = null
  serialVersionUID = -898488667409903028
  CLASS_NAME = "com.ibm.ws.jpa.management.JPAPUnitInfo"
  tc = class com.ibm.websphere.ras.TraceComponent@3494f720
    strings[0] = "TraceComponent[com.ibm.ws.jpa.management.JPAPUnitInfo,class com.ibm.ws.jpa.management.JPAPUnitInfo,[JPA],com.ibm.ws.jpa.jpa,null]"
  tcTransformer = class com.ibm.websphere.ras.TraceComponent@65108d1
    strings[0] = "TraceComponent[com.ibm.ws.jpa.management.JPAPUnitInfo_Transformer,class com.ibm.ws.jpa.management.JPAPUnitInfo,[JPA.Transformer],com.ibm.ws.jpa.jpa,null]"
  svThreadContextAccessor = class com.ibm.ws.util.ThreadContextAccessor$ThreadContextAccessorImpl@6a749d50
    tc = class com.ibm.ejs.ras.TraceComponent@1cef9c43
      strings[0] = "TraceComponent[com.ibm.ws.util.ThreadContextAccessor,class com.ibm.ws.util.ThreadContextAccessor,[Runtime],null,null]"
    PRINT_STACK_ON_SET_CTX_CLASSLOADER = false
    PRIVILEGED_ACTION = class com.ibm.ws.util.ThreadContextAccessor$1@4ceaa965
    UNCHANGED = class com.ibm.ws.util.ThreadContextAccessor$Unchanged@471775aa
    threadContextAccessor = class com.ibm.ws.util.ThreadContextAccessor$ThreadContextAccessorImpl@6a749d50
  ivApplInfo = class com.ibm.ws.jpa.container.osgi.internal.OSGiJPAApplInfo@2665694c
    appInfo = class com.ibm.ws.container.service.app.deploy.internal.EARApplicationInfoImpl@6bae4ca3
      libDirContainer = null
      appClassLoaderFactory = class com.ibm.ws.app.manager.ear.internal.EARDeployedAppInfo@1711971a
      appClassLoader = class com.ibm.ws.classloading.internal.AppClassLoader@616c59c2
      serialVersionUID = -7525304702689458111
      $$$tc$$$ = class com.ibm.websphere.ras.TraceComponent@6acac3c8
      appName = "daytrader-ee7"
      appMetaData = class com.ibm.ws.container.service.app.deploy.internal.ApplicationMetaDataImpl@18e96d05
      appContainer = class com.ibm.ws.adaptable.module.internal.InterpretedContainerImpl@673464b3
      configHelper = class com.ibm.ws.app.manager.module.ApplicationNestedConfigHelper@2a5eb1b1
      serialVersionUID = 7091777744534637201
      $$$tc$$$ = class com.ibm.websphere.ras.TraceComponent@51b2091b
    serialVersionUID = 5461051190698959560
    $$$tc$$$ = class com.ibm.websphere.ras.TraceComponent@71bd0f28
      strings[0] = "TraceComponent[com.ibm.ws.jpa.container.osgi.internal.OSGiJPAApplInfo,class com.ibm.ws.jpa.container.osgi.internal.OSGiJPAApplInfo,[JPA],com.ibm.ws.jpa.jpa,null]"
    tc = class com.ibm.websphere.ras.TraceComponent@29a80df8
      strings[0] = "TraceComponent[com.ibm.ws.jpa.management.JPAApplInfo,class com.ibm.ws.jpa.management.JPAApplInfo,[JPA],com.ibm.ws.jpa.jpa,null]"
    ivJPAComponent = class com.ibm.ws.jpa.container.osgi.internal.JPAComponentImpl@643acdf9
      tc = class com.ibm.websphere.ras.TraceComponent@6b15254
      REFERENCE_JPA_RUNTIME = "jpaRuntime"
      REFERENCE_TRANSACTION_MANAGER = "transactionManager"
      REFERENCE_CONTEXT_ACCESSOR = "contextAccessor"
      REFERENCE_RESOURCE_BINDING_LISTENERS = "resourceBindingListeners"
      REFERENCE_JPA_PROVIDER = "jpaProvider"
      REFERENCE_JPA_PROPS_PROVIDER = "jpaPropsProvider"
      REFERENCE_APP_COORD = "appCoord"
      context = class org.apache.felix.scr.impl.manager.ComponentContextImpl@5224b27e
      props = class org.apache.felix.scr.impl.helper.ReadOnlyDictionary@52f0cd99
      server = true
      stuckApps = class java.util.concurrent.ConcurrentSkipListSet@3c31b9c7
      jpaRuntime = class com.ibm.wsspi.kernel.service.utils.AtomicServiceReference@6abbd168
      ivTransactionManagerSR = class com.ibm.wsspi.kernel.service.utils.AtomicServiceReference@1dfb3903
      ivContextAccessorSR = class com.ibm.wsspi.kernel.service.utils.AtomicServiceReference@49b3a320
      resourceBindingListeners = class com.ibm.wsspi.kernel.service.utils.ConcurrentServiceReferenceSet@787dc450
      providerIntegrationSR = class com.ibm.wsspi.kernel.service.utils.AtomicServiceReference@4c797aa6
      propProviderSRs = class com.ibm.wsspi.kernel.service.utils.ConcurrentServiceReferenceSet@88e710b
      serialVersionUID = -3226899747348775356
      tc = class com.ibm.websphere.ras.TraceComponent@5e9c7343
      applList = class java.util.Collections$SynchronizedMap@5c707999
      ivCallBackHandler = class com.ibm.ws.jpa.management.JPAUserTxCallBackHandler@4a396903
      ivTxCallbackRegistered = false
    applName = "daytrader7"
    puScopes = class java.util.HashMap@1d5b8e16
      serialVersionUID = 362498820763181265
      DEFAULT_INITIAL_CAPACITY = 16
      MAXIMUM_CAPACITY = 1073741824
      DEFAULT_LOAD_FACTOR = 0.75
      TREEIFY_THRESHOLD = 8
      UNTREEIFY_THRESHOLD = 6
      MIN_TREEIFY_CAPACITY = 64
      table = class java.util.HashMap$Node[16]
      entrySet = null
      size = 1
      modCount = 1
      threshold = 12
      loadFactor = 0.75
      keySet = null
      values = null
  ivArchivePuId = class com.ibm.ws.jpa.JPAPuId@390f318b
    serialVersionUID = 662612505904938066
    ivAppName = "daytrader7"
    ivModJarName = "daytrader-ee7-ejb.jar"
    ivPuName = "daytrader"
    ivCurHashCode = -2134213848
  ivTxType = class javax.persistence.spi.PersistenceUnitTransactionType@cfd7599
    JTA = class javax.persistence.spi.PersistenceUnitTransactionType@cfd7599
    RESOURCE_LOCAL = class javax.persistence.spi.PersistenceUnitTransactionType@15329327
      JTA = class javax.persistence.spi.PersistenceUnitTransactionType@cfd7599
      RESOURCE_LOCAL = class javax.persistence.spi.PersistenceUnitTransactionType@15329327
      ENUM$VALUES = class javax.persistence.spi.PersistenceUnitTransactionType[2]
      name = "RESOURCE_LOCAL"
      ordinal = 1
    ENUM$VALUES = class javax.persistence.spi.PersistenceUnitTransactionType[2]
      PersistenceUnitTransactionType[0] = class javax.persistence.spi.PersistenceUnitTransactionType@cfd7599
      PersistenceUnitTransactionType[1] = class javax.persistence.spi.PersistenceUnitTransactionType@15329327
    name = "JTA"
    ordinal = 0
  ivDesc = ""
  ivProviderClassName = "org.eclipse.persistence.jpa.PersistenceProvider"
  ivJtaDataSource = class com.ibm.ws.rsadapter.jdbc.WSJdbcDataSource@42ade74b
    strings[0] = "_______________________________________________________________________"
    strings[1] = ""
    strings[2] = "    First Failure Data Capture information for"
    strings[3] = "          com.ibm.ws.rsadapter.jdbc.WSJdbcDataSource@42ade74b"
    strings[4] = "_______________________________________________________________________"
    strings[5] = ""
    strings[6] = "ResourceRefInfo:"
    strings[7] = "  
[Resource-ref CMConfigData key items]

	res-sharing-scope:        0 (SHAREABLE)
	res-isolation-level:      0 (TRANSACTION_NONE)
	res-auth:                 1 (APPLICATION)
	commitPriority            0
	branchCoupling            -1
	loginConfigurationName:   null
	loginConfigProperties:    null
	Resource ref name:        not set
	Queue manager id:        not set

"
    strings[8] = "Connection Manager:"
    strings[9] = "  [ConnectionManager]@58605396
JNDI Name <jdbc/TradeDataSource>
shareable <true>

"
    strings[10] = "_______________________________________________________________________"
    strings[11] = ""
    strings[12] = "    First Failure Data Capture information for"
    strings[13] = "          com.ibm.ws.rsadapter.impl.WSManagedConnectionFactoryImpl@2c248911"
    strings[14] = "_______________________________________________________________________"
    strings[15] = ""
    strings[16] = "com.ibm.ws.rsadapter.DSConfig@101ba0f8"
    strings[17] = "[beginTranForResultSetScrollingAPIs, true, beginTranForVendorAPIs, true, commitOrRollbackOnCleanup, null, connectionSharing, MatchOriginalRequest, isolationLevel, 2, jndiName, jdbc/TradeDataSource, enableConnectionCasting, false, queryTimeout, null, statementCacheSize, 60, supplementalJDBCTrace, null, syncQueryTimeoutWithTransactionTimeout, false, transactional, true]"
    strings[18] = "{createDatabase=create, password=******, databaseName=C:/Users/glenn/Documents/Kubernetes/Development/sample.daytrader7-master/daytrader-ee7-wlpcfg/shared/resources//data/tradedb, user=db_username}"
    strings[19] = "DataSource Implementation Class:"
    strings[20] = "  class org.apache.derby.jdbc.EmbeddedXADataSource40
"
    strings[21] = "DataSource interface:"
    strings[22] = "  interface javax.sql.XADataSource
"
    strings[23] = "Underlying DataSource Object: org.apache.derby.jdbc.EmbeddedXADataSource40@7d2e5323"
    strings[24] = "  org.apache.derby.jdbc.EmbeddedXADataSource40@7d2e5323
"
    strings[25] = "Instance id:"
    strings[26] = "  1
"
    strings[27] = "Log Writer:"
    strings[28] = "  null
"
    strings[29] = "Counter of fatal connection errors on ManagedConnections created by this MCF:"
    strings[30] = "  0
"
  ivNonJtaDataSource = null
  ivMappingFileNames = class java.util.ArrayList@4f0fc95b
    serialVersionUID = 8683452581122892189
    DEFAULT_CAPACITY = 10
    EMPTY_ELEMENTDATA = class java.lang.Object[0]
    DEFAULTCAPACITY_EMPTY_ELEMENTDATA = class java.lang.Object[0]
    elementData = class java.lang.Object[0]
    size = 0
    MAX_ARRAY_SIZE = 2147483639
    modCount = 1
    MAX_ARRAY_SIZE = 2147483639
  ivJarFileURLs = class java.util.ArrayList@f4c3a58
    serialVersionUID = 8683452581122892189
    DEFAULT_CAPACITY = 10
    EMPTY_ELEMENTDATA = class java.lang.Object[0]
    DEFAULTCAPACITY_EMPTY_ELEMENTDATA = class java.lang.Object[0]
    elementData = class java.lang.Object[0]
    size = 0
    MAX_ARRAY_SIZE = 2147483639
    modCount = 1
    MAX_ARRAY_SIZE = 2147483639
  ivManagedClassNames = class java.util.ArrayList@687ad795
    serialVersionUID = 8683452581122892189
    DEFAULT_CAPACITY = 10
    EMPTY_ELEMENTDATA = class java.lang.Object[0]
    DEFAULTCAPACITY_EMPTY_ELEMENTDATA = class java.lang.Object[0]
    elementData = class java.lang.Object[10]
      Object[0] = "com.ibm.websphere.samples.daytrader.entities.AccountDataBean"
      Object[1] = "com.ibm.websphere.samples.daytrader.entities.AccountProfileDataBean"
      Object[2] = "com.ibm.websphere.samples.daytrader.entities.HoldingDataBean"
      Object[3] = "com.ibm.websphere.samples.daytrader.entities.OrderDataBean"
      Object[4] = "com.ibm.websphere.samples.daytrader.entities.QuoteDataBean"
      Object[5] = null
      Object[6] = null
      Object[7] = null
      Object[8] = null
      Object[9] = null
    size = 5
    MAX_ARRAY_SIZE = 2147483639
    modCount = 6
    MAX_ARRAY_SIZE = 2147483639
  ivExcludeUnlistedClasses = true
  ivProperties = class java.util.Properties@45c0f26e
    serialVersionUID = 4112578634029874840
    defaults = null
    map = class java.util.concurrent.ConcurrentHashMap@164975d6
      serialVersionUID = 7249069246763182397
      MAXIMUM_CAPACITY = 1073741824
      DEFAULT_CAPACITY = 16
      MAX_ARRAY_SIZE = 2147483639
      DEFAULT_CONCURRENCY_LEVEL = 16
      LOAD_FACTOR = 0.75
      TREEIFY_THRESHOLD = 8
      UNTREEIFY_THRESHOLD = 6
      MIN_TREEIFY_CAPACITY = 64
      MIN_TRANSFER_STRIDE = 16
      RESIZE_STAMP_BITS = 16
      MAX_RESIZERS = 65535
      RESIZE_STAMP_SHIFT = 16
      MOVED = -1
      TREEBIN = -2
      RESERVED = -3
      HASH_BITS = 2147483647
      NCPU = 4
      serialPersistentFields = class java.io.ObjectStreamField[3]
      table = null
      nextTable = null
      baseCount = 0
      sizeCtl = 16
      transferIndex = 0
      cellsBusy = 0
      counterCells = null
      keySet = null
      values = null
      entrySet = null
      U = class jdk.internal.misc.Unsafe@4490e238
      SIZECTL = 20
      TRANSFERINDEX = 32
      BASECOUNT = 24
      CELLSBUSY = 36
      CELLVALUE = 144
      ABASE = 16
      ASHIFT = 2
      keySet = null
      values = null
    hexDigit = {0123456789ABCDEF} /* array length = 16 */
    table = null
    count = 0
    threshold = 0
    loadFactor = 0.0
    modCount = 0
    serialVersionUID = 1421746759512286392
    MAX_ARRAY_SIZE = 2147483639
    keySet = null
    entrySet = null
    values = null
    KEYS = 0
    VALUES = 1
    ENTRIES = 2
  ivJtaDataSourceJNDIName = "jdbc/TradeDataSource"
  ivNonJtaDataSourceJNDIName = null
  ivPUnitRootURL = class java.net.URL@7434ae9c
    BUILTIN_HANDLERS_PREFIX = "sun.net.www.protocol"
    serialVersionUID = -7627629688361524110
    protocolPathProp = "java.protocol.handler.pkgs"
    protocol = "wsjpa"
    host = ""
    port = -1
    file = "wsjar:file:/C:/Users/glenn/Documents/Kubernetes/Development/sample.daytrader7-master/daytrader-ee7-wlpcfg/servers/daytrader7Sample/workarea/org.eclipse.osgi/58/data/cache/com.ibm.ws.app.manager_46/.cache/daytrader-ee7-ejb.jar%21/"
    query = null
    authority = null
    path = "wsjar:file:/C:/Users/glenn/Documents/Kubernetes/Development/sample.daytrader7-master/daytrader-ee7-wlpcfg/servers/daytrader7Sample/workarea/org.eclipse.osgi/58/data/cache/com.ibm.ws.app.manager_46/.cache/daytrader-ee7-ejb.jar%21/"
    userInfo = null
    ref = null
    hostAddress = null
    handler = class org.eclipse.osgi.internal.url.URLStreamHandlerProxy@8f762c0
      realHandlerService = class com.ibm.ws.jpa.container.osgi.internal.url.JPAURLStreamHandler@ff12ca8
      urlSetter = class org.eclipse.osgi.internal.url.URLStreamHandlerSetter@e54a9a4
      urlStreamHandlerServiceTracker = class org.osgi.util.tracker.ServiceTracker@37f4e375
      context = class org.eclipse.osgi.internal.framework.BundleContextImpl@2c177f9e
      urlStreamServiceReference = class org.eclipse.osgi.internal.serviceregistry.ServiceReferenceImpl@6300728f
      protocol = "wsjpa"
      ranking = 0
    hashCode = -1
    tempState = null
    factory = class org.eclipse.osgi.internal.url.URLStreamHandlerFactoryImpl@4685e5f6
      URLSTREAMHANDLERCLASS = "org.osgi.service.url.URLStreamHandlerService"
      PROTOCOL_HANDLER_PKGS = "java.protocol.handler.pkgs"
      PROTOCOL_REFERENCE = "reference"
      secureAction = class org.eclipse.osgi.framework.util.SecureAction@40b50e6d
      handlerTracker = class org.osgi.util.tracker.ServiceTracker@1ec06bed
      ignoredClasses = class java.util.Arrays$ArrayList@45a0c027
      proxies = class java.util.Hashtable@330a3c22
      parentFactory = null
      creatingProtocols = class java.lang.ThreadLocal@5b248a48
      setAccessible = class java.net.SetAccessible/910123336@46261dc2
      container = class org.eclipse.osgi.internal.framework.EquinoxContainer@5445cd9
      context = class org.eclipse.osgi.internal.framework.BundleContextImpl@2c177f9e
      factories = null
      internalSecurityManager = class org.eclipse.osgi.internal.url.MultiplexingFactory$InternalSecurityManager@674d9b7f
    defaultFactory = class java.net.URL$DefaultFactory@4e2b20ba
      PREFIX = "sun.net.www.protocol"
    gate = class java.lang.ThreadLocal@e74c5d4
      threadLocalHashCode = 1640531527
      nextHashCode = class java.util.concurrent.atomic.AtomicInteger@79679797
      HASH_INCREMENT = 1640531527
    handlers = class java.util.Hashtable@3da657b8
      table = class java.util.Hashtable$Entry[11]
      count = 8
      threshold = 8
      loadFactor = 0.75
      modCount = 12
      serialVersionUID = 1421746759512286392
      MAX_ARRAY_SIZE = 2147483639
      keySet = null
      entrySet = null
      values = null
      KEYS = 0
      VALUES = 1
      ENTRIES = 2
    streamHandlerLock = class java.lang.Object@5465bfaf
    serialPersistentFields = class java.io.ObjectStreamField[7]
      ObjectStreamField[0] = class java.io.ObjectStreamField@1f084302
      ObjectStreamField[1] = class java.io.ObjectStreamField@33dccc9b
      ObjectStreamField[2] = class java.io.ObjectStreamField@427357a4
      ObjectStreamField[3] = class java.io.ObjectStreamField@696bfe3e
      ObjectStreamField[4] = class java.io.ObjectStreamField@3426a042
      ObjectStreamField[5] = class java.io.ObjectStreamField@61cb1a49
      ObjectStreamField[6] = class java.io.ObjectStreamField@39ddbfa3
  ivClassLoader = class com.ibm.ws.classloading.internal.AppClassLoader@616c59c2
    tc = class com.ibm.websphere.ras.TraceComponent@3db0c890
      strings[0] = "TraceComponent[com.ibm.ws.classloading.internal.AppClassLoader,class com.ibm.ws.classloading.internal.AppClassLoader,[ClassLoadingService],com.ibm.ws.classloading.internal.resources.ClassLoadingServiceMessages,null]"
    PARENT_FIRST_SEARCH_ORDER = class java.util.Collections$UnmodifiableRandomAccessList@fc8caa5
      serialVersionUID = -2542308836966382001
      serialVersionUID = -283967356065247728
      list = class java.util.Arrays$ArrayList@14994650
      serialVersionUID = 1820017752578914078
      c = class java.util.Arrays$ArrayList@14994650
    CLASS_LOADING_TRACE_PREFIX = "com.ibm.ws.class.load."
    DEFAULT_PACKAGE = "default.package"
    perPackageClassLoadingTraceComponents = class java.util.concurrent.ConcurrentHashMap@5abe21ba
      serialVersionUID = 7249069246763182397
      MAXIMUM_CAPACITY = 1073741824
      DEFAULT_CAPACITY = 16
      MAX_ARRAY_SIZE = 2147483639
      DEFAULT_CONCURRENCY_LEVEL = 16
      LOAD_FACTOR = 0.75
      TREEIFY_THRESHOLD = 8
      UNTREEIFY_THRESHOLD = 6
      MIN_TREEIFY_CAPACITY = 64
      MIN_TRANSFER_STRIDE = 16
      RESIZE_STAMP_BITS = 16
      MAX_RESIZERS = 65535
      RESIZE_STAMP_SHIFT = 16
      MOVED = -1
      TREEBIN = -2
      RESERVED = -3
      HASH_BITS = 2147483647
      NCPU = 4
      serialPersistentFields = class java.io.ObjectStreamField[3]
      table = null
      nextTable = null
      baseCount = 0
      sizeCtl = 0
      transferIndex = 0
      cellsBusy = 0
      counterCells = null
      keySet = null
      values = null
      entrySet = null
      U = class jdk.internal.misc.Unsafe@4490e238
      SIZECTL = 20
      TRANSFERINDEX = 32
      BASECOUNT = 24
      CELLSBUSY = 36
      CELLVALUE = 144
      ABASE = 16
      ASHIFT = 2
      keySet = null
      values = null
    config = class com.ibm.ws.classloading.internal.ClassLoaderConfigurationImpl@78418fe
      DEFAULT_PROTECTION_DOMAIN = class java.security.ProtectionDomain@6e7aedd3
      delegateLast = false
      includeAppExtensions = false
      id = class com.ibm.ws.classloading.serializable.ClassLoaderIdentityImpl@49ffd651
      parentId = null
      sharedLibraries = class java.util.ArrayList@42e22a72
      commonLibraries = class java.util.Collections$EmptyList@7cf71fd7
      providers = class java.util.Collections$EmptyList@7cf71fd7
      nativeLibraryContainers = class java.util.ArrayList@7bc735a1
      protectionDomain = class java.security.ProtectionDomain@426a5b7f
      serialVersionUID = 9091690180200375339
      $$$tc$$$ = class com.ibm.websphere.ras.TraceComponent@1a7fe988
    privateLibraries = null
    delegateLoaders = class com.ibm.ws.classloading.internal.util.CompositeIterable@4bfae0f3
      iterables = class java.util.Arrays$ArrayList@54533e8a
      serialVersionUID = -1227195994638150837
      $$$tc$$$ = class com.ibm.websphere.ras.TraceComponent@3e9185c0
    nativeLibraryFiles = class java.util.ArrayList@22e96cb
      serialVersionUID = 8683452581122892189
      DEFAULT_CAPACITY = 10
      EMPTY_ELEMENTDATA = class java.lang.Object[0]
      DEFAULTCAPACITY_EMPTY_ELEMENTDATA = class java.lang.Object[0]
      elementData = class java.lang.Object[0]
      size = 0
      MAX_ARRAY_SIZE = 2147483639
      modCount = 0
      MAX_ARRAY_SIZE = 2147483639
    transformers = class java.util.ArrayList@29b6d4c5
      serialVersionUID = 8683452581122892189
      DEFAULT_CAPACITY = 10
      EMPTY_ELEMENTDATA = class java.lang.Object[0]
      DEFAULTCAPACITY_EMPTY_ELEMENTDATA = class java.lang.Object[0]
      elementData = class java.lang.Object[10]
      size = 1
      MAX_ARRAY_SIZE = 2147483639
      modCount = 1
      MAX_ARRAY_SIZE = 2147483639
    apiAccess = class com.ibm.ws.classloading.internal.GatewayClassLoader@31247360
      config = class com.ibm.ws.classloading.internal.GatewayConfigurationImpl@4d9286a8
      wiringMonitor = class com.ibm.ws.classloading.internal.GatewayClassLoader$1@36efa038
      bundle = class org.eclipse.osgi.internal.framework.EquinoxBundle@3a88ad7b
      wiring = class org.eclipse.osgi.container.ModuleWiring@698cabcd
      bundleLoader = class org.eclipse.osgi.internal.loader.EquinoxClassLoader@687cb68e
      resourceProviders = class com.ibm.ws.classloading.internal.CompositeResourceProvider@3102daef
      serialVersionUID = -4256474098847905153
      $$$tc$$$ = class com.ibm.websphere.ras.TraceComponent@78bc17cc
      parent = class jdk.internal.loader.ClassLoaders$AppClassLoader@7591083d
      name = null
      unnamedModule = class java.lang.Module@7aa74297
      parallelLockMap = null
      package2certs = class java.util.Hashtable@76f94ccd
      nocerts = class java.security.cert.Certificate[0]
      classes = class java.util.Vector@7bbc4c5a
      defaultDomain = class java.security.ProtectionDomain@5cce2460
      packages = class java.util.concurrent.ConcurrentHashMap@1cbd6694
      scl = class jdk.internal.loader.ClassLoaders$AppClassLoader@7591083d
      usr_paths = class java.lang.String[35]
      sys_paths = class java.lang.String[1]
      loadedLibraryNames = class java.util.HashSet@43865524
      systemNativeLibraries = class java.util.concurrent.ConcurrentHashMap@790e9cf0
      nativeLibraries = null
      assertionLock = class com.ibm.ws.classloading.internal.GatewayClassLoader@31247360
      defaultAssertionStatus = false
      packageAssertionStatus = null
      classAssertionStatus = null
      classLoaderValueMap = null
      $assertionsDisabled = true
    generator = class com.ibm.ws.classloading.internal.ClassGeneratorManager@ed27ae5
      tc = class com.ibm.websphere.ras.TraceComponent@4a73b1b7
      generatorRefs = class com.ibm.wsspi.kernel.service.utils.ConcurrentServiceReferenceSet@6592862b
      serialVersionUID = 4152663586056483310
    protectionDomains = class java.util.concurrent.ConcurrentHashMap@12b3feb4
      serialVersionUID = 7249069246763182397
      MAXIMUM_CAPACITY = 1073741824
      DEFAULT_CAPACITY = 16
      MAX_ARRAY_SIZE = 2147483639
      DEFAULT_CONCURRENCY_LEVEL = 16
      LOAD_FACTOR = 0.75
      TREEIFY_THRESHOLD = 8
      UNTREEIFY_THRESHOLD = 6
      MIN_TREEIFY_CAPACITY = 64
      MIN_TRANSFER_STRIDE = 16
      RESIZE_STAMP_BITS = 16
      MAX_RESIZERS = 65535
      RESIZE_STAMP_SHIFT = 16
      MOVED = -1
      TREEBIN = -2
      RESERVED = -3
      HASH_BITS = 2147483647
      NCPU = 4
      serialPersistentFields = class java.io.ObjectStreamField[3]
      table = null
      nextTable = null
      baseCount = 0
      sizeCtl = 0
      transferIndex = 0
      cellsBusy = 0
      counterCells = null
      keySet = null
      values = null
      entrySet = null
      U = class jdk.internal.misc.Unsafe@4490e238
      SIZECTL = 20
      TRANSFERINDEX = 32
      BASECOUNT = 24
      CELLSBUSY = 36
      CELLVALUE = 144
      ABASE = 16
      ASHIFT = 2
      keySet = null
      values = null
    parent = class com.ibm.ws.classloading.internal.GatewayClassLoader@31247360
    serialVersionUID = 952643806680066297
    tc = class com.ibm.websphere.ras.TraceComponent@19cb7d0c
      strings[0] = "TraceComponent[com.ibm.ws.classloading.internal.ContainerClassLoader,class com.ibm.ws.classloading.internal.ContainerClassLoader,[ClassLoadingService],com.ibm.ws.classloading.internal.resources.ClassLoadingServiceMessages,null]"
    EMPTY_URL_ARRAY = class java.net.URL[0]
    smartClassPath = class com.ibm.ws.classloading.internal.ContainerClassLoader$SmartClassPathImpl@645dbae7
      rwLock = class java.util.concurrent.locks.ReentrantReadWriteLock@4e201ab4
      outstandingContainers = class java.util.concurrent.atomic.AtomicInteger@5edfa74e
      usePackageMap = true
      maxLastNotFound = 250
      maxLastFound = 900
      maxLastReallyNotFound = 900
      propsInUse = false
      classPath = class java.util.concurrent.CopyOnWriteArrayList@3e2b2210
      MAX_LASTNOTFOUND = 250
      lastNotFound = class java.util.concurrent.CopyOnWriteArrayList@4f794820
      MAX_LASTFOUND = 900
      lastFoundURL = class java.util.Collections$SynchronizedMap@1420ec1
      MAX_LASTREALLYNOTFOUND = 900
      lastReallyNotFoundURL = class java.util.Collections$SynchronizedMap@22842c70
      packageMap = class java.util.HashMap@4558a192
      containers = class java.util.Collections$SetFromMap@40e5d951
      serialVersionUID = -1017399707774944722
      $$$tc$$$ = class com.ibm.websphere.ras.TraceComponent@64777184
    nativeLibraryContainers = class java.util.ArrayList@7bd24a55
      serialVersionUID = 8683452581122892189
      DEFAULT_CAPACITY = 10
      EMPTY_ELEMENTDATA = class java.lang.Object[0]
      DEFAULTCAPACITY_EMPTY_ELEMENTDATA = class java.lang.Object[0]
      elementData = class java.lang.Object[0]
      size = 0
      MAX_ARRAY_SIZE = 2147483639
      modCount = 0
      MAX_ARRAY_SIZE = 2147483639
    redefiner = class com.ibm.ws.classloading.internal.util.ClassRedefiner@664a1298
      tc = class com.ibm.websphere.ras.TraceComponent@4fa23e6d
      LS = "
"
      inst = class com.ibm.ws.kernel.launch.internal.TraceInstrumentation@3959883f
      serialVersionUID = 2420101865139508526
    mapCreationQueue = class java.util.concurrent.Executors$FinalizableDelegatedExecutorService@6b0116bb
      e = class java.util.concurrent.ThreadPoolExecutor@5140f38a
      $assertionsDisabled = true
    serialVersionUID = 7249739282446266343
    serialVersionUID = -7411549862368381758
    $$$tc$$$ = class com.ibm.websphere.ras.TraceComponent@1e4497f3
      strings[0] = "TraceComponent[com.ibm.ws.classloading.internal.IdentifiedLoader,class com.ibm.ws.classloading.internal.IdentifiedLoader,[ClassLoadingService],com.ibm.ws.classloading.internal.resources.ClassLoadingServiceMessages,null]"
    serialVersionUID = -4868702105808481416
    $$$tc$$$ = class com.ibm.websphere.ras.TraceComponent@7ebda6cc
      strings[0] = "TraceComponent[com.ibm.ws.classloading.internal.LibertyLoader,class com.ibm.ws.classloading.internal.LibertyLoader,[ClassLoadingService],com.ibm.ws.classloading.internal.resources.ClassLoadingServiceMessages,null]"
    serialVersionUID = 2596921220292114344
    $$$tc$$$ = class com.ibm.websphere.ras.TraceComponent@2bc7376c
      strings[0] = "TraceComponent[com.ibm.ws.classloading.LibertyClassLoader,class com.ibm.ws.classloading.LibertyClassLoader,[ClassLoadingService],com.ibm.ws.classloading.internal.resources.ClassLoadingServiceMessages,null]"
    initialized = true
    pdcache = class java.util.concurrent.ConcurrentHashMap@628203be
      serialVersionUID = 7249069246763182397
      MAXIMUM_CAPACITY = 1073741824
      DEFAULT_CAPACITY = 16
      MAX_ARRAY_SIZE = 2147483639
      DEFAULT_CONCURRENCY_LEVEL = 16
      LOAD_FACTOR = 0.75
      TREEIFY_THRESHOLD = 8
      UNTREEIFY_THRESHOLD = 6
      MIN_TREEIFY_CAPACITY = 64
      MIN_TRANSFER_STRIDE = 16
      RESIZE_STAMP_BITS = 16
      MAX_RESIZERS = 65535
      RESIZE_STAMP_SHIFT = 16
      MOVED = -1
      TREEBIN = -2
      RESERVED = -3
      HASH_BITS = 2147483647
      NCPU = 4
      serialPersistentFields = class java.io.ObjectStreamField[3]
      table = null
      nextTable = null
      baseCount = 0
      sizeCtl = 32
      transferIndex = 0
      cellsBusy = 0
      counterCells = null
      keySet = null
      values = null
      entrySet = null
      U = class jdk.internal.misc.Unsafe@4490e238
      SIZECTL = 20
      TRANSFERINDEX = 32
      BASECOUNT = 24
      CELLSBUSY = 36
      CELLVALUE = 144
      ABASE = 16
      ASHIFT = 2
      keySet = null
      values = null
    parent = class com.ibm.ws.classloading.internal.GatewayClassLoader@31247360
    name = null
    unnamedModule = class java.lang.Module@beb7d59
      layer = null
      name = null
      loader = class com.ibm.ws.classloading.internal.AppClassLoader@616c59c2
      descriptor = null
      ALL_UNNAMED_MODULE = class java.lang.Module@7382f612
      ALL_UNNAMED_MODULE_SET = class java.util.ImmutableCollections$Set1@62026b97
      EVERYONE_MODULE = class java.lang.Module@1376c05c
      EVERYONE_SET = class java.util.ImmutableCollections$Set1@2a522c6
      reads = null
      openPackages = null
      exportedPackages = null
      moduleInfoClass = null
      $assertionsDisabled = true
    parallelLockMap = null
    package2certs = class java.util.Hashtable@3d83706e
      table = class java.util.Hashtable$Entry[11]
      count = 0
      threshold = 8
      loadFactor = 0.75
      modCount = 0
      serialVersionUID = 1421746759512286392
      MAX_ARRAY_SIZE = 2147483639
      keySet = null
      entrySet = null
      values = null
      KEYS = 0
      VALUES = 1
      ENTRIES = 2
    nocerts = class java.security.cert.Certificate[0]
    classes = class java.util.Vector@5ed41dab
      elementData = class java.lang.Object[10]
      elementCount = 0
      capacityIncrement = 0
      serialVersionUID = -2767605614048989439
      MAX_ARRAY_SIZE = 2147483639
      modCount = 0
      MAX_ARRAY_SIZE = 2147483639
    defaultDomain = class java.security.ProtectionDomain@2cb97a3c
      filePermCompatInPD = false
      codesource = class java.security.CodeSource@6b0c8f62
      classloader = class com.ibm.ws.classloading.internal.AppClassLoader@616c59c2
      principals = interface java.security.Principal[0]
      permissions = null
      hasAllPerm = false
      staticPermissions = false
      key = class java.security.ProtectionDomain$Key@4ea63083
    packages = class java.util.concurrent.ConcurrentHashMap@7ce8db47
      serialVersionUID = 7249069246763182397
      MAXIMUM_CAPACITY = 1073741824
      DEFAULT_CAPACITY = 16
      MAX_ARRAY_SIZE = 2147483639
      DEFAULT_CONCURRENCY_LEVEL = 16
      LOAD_FACTOR = 0.75
      TREEIFY_THRESHOLD = 8
      UNTREEIFY_THRESHOLD = 6
      MIN_TREEIFY_CAPACITY = 64
      MIN_TRANSFER_STRIDE = 16
      RESIZE_STAMP_BITS = 16
      MAX_RESIZERS = 65535
      RESIZE_STAMP_SHIFT = 16
      MOVED = -1
      TREEBIN = -2
      RESERVED = -3
      HASH_BITS = 2147483647
      NCPU = 4
      serialPersistentFields = class java.io.ObjectStreamField[3]
      table = null
      nextTable = null
      baseCount = 0
      sizeCtl = 0
      transferIndex = 0
      cellsBusy = 0
      counterCells = null
      keySet = null
      values = null
      entrySet = null
      U = class jdk.internal.misc.Unsafe@4490e238
      SIZECTL = 20
      TRANSFERINDEX = 32
      BASECOUNT = 24
      CELLSBUSY = 36
      CELLVALUE = 144
      ABASE = 16
      ASHIFT = 2
      keySet = null
      values = null
    scl = class jdk.internal.loader.ClassLoaders$AppClassLoader@7591083d
      Failed to resolve fields for jdk.internal.loader.ClassLoaders$AppClassLoader = "java.lang.reflect.InaccessibleObjectException: Unable to make field final jdk.internal.loader.URLClassPath jdk.internal.loader.ClassLoaders$AppClassLoader.ucp accessible: module java.base does not "opens jdk.internal.loader" to unnamed module @482cd91f
	at java.base/java.lang.reflect.AccessibleObject.checkCanSetAccessible(AccessibleObject.java:337)
	at java.base/java.lang.reflect.AccessibleObject.checkCanSetAccessible(AccessibleObject.java:281)
	at java.base/java.lang.reflect.Field.checkCanSetAccessible(Field.java:176)
	at java.base/java.lang.reflect.AccessibleObject.setAccessible(AccessibleObject.java:124)
	at com.ibm.ws.logging.internal.impl.IntrospectionLevelMember$2.run(IntrospectionLevelMember.java:316)
	at com.ibm.ws.logging.internal.impl.IntrospectionLevelMember$2.run(IntrospectionLevelMember.java:310)
	at java.base/java.security.AccessController.doPrivileged(Native Method)
	at com.ibm.ws.logging.internal.impl.IntrospectionLevelMember.getFields(IntrospectionLevelMember.java:310)
	at com.ibm.ws.logging.internal.impl.IntrospectionLevelMember.introspectViaReflection(IntrospectionLevelMember.java:199)
	at com.ibm.ws.logging.internal.impl.IntrospectionLevelMember.getChildren(IntrospectionLevelMember.java:163)
	at com.ibm.ws.logging.internal.impl.IntrospectionLevel.getNextLevel(IntrospectionLevel.java:100)
	at com.ibm.ws.logging.internal.impl.IncidentStreamImpl.introspect(IncidentStreamImpl.java:437)
	at com.ibm.ws.logging.internal.impl.IncidentStreamImpl.introspectAndWrite(IncidentStreamImpl.java:129)
	at com.ibm.ws.logging.internal.impl.IncidentStreamImpl.introspectAndWriteLine(IncidentStreamImpl.java:164)
	at com.ibm.ws.logging.internal.impl.IncidentLogger.logIncident(IncidentLogger.java:97)
	at com.ibm.ws.logging.internal.impl.IncidentLogger.logIncident(IncidentLogger.java:35)
	at com.ibm.ws.logging.internal.impl.IncidentImpl.log(IncidentImpl.java:249)
	at com.ibm.ws.logging.internal.impl.BaseFFDCService.log(BaseFFDCService.java:239)
	at com.ibm.ws.logging.internal.impl.BaseFFDCService.processException(BaseFFDCService.java:180)
	at com.ibm.ws.ffdc.FFDCFilter.processException(FFDCFilter.java:60)
	at com.ibm.ws.jpa.management.JPAPUnitInfo.createEMFactory(JPAPUnitInfo.java:932)
	at com.ibm.ws.jpa.management.JPAPUnitInfo.initialize(JPAPUnitInfo.java:762)
	at com.ibm.ws.jpa.management.JPAPxmlInfo.extractPersistenceUnits(JPAPxmlInfo.java:190)
	at com.ibm.ws.jpa.management.JPAScopeInfo.processPersistenceUnit(JPAScopeInfo.java:90)
	at com.ibm.ws.jpa.management.JPAApplInfo.addPersistenceUnits(JPAApplInfo.java:118)
	at com.ibm.ws.jpa.container.osgi.internal.JPAComponentImpl.processEJBModulePersistenceXml(JPAComponentImpl.java:527)
	at com.ibm.ws.jpa.container.osgi.internal.JPAComponentImpl.applicationStarting(JPAComponentImpl.java:264)
	at com.ibm.ws.container.service.state.internal.ApplicationStateManager.fireStarting(ApplicationStateManager.java:28)
	at com.ibm.ws.container.service.state.internal.StateChangeServiceImpl.fireApplicationStarting(StateChangeServiceImpl.java:50)
	at com.ibm.ws.app.manager.module.internal.DeployedAppInfoBase.preDeployApp(DeployedAppInfoBase.java:383)
	at com.ibm.ws.app.manager.module.internal.DeployedAppInfoBase.deployApp(DeployedAppInfoBase.java:412)
	at com.ibm.ws.app.manager.ear.internal.EARApplicationHandlerImpl.install(EARApplicationHandlerImpl.java:76)
	at com.ibm.ws.app.manager.internal.statemachine.StartAction.execute(StartAction.java:140)
	at com.ibm.ws.app.manager.internal.statemachine.ApplicationStateMachineImpl.enterState(ApplicationStateMachineImpl.java:1258)
	at com.ibm.ws.app.manager.internal.statemachine.ApplicationStateMachineImpl.run(ApplicationStateMachineImpl.java:873)
	at java.base/java.util.concurrent.ThreadPoolExecutor.runWorker(ThreadPoolExecutor.java:1135)
	at java.base/java.util.concurrent.ThreadPoolExecutor$Worker.run(ThreadPoolExecutor.java:635)
	at java.base/java.lang.Thread.run(Thread.java:844)
"
      Failed to resolve fields for jdk.internal.loader.BuiltinClassLoader = "java.lang.reflect.InaccessibleObjectException: Unable to make field private final jdk.internal.loader.BuiltinClassLoader jdk.internal.loader.BuiltinClassLoader.parent accessible: module java.base does not "opens jdk.internal.loader" to unnamed module @482cd91f
	at java.base/java.lang.reflect.AccessibleObject.checkCanSetAccessible(AccessibleObject.java:337)
	at java.base/java.lang.reflect.AccessibleObject.checkCanSetAccessible(AccessibleObject.java:281)
	at java.base/java.lang.reflect.Field.checkCanSetAccessible(Field.java:176)
	at java.base/java.lang.reflect.AccessibleObject.setAccessible(AccessibleObject.java:124)
	at com.ibm.ws.logging.internal.impl.IntrospectionLevelMember$2.run(IntrospectionLevelMember.java:316)
	at com.ibm.ws.logging.internal.impl.IntrospectionLevelMember$2.run(IntrospectionLevelMember.java:310)
	at java.base/java.security.AccessController.doPrivileged(Native Method)
	at com.ibm.ws.logging.internal.impl.IntrospectionLevelMember.getFields(IntrospectionLevelMember.java:310)
	at com.ibm.ws.logging.internal.impl.IntrospectionLevelMember.introspectViaReflection(IntrospectionLevelMember.java:199)
	at com.ibm.ws.logging.internal.impl.IntrospectionLevelMember.getChildren(IntrospectionLevelMember.java:163)
	at com.ibm.ws.logging.internal.impl.IntrospectionLevel.getNextLevel(IntrospectionLevel.java:100)
	at com.ibm.ws.logging.internal.impl.IncidentStreamImpl.introspect(IncidentStreamImpl.java:437)
	at com.ibm.ws.logging.internal.impl.IncidentStreamImpl.introspectAndWrite(IncidentStreamImpl.java:129)
	at com.ibm.ws.logging.internal.impl.IncidentStreamImpl.introspectAndWriteLine(IncidentStreamImpl.java:164)
	at com.ibm.ws.logging.internal.impl.IncidentLogger.logIncident(IncidentLogger.java:97)
	at com.ibm.ws.logging.internal.impl.IncidentLogger.logIncident(IncidentLogger.java:35)
	at com.ibm.ws.logging.internal.impl.IncidentImpl.log(IncidentImpl.java:249)
	at com.ibm.ws.logging.internal.impl.BaseFFDCService.log(BaseFFDCService.java:239)
	at com.ibm.ws.logging.internal.impl.BaseFFDCService.processException(BaseFFDCService.java:180)
	at com.ibm.ws.ffdc.FFDCFilter.processException(FFDCFilter.java:60)
	at com.ibm.ws.jpa.management.JPAPUnitInfo.createEMFactory(JPAPUnitInfo.java:932)
	at com.ibm.ws.jpa.management.JPAPUnitInfo.initialize(JPAPUnitInfo.java:762)
	at com.ibm.ws.jpa.management.JPAPxmlInfo.extractPersistenceUnits(JPAPxmlInfo.java:190)
	at com.ibm.ws.jpa.management.JPAScopeInfo.processPersistenceUnit(JPAScopeInfo.java:90)
	at com.ibm.ws.jpa.management.JPAApplInfo.addPersistenceUnits(JPAApplInfo.java:118)
	at com.ibm.ws.jpa.container.osgi.internal.JPAComponentImpl.processEJBModulePersistenceXml(JPAComponentImpl.java:527)
	at com.ibm.ws.jpa.container.osgi.internal.JPAComponentImpl.applicationStarting(JPAComponentImpl.java:264)
	at com.ibm.ws.container.service.state.internal.ApplicationStateManager.fireStarting(ApplicationStateManager.java:28)
	at com.ibm.ws.container.service.state.internal.StateChangeServiceImpl.fireApplicationStarting(StateChangeServiceImpl.java:50)
	at com.ibm.ws.app.manager.module.internal.DeployedAppInfoBase.preDeployApp(DeployedAppInfoBase.java:383)
	at com.ibm.ws.app.manager.module.internal.DeployedAppInfoBase.deployApp(DeployedAppInfoBase.java:412)
	at com.ibm.ws.app.manager.ear.internal.EARApplicationHandlerImpl.install(EARApplicationHandlerImpl.java:76)
	at com.ibm.ws.app.manager.internal.statemachine.StartAction.execute(StartAction.java:140)
	at com.ibm.ws.app.manager.internal.statemachine.ApplicationStateMachineImpl.enterState(ApplicationStateMachineImpl.java:1258)
	at com.ibm.ws.app.manager.internal.statemachine.ApplicationStateMachineImpl.run(ApplicationStateMachineImpl.java:873)
	at java.base/java.util.concurrent.ThreadPoolExecutor.runWorker(ThreadPoolExecutor.java:1135)
	at java.base/java.util.concurrent.ThreadPoolExecutor$Worker.run(ThreadPoolExecutor.java:635)
	at java.base/java.lang.Thread.run(Thread.java:844)
"
      initialized = true
      pdcache = class java.util.concurrent.ConcurrentHashMap@4a5c195
      parent = class jdk.internal.loader.ClassLoaders$PlatformClassLoader@40f7645c
      name = "app"
      unnamedModule = class java.lang.Module@520a3426
      parallelLockMap = class java.util.concurrent.ConcurrentHashMap@6706a4f1
      package2certs = class java.util.concurrent.ConcurrentHashMap@7fcd16e6
      nocerts = class java.security.cert.Certificate[0]
      classes = class java.util.Vector@55cec9e3
      defaultDomain = class java.security.ProtectionDomain@2ee09282
      packages = class java.util.concurrent.ConcurrentHashMap@7c938a83
      scl = class jdk.internal.loader.ClassLoaders$AppClassLoader@7591083d
      usr_paths = class java.lang.String[35]
      sys_paths = class java.lang.String[1]
      loadedLibraryNames = class java.util.HashSet@43865524
      systemNativeLibraries = class java.util.concurrent.ConcurrentHashMap@790e9cf0
      nativeLibraries = null
      assertionLock = class java.lang.Object@6b7ec9d1
      defaultAssertionStatus = false
      packageAssertionStatus = null
      classAssertionStatus = null
      classLoaderValueMap = class java.util.concurrent.ConcurrentHashMap@48dc948c
      $assertionsDisabled = true
    usr_paths = class java.lang.String[35]
      String[0] = "C:\Program Files\Java\jdk-10.0.1\bin"
      String[1] = "C:\WINDOWS\Sun\Java\bin"
      String[2] = "C:\WINDOWS\system32"
      String[3] = "C:\WINDOWS"
      String[4] = "C:\Program Files (x86)\Common Files\Oracle\Java\javapath"
      String[5] = "C:\ProgramData\Oracle\Java\javapath"
      String[6] = "C:\oraclexe\app\oracle\product\11.2.0\server\bin"
      String[7] = "C:\WINDOWS\system32"
      String[8] = "C:\WINDOWS"
      String[9] = "C:\WINDOWS\System32\Wbem"
      String[10] = "C:\WINDOWS\System32\WindowsPowerShell\v1.0\"
      String[11] = "C:\WINDOWS\system32\config\systemprofile\.dnx\bin"
      String[12] = "C:\Program Files\Microsoft DNX\Dnvm\"
      String[13] = "C:\Program Files\Microsoft SQL Server\130\Tools\Binn\"
      String[14] = "C:\Program Files (x86)\IBM\Personal Communications\"
      String[15] = "C:\Program Files (x86)\IBM\Trace Facility\"
      String[16] = "C:\Program Files (x86)\Skype\Phone\"
      String[17] = "C:\Program Files\Git\cmd"
      String[18] = "C:\Program Files\PuTTY\"
      String[19] = "C:\Program Files (x86)\Microsoft SQL Server\130\Tools\Binn\"
      String[20] = "C:\Program Files (x86)\Microsoft SQL Server\130\DTS\Binn\"
      String[21] = "C:\Program Files\Microsoft SQL Server\130\DTS\Binn\"
      String[22] = "C:\Program Files\Microsoft SQL Server\Client SDK\ODBC\130\Tools\Binn\"
      String[23] = "C:\Program Files (x86)\Microsoft SQL Server\Client SDK\ODBC\130\Tools\Binn\"
      String[24] = "C:\Program Files (x86)\Microsoft SQL Server\140\Tools\Binn\"
      String[25] = "C:\Program Files (x86)\Microsoft SQL Server\140\DTS\Binn\"
      String[26] = "C:\Program Files (x86)\Microsoft SQL Server\140\Tools\Binn\ManagementStudio\"
      String[27] = "C:\Program Files (x86)\AOMEI Backupper"
      String[28] = "C:\WINDOWS\System32\OpenSSH\"
      String[29] = "C:\Users\glenn\AppData\Local\Microsoft\WindowsApps"
      String[30] = "C:\Program Files (x86)\Terraform\"
      String[31] = "M:\Program Files\Microsoft VS Code\bin"
      String[32] = "C:\apache-maven-3.5.3\bin"
      String[33] = "."
      String[34] = "."
    sys_paths = class java.lang.String[1]
      String[0] = "C:\Program Files\Java\jdk-10.0.1\bin"
    loadedLibraryNames = class java.util.HashSet@43865524
      serialVersionUID = -5024744406713321676
      map = class java.util.HashMap@2a0dd37e
      PRESENT = class java.lang.Object@16737f99
      MAX_ARRAY_SIZE = 2147483639
    systemNativeLibraries = class java.util.concurrent.ConcurrentHashMap@790e9cf0
      serialVersionUID = 7249069246763182397
      MAXIMUM_CAPACITY = 1073741824
      DEFAULT_CAPACITY = 16
      MAX_ARRAY_SIZE = 2147483639
      DEFAULT_CONCURRENCY_LEVEL = 16
      LOAD_FACTOR = 0.75
      TREEIFY_THRESHOLD = 8
      UNTREEIFY_THRESHOLD = 6
      MIN_TREEIFY_CAPACITY = 64
      MIN_TRANSFER_STRIDE = 16
      RESIZE_STAMP_BITS = 16
      MAX_RESIZERS = 65535
      RESIZE_STAMP_SHIFT = 16
      MOVED = -1
      TREEBIN = -2
      RESERVED = -3
      HASH_BITS = 2147483647
      NCPU = 4
      serialPersistentFields = class java.io.ObjectStreamField[3]
      table = class java.util.concurrent.ConcurrentHashMap$Node[16]
      nextTable = null
      baseCount = 7
      sizeCtl = 12
      transferIndex = 0
      cellsBusy = 0
      counterCells = null
      keySet = null
      values = class java.util.concurrent.ConcurrentHashMap$ValuesView@37719a11
      entrySet = null
      U = class jdk.internal.misc.Unsafe@4490e238
      SIZECTL = 20
      TRANSFERINDEX = 32
      BASECOUNT = 24
      CELLSBUSY = 36
      CELLVALUE = 144
      ABASE = 16
      ASHIFT = 2
      keySet = null
      values = null
    nativeLibraries = null
    assertionLock = class com.ibm.ws.classloading.internal.AppClassLoader@616c59c2
    defaultAssertionStatus = false
    packageAssertionStatus = null
    classAssertionStatus = null
    classLoaderValueMap = null
    $assertionsDisabled = true
  tempClassLoader = null
  ivTransformers = class java.util.concurrent.CopyOnWriteArrayList@1ac4d4b8
    serialVersionUID = 8673264195747942595
    lock = class java.lang.Object@5a88eb1c
    array = class java.lang.Object[0]
  xmlSchemaVersion = "2.1"
  ivCaching = class javax.persistence.SharedCacheMode@24bc7e0a
    ALL = class javax.persistence.SharedCacheMode@3cb1ac90
      ALL = class javax.persistence.SharedCacheMode@3cb1ac90
      NONE = class javax.persistence.SharedCacheMode@24bc7e0a
      ENABLE_SELECTIVE = class javax.persistence.SharedCacheMode@4d6fe157
      DISABLE_SELECTIVE = class javax.persistence.SharedCacheMode@408b1d16
      UNSPECIFIED = class javax.persistence.SharedCacheMode@593b2892
      ENUM$VALUES = class javax.persistence.SharedCacheMode[5]
      name = "ALL"
      ordinal = 0
    NONE = class javax.persistence.SharedCacheMode@24bc7e0a
    ENABLE_SELECTIVE = class javax.persistence.SharedCacheMode@4d6fe157
      ALL = class javax.persistence.SharedCacheMode@3cb1ac90
      NONE = class javax.persistence.SharedCacheMode@24bc7e0a
      ENABLE_SELECTIVE = class javax.persistence.SharedCacheMode@4d6fe157
      DISABLE_SELECTIVE = class javax.persistence.SharedCacheMode@408b1d16
      UNSPECIFIED = class javax.persistence.SharedCacheMode@593b2892
      ENUM$VALUES = class javax.persistence.SharedCacheMode[5]
      name = "ENABLE_SELECTIVE"
      ordinal = 2
    DISABLE_SELECTIVE = class javax.persistence.SharedCacheMode@408b1d16
      ALL = class javax.persistence.SharedCacheMode@3cb1ac90
      NONE = class javax.persistence.SharedCacheMode@24bc7e0a
      ENABLE_SELECTIVE = class javax.persistence.SharedCacheMode@4d6fe157
      DISABLE_SELECTIVE = class javax.persistence.SharedCacheMode@408b1d16
      UNSPECIFIED = class javax.persistence.SharedCacheMode@593b2892
      ENUM$VALUES = class javax.persistence.SharedCacheMode[5]
      name = "DISABLE_SELECTIVE"
      ordinal = 3
    UNSPECIFIED = class javax.persistence.SharedCacheMode@593b2892
      ALL = class javax.persistence.SharedCacheMode@3cb1ac90
      NONE = class javax.persistence.SharedCacheMode@24bc7e0a
      ENABLE_SELECTIVE = class javax.persistence.SharedCacheMode@4d6fe157
      DISABLE_SELECTIVE = class javax.persistence.SharedCacheMode@408b1d16
      UNSPECIFIED = class javax.persistence.SharedCacheMode@593b2892
      ENUM$VALUES = class javax.persistence.SharedCacheMode[5]
      name = "UNSPECIFIED"
      ordinal = 4
    ENUM$VALUES = class javax.persistence.SharedCacheMode[5]
      SharedCacheMode[0] = class javax.persistence.SharedCacheMode@3cb1ac90
      SharedCacheMode[1] = class javax.persistence.SharedCacheMode@24bc7e0a
      SharedCacheMode[2] = class javax.persistence.SharedCacheMode@4d6fe157
      SharedCacheMode[3] = class javax.persistence.SharedCacheMode@408b1d16
      SharedCacheMode[4] = class javax.persistence.SharedCacheMode@593b2892
    name = "NONE"
    ordinal = 1
  ivValidationMode = null
  ivEMFactory = null
  ivEMFactoryException = null
  ivCreateEMFAllowed = true
  ivEMFMap = null
  ivEMPoolMap = class java.util.HashMap@66adab71
    serialVersionUID = 362498820763181265
    DEFAULT_INITIAL_CAPACITY = 16
    MAXIMUM_CAPACITY = 1073741824
    DEFAULT_LOAD_FACTOR = 0.75
    TREEIFY_THRESHOLD = 8
    UNTREEIFY_THRESHOLD = 6
    MIN_TREEIFY_CAPACITY = 64
    table = null
    entrySet = null
    size = 0
    modCount = 0
    threshold = 0
    loadFactor = 0.75
    keySet = null
    values = null
  ivEMPoolCapacity = -1
  transformExclusionRegEx = class java.lang.String[2]
    String[0] = ".*_(Stub|Tie)$"
    String[1] = ".*_(\p{XDigit}){8}$"
  transformExclusionPatterns = class java.util.regex.Pattern[2]
    Pattern[0] = class java.util.regex.Pattern@3dfcb9e7
      UNIX_LINES = 1
      CASE_INSENSITIVE = 2
      COMMENTS = 4
      MULTILINE = 8
      LITERAL = 16
      DOTALL = 32
      UNICODE_CASE = 64
      CANON_EQ = 128
      UNICODE_CHARACTER_CLASS = 256
      ALL_FLAGS = 511
      serialVersionUID = 5073258162644648461
      pattern = ".*_(Stub|Tie)$"
      flags = 0
      compiled = true
      normalizedPattern = ".*_(Stub|Tie)$"
      root = class java.util.regex.Pattern$Start@31ec5aa7
      matchRoot = class java.util.regex.Pattern$CharPropertyGreedy@623e98da
      buffer = null
      predicate = null
      namedGroups = null
      groupNodes = null
      topClosureNodes = null
      localTCNCount = 0
      hasGroupRef = false
      temp = null
      capturingGroupCount = 2
      localCount = 1
      cursor = 14
      patternLength = 0
      hasSupplementary = false
      MAX_REPS = 2147483647
      lookbehindEnd = class java.util.regex.Pattern$1@54956458
      accept = class java.util.regex.Pattern$Node@4958b5dd
      lastAccept = class java.util.regex.Pattern$LastNode@1207a69e
      $assertionsDisabled = true
    Pattern[1] = class java.util.regex.Pattern@242e31af
      UNIX_LINES = 1
      CASE_INSENSITIVE = 2
      COMMENTS = 4
      MULTILINE = 8
      LITERAL = 16
      DOTALL = 32
      UNICODE_CASE = 64
      CANON_EQ = 128
      UNICODE_CHARACTER_CLASS = 256
      ALL_FLAGS = 511
      serialVersionUID = 5073258162644648461
      pattern = ".*_(\p{XDigit}){8}$"
      flags = 0
      compiled = true
      normalizedPattern = ".*_(\p{XDigit}){8}$"
      root = class java.util.regex.Pattern$Start@42f32ef6
      matchRoot = class java.util.regex.Pattern$CharPropertyGreedy@420ce182
      buffer = null
      predicate = null
      namedGroups = null
      groupNodes = null
      topClosureNodes = null
      localTCNCount = 0
      hasGroupRef = false
      temp = null
      capturingGroupCount = 2
      localCount = 1
      cursor = 19
      patternLength = 0
      hasSupplementary = false
      MAX_REPS = 2147483647
      lookbehindEnd = class java.util.regex.Pattern$1@54956458
      accept = class java.util.regex.Pattern$Node@4958b5dd
      lastAccept = class java.util.regex.Pattern$LastNode@1207a69e
      $assertionsDisabled = true

